ARM GAS  C:\Users\SYFO\AppData\Local\Temp\ccS8OwB5.s 			page 1


   1              		.syntax unified
   2              		.cpu cortex-m3
   3              		.fpu softvfp
   4              		.eabi_attribute 20, 1
   5              		.eabi_attribute 21, 1
   6              		.eabi_attribute 23, 3
   7              		.eabi_attribute 24, 1
   8              		.eabi_attribute 25, 1
   9              		.eabi_attribute 26, 1
  10              		.eabi_attribute 30, 6
  11              		.eabi_attribute 34, 1
  12              		.eabi_attribute 18, 4
  13              		.thumb
  14              		.syntax unified
  15              		.file	"cymetadata.c"
  16              		.text
  17              	.Ltext0:
  18              		.cfi_sections	.debug_frame
  19              		.global	cy_meta_configecc
  20              		.section	.cyconfigecc,"a",%progbits
  21              		.align	2
  22              		.type	cy_meta_configecc, %object
  23              		.size	cy_meta_configecc, 2064
  24              	cy_meta_configecc:
  25 0000 02       		.byte	2
  26 0001 52       		.byte	82
  27 0002 00       		.byte	0
  28 0003 40       		.byte	64
  29 0004 04       		.byte	4
  30 0005 64       		.byte	100
  31 0006 00       		.byte	0
  32 0007 40       		.byte	64
  33 0008 02       		.byte	2
  34 0009 65       		.byte	101
  35 000a 00       		.byte	0
  36 000b 40       		.byte	64
  37 000c 01       		.byte	1
  38 000d 05       		.byte	5
  39 000e 01       		.byte	1
  40 000f 40       		.byte	64
  41 0010 01       		.byte	1
  42 0011 07       		.byte	7
  43 0012 01       		.byte	1
  44 0013 40       		.byte	64
  45 0014 1B       		.byte	27
  46 0015 08       		.byte	8
  47 0016 01       		.byte	1
  48 0017 40       		.byte	64
  49 0018 47       		.byte	71
  50 0019 09       		.byte	9
  51 001a 01       		.byte	1
  52 001b 40       		.byte	64
  53 001c 1B       		.byte	27
  54 001d 0A       		.byte	10
  55 001e 01       		.byte	1
  56 001f 40       		.byte	64
  57 0020 41       		.byte	65
ARM GAS  C:\Users\SYFO\AppData\Local\Temp\ccS8OwB5.s 			page 2


  58 0021 0B       		.byte	11
  59 0022 01       		.byte	1
  60 0023 40       		.byte	64
  61 0024 59       		.byte	89
  62 0025 0C       		.byte	12
  63 0026 01       		.byte	1
  64 0027 40       		.byte	64
  65 0028 45       		.byte	69
  66 0029 0D       		.byte	13
  67 002a 01       		.byte	1
  68 002b 40       		.byte	64
  69 002c 4F       		.byte	79
  70 002d 0E       		.byte	14
  71 002e 01       		.byte	1
  72 002f 40       		.byte	64
  73 0030 2F       		.byte	47
  74 0031 0F       		.byte	15
  75 0032 01       		.byte	1
  76 0033 40       		.byte	64
  77 0034 61       		.byte	97
  78 0035 18       		.byte	24
  79 0036 01       		.byte	1
  80 0037 40       		.byte	64
  81 0038 45       		.byte	69
  82 0039 19       		.byte	25
  83 003a 01       		.byte	1
  84 003b 40       		.byte	64
  85 003c 4E       		.byte	78
  86 003d 1A       		.byte	26
  87 003e 01       		.byte	1
  88 003f 40       		.byte	64
  89 0040 42       		.byte	66
  90 0041 1B       		.byte	27
  91 0042 01       		.byte	1
  92 0043 40       		.byte	64
  93 0044 02       		.byte	2
  94 0045 40       		.byte	64
  95 0046 01       		.byte	1
  96 0047 40       		.byte	64
  97 0048 01       		.byte	1
  98 0049 41       		.byte	65
  99 004a 01       		.byte	1
 100 004b 40       		.byte	64
 101 004c 05       		.byte	5
 102 004d 42       		.byte	66
 103 004e 01       		.byte	1
 104 004f 40       		.byte	64
 105 0050 02       		.byte	2
 106 0051 43       		.byte	67
 107 0052 01       		.byte	1
 108 0053 40       		.byte	64
 109 0054 02       		.byte	2
 110 0055 46       		.byte	70
 111 0056 01       		.byte	1
 112 0057 40       		.byte	64
 113 0058 01       		.byte	1
 114 0059 47       		.byte	71
ARM GAS  C:\Users\SYFO\AppData\Local\Temp\ccS8OwB5.s 			page 3


 115 005a 01       		.byte	1
 116 005b 40       		.byte	64
 117 005c 09       		.byte	9
 118 005d 4C       		.byte	76
 119 005e 01       		.byte	1
 120 005f 40       		.byte	64
 121 0060 0B       		.byte	11
 122 0061 4D       		.byte	77
 123 0062 01       		.byte	1
 124 0063 40       		.byte	64
 125 0064 05       		.byte	5
 126 0065 50       		.byte	80
 127 0066 01       		.byte	1
 128 0067 40       		.byte	64
 129 0068 01       		.byte	1
 130 0069 51       		.byte	81
 131 006a 01       		.byte	1
 132 006b 40       		.byte	64
 133 006c 08       		.byte	8
 134 006d 80       		.byte	-128
 135 006e 0C       		.byte	12
 136 006f C0       		.byte	-64
 137 0070 28       		.byte	40
 138 0071 0F       		.byte	15
 139 0072 2A       		.byte	42
 140 0073 04       		.byte	4
 141 0074 38       		.byte	56
 142 0075 08       		.byte	8
 143 0076 88       		.byte	-120
 144 0077 38       		.byte	56
 145 0078 89       		.byte	-119
 146 0079 0F       		.byte	15
 147 007a 8B       		.byte	-117
 148 007b 72       		.byte	114
 149 007c E6       		.byte	-26
 150 007d 01       		.byte	1
 151 007e E8       		.byte	-24
 152 007f 08       		.byte	8
 153 0080 84       		.byte	-124
 154 0081 03       		.byte	3
 155 0082 86       		.byte	-122
 156 0083 04       		.byte	4
 157 0084 87       		.byte	-121
 158 0085 01       		.byte	1
 159 0086 88       		.byte	-120
 160 0087 01       		.byte	1
 161 0088 8A       		.byte	-118
 162 0089 0E       		.byte	14
 163 008a 8C       		.byte	-116
 164 008b 27       		.byte	39
 165 008c 8E       		.byte	-114
 166 008d 40       		.byte	64
 167 008e 90       		.byte	-112
 168 008f 06       		.byte	6
 169 0090 92       		.byte	-110
 170 0091 01       		.byte	1
 171 0092 94       		.byte	-108
ARM GAS  C:\Users\SYFO\AppData\Local\Temp\ccS8OwB5.s 			page 4


 172 0093 02       		.byte	2
 173 0094 96       		.byte	-106
 174 0095 05       		.byte	5
 175 0096 98       		.byte	-104
 176 0097 01       		.byte	1
 177 0098 9A       		.byte	-102
 178 0099 08       		.byte	8
 179 009a A0       		.byte	-96
 180 009b 27       		.byte	39
 181 009c A2       		.byte	-94
 182 009d 40       		.byte	64
 183 009e A4       		.byte	-92
 184 009f 10       		.byte	16
 185 00a0 AC       		.byte	-84
 186 00a1 10       		.byte	16
 187 00a2 B1       		.byte	-79
 188 00a3 01       		.byte	1
 189 00a4 B2       		.byte	-78
 190 00a5 0F       		.byte	15
 191 00a6 B6       		.byte	-74
 192 00a7 70       		.byte	112
 193 00a8 B8       		.byte	-72
 194 00a9 80       		.byte	-128
 195 00aa BA       		.byte	-70
 196 00ab 08       		.byte	8
 197 00ac BE       		.byte	-66
 198 00ad 40       		.byte	64
 199 00ae D8       		.byte	-40
 200 00af 04       		.byte	4
 201 00b0 D9       		.byte	-39
 202 00b1 04       		.byte	4
 203 00b2 DC       		.byte	-36
 204 00b3 11       		.byte	17
 205 00b4 DF       		.byte	-33
 206 00b5 01       		.byte	1
 207 00b6 00       		.byte	0
 208 00b7 10       		.byte	16
 209 00b8 03       		.byte	3
 210 00b9 22       		.byte	34
 211 00ba 05       		.byte	5
 212 00bb 09       		.byte	9
 213 00bc 07       		.byte	7
 214 00bd 08       		.byte	8
 215 00be 09       		.byte	9
 216 00bf 01       		.byte	1
 217 00c0 0B       		.byte	11
 218 00c1 28       		.byte	40
 219 00c2 0C       		.byte	12
 220 00c3 40       		.byte	64
 221 00c4 0D       		.byte	13
 222 00c5 40       		.byte	64
 223 00c6 0E       		.byte	14
 224 00c7 54       		.byte	84
 225 00c8 10       		.byte	16
 226 00c9 01       		.byte	1
 227 00ca 11       		.byte	17
 228 00cb 05       		.byte	5
ARM GAS  C:\Users\SYFO\AppData\Local\Temp\ccS8OwB5.s 			page 5


 229 00cc 14       		.byte	20
 230 00cd 10       		.byte	16
 231 00ce 16       		.byte	22
 232 00cf C2       		.byte	-62
 233 00d0 17       		.byte	23
 234 00d1 10       		.byte	16
 235 00d2 18       		.byte	24
 236 00d3 10       		.byte	16
 237 00d4 19       		.byte	25
 238 00d5 84       		.byte	-124
 239 00d6 1D       		.byte	29
 240 00d7 01       		.byte	1
 241 00d8 1E       		.byte	30
 242 00d9 25       		.byte	37
 243 00da 22       		.byte	34
 244 00db 01       		.byte	1
 245 00dc 23       		.byte	35
 246 00dd 40       		.byte	64
 247 00de 24       		.byte	36
 248 00df 40       		.byte	64
 249 00e0 25       		.byte	37
 250 00e1 08       		.byte	8
 251 00e2 26       		.byte	38
 252 00e3 40       		.byte	64
 253 00e4 27       		.byte	39
 254 00e5 04       		.byte	4
 255 00e6 2C       		.byte	44
 256 00e7 62       		.byte	98
 257 00e8 2F       		.byte	47
 258 00e9 08       		.byte	8
 259 00ea 35       		.byte	53
 260 00eb 09       		.byte	9
 261 00ec 36       		.byte	54
 262 00ed 40       		.byte	64
 263 00ee 37       		.byte	55
 264 00ef 10       		.byte	16
 265 00f0 38       		.byte	56
 266 00f1 08       		.byte	8
 267 00f2 3E       		.byte	62
 268 00f3 96       		.byte	-106
 269 00f4 42       		.byte	66
 270 00f5 0C       		.byte	12
 271 00f6 44       		.byte	68
 272 00f7 08       		.byte	8
 273 00f8 45       		.byte	69
 274 00f9 40       		.byte	64
 275 00fa 4D       		.byte	77
 276 00fb 04       		.byte	4
 277 00fc 4E       		.byte	78
 278 00fd 20       		.byte	32
 279 00fe 54       		.byte	84
 280 00ff 80       		.byte	-128
 281 0100 5E       		.byte	94
 282 0101 01       		.byte	1
 283 0102 65       		.byte	101
 284 0103 10       		.byte	16
 285 0104 67       		.byte	103
ARM GAS  C:\Users\SYFO\AppData\Local\Temp\ccS8OwB5.s 			page 6


 286 0105 02       		.byte	2
 287 0106 7D       		.byte	125
 288 0107 01       		.byte	1
 289 0108 7F       		.byte	127
 290 0109 40       		.byte	64
 291 010a 80       		.byte	-128
 292 010b 40       		.byte	64
 293 010c 81       		.byte	-127
 294 010d 10       		.byte	16
 295 010e 88       		.byte	-120
 296 010f 02       		.byte	2
 297 0110 8B       		.byte	-117
 298 0111 08       		.byte	8
 299 0112 93       		.byte	-109
 300 0113 A8       		.byte	-88
 301 0114 97       		.byte	-105
 302 0115 40       		.byte	64
 303 0116 98       		.byte	-104
 304 0117 08       		.byte	8
 305 0118 9C       		.byte	-100
 306 0119 01       		.byte	1
 307 011a 9D       		.byte	-99
 308 011b A4       		.byte	-92
 309 011c 9F       		.byte	-97
 310 011d 40       		.byte	64
 311 011e A1       		.byte	-95
 312 011f 45       		.byte	69
 313 0120 A2       		.byte	-94
 314 0121 02       		.byte	2
 315 0122 A3       		.byte	-93
 316 0123 22       		.byte	34
 317 0124 A4       		.byte	-92
 318 0125 C0       		.byte	-64
 319 0126 A5       		.byte	-91
 320 0127 10       		.byte	16
 321 0128 A6       		.byte	-90
 322 0129 20       		.byte	32
 323 012a A7       		.byte	-89
 324 012b 80       		.byte	-128
 325 012c AE       		.byte	-82
 326 012d 40       		.byte	64
 327 012e B1       		.byte	-79
 328 012f 40       		.byte	64
 329 0130 B3       		.byte	-77
 330 0131 25       		.byte	37
 331 0132 C0       		.byte	-64
 332 0133 77       		.byte	119
 333 0134 C2       		.byte	-62
 334 0135 FE       		.byte	-2
 335 0136 C4       		.byte	-60
 336 0137 FD       		.byte	-3
 337 0138 CA       		.byte	-54
 338 0139 F0       		.byte	-16
 339 013a CC       		.byte	-52
 340 013b F0       		.byte	-16
 341 013c CE       		.byte	-50
 342 013d F2       		.byte	-14
ARM GAS  C:\Users\SYFO\AppData\Local\Temp\ccS8OwB5.s 			page 7


 343 013e D0       		.byte	-48
 344 013f 30       		.byte	48
 345 0140 D6       		.byte	-42
 346 0141 80       		.byte	-128
 347 0142 D8       		.byte	-40
 348 0143 30       		.byte	48
 349 0144 80       		.byte	-128
 350 0145 01       		.byte	1
 351 0146 81       		.byte	-127
 352 0147 10       		.byte	16
 353 0148 83       		.byte	-125
 354 0149 01       		.byte	1
 355 014a 85       		.byte	-123
 356 014b 04       		.byte	4
 357 014c 87       		.byte	-121
 358 014d 08       		.byte	8
 359 014e 8D       		.byte	-115
 360 014f 10       		.byte	16
 361 0150 8F       		.byte	-113
 362 0151 02       		.byte	2
 363 0152 93       		.byte	-109
 364 0153 18       		.byte	24
 365 0154 99       		.byte	-103
 366 0155 C0       		.byte	-64
 367 0156 9D       		.byte	-99
 368 0157 7F       		.byte	127
 369 0158 A1       		.byte	-95
 370 0159 0F       		.byte	15
 371 015a A6       		.byte	-90
 372 015b 01       		.byte	1
 373 015c A7       		.byte	-89
 374 015d 14       		.byte	20
 375 015e AB       		.byte	-85
 376 015f 08       		.byte	8
 377 0160 AD       		.byte	-83
 378 0161 C0       		.byte	-64
 379 0162 AF       		.byte	-81
 380 0163 20       		.byte	32
 381 0164 B1       		.byte	-79
 382 0165 3F       		.byte	63
 383 0166 B3       		.byte	-77
 384 0167 40       		.byte	64
 385 0168 B6       		.byte	-74
 386 0169 01       		.byte	1
 387 016a B7       		.byte	-73
 388 016b 80       		.byte	-128
 389 016c B8       		.byte	-72
 390 016d 80       		.byte	-128
 391 016e B9       		.byte	-71
 392 016f 8A       		.byte	-118
 393 0170 BF       		.byte	-65
 394 0171 40       		.byte	64
 395 0172 D8       		.byte	-40
 396 0173 04       		.byte	4
 397 0174 D9       		.byte	-39
 398 0175 04       		.byte	4
 399 0176 DC       		.byte	-36
ARM GAS  C:\Users\SYFO\AppData\Local\Temp\ccS8OwB5.s 			page 8


 400 0177 11       		.byte	17
 401 0178 DF       		.byte	-33
 402 0179 01       		.byte	1
 403 017a 00       		.byte	0
 404 017b 80       		.byte	-128
 405 017c 01       		.byte	1
 406 017d 08       		.byte	8
 407 017e 06       		.byte	6
 408 017f 40       		.byte	64
 409 0180 0A       		.byte	10
 410 0181 41       		.byte	65
 411 0182 0B       		.byte	11
 412 0183 08       		.byte	8
 413 0184 11       		.byte	17
 414 0185 20       		.byte	32
 415 0186 13       		.byte	19
 416 0187 40       		.byte	64
 417 0188 17       		.byte	23
 418 0189 04       		.byte	4
 419 018a 19       		.byte	25
 420 018b 18       		.byte	24
 421 018c 1A       		.byte	26
 422 018d 41       		.byte	65
 423 018e 1D       		.byte	29
 424 018f 40       		.byte	64
 425 0190 21       		.byte	33
 426 0191 04       		.byte	4
 427 0192 22       		.byte	34
 428 0193 01       		.byte	1
 429 0194 23       		.byte	35
 430 0195 A1       		.byte	-95
 431 0196 25       		.byte	37
 432 0197 4C       		.byte	76
 433 0198 26       		.byte	38
 434 0199 02       		.byte	2
 435 019a 2B       		.byte	43
 436 019b 2A       		.byte	42
 437 019c 2C       		.byte	44
 438 019d 81       		.byte	-127
 439 019e 2E       		.byte	46
 440 019f 20       		.byte	32
 441 01a0 2F       		.byte	47
 442 01a1 20       		.byte	32
 443 01a2 31       		.byte	49
 444 01a3 40       		.byte	64
 445 01a4 32       		.byte	50
 446 01a5 01       		.byte	1
 447 01a6 35       		.byte	53
 448 01a7 40       		.byte	64
 449 01a8 36       		.byte	54
 450 01a9 21       		.byte	33
 451 01aa 39       		.byte	57
 452 01ab 09       		.byte	9
 453 01ac 3A       		.byte	58
 454 01ad A0       		.byte	-96
 455 01ae 3B       		.byte	59
 456 01af A0       		.byte	-96
ARM GAS  C:\Users\SYFO\AppData\Local\Temp\ccS8OwB5.s 			page 9


 457 01b0 3D       		.byte	61
 458 01b1 08       		.byte	8
 459 01b2 3E       		.byte	62
 460 01b3 80       		.byte	-128
 461 01b4 3F       		.byte	63
 462 01b5 02       		.byte	2
 463 01b6 43       		.byte	67
 464 01b7 88       		.byte	-120
 465 01b8 49       		.byte	73
 466 01b9 82       		.byte	-126
 467 01ba 50       		.byte	80
 468 01bb 20       		.byte	32
 469 01bc 51       		.byte	81
 470 01bd 10       		.byte	16
 471 01be 59       		.byte	89
 472 01bf 24       		.byte	36
 473 01c0 5B       		.byte	91
 474 01c1 81       		.byte	-127
 475 01c2 60       		.byte	96
 476 01c3 80       		.byte	-128
 477 01c4 61       		.byte	97
 478 01c5 10       		.byte	16
 479 01c6 63       		.byte	99
 480 01c7 01       		.byte	1
 481 01c8 80       		.byte	-128
 482 01c9 80       		.byte	-128
 483 01ca 91       		.byte	-111
 484 01cb 01       		.byte	1
 485 01cc 93       		.byte	-109
 486 01cd A0       		.byte	-96
 487 01ce 95       		.byte	-107
 488 01cf 20       		.byte	32
 489 01d0 98       		.byte	-104
 490 01d1 08       		.byte	8
 491 01d2 9B       		.byte	-101
 492 01d3 04       		.byte	4
 493 01d4 9D       		.byte	-99
 494 01d5 42       		.byte	66
 495 01d6 9F       		.byte	-97
 496 01d7 40       		.byte	64
 497 01d8 A1       		.byte	-95
 498 01d9 01       		.byte	1
 499 01da A2       		.byte	-94
 500 01db 01       		.byte	1
 501 01dc A3       		.byte	-93
 502 01dd 2B       		.byte	43
 503 01de A4       		.byte	-92
 504 01df 20       		.byte	32
 505 01e0 A5       		.byte	-91
 506 01e1 0C       		.byte	12
 507 01e2 AD       		.byte	-83
 508 01e3 20       		.byte	32
 509 01e4 B6       		.byte	-74
 510 01e5 21       		.byte	33
 511 01e6 C0       		.byte	-64
 512 01e7 15       		.byte	21
 513 01e8 C2       		.byte	-62
ARM GAS  C:\Users\SYFO\AppData\Local\Temp\ccS8OwB5.s 			page 10


 514 01e9 0B       		.byte	11
 515 01ea C4       		.byte	-60
 516 01eb 23       		.byte	35
 517 01ec CA       		.byte	-54
 518 01ed FE       		.byte	-2
 519 01ee CC       		.byte	-52
 520 01ef B9       		.byte	-71
 521 01f0 CE       		.byte	-50
 522 01f1 DF       		.byte	-33
 523 01f2 D0       		.byte	-48
 524 01f3 0A       		.byte	10
 525 01f4 D2       		.byte	-46
 526 01f5 08       		.byte	8
 527 01f6 D6       		.byte	-42
 528 01f7 0F       		.byte	15
 529 01f8 D8       		.byte	-40
 530 01f9 0D       		.byte	13
 531 01fa EC       		.byte	-20
 532 01fb 02       		.byte	2
 533 01fc 00       		.byte	0
 534 01fd 40       		.byte	64
 535 01fe 01       		.byte	1
 536 01ff 46       		.byte	70
 537 0200 03       		.byte	3
 538 0201 A9       		.byte	-87
 539 0202 04       		.byte	4
 540 0203 20       		.byte	32
 541 0204 05       		.byte	5
 542 0205 80       		.byte	-128
 543 0206 06       		.byte	6
 544 0207 02       		.byte	2
 545 0208 07       		.byte	7
 546 0209 56       		.byte	86
 547 020a 08       		.byte	8
 548 020b 25       		.byte	37
 549 020c 09       		.byte	9
 550 020d 40       		.byte	64
 551 020e 0A       		.byte	10
 552 020f 0A       		.byte	10
 553 0210 0B       		.byte	11
 554 0211 13       		.byte	19
 555 0212 0D       		.byte	13
 556 0213 33       		.byte	51
 557 0214 0E       		.byte	14
 558 0215 80       		.byte	-128
 559 0216 0F       		.byte	15
 560 0217 0C       		.byte	12
 561 0218 10       		.byte	16
 562 0219 21       		.byte	33
 563 021a 11       		.byte	17
 564 021b FF       		.byte	-1
 565 021c 12       		.byte	18
 566 021d 04       		.byte	4
 567 021e 14       		.byte	20
 568 021f 08       		.byte	8
 569 0220 16       		.byte	22
 570 0221 05       		.byte	5
ARM GAS  C:\Users\SYFO\AppData\Local\Temp\ccS8OwB5.s 			page 11


 571 0222 18       		.byte	24
 572 0223 80       		.byte	-128
 573 0224 1C       		.byte	28
 574 0225 26       		.byte	38
 575 0226 20       		.byte	32
 576 0227 21       		.byte	33
 577 0228 22       		.byte	34
 578 0229 02       		.byte	2
 579 022a 25       		.byte	37
 580 022b 2A       		.byte	42
 581 022c 26       		.byte	38
 582 022d 10       		.byte	16
 583 022e 27       		.byte	39
 584 022f 54       		.byte	84
 585 0230 28       		.byte	40
 586 0231 01       		.byte	1
 587 0232 2A       		.byte	42
 588 0233 22       		.byte	34
 589 0234 2B       		.byte	43
 590 0235 01       		.byte	1
 591 0236 2C       		.byte	44
 592 0237 8F       		.byte	-113
 593 0238 2D       		.byte	45
 594 0239 0E       		.byte	14
 595 023a 2F       		.byte	47
 596 023b 30       		.byte	48
 597 023c 30       		.byte	48
 598 023d 80       		.byte	-128
 599 023e 31       		.byte	49
 600 023f FF       		.byte	-1
 601 0240 32       		.byte	50
 602 0241 60       		.byte	96
 603 0242 34       		.byte	52
 604 0243 1F       		.byte	31
 605 0244 38       		.byte	56
 606 0245 08       		.byte	8
 607 0246 3E       		.byte	62
 608 0247 04       		.byte	4
 609 0248 58       		.byte	88
 610 0249 04       		.byte	4
 611 024a 59       		.byte	89
 612 024b 04       		.byte	4
 613 024c 5C       		.byte	92
 614 024d 11       		.byte	17
 615 024e 5F       		.byte	95
 616 024f 01       		.byte	1
 617 0250 80       		.byte	-128
 618 0251 04       		.byte	4
 619 0252 81       		.byte	-127
 620 0253 10       		.byte	16
 621 0254 83       		.byte	-125
 622 0255 07       		.byte	7
 623 0256 84       		.byte	-124
 624 0257 2A       		.byte	42
 625 0258 85       		.byte	-123
 626 0259 01       		.byte	1
 627 025a 86       		.byte	-122
ARM GAS  C:\Users\SYFO\AppData\Local\Temp\ccS8OwB5.s 			page 12


 628 025b 10       		.byte	16
 629 025c 88       		.byte	-120
 630 025d 01       		.byte	1
 631 025e 89       		.byte	-119
 632 025f 03       		.byte	3
 633 0260 8C       		.byte	-116
 634 0261 1C       		.byte	28
 635 0262 8D       		.byte	-115
 636 0263 3A       		.byte	58
 637 0264 8E       		.byte	-114
 638 0265 22       		.byte	34
 639 0266 8F       		.byte	-113
 640 0267 04       		.byte	4
 641 0268 90       		.byte	-112
 642 0269 06       		.byte	6
 643 026a 91       		.byte	-111
 644 026b 03       		.byte	3
 645 026c 94       		.byte	-108
 646 026d 22       		.byte	34
 647 026e 95       		.byte	-107
 648 026f C0       		.byte	-64
 649 0270 96       		.byte	-106
 650 0271 18       		.byte	24
 651 0272 97       		.byte	-105
 652 0273 07       		.byte	7
 653 0274 98       		.byte	-104
 654 0275 01       		.byte	1
 655 0276 99       		.byte	-103
 656 0277 22       		.byte	34
 657 0278 9A       		.byte	-102
 658 0279 1E       		.byte	30
 659 027a 9B       		.byte	-101
 660 027b 05       		.byte	5
 661 027c 9C       		.byte	-100
 662 027d 3F       		.byte	63
 663 027e 9D       		.byte	-99
 664 027f FF       		.byte	-1
 665 0280 A0       		.byte	-96
 666 0281 22       		.byte	34
 667 0282 A1       		.byte	-95
 668 0283 01       		.byte	1
 669 0284 A4       		.byte	-92
 670 0285 32       		.byte	50
 671 0286 A5       		.byte	-91
 672 0287 01       		.byte	1
 673 0288 A6       		.byte	-90
 674 0289 08       		.byte	8
 675 028a A9       		.byte	-87
 676 028b 08       		.byte	8
 677 028c AA       		.byte	-86
 678 028d 40       		.byte	64
 679 028e AB       		.byte	-85
 680 028f 07       		.byte	7
 681 0290 AC       		.byte	-84
 682 0291 18       		.byte	24
 683 0292 AD       		.byte	-83
 684 0293 05       		.byte	5
ARM GAS  C:\Users\SYFO\AppData\Local\Temp\ccS8OwB5.s 			page 13


 685 0294 AE       		.byte	-82
 686 0295 06       		.byte	6
 687 0296 AF       		.byte	-81
 688 0297 78       		.byte	120
 689 0298 B0       		.byte	-80
 690 0299 60       		.byte	96
 691 029a B3       		.byte	-77
 692 029b 7F       		.byte	127
 693 029c B4       		.byte	-76
 694 029d 1F       		.byte	31
 695 029e B5       		.byte	-75
 696 029f 80       		.byte	-128
 697 02a0 B8       		.byte	-72
 698 02a1 20       		.byte	32
 699 02a2 B9       		.byte	-71
 700 02a3 20       		.byte	32
 701 02a4 BF       		.byte	-65
 702 02a5 04       		.byte	4
 703 02a6 D8       		.byte	-40
 704 02a7 04       		.byte	4
 705 02a8 D9       		.byte	-39
 706 02a9 04       		.byte	4
 707 02aa DC       		.byte	-36
 708 02ab 11       		.byte	17
 709 02ac DF       		.byte	-33
 710 02ad 01       		.byte	1
 711 02ae 01       		.byte	1
 712 02af 22       		.byte	34
 713 02b0 03       		.byte	3
 714 02b1 22       		.byte	34
 715 02b2 04       		.byte	4
 716 02b3 08       		.byte	8
 717 02b4 05       		.byte	5
 718 02b5 10       		.byte	16
 719 02b6 06       		.byte	6
 720 02b7 20       		.byte	32
 721 02b8 07       		.byte	7
 722 02b9 41       		.byte	65
 723 02ba 08       		.byte	8
 724 02bb 40       		.byte	64
 725 02bc 09       		.byte	9
 726 02bd 22       		.byte	34
 727 02be 0B       		.byte	11
 728 02bf 20       		.byte	32
 729 02c0 0D       		.byte	13
 730 02c1 08       		.byte	8
 731 02c2 0F       		.byte	15
 732 02c3 4A       		.byte	74
 733 02c4 10       		.byte	16
 734 02c5 80       		.byte	-128
 735 02c6 12       		.byte	18
 736 02c7 20       		.byte	32
 737 02c8 13       		.byte	19
 738 02c9 60       		.byte	96
 739 02ca 14       		.byte	20
 740 02cb 02       		.byte	2
 741 02cc 15       		.byte	21
ARM GAS  C:\Users\SYFO\AppData\Local\Temp\ccS8OwB5.s 			page 14


 742 02cd 21       		.byte	33
 743 02ce 17       		.byte	23
 744 02cf 08       		.byte	8
 745 02d0 19       		.byte	25
 746 02d1 20       		.byte	32
 747 02d2 1B       		.byte	27
 748 02d3 03       		.byte	3
 749 02d4 1D       		.byte	29
 750 02d5 16       		.byte	22
 751 02d6 1E       		.byte	30
 752 02d7 80       		.byte	-128
 753 02d8 1F       		.byte	31
 754 02d9 10       		.byte	16
 755 02da 21       		.byte	33
 756 02db 20       		.byte	32
 757 02dc 23       		.byte	35
 758 02dd 20       		.byte	32
 759 02de 25       		.byte	37
 760 02df 01       		.byte	1
 761 02e0 26       		.byte	38
 762 02e1 01       		.byte	1
 763 02e2 2A       		.byte	42
 764 02e3 28       		.byte	40
 765 02e4 2B       		.byte	43
 766 02e5 42       		.byte	66
 767 02e6 2D       		.byte	45
 768 02e7 10       		.byte	16
 769 02e8 2F       		.byte	47
 770 02e9 12       		.byte	18
 771 02ea 30       		.byte	48
 772 02eb 40       		.byte	64
 773 02ec 31       		.byte	49
 774 02ed 5A       		.byte	90
 775 02ee 33       		.byte	51
 776 02ef 01       		.byte	1
 777 02f0 34       		.byte	52
 778 02f1 0A       		.byte	10
 779 02f2 35       		.byte	53
 780 02f3 04       		.byte	4
 781 02f4 39       		.byte	57
 782 02f5 35       		.byte	53
 783 02f6 3B       		.byte	59
 784 02f7 C0       		.byte	-64
 785 02f8 3D       		.byte	61
 786 02f9 0A       		.byte	10
 787 02fa 3E       		.byte	62
 788 02fb 20       		.byte	32
 789 02fc 3F       		.byte	63
 790 02fd 40       		.byte	64
 791 02fe 60       		.byte	96
 792 02ff 02       		.byte	2
 793 0300 61       		.byte	97
 794 0301 40       		.byte	64
 795 0302 7B       		.byte	123
 796 0303 0C       		.byte	12
 797 0304 7D       		.byte	125
 798 0305 03       		.byte	3
ARM GAS  C:\Users\SYFO\AppData\Local\Temp\ccS8OwB5.s 			page 15


 799 0306 90       		.byte	-112
 800 0307 08       		.byte	8
 801 0308 91       		.byte	-111
 802 0309 04       		.byte	4
 803 030a 93       		.byte	-109
 804 030b 80       		.byte	-128
 805 030c 95       		.byte	-107
 806 030d 01       		.byte	1
 807 030e 97       		.byte	-105
 808 030f 60       		.byte	96
 809 0310 9A       		.byte	-102
 810 0311 08       		.byte	8
 811 0312 9B       		.byte	-101
 812 0313 0C       		.byte	12
 813 0314 9C       		.byte	-100
 814 0315 02       		.byte	2
 815 0316 9D       		.byte	-99
 816 0317 50       		.byte	80
 817 0318 A0       		.byte	-96
 818 0319 80       		.byte	-128
 819 031a A3       		.byte	-93
 820 031b 68       		.byte	104
 821 031c A4       		.byte	-92
 822 031d 20       		.byte	32
 823 031e A5       		.byte	-91
 824 031f 08       		.byte	8
 825 0320 A6       		.byte	-90
 826 0321 40       		.byte	64
 827 0322 A7       		.byte	-89
 828 0323 03       		.byte	3
 829 0324 B1       		.byte	-79
 830 0325 48       		.byte	72
 831 0326 B3       		.byte	-77
 832 0327 12       		.byte	18
 833 0328 B6       		.byte	-74
 834 0329 20       		.byte	32
 835 032a B7       		.byte	-73
 836 032b 40       		.byte	64
 837 032c C0       		.byte	-64
 838 032d FF       		.byte	-1
 839 032e C2       		.byte	-62
 840 032f FF       		.byte	-1
 841 0330 C4       		.byte	-60
 842 0331 FF       		.byte	-1
 843 0332 CA       		.byte	-54
 844 0333 7F       		.byte	127
 845 0334 CC       		.byte	-52
 846 0335 8F       		.byte	-113
 847 0336 CE       		.byte	-50
 848 0337 FF       		.byte	-1
 849 0338 03       		.byte	3
 850 0339 02       		.byte	2
 851 033a 05       		.byte	5
 852 033b 01       		.byte	1
 853 033c 06       		.byte	6
 854 033d 03       		.byte	3
 855 033e 09       		.byte	9
ARM GAS  C:\Users\SYFO\AppData\Local\Temp\ccS8OwB5.s 			page 16


 856 033f 01       		.byte	1
 857 0340 0D       		.byte	13
 858 0341 5D       		.byte	93
 859 0342 0E       		.byte	14
 860 0343 01       		.byte	1
 861 0344 0F       		.byte	15
 862 0345 A2       		.byte	-94
 863 0346 11       		.byte	17
 864 0347 92       		.byte	-110
 865 0348 12       		.byte	18
 866 0349 01       		.byte	1
 867 034a 13       		.byte	19
 868 034b 60       		.byte	96
 869 034c 16       		.byte	22
 870 034d 01       		.byte	1
 871 034e 17       		.byte	23
 872 034f FF       		.byte	-1
 873 0350 19       		.byte	25
 874 0351 40       		.byte	64
 875 0352 1A       		.byte	26
 876 0353 04       		.byte	4
 877 0354 1B       		.byte	27
 878 0355 1D       		.byte	29
 879 0356 1D       		.byte	29
 880 0357 E2       		.byte	-30
 881 0358 22       		.byte	34
 882 0359 02       		.byte	2
 883 035a 23       		.byte	35
 884 035b 08       		.byte	8
 885 035c 25       		.byte	37
 886 035d 0D       		.byte	13
 887 035e 29       		.byte	41
 888 035f 04       		.byte	4
 889 0360 2B       		.byte	43
 890 0361 E0       		.byte	-32
 891 0362 2D       		.byte	45
 892 0363 3D       		.byte	61
 893 0364 2F       		.byte	47
 894 0365 C2       		.byte	-62
 895 0366 34       		.byte	52
 896 0367 07       		.byte	7
 897 0368 35       		.byte	53
 898 0369 FF       		.byte	-1
 899 036a 3A       		.byte	58
 900 036b 20       		.byte	32
 901 036c 3F       		.byte	63
 902 036d 10       		.byte	16
 903 036e 58       		.byte	88
 904 036f 04       		.byte	4
 905 0370 59       		.byte	89
 906 0371 04       		.byte	4
 907 0372 5C       		.byte	92
 908 0373 01       		.byte	1
 909 0374 5F       		.byte	95
 910 0375 01       		.byte	1
 911 0376 80       		.byte	-128
 912 0377 03       		.byte	3
ARM GAS  C:\Users\SYFO\AppData\Local\Temp\ccS8OwB5.s 			page 17


 913 0378 83       		.byte	-125
 914 0379 01       		.byte	1
 915 037a 84       		.byte	-124
 916 037b 48       		.byte	72
 917 037c 85       		.byte	-123
 918 037d 04       		.byte	4
 919 037e 86       		.byte	-122
 920 037f 02       		.byte	2
 921 0380 88       		.byte	-120
 922 0381 01       		.byte	1
 923 0382 8B       		.byte	-117
 924 0383 02       		.byte	2
 925 0384 8C       		.byte	-116
 926 0385 42       		.byte	66
 927 0386 8D       		.byte	-115
 928 0387 A9       		.byte	-87
 929 0388 8E       		.byte	-114
 930 0389 09       		.byte	9
 931 038a 8F       		.byte	-113
 932 038b 54       		.byte	84
 933 038c 90       		.byte	-112
 934 038d 40       		.byte	64
 935 038e 91       		.byte	-111
 936 038f 1A       		.byte	26
 937 0390 92       		.byte	-110
 938 0391 14       		.byte	20
 939 0392 93       		.byte	-109
 940 0393 60       		.byte	96
 941 0394 94       		.byte	-108
 942 0395 90       		.byte	-112
 943 0396 95       		.byte	-107
 944 0397 FF       		.byte	-1
 945 0398 96       		.byte	-106
 946 0399 0B       		.byte	11
 947 039a 98       		.byte	-104
 948 039b 03       		.byte	3
 949 039c 99       		.byte	-103
 950 039d A5       		.byte	-91
 951 039e 9A       		.byte	-102
 952 039f 20       		.byte	32
 953 03a0 9B       		.byte	-101
 954 03a1 4A       		.byte	74
 955 03a2 9C       		.byte	-100
 956 03a3 4F       		.byte	79
 957 03a4 9D       		.byte	-99
 958 03a5 02       		.byte	2
 959 03a6 A0       		.byte	-96
 960 03a7 40       		.byte	64
 961 03a8 A2       		.byte	-94
 962 03a9 0B       		.byte	11
 963 03aa A3       		.byte	-93
 964 03ab 04       		.byte	4
 965 03ac A4       		.byte	-92
 966 03ad 01       		.byte	1
 967 03ae A5       		.byte	-91
 968 03af 4D       		.byte	77
 969 03b0 A7       		.byte	-89
ARM GAS  C:\Users\SYFO\AppData\Local\Temp\ccS8OwB5.s 			page 18


 970 03b1 92       		.byte	-110
 971 03b2 AA       		.byte	-86
 972 03b3 01       		.byte	1
 973 03b4 AB       		.byte	-85
 974 03b5 B5       		.byte	-75
 975 03b6 AC       		.byte	-84
 976 03b7 1F       		.byte	31
 977 03b8 AD       		.byte	-83
 978 03b9 CC       		.byte	-52
 979 03ba AF       		.byte	-81
 980 03bb 13       		.byte	19
 981 03bc B2       		.byte	-78
 982 03bd E0       		.byte	-32
 983 03be B5       		.byte	-75
 984 03bf FF       		.byte	-1
 985 03c0 B6       		.byte	-74
 986 03c1 1F       		.byte	31
 987 03c2 B8       		.byte	-72
 988 03c3 08       		.byte	8
 989 03c4 BE       		.byte	-66
 990 03c5 04       		.byte	4
 991 03c6 BF       		.byte	-65
 992 03c7 10       		.byte	16
 993 03c8 D2       		.byte	-46
 994 03c9 F6       		.byte	-10
 995 03ca D8       		.byte	-40
 996 03cb 04       		.byte	4
 997 03cc D9       		.byte	-39
 998 03cd 04       		.byte	4
 999 03ce DB       		.byte	-37
 1000 03cf 04       		.byte	4
 1001 03d0 DC       		.byte	-36
 1002 03d1 01       		.byte	1
 1003 03d2 DD       		.byte	-35
 1004 03d3 10       		.byte	16
 1005 03d4 DF       		.byte	-33
 1006 03d5 01       		.byte	1
 1007 03d6 03       		.byte	3
 1008 03d7 22       		.byte	34
 1009 03d8 04       		.byte	4
 1010 03d9 08       		.byte	8
 1011 03da 05       		.byte	5
 1012 03db 01       		.byte	1
 1013 03dc 06       		.byte	6
 1014 03dd 08       		.byte	8
 1015 03de 07       		.byte	7
 1016 03df 02       		.byte	2
 1017 03e0 09       		.byte	9
 1018 03e1 28       		.byte	40
 1019 03e2 0B       		.byte	11
 1020 03e3 80       		.byte	-128
 1021 03e4 0C       		.byte	12
 1022 03e5 30       		.byte	48
 1023 03e6 0D       		.byte	13
 1024 03e7 08       		.byte	8
 1025 03e8 0E       		.byte	14
 1026 03e9 12       		.byte	18
ARM GAS  C:\Users\SYFO\AppData\Local\Temp\ccS8OwB5.s 			page 19


 1027 03ea 0F       		.byte	15
 1028 03eb 42       		.byte	66
 1029 03ec 12       		.byte	18
 1030 03ed 80       		.byte	-128
 1031 03ee 14       		.byte	20
 1032 03ef 02       		.byte	2
 1033 03f0 15       		.byte	21
 1034 03f1 01       		.byte	1
 1035 03f2 16       		.byte	22
 1036 03f3 A0       		.byte	-96
 1037 03f4 17       		.byte	23
 1038 03f5 11       		.byte	17
 1039 03f6 18       		.byte	24
 1040 03f7 08       		.byte	8
 1041 03f8 1B       		.byte	27
 1042 03f9 20       		.byte	32
 1043 03fa 1F       		.byte	31
 1044 03fb 48       		.byte	72
 1045 03fc 21       		.byte	33
 1046 03fd 20       		.byte	32
 1047 03fe 27       		.byte	39
 1048 03ff 08       		.byte	8
 1049 0400 28       		.byte	40
 1050 0401 50       		.byte	80
 1051 0402 29       		.byte	41
 1052 0403 11       		.byte	17
 1053 0404 2B       		.byte	43
 1054 0405 01       		.byte	1
 1055 0406 2E       		.byte	46
 1056 0407 92       		.byte	-110
 1057 0408 2F       		.byte	47
 1058 0409 20       		.byte	32
 1059 040a 31       		.byte	49
 1060 040b 48       		.byte	72
 1061 040c 32       		.byte	50
 1062 040d 80       		.byte	-128
 1063 040e 33       		.byte	51
 1064 040f 21       		.byte	33
 1065 0410 34       		.byte	52
 1066 0411 40       		.byte	64
 1067 0412 35       		.byte	53
 1068 0413 18       		.byte	24
 1069 0414 36       		.byte	54
 1070 0415 41       		.byte	65
 1071 0416 3A       		.byte	58
 1072 0417 2A       		.byte	42
 1073 0418 3B       		.byte	59
 1074 0419 80       		.byte	-128
 1075 041a 3C       		.byte	60
 1076 041b 02       		.byte	2
 1077 041c 3E       		.byte	62
 1078 041d 28       		.byte	40
 1079 041e 3F       		.byte	63
 1080 041f 40       		.byte	64
 1081 0420 6D       		.byte	109
 1082 0421 04       		.byte	4
 1083 0422 6F       		.byte	111
ARM GAS  C:\Users\SYFO\AppData\Local\Temp\ccS8OwB5.s 			page 20


 1084 0423 14       		.byte	20
 1085 0424 74       		.byte	116
 1086 0425 81       		.byte	-127
 1087 0426 76       		.byte	118
 1088 0427 2A       		.byte	42
 1089 0428 C0       		.byte	-64
 1090 0429 F5       		.byte	-11
 1091 042a C2       		.byte	-62
 1092 042b FE       		.byte	-2
 1093 042c C4       		.byte	-60
 1094 042d F8       		.byte	-8
 1095 042e CA       		.byte	-54
 1096 042f FF       		.byte	-1
 1097 0430 CC       		.byte	-52
 1098 0431 FF       		.byte	-1
 1099 0432 CE       		.byte	-50
 1100 0433 FF       		.byte	-1
 1101 0434 06       		.byte	6
 1102 0435 04       		.byte	4
 1103 0436 08       		.byte	8
 1104 0437 01       		.byte	1
 1105 0438 0F       		.byte	15
 1106 0439 08       		.byte	8
 1107 043a 11       		.byte	17
 1108 043b 02       		.byte	2
 1109 043c 12       		.byte	18
 1110 043d 02       		.byte	2
 1111 043e 13       		.byte	19
 1112 043f 04       		.byte	4
 1113 0440 17       		.byte	23
 1114 0441 08       		.byte	8
 1115 0442 1A       		.byte	26
 1116 0443 04       		.byte	4
 1117 0444 28       		.byte	40
 1118 0445 01       		.byte	1
 1119 0446 29       		.byte	41
 1120 0447 02       		.byte	2
 1121 0448 2B       		.byte	43
 1122 0449 05       		.byte	5
 1123 044a 2C       		.byte	44
 1124 044b 01       		.byte	1
 1125 044c 30       		.byte	48
 1126 044d 01       		.byte	1
 1127 044e 31       		.byte	49
 1128 044f 06       		.byte	6
 1129 0450 33       		.byte	51
 1130 0451 08       		.byte	8
 1131 0452 35       		.byte	53
 1132 0453 01       		.byte	1
 1133 0454 36       		.byte	54
 1134 0455 06       		.byte	6
 1135 0456 3A       		.byte	58
 1136 0457 08       		.byte	8
 1137 0458 3E       		.byte	62
 1138 0459 40       		.byte	64
 1139 045a 3F       		.byte	63
 1140 045b 04       		.byte	4
ARM GAS  C:\Users\SYFO\AppData\Local\Temp\ccS8OwB5.s 			page 21


 1141 045c 40       		.byte	64
 1142 045d 24       		.byte	36
 1143 045e 41       		.byte	65
 1144 045f 06       		.byte	6
 1145 0460 42       		.byte	66
 1146 0461 03       		.byte	3
 1147 0462 44       		.byte	68
 1148 0463 01       		.byte	1
 1149 0464 45       		.byte	69
 1150 0465 0E       		.byte	14
 1151 0466 46       		.byte	70
 1152 0467 0C       		.byte	12
 1153 0468 48       		.byte	72
 1154 0469 05       		.byte	5
 1155 046a 49       		.byte	73
 1156 046b FF       		.byte	-1
 1157 046c 4A       		.byte	74
 1158 046d FF       		.byte	-1
 1159 046e 4B       		.byte	75
 1160 046f FF       		.byte	-1
 1161 0470 4C       		.byte	76
 1162 0471 62       		.byte	98
 1163 0472 4D       		.byte	77
 1164 0473 A0       		.byte	-96
 1165 0474 4E       		.byte	78
 1166 0475 F0       		.byte	-16
 1167 0476 4F       		.byte	79
 1168 0477 41       		.byte	65
 1169 0478 50       		.byte	80
 1170 0479 0C       		.byte	12
 1171 047a 58       		.byte	88
 1172 047b 04       		.byte	4
 1173 047c 59       		.byte	89
 1174 047d 04       		.byte	4
 1175 047e 5A       		.byte	90
 1176 047f 04       		.byte	4
 1177 0480 5C       		.byte	92
 1178 0481 10       		.byte	16
 1179 0482 5F       		.byte	95
 1180 0483 01       		.byte	1
 1181 0484 66       		.byte	102
 1182 0485 40       		.byte	64
 1183 0486 67       		.byte	103
 1184 0487 02       		.byte	2
 1185 0488 69       		.byte	105
 1186 0489 10       		.byte	16
 1187 048a 6A       		.byte	106
 1188 048b 30       		.byte	48
 1189 048c 6B       		.byte	107
 1190 048d 10       		.byte	16
 1191 048e 6D       		.byte	109
 1192 048f 10       		.byte	16
 1193 0490 6E       		.byte	110
 1194 0491 10       		.byte	16
 1195 0492 6F       		.byte	111
 1196 0493 12       		.byte	18
 1197 0494 80       		.byte	-128
ARM GAS  C:\Users\SYFO\AppData\Local\Temp\ccS8OwB5.s 			page 22


 1198 0495 02       		.byte	2
 1199 0496 82       		.byte	-126
 1200 0497 81       		.byte	-127
 1201 0498 84       		.byte	-124
 1202 0499 03       		.byte	3
 1203 049a 86       		.byte	-122
 1204 049b 20       		.byte	32
 1205 049c 88       		.byte	-120
 1206 049d 01       		.byte	1
 1207 049e 8A       		.byte	-118
 1208 049f 06       		.byte	6
 1209 04a0 8E       		.byte	-114
 1210 04a1 0B       		.byte	11
 1211 04a2 92       		.byte	-110
 1212 04a3 13       		.byte	19
 1213 04a4 96       		.byte	-106
 1214 04a5 43       		.byte	67
 1215 04a6 98       		.byte	-104
 1216 04a7 01       		.byte	1
 1217 04a8 9A       		.byte	-102
 1218 04a9 04       		.byte	4
 1219 04aa 9D       		.byte	-99
 1220 04ab 02       		.byte	2
 1221 04ac 9E       		.byte	-98
 1222 04ad 78       		.byte	120
 1223 04ae A0       		.byte	-96
 1224 04af 03       		.byte	3
 1225 04b0 A2       		.byte	-94
 1226 04b1 40       		.byte	64
 1227 04b2 A3       		.byte	-93
 1228 04b3 01       		.byte	1
 1229 04b4 A4       		.byte	-92
 1230 04b5 78       		.byte	120
 1231 04b6 A6       		.byte	-90
 1232 04b7 03       		.byte	3
 1233 04b8 A8       		.byte	-88
 1234 04b9 78       		.byte	120
 1235 04ba AE       		.byte	-82
 1236 04bb 78       		.byte	120
 1237 04bc B0       		.byte	-80
 1238 04bd 78       		.byte	120
 1239 04be B1       		.byte	-79
 1240 04bf 01       		.byte	1
 1241 04c0 B3       		.byte	-77
 1242 04c1 02       		.byte	2
 1243 04c2 B4       		.byte	-76
 1244 04c3 07       		.byte	7
 1245 04c4 B6       		.byte	-74
 1246 04c5 80       		.byte	-128
 1247 04c6 BA       		.byte	-70
 1248 04c7 20       		.byte	32
 1249 04c8 BE       		.byte	-66
 1250 04c9 01       		.byte	1
 1251 04ca BF       		.byte	-65
 1252 04cb 04       		.byte	4
 1253 04cc C0       		.byte	-64
 1254 04cd 04       		.byte	4
ARM GAS  C:\Users\SYFO\AppData\Local\Temp\ccS8OwB5.s 			page 23


 1255 04ce C5       		.byte	-59
 1256 04cf 04       		.byte	4
 1257 04d0 C9       		.byte	-55
 1258 04d1 FF       		.byte	-1
 1259 04d2 CA       		.byte	-54
 1260 04d3 07       		.byte	7
 1261 04d4 CB       		.byte	-53
 1262 04d5 FF       		.byte	-1
 1263 04d6 CC       		.byte	-52
 1264 04d7 40       		.byte	64
 1265 04d8 CD       		.byte	-51
 1266 04d9 20       		.byte	32
 1267 04da CE       		.byte	-50
 1268 04db F0       		.byte	-16
 1269 04dc CF       		.byte	-49
 1270 04dd 05       		.byte	5
 1271 04de D0       		.byte	-48
 1272 04df 08       		.byte	8
 1273 04e0 D4       		.byte	-44
 1274 04e1 01       		.byte	1
 1275 04e2 D8       		.byte	-40
 1276 04e3 04       		.byte	4
 1277 04e4 D9       		.byte	-39
 1278 04e5 04       		.byte	4
 1279 04e6 DA       		.byte	-38
 1280 04e7 04       		.byte	4
 1281 04e8 DB       		.byte	-37
 1282 04e9 04       		.byte	4
 1283 04ea DC       		.byte	-36
 1284 04eb 11       		.byte	17
 1285 04ec DF       		.byte	-33
 1286 04ed 01       		.byte	1
 1287 04ee E0       		.byte	-32
 1288 04ef 40       		.byte	64
 1289 04f0 E1       		.byte	-31
 1290 04f1 A8       		.byte	-88
 1291 04f2 E2       		.byte	-30
 1292 04f3 40       		.byte	64
 1293 04f4 E3       		.byte	-29
 1294 04f5 20       		.byte	32
 1295 04f6 00       		.byte	0
 1296 04f7 02       		.byte	2
 1297 04f8 01       		.byte	1
 1298 04f9 20       		.byte	32
 1299 04fa 03       		.byte	3
 1300 04fb 22       		.byte	34
 1301 04fc 04       		.byte	4
 1302 04fd 20       		.byte	32
 1303 04fe 05       		.byte	5
 1304 04ff 08       		.byte	8
 1305 0500 0A       		.byte	10
 1306 0501 02       		.byte	2
 1307 0502 0B       		.byte	11
 1308 0503 A8       		.byte	-88
 1309 0504 0C       		.byte	12
 1310 0505 90       		.byte	-112
 1311 0506 0E       		.byte	14
ARM GAS  C:\Users\SYFO\AppData\Local\Temp\ccS8OwB5.s 			page 24


 1312 0507 45       		.byte	69
 1313 0508 11       		.byte	17
 1314 0509 2A       		.byte	42
 1315 050a 12       		.byte	18
 1316 050b 02       		.byte	2
 1317 050c 15       		.byte	21
 1318 050d 50       		.byte	80
 1319 050e 19       		.byte	25
 1320 050f 20       		.byte	32
 1321 0510 1B       		.byte	27
 1322 0511 81       		.byte	-127
 1323 0512 1D       		.byte	29
 1324 0513 82       		.byte	-126
 1325 0514 1E       		.byte	30
 1326 0515 10       		.byte	16
 1327 0516 20       		.byte	32
 1328 0517 80       		.byte	-128
 1329 0518 22       		.byte	34
 1330 0519 04       		.byte	4
 1331 051a 24       		.byte	36
 1332 051b 08       		.byte	8
 1333 051c 25       		.byte	37
 1334 051d 10       		.byte	16
 1335 051e 26       		.byte	38
 1336 051f 04       		.byte	4
 1337 0520 27       		.byte	39
 1338 0521 40       		.byte	64
 1339 0522 28       		.byte	40
 1340 0523 01       		.byte	1
 1341 0524 2B       		.byte	43
 1342 0525 81       		.byte	-127
 1343 0526 2C       		.byte	44
 1344 0527 08       		.byte	8
 1345 0528 30       		.byte	48
 1346 0529 80       		.byte	-128
 1347 052a 36       		.byte	54
 1348 052b 02       		.byte	2
 1349 052c 37       		.byte	55
 1350 052d 04       		.byte	4
 1351 052e 3E       		.byte	62
 1352 052f 10       		.byte	16
 1353 0530 3F       		.byte	63
 1354 0531 90       		.byte	-112
 1355 0532 41       		.byte	65
 1356 0533 01       		.byte	1
 1357 0534 45       		.byte	69
 1358 0535 82       		.byte	-126
 1359 0536 46       		.byte	70
 1360 0537 48       		.byte	72
 1361 0538 47       		.byte	71
 1362 0539 04       		.byte	4
 1363 053a 48       		.byte	72
 1364 053b 10       		.byte	16
 1365 053c 4C       		.byte	76
 1366 053d 20       		.byte	32
 1367 053e 4F       		.byte	79
 1368 053f 10       		.byte	16
ARM GAS  C:\Users\SYFO\AppData\Local\Temp\ccS8OwB5.s 			page 25


 1369 0540 50       		.byte	80
 1370 0541 40       		.byte	64
 1371 0542 57       		.byte	87
 1372 0543 40       		.byte	64
 1373 0544 5A       		.byte	90
 1374 0545 A9       		.byte	-87
 1375 0546 8E       		.byte	-114
 1376 0547 06       		.byte	6
 1377 0548 8F       		.byte	-113
 1378 0549 01       		.byte	1
 1379 054a 92       		.byte	-110
 1380 054b 02       		.byte	2
 1381 054c 93       		.byte	-109
 1382 054d A8       		.byte	-88
 1383 054e 94       		.byte	-108
 1384 054f 08       		.byte	8
 1385 0550 96       		.byte	-106
 1386 0551 50       		.byte	80
 1387 0552 97       		.byte	-105
 1388 0553 02       		.byte	2
 1389 0554 9A       		.byte	-102
 1390 0555 08       		.byte	8
 1391 0556 9B       		.byte	-101
 1392 0557 04       		.byte	4
 1393 0558 9C       		.byte	-100
 1394 0559 11       		.byte	17
 1395 055a 9D       		.byte	-99
 1396 055b 28       		.byte	40
 1397 055c 9E       		.byte	-98
 1398 055d 42       		.byte	66
 1399 055e 9F       		.byte	-97
 1400 055f 58       		.byte	88
 1401 0560 A1       		.byte	-95
 1402 0561 05       		.byte	5
 1403 0562 A2       		.byte	-94
 1404 0563 12       		.byte	18
 1405 0564 A3       		.byte	-93
 1406 0565 22       		.byte	34
 1407 0566 A4       		.byte	-92
 1408 0567 60       		.byte	96
 1409 0568 A5       		.byte	-91
 1410 0569 10       		.byte	16
 1411 056a A7       		.byte	-89
 1412 056b 88       		.byte	-120
 1413 056c B5       		.byte	-75
 1414 056d 48       		.byte	72
 1415 056e C0       		.byte	-64
 1416 056f 6F       		.byte	111
 1417 0570 C2       		.byte	-62
 1418 0571 5F       		.byte	95
 1419 0572 C4       		.byte	-60
 1420 0573 CF       		.byte	-49
 1421 0574 CA       		.byte	-54
 1422 0575 21       		.byte	33
 1423 0576 CC       		.byte	-52
 1424 0577 C8       		.byte	-56
 1425 0578 CE       		.byte	-50
ARM GAS  C:\Users\SYFO\AppData\Local\Temp\ccS8OwB5.s 			page 26


 1426 0579 10       		.byte	16
 1427 057a D0       		.byte	-48
 1428 057b F1       		.byte	-15
 1429 057c D2       		.byte	-46
 1430 057d 20       		.byte	32
 1431 057e D6       		.byte	-42
 1432 057f 0F       		.byte	15
 1433 0580 04       		.byte	4
 1434 0581 2C       		.byte	44
 1435 0582 05       		.byte	5
 1436 0583 0E       		.byte	14
 1437 0584 06       		.byte	6
 1438 0585 11       		.byte	17
 1439 0586 08       		.byte	8
 1440 0587 10       		.byte	16
 1441 0588 0D       		.byte	13
 1442 0589 10       		.byte	16
 1443 058a 0F       		.byte	15
 1444 058b 02       		.byte	2
 1445 058c 10       		.byte	16
 1446 058d 1C       		.byte	28
 1447 058e 11       		.byte	17
 1448 058f 04       		.byte	4
 1449 0590 12       		.byte	18
 1450 0591 22       		.byte	34
 1451 0592 13       		.byte	19
 1452 0593 08       		.byte	8
 1453 0594 15       		.byte	21
 1454 0595 0E       		.byte	14
 1455 0596 16       		.byte	22
 1456 0597 20       		.byte	32
 1457 0598 18       		.byte	24
 1458 0599 09       		.byte	9
 1459 059a 1A       		.byte	26
 1460 059b 10       		.byte	16
 1461 059c 1E       		.byte	30
 1462 059d 03       		.byte	3
 1463 059e 21       		.byte	33
 1464 059f 01       		.byte	1
 1465 05a0 22       		.byte	34
 1466 05a1 20       		.byte	32
 1467 05a2 24       		.byte	36
 1468 05a3 14       		.byte	20
 1469 05a4 28       		.byte	40
 1470 05a5 30       		.byte	48
 1471 05a6 2A       		.byte	42
 1472 05a7 0C       		.byte	12
 1473 05a8 30       		.byte	48
 1474 05a9 20       		.byte	32
 1475 05aa 31       		.byte	49
 1476 05ab 06       		.byte	6
 1477 05ac 33       		.byte	51
 1478 05ad 01       		.byte	1
 1479 05ae 35       		.byte	53
 1480 05af 18       		.byte	24
 1481 05b0 36       		.byte	54
 1482 05b1 1F       		.byte	31
ARM GAS  C:\Users\SYFO\AppData\Local\Temp\ccS8OwB5.s 			page 27


 1483 05b2 39       		.byte	57
 1484 05b3 22       		.byte	34
 1485 05b4 3E       		.byte	62
 1486 05b5 01       		.byte	1
 1487 05b6 3F       		.byte	63
 1488 05b7 05       		.byte	5
 1489 05b8 40       		.byte	64
 1490 05b9 61       		.byte	97
 1491 05ba 41       		.byte	65
 1492 05bb 02       		.byte	2
 1493 05bc 46       		.byte	70
 1494 05bd BE       		.byte	-66
 1495 05be 47       		.byte	71
 1496 05bf 0C       		.byte	12
 1497 05c0 48       		.byte	72
 1498 05c1 1C       		.byte	28
 1499 05c2 49       		.byte	73
 1500 05c3 FF       		.byte	-1
 1501 05c4 4A       		.byte	74
 1502 05c5 FF       		.byte	-1
 1503 05c6 4B       		.byte	75
 1504 05c7 FF       		.byte	-1
 1505 05c8 4E       		.byte	78
 1506 05c9 F0       		.byte	-16
 1507 05ca 4F       		.byte	79
 1508 05cb 44       		.byte	68
 1509 05cc 50       		.byte	80
 1510 05cd 0C       		.byte	12
 1511 05ce 58       		.byte	88
 1512 05cf 04       		.byte	4
 1513 05d0 59       		.byte	89
 1514 05d1 04       		.byte	4
 1515 05d2 5A       		.byte	90
 1516 05d3 04       		.byte	4
 1517 05d4 5F       		.byte	95
 1518 05d5 01       		.byte	1
 1519 05d6 66       		.byte	102
 1520 05d7 C0       		.byte	-64
 1521 05d8 6A       		.byte	106
 1522 05d9 40       		.byte	64
 1523 05da 6B       		.byte	107
 1524 05db 02       		.byte	2
 1525 05dc 84       		.byte	-124
 1526 05dd 12       		.byte	18
 1527 05de 85       		.byte	-123
 1528 05df 61       		.byte	97
 1529 05e0 86       		.byte	-122
 1530 05e1 0D       		.byte	13
 1531 05e2 87       		.byte	-121
 1532 05e3 8E       		.byte	-114
 1533 05e4 88       		.byte	-120
 1534 05e5 24       		.byte	36
 1535 05e6 8A       		.byte	-118
 1536 05e7 0A       		.byte	10
 1537 05e8 8B       		.byte	-117
 1538 05e9 08       		.byte	8
 1539 05ea 8F       		.byte	-113
ARM GAS  C:\Users\SYFO\AppData\Local\Temp\ccS8OwB5.s 			page 28


 1540 05eb A3       		.byte	-93
 1541 05ec 90       		.byte	-112
 1542 05ed 08       		.byte	8
 1543 05ee 91       		.byte	-111
 1544 05ef 5C       		.byte	92
 1545 05f0 92       		.byte	-110
 1546 05f1 30       		.byte	48
 1547 05f2 93       		.byte	-109
 1548 05f3 83       		.byte	-125
 1549 05f4 95       		.byte	-107
 1550 05f5 61       		.byte	97
 1551 05f6 97       		.byte	-105
 1552 05f7 96       		.byte	-106
 1553 05f8 98       		.byte	-104
 1554 05f9 3E       		.byte	62
 1555 05fa 9B       		.byte	-101
 1556 05fb 1C       		.byte	28
 1557 05fc A8       		.byte	-88
 1558 05fd 3E       		.byte	62
 1559 05fe A9       		.byte	-87
 1560 05ff 60       		.byte	96
 1561 0600 AB       		.byte	-85
 1562 0601 80       		.byte	-128
 1563 0602 B0       		.byte	-80
 1564 0603 38       		.byte	56
 1565 0604 B1       		.byte	-79
 1566 0605 0F       		.byte	15
 1567 0606 B2       		.byte	-78
 1568 0607 01       		.byte	1
 1569 0608 B3       		.byte	-77
 1570 0609 F0       		.byte	-16
 1571 060a B4       		.byte	-76
 1572 060b 06       		.byte	6
 1573 060c B5       		.byte	-75
 1574 060d 1A       		.byte	26
 1575 060e BB       		.byte	-69
 1576 060f 2A       		.byte	42
 1577 0610 D6       		.byte	-42
 1578 0611 02       		.byte	2
 1579 0612 D7       		.byte	-41
 1580 0613 11       		.byte	17
 1581 0614 D8       		.byte	-40
 1582 0615 04       		.byte	4
 1583 0616 D9       		.byte	-39
 1584 0617 04       		.byte	4
 1585 0618 DB       		.byte	-37
 1586 0619 04       		.byte	4
 1587 061a DF       		.byte	-33
 1588 061b 01       		.byte	1
 1589 061c 00       		.byte	0
 1590 061d 24       		.byte	36
 1591 061e 05       		.byte	5
 1592 061f 18       		.byte	24
 1593 0620 09       		.byte	9
 1594 0621 2A       		.byte	42
 1595 0622 0A       		.byte	10
 1596 0623 21       		.byte	33
ARM GAS  C:\Users\SYFO\AppData\Local\Temp\ccS8OwB5.s 			page 29


 1597 0624 0E       		.byte	14
 1598 0625 48       		.byte	72
 1599 0626 12       		.byte	18
 1600 0627 58       		.byte	88
 1601 0628 15       		.byte	21
 1602 0629 10       		.byte	16
 1603 062a 1A       		.byte	26
 1604 062b 81       		.byte	-127
 1605 062c 1B       		.byte	27
 1606 062d 40       		.byte	64
 1607 062e 1D       		.byte	29
 1608 062f 10       		.byte	16
 1609 0630 1E       		.byte	30
 1610 0631 44       		.byte	68
 1611 0632 1F       		.byte	31
 1612 0633 08       		.byte	8
 1613 0634 21       		.byte	33
 1614 0635 21       		.byte	33
 1615 0636 22       		.byte	34
 1616 0637 24       		.byte	36
 1617 0638 24       		.byte	36
 1618 0639 04       		.byte	4
 1619 063a 25       		.byte	37
 1620 063b 02       		.byte	2
 1621 063c 26       		.byte	38
 1622 063d 09       		.byte	9
 1623 063e 2B       		.byte	43
 1624 063f 40       		.byte	64
 1625 0640 2F       		.byte	47
 1626 0641 04       		.byte	4
 1627 0642 31       		.byte	49
 1628 0643 02       		.byte	2
 1629 0644 32       		.byte	50
 1630 0645 08       		.byte	8
 1631 0646 36       		.byte	54
 1632 0647 29       		.byte	41
 1633 0648 38       		.byte	56
 1634 0649 84       		.byte	-124
 1635 064a 39       		.byte	57
 1636 064b 80       		.byte	-128
 1637 064c 3A       		.byte	58
 1638 064d 40       		.byte	64
 1639 064e 3B       		.byte	59
 1640 064f 40       		.byte	64
 1641 0650 3C       		.byte	60
 1642 0651 24       		.byte	36
 1643 0652 3F       		.byte	63
 1644 0653 40       		.byte	64
 1645 0654 40       		.byte	64
 1646 0655 04       		.byte	4
 1647 0656 41       		.byte	65
 1648 0657 40       		.byte	64
 1649 0658 4A       		.byte	74
 1650 0659 08       		.byte	8
 1651 065a 50       		.byte	80
 1652 065b 80       		.byte	-128
 1653 065c 51       		.byte	81
ARM GAS  C:\Users\SYFO\AppData\Local\Temp\ccS8OwB5.s 			page 30


 1654 065d 08       		.byte	8
 1655 065e 52       		.byte	82
 1656 065f 10       		.byte	16
 1657 0660 53       		.byte	83
 1658 0661 04       		.byte	4
 1659 0662 5E       		.byte	94
 1660 0663 20       		.byte	32
 1661 0664 6C       		.byte	108
 1662 0665 10       		.byte	16
 1663 0666 6D       		.byte	109
 1664 0667 50       		.byte	80
 1665 0668 6E       		.byte	110
 1666 0669 08       		.byte	8
 1667 066a 76       		.byte	118
 1668 066b 02       		.byte	2
 1669 066c 77       		.byte	119
 1670 066d 18       		.byte	24
 1671 066e 86       		.byte	-122
 1672 066f 04       		.byte	4
 1673 0670 89       		.byte	-119
 1674 0671 08       		.byte	8
 1675 0672 90       		.byte	-112
 1676 0673 80       		.byte	-128
 1677 0674 94       		.byte	-108
 1678 0675 20       		.byte	32
 1679 0676 95       		.byte	-107
 1680 0677 52       		.byte	82
 1681 0678 96       		.byte	-106
 1682 0679 E4       		.byte	-28
 1683 067a 9D       		.byte	-99
 1684 067b 08       		.byte	8
 1685 067c 9E       		.byte	-98
 1686 067d 02       		.byte	2
 1687 067e 9F       		.byte	-97
 1688 067f 18       		.byte	24
 1689 0680 A0       		.byte	-96
 1690 0681 10       		.byte	16
 1691 0682 A2       		.byte	-94
 1692 0683 10       		.byte	16
 1693 0684 A4       		.byte	-92
 1694 0685 80       		.byte	-128
 1695 0686 A7       		.byte	-89
 1696 0687 08       		.byte	8
 1697 0688 B0       		.byte	-80
 1698 0689 01       		.byte	1
 1699 068a B4       		.byte	-76
 1700 068b 08       		.byte	8
 1701 068c C0       		.byte	-64
 1702 068d 66       		.byte	102
 1703 068e C2       		.byte	-62
 1704 068f 5F       		.byte	95
 1705 0690 C4       		.byte	-60
 1706 0691 4E       		.byte	78
 1707 0692 CA       		.byte	-54
 1708 0693 21       		.byte	33
 1709 0694 CC       		.byte	-52
 1710 0695 E3       		.byte	-29
ARM GAS  C:\Users\SYFO\AppData\Local\Temp\ccS8OwB5.s 			page 31


 1711 0696 CE       		.byte	-50
 1712 0697 7A       		.byte	122
 1713 0698 D0       		.byte	-48
 1714 0699 0C       		.byte	12
 1715 069a D2       		.byte	-46
 1716 069b 04       		.byte	4
 1717 069c D6       		.byte	-42
 1718 069d 20       		.byte	32
 1719 069e E4       		.byte	-28
 1720 069f 08       		.byte	8
 1721 06a0 32       		.byte	50
 1722 06a1 40       		.byte	64
 1723 06a2 CC       		.byte	-52
 1724 06a3 10       		.byte	16
 1725 06a4 96       		.byte	-106
 1726 06a5 80       		.byte	-128
 1727 06a6 06       		.byte	6
 1728 06a7 40       		.byte	64
 1729 06a8 82       		.byte	-126
 1730 06a9 40       		.byte	64
 1731 06aa 96       		.byte	-106
 1732 06ab 80       		.byte	-128
 1733 06ac C0       		.byte	-64
 1734 06ad 20       		.byte	32
 1735 06ae E6       		.byte	-26
 1736 06af 80       		.byte	-128
 1737 06b0 AE       		.byte	-82
 1738 06b1 40       		.byte	64
 1739 06b2 E8       		.byte	-24
 1740 06b3 10       		.byte	16
 1741 06b4 98       		.byte	-104
 1742 06b5 02       		.byte	2
 1743 06b6 AC       		.byte	-84
 1744 06b7 02       		.byte	2
 1745 06b8 98       		.byte	-104
 1746 06b9 02       		.byte	2
 1747 06ba 08       		.byte	8
 1748 06bb 40       		.byte	64
 1749 06bc 0C       		.byte	12
 1750 06bd 20       		.byte	32
 1751 06be 58       		.byte	88
 1752 06bf 02       		.byte	2
 1753 06c0 5F       		.byte	95
 1754 06c1 01       		.byte	1
 1755 06c2 8F       		.byte	-113
 1756 06c3 01       		.byte	1
 1757 06c4 98       		.byte	-104
 1758 06c5 02       		.byte	2
 1759 06c6 C2       		.byte	-62
 1760 06c7 03       		.byte	3
 1761 06c8 D6       		.byte	-42
 1762 06c9 03       		.byte	3
 1763 06ca E4       		.byte	-28
 1764 06cb 08       		.byte	8
 1765 06cc 10       		.byte	16
 1766 06cd 40       		.byte	64
 1767 06ce 74       		.byte	116
ARM GAS  C:\Users\SYFO\AppData\Local\Temp\ccS8OwB5.s 			page 32


 1768 06cf 01       		.byte	1
 1769 06d0 84       		.byte	-124
 1770 06d1 01       		.byte	1
 1771 06d2 88       		.byte	-120
 1772 06d3 40       		.byte	64
 1773 06d4 B0       		.byte	-80
 1774 06d5 40       		.byte	64
 1775 06d6 B4       		.byte	-76
 1776 06d7 20       		.byte	32
 1777 06d8 C4       		.byte	-60
 1778 06d9 08       		.byte	8
 1779 06da DE       		.byte	-34
 1780 06db 04       		.byte	4
 1781 06dc E2       		.byte	-30
 1782 06dd 01       		.byte	1
 1783 06de EA       		.byte	-22
 1784 06df 01       		.byte	1
 1785 06e0 EE       		.byte	-18
 1786 06e1 08       		.byte	8
 1787 06e2 00       		.byte	0
 1788 06e3 03       		.byte	3
 1789 06e4 0C       		.byte	12
 1790 06e5 03       		.byte	3
 1791 06e6 0E       		.byte	14
 1792 06e7 02       		.byte	2
 1793 06e8 10       		.byte	16
 1794 06e9 03       		.byte	3
 1795 06ea 1C       		.byte	28
 1796 06eb 03       		.byte	3
 1797 06ec 00       		.byte	0
 1798 06ed 03       		.byte	3
 1799 06ee 00       		.byte	0
 1800 06ef 00       		.byte	0
 1801 06f0 80       		.byte	-128
 1802 06f1 80       		.byte	-128
 1803 06f2 00       		.byte	0
 1804 06f3 00       		.byte	0
 1805 06f4 40       		.byte	64
 1806 06f5 00       		.byte	0
 1807 06f6 00       		.byte	0
 1808 06f7 00       		.byte	0
 1809 06f8 1F       		.byte	31
 1810 06f9 10       		.byte	16
 1811 06fa E0       		.byte	-32
 1812 06fb 00       		.byte	0
 1813 06fc 41       		.byte	65
 1814 06fd C7       		.byte	-57
 1815 06fe 00       		.byte	0
 1816 06ff 18       		.byte	24
 1817 0700 04       		.byte	4
 1818 0701 DF       		.byte	-33
 1819 0702 00       		.byte	0
 1820 0703 00       		.byte	0
 1821 0704 00       		.byte	0
 1822 0705 00       		.byte	0
 1823 0706 00       		.byte	0
 1824 0707 43       		.byte	67
ARM GAS  C:\Users\SYFO\AppData\Local\Temp\ccS8OwB5.s 			page 33


 1825 0708 C3       		.byte	-61
 1826 0709 1C       		.byte	28
 1827 070a 00       		.byte	0
 1828 070b C1       		.byte	-63
 1829 070c FF       		.byte	-1
 1830 070d 04       		.byte	4
 1831 070e 00       		.byte	0
 1832 070f 00       		.byte	0
 1833 0710 F3       		.byte	-13
 1834 0711 18       		.byte	24
 1835 0712 0C       		.byte	12
 1836 0713 00       		.byte	0
 1837 0714 1C       		.byte	28
 1838 0715 00       		.byte	0
 1839 0716 E3       		.byte	-29
 1840 0717 20       		.byte	32
 1841 0718 00       		.byte	0
 1842 0719 5C       		.byte	92
 1843 071a E3       		.byte	-29
 1844 071b 82       		.byte	-126
 1845 071c 82       		.byte	-126
 1846 071d 00       		.byte	0
 1847 071e 00       		.byte	0
 1848 071f 20       		.byte	32
 1849 0720 0C       		.byte	12
 1850 0721 00       		.byte	0
 1851 0722 00       		.byte	0
 1852 0723 04       		.byte	4
 1853 0724 08       		.byte	8
 1854 0725 08       		.byte	8
 1855 0726 00       		.byte	0
 1856 0727 00       		.byte	0
 1857 0728 2C       		.byte	44
 1858 0729 20       		.byte	32
 1859 072a 10       		.byte	16
 1860 072b 1F       		.byte	31
 1861 072c 0F       		.byte	15
 1862 072d 58       		.byte	88
 1863 072e C0       		.byte	-64
 1864 072f 80       		.byte	-128
 1865 0730 00       		.byte	0
 1866 0731 80       		.byte	-128
 1867 0732 22       		.byte	34
 1868 0733 08       		.byte	8
 1869 0734 00       		.byte	0
 1870 0735 00       		.byte	0
 1871 0736 04       		.byte	4
 1872 0737 01       		.byte	1
 1873 0738 12       		.byte	18
 1874 0739 00       		.byte	0
 1875 073a 00       		.byte	0
 1876 073b 00       		.byte	0
 1877 073c 00       		.byte	0
 1878 073d 02       		.byte	2
 1879 073e 05       		.byte	5
 1880 073f 00       		.byte	0
 1881 0740 05       		.byte	5
ARM GAS  C:\Users\SYFO\AppData\Local\Temp\ccS8OwB5.s 			page 34


 1882 0741 FF       		.byte	-1
 1883 0742 FF       		.byte	-1
 1884 0743 FF       		.byte	-1
 1885 0744 42       		.byte	66
 1886 0745 A0       		.byte	-96
 1887 0746 70       		.byte	112
 1888 0747 00       		.byte	0
 1889 0748 08       		.byte	8
 1890 0749 10       		.byte	16
 1891 074a 00       		.byte	0
 1892 074b 00       		.byte	0
 1893 074c 18       		.byte	24
 1894 074d 00       		.byte	0
 1895 074e 00       		.byte	0
 1896 074f 00       		.byte	0
 1897 0750 04       		.byte	4
 1898 0751 04       		.byte	4
 1899 0752 04       		.byte	4
 1900 0753 04       		.byte	4
 1901 0754 00       		.byte	0
 1902 0755 01       		.byte	1
 1903 0756 00       		.byte	0
 1904 0757 01       		.byte	1
 1905 0758 00       		.byte	0
 1906 0759 48       		.byte	72
 1907 075a 40       		.byte	64
 1908 075b 48       		.byte	72
 1909 075c 80       		.byte	-128
 1910 075d 48       		.byte	72
 1911 075e 80       		.byte	-128
 1912 075f 48       		.byte	72
 1913 0760 00       		.byte	0
 1914 0761 00       		.byte	0
 1915 0762 00       		.byte	0
 1916 0763 00       		.byte	0
 1917 0764 00       		.byte	0
 1918 0765 00       		.byte	0
 1919 0766 00       		.byte	0
 1920 0767 00       		.byte	0
 1921 0768 00       		.byte	0
 1922 0769 00       		.byte	0
 1923 076a 00       		.byte	0
 1924 076b 00       		.byte	0
 1925 076c 00       		.byte	0
 1926 076d 00       		.byte	0
 1927 076e 00       		.byte	0
 1928 076f 00       		.byte	0
 1929 0770 00       		.byte	0
 1930 0771 00       		.byte	0
 1931 0772 00       		.byte	0
 1932 0773 00       		.byte	0
 1933 0774 00       		.byte	0
 1934 0775 00       		.byte	0
 1935 0776 00       		.byte	0
 1936 0777 00       		.byte	0
 1937 0778 00       		.byte	0
 1938 0779 44       		.byte	68
ARM GAS  C:\Users\SYFO\AppData\Local\Temp\ccS8OwB5.s 			page 35


 1939 077a 00       		.byte	0
 1940 077b 21       		.byte	33
 1941 077c 01       		.byte	1
 1942 077d 01       		.byte	1
 1943 077e 06       		.byte	6
 1944 077f 0E       		.byte	14
 1945 0780 00       		.byte	0
 1946 0781 44       		.byte	68
 1947 0782 00       		.byte	0
 1948 0783 01       		.byte	1
 1949 0784 01       		.byte	1
 1950 0785 65       		.byte	101
 1951 0786 2A       		.byte	42
 1952 0787 00       		.byte	0
 1953 0788 00       		.byte	0
 1954 0789 00       		.byte	0
 1955 078a 0B       		.byte	11
 1956 078b 10       		.byte	16
 1957 078c 00       		.byte	0
 1958 078d 00       		.byte	0
 1959 078e 00       		.byte	0
 1960 078f 00       		.byte	0
 1961 0790 01       		.byte	1
 1962 0791 00       		.byte	0
 1963 0792 04       		.byte	4
 1964 0793 00       		.byte	0
 1965 0794 0A       		.byte	10
 1966 0795 31       		.byte	49
 1967 0796 01       		.byte	1
 1968 0797 08       		.byte	8
 1969 0798 00       		.byte	0
 1970 0799 00       		.byte	0
 1971 079a 00       		.byte	0
 1972 079b 00       		.byte	0
 1973 079c 00       		.byte	0
 1974 079d 45       		.byte	69
 1975 079e 00       		.byte	0
 1976 079f 20       		.byte	32
 1977 07a0 00       		.byte	0
 1978 07a1 31       		.byte	49
 1979 07a2 0B       		.byte	11
 1980 07a3 02       		.byte	2
 1981 07a4 00       		.byte	0
 1982 07a5 65       		.byte	101
 1983 07a6 1B       		.byte	27
 1984 07a7 00       		.byte	0
 1985 07a8 10       		.byte	16
 1986 07a9 30       		.byte	48
 1987 07aa 07       		.byte	7
 1988 07ab 0F       		.byte	15
 1989 07ac 08       		.byte	8
 1990 07ad 00       		.byte	0
 1991 07ae 20       		.byte	32
 1992 07af 40       		.byte	64
 1993 07b0 00       		.byte	0
 1994 07b1 80       		.byte	-128
 1995 07b2 08       		.byte	8
ARM GAS  C:\Users\SYFO\AppData\Local\Temp\ccS8OwB5.s 			page 36


 1996 07b3 08       		.byte	8
 1997 07b4 00       		.byte	0
 1998 07b5 00       		.byte	0
 1999 07b6 10       		.byte	16
 2000 07b7 40       		.byte	64
 2001 07b8 35       		.byte	53
 2002 07b9 00       		.byte	0
 2003 07ba 00       		.byte	0
 2004 07bb 00       		.byte	0
 2005 07bc 01       		.byte	1
 2006 07bd B0       		.byte	-80
 2007 07be D0       		.byte	-48
 2008 07bf 00       		.byte	0
 2009 07c0 0A       		.byte	10
 2010 07c1 FF       		.byte	-1
 2011 07c2 7F       		.byte	127
 2012 07c3 FF       		.byte	-1
 2013 07c4 42       		.byte	66
 2014 07c5 A0       		.byte	-96
 2015 07c6 70       		.byte	112
 2016 07c7 00       		.byte	0
 2017 07c8 0C       		.byte	12
 2018 07c9 00       		.byte	0
 2019 07ca 00       		.byte	0
 2020 07cb 00       		.byte	0
 2021 07cc 20       		.byte	32
 2022 07cd 00       		.byte	0
 2023 07ce 04       		.byte	4
 2024 07cf 00       		.byte	0
 2025 07d0 04       		.byte	4
 2026 07d1 04       		.byte	4
 2027 07d2 04       		.byte	4
 2028 07d3 04       		.byte	4
 2029 07d4 11       		.byte	17
 2030 07d5 11       		.byte	17
 2031 07d6 00       		.byte	0
 2032 07d7 01       		.byte	1
 2033 07d8 00       		.byte	0
 2034 07d9 09       		.byte	9
 2035 07da 40       		.byte	64
 2036 07db 09       		.byte	9
 2037 07dc 30       		.byte	48
 2038 07dd 09       		.byte	9
 2039 07de 00       		.byte	0
 2040 07df 00       		.byte	0
 2041 07e0 00       		.byte	0
 2042 07e1 00       		.byte	0
 2043 07e2 00       		.byte	0
 2044 07e3 00       		.byte	0
 2045 07e4 00       		.byte	0
 2046 07e5 00       		.byte	0
 2047 07e6 00       		.byte	0
 2048 07e7 00       		.byte	0
 2049 07e8 00       		.byte	0
 2050 07e9 00       		.byte	0
 2051 07ea 00       		.byte	0
 2052 07eb 00       		.byte	0
ARM GAS  C:\Users\SYFO\AppData\Local\Temp\ccS8OwB5.s 			page 37


 2053 07ec 00       		.byte	0
 2054 07ed 00       		.byte	0
 2055 07ee 00       		.byte	0
 2056 07ef 00       		.byte	0
 2057 07f0 00       		.byte	0
 2058 07f1 00       		.byte	0
 2059 07f2 00       		.byte	0
 2060 07f3 00       		.byte	0
 2061 07f4 00       		.byte	0
 2062 07f5 00       		.byte	0
 2063 07f6 00       		.byte	0
 2064 07f7 00       		.byte	0
 2065 07f8 80       		.byte	-128
 2066 07f9 00       		.byte	0
 2067 07fa 48       		.byte	72
 2068 07fb 88       		.byte	-120
 2069 07fc 80       		.byte	-128
 2070 07fd 00       		.byte	0
 2071 07fe 80       		.byte	-128
 2072 07ff 00       		.byte	0
 2073 0800 00       		.byte	0
 2074 0801 00       		.byte	0
 2075 0802 00       		.byte	0
 2076 0803 00       		.byte	0
 2077 0804 C0       		.byte	-64
 2078 0805 00       		.byte	0
 2079 0806 00       		.byte	0
 2080 0807 0B       		.byte	11
 2081 0808 CB       		.byte	-53
 2082 0809 00       		.byte	0
 2083 080a C0       		.byte	-64
 2084 080b 00       		.byte	0
 2085 080c 00       		.byte	0
 2086 080d 00       		.byte	0
 2087 080e 00       		.byte	0
 2088 080f 00       		.byte	0
 2089              		.global	cy_meta_custnvl
 2090              		.section	.cycustnvl,"a",%progbits
 2091              		.align	2
 2092              		.type	cy_meta_custnvl, %object
 2093              		.size	cy_meta_custnvl, 4
 2094              	cy_meta_custnvl:
 2095 0000 00       		.byte	0
 2096 0001 00       		.byte	0
 2097 0002 40       		.byte	64
 2098 0003 05       		.byte	5
 2099              		.global	cy_meta_wonvl
 2100              		.section	.cywolatch,"a",%progbits
 2101              		.align	2
 2102              		.type	cy_meta_wonvl, %object
 2103              		.size	cy_meta_wonvl, 4
 2104              	cy_meta_wonvl:
 2105 0000 BC       		.byte	-68
 2106 0001 90       		.byte	-112
 2107 0002 AC       		.byte	-84
 2108 0003 AF       		.byte	-81
 2109              		.global	cy_meta_flashprotect
ARM GAS  C:\Users\SYFO\AppData\Local\Temp\ccS8OwB5.s 			page 38


 2110              		.section	.cyflashprotect,"a",%progbits
 2111              		.align	2
 2112              		.type	cy_meta_flashprotect, %object
 2113              		.size	cy_meta_flashprotect, 256
 2114              	cy_meta_flashprotect:
 2115 0000 00000000 		.space	256
 2115      00000000 
 2115      00000000 
 2115      00000000 
 2115      00000000 
 2116              		.global	cy_metadata
 2117              		.section	.cymeta,"a",%progbits
 2118              		.align	2
 2119              		.type	cy_metadata, %object
 2120              		.size	cy_metadata, 12
 2121              	cy_metadata:
 2122 0000 00       		.byte	0
 2123 0001 01       		.byte	1
 2124 0002 2E       		.byte	46
 2125 0003 16       		.byte	22
 2126 0004 10       		.byte	16
 2127 0005 69       		.byte	105
 2128 0006 00       		.byte	0
 2129 0007 01       		.byte	1
 2130 0008 00       		.byte	0
 2131 0009 00       		.byte	0
 2132 000a 00       		.byte	0
 2133 000b 00       		.byte	0
 2134              		.text
 2135              	.Letext0:
 2136              		.file 1 "c:\\program files (x86)\\cypress\\psoc creator\\4.2\\psoc creator\\import\\gnu\\arm\\5.4.
 2137              		.file 2 "c:\\program files (x86)\\cypress\\psoc creator\\4.2\\psoc creator\\import\\gnu\\arm\\5.4.
 2138              		.file 3 "Generated_Source\\PSoC5\\cymetadata.c"
 2139              		.section	.debug_info,"",%progbits
 2140              	.Ldebug_info0:
 2141 0000 35010000 		.4byte	0x135
 2142 0004 0400     		.2byte	0x4
 2143 0006 00000000 		.4byte	.Ldebug_abbrev0
 2144 000a 04       		.byte	0x4
 2145 000b 01       		.uleb128 0x1
 2146 000c 0A000000 		.4byte	.LASF17
 2147 0010 0C       		.byte	0xc
 2148 0011 C1010000 		.4byte	.LASF18
 2149 0015 06010000 		.4byte	.LASF19
 2150 0019 00000000 		.4byte	.Ldebug_line0
 2151 001d 02       		.uleb128 0x2
 2152 001e 01       		.byte	0x1
 2153 001f 06       		.byte	0x6
 2154 0020 B5010000 		.4byte	.LASF0
 2155 0024 03       		.uleb128 0x3
 2156 0025 00000000 		.4byte	.LASF9
 2157 0029 01       		.byte	0x1
 2158 002a 1D       		.byte	0x1d
 2159 002b 2F000000 		.4byte	0x2f
 2160 002f 02       		.uleb128 0x2
 2161 0030 01       		.byte	0x1
 2162 0031 08       		.byte	0x8
ARM GAS  C:\Users\SYFO\AppData\Local\Temp\ccS8OwB5.s 			page 39


 2163 0032 A4000000 		.4byte	.LASF1
 2164 0036 02       		.uleb128 0x2
 2165 0037 02       		.byte	0x2
 2166 0038 05       		.byte	0x5
 2167 0039 A2010000 		.4byte	.LASF2
 2168 003d 02       		.uleb128 0x2
 2169 003e 02       		.byte	0x2
 2170 003f 07       		.byte	0x7
 2171 0040 C4000000 		.4byte	.LASF3
 2172 0044 02       		.uleb128 0x2
 2173 0045 04       		.byte	0x4
 2174 0046 05       		.byte	0x5
 2175 0047 AC010000 		.4byte	.LASF4
 2176 004b 02       		.uleb128 0x2
 2177 004c 04       		.byte	0x4
 2178 004d 07       		.byte	0x7
 2179 004e B2000000 		.4byte	.LASF5
 2180 0052 02       		.uleb128 0x2
 2181 0053 08       		.byte	0x8
 2182 0054 05       		.byte	0x5
 2183 0055 94010000 		.4byte	.LASF6
 2184 0059 02       		.uleb128 0x2
 2185 005a 08       		.byte	0x8
 2186 005b 07       		.byte	0x7
 2187 005c 49010000 		.4byte	.LASF7
 2188 0060 04       		.uleb128 0x4
 2189 0061 04       		.byte	0x4
 2190 0062 05       		.byte	0x5
 2191 0063 696E7400 		.ascii	"int\000"
 2192 0067 02       		.uleb128 0x2
 2193 0068 04       		.byte	0x4
 2194 0069 07       		.byte	0x7
 2195 006a F9000000 		.4byte	.LASF8
 2196 006e 03       		.uleb128 0x3
 2197 006f 60010000 		.4byte	.LASF10
 2198 0073 02       		.byte	0x2
 2199 0074 18       		.byte	0x18
 2200 0075 24000000 		.4byte	0x24
 2201 0079 05       		.uleb128 0x5
 2202 007a 91000000 		.4byte	0x91
 2203 007e 8A000000 		.4byte	0x8a
 2204 0082 06       		.uleb128 0x6
 2205 0083 8A000000 		.4byte	0x8a
 2206 0087 0F08     		.2byte	0x80f
 2207 0089 00       		.byte	0
 2208 008a 02       		.uleb128 0x2
 2209 008b 04       		.byte	0x4
 2210 008c 07       		.byte	0x7
 2211 008d 8B010000 		.4byte	.LASF11
 2212 0091 07       		.uleb128 0x7
 2213 0092 6E000000 		.4byte	0x6e
 2214 0096 08       		.uleb128 0x8
 2215 0097 E7000000 		.4byte	.LASF12
 2216 009b 03       		.byte	0x3
 2217 009c 1F       		.byte	0x1f
 2218 009d A7000000 		.4byte	0xa7
 2219 00a1 05       		.uleb128 0x5
ARM GAS  C:\Users\SYFO\AppData\Local\Temp\ccS8OwB5.s 			page 40


 2220 00a2 03       		.byte	0x3
 2221 00a3 00000000 		.4byte	cy_meta_configecc
 2222 00a7 07       		.uleb128 0x7
 2223 00a8 79000000 		.4byte	0x79
 2224 00ac 05       		.uleb128 0x5
 2225 00ad 91000000 		.4byte	0x91
 2226 00b1 BC000000 		.4byte	0xbc
 2227 00b5 09       		.uleb128 0x9
 2228 00b6 8A000000 		.4byte	0x8a
 2229 00ba 03       		.byte	0x3
 2230 00bb 00       		.byte	0
 2231 00bc 0A       		.uleb128 0xa
 2232 00bd D7000000 		.4byte	.LASF13
 2233 00c1 03       		.byte	0x3
 2234 00c2 2E01     		.2byte	0x12e
 2235 00c4 CE000000 		.4byte	0xce
 2236 00c8 05       		.uleb128 0x5
 2237 00c9 03       		.byte	0x3
 2238 00ca 00000000 		.4byte	cy_meta_custnvl
 2239 00ce 07       		.uleb128 0x7
 2240 00cf AC000000 		.4byte	0xac
 2241 00d3 0A       		.uleb128 0xa
 2242 00d4 7D010000 		.4byte	.LASF14
 2243 00d8 03       		.byte	0x3
 2244 00d9 3C01     		.2byte	0x13c
 2245 00db E5000000 		.4byte	0xe5
 2246 00df 05       		.uleb128 0x5
 2247 00e0 03       		.byte	0x3
 2248 00e1 00000000 		.4byte	cy_meta_wonvl
 2249 00e5 07       		.uleb128 0x7
 2250 00e6 AC000000 		.4byte	0xac
 2251 00ea 05       		.uleb128 0x5
 2252 00eb 91000000 		.4byte	0x91
 2253 00ef FA000000 		.4byte	0xfa
 2254 00f3 09       		.uleb128 0x9
 2255 00f4 8A000000 		.4byte	0x8a
 2256 00f8 FF       		.byte	0xff
 2257 00f9 00       		.byte	0
 2258 00fa 0A       		.uleb128 0xa
 2259 00fb 68010000 		.4byte	.LASF15
 2260 00ff 03       		.byte	0x3
 2261 0100 4A01     		.2byte	0x14a
 2262 0102 0C010000 		.4byte	0x10c
 2263 0106 05       		.uleb128 0x5
 2264 0107 03       		.byte	0x3
 2265 0108 00000000 		.4byte	cy_meta_flashprotect
 2266 010c 07       		.uleb128 0x7
 2267 010d EA000000 		.4byte	0xea
 2268 0111 05       		.uleb128 0x5
 2269 0112 91000000 		.4byte	0x91
 2270 0116 21010000 		.4byte	0x121
 2271 011a 09       		.uleb128 0x9
 2272 011b 8A000000 		.4byte	0x8a
 2273 011f 0B       		.byte	0xb
 2274 0120 00       		.byte	0
 2275 0121 0A       		.uleb128 0xa
 2276 0122 98000000 		.4byte	.LASF16
ARM GAS  C:\Users\SYFO\AppData\Local\Temp\ccS8OwB5.s 			page 41


 2277 0126 03       		.byte	0x3
 2278 0127 7701     		.2byte	0x177
 2279 0129 33010000 		.4byte	0x133
 2280 012d 05       		.uleb128 0x5
 2281 012e 03       		.byte	0x3
 2282 012f 00000000 		.4byte	cy_metadata
 2283 0133 07       		.uleb128 0x7
 2284 0134 11010000 		.4byte	0x111
 2285 0138 00       		.byte	0
 2286              		.section	.debug_abbrev,"",%progbits
 2287              	.Ldebug_abbrev0:
 2288 0000 01       		.uleb128 0x1
 2289 0001 11       		.uleb128 0x11
 2290 0002 01       		.byte	0x1
 2291 0003 25       		.uleb128 0x25
 2292 0004 0E       		.uleb128 0xe
 2293 0005 13       		.uleb128 0x13
 2294 0006 0B       		.uleb128 0xb
 2295 0007 03       		.uleb128 0x3
 2296 0008 0E       		.uleb128 0xe
 2297 0009 1B       		.uleb128 0x1b
 2298 000a 0E       		.uleb128 0xe
 2299 000b 10       		.uleb128 0x10
 2300 000c 17       		.uleb128 0x17
 2301 000d 00       		.byte	0
 2302 000e 00       		.byte	0
 2303 000f 02       		.uleb128 0x2
 2304 0010 24       		.uleb128 0x24
 2305 0011 00       		.byte	0
 2306 0012 0B       		.uleb128 0xb
 2307 0013 0B       		.uleb128 0xb
 2308 0014 3E       		.uleb128 0x3e
 2309 0015 0B       		.uleb128 0xb
 2310 0016 03       		.uleb128 0x3
 2311 0017 0E       		.uleb128 0xe
 2312 0018 00       		.byte	0
 2313 0019 00       		.byte	0
 2314 001a 03       		.uleb128 0x3
 2315 001b 16       		.uleb128 0x16
 2316 001c 00       		.byte	0
 2317 001d 03       		.uleb128 0x3
 2318 001e 0E       		.uleb128 0xe
 2319 001f 3A       		.uleb128 0x3a
 2320 0020 0B       		.uleb128 0xb
 2321 0021 3B       		.uleb128 0x3b
 2322 0022 0B       		.uleb128 0xb
 2323 0023 49       		.uleb128 0x49
 2324 0024 13       		.uleb128 0x13
 2325 0025 00       		.byte	0
 2326 0026 00       		.byte	0
 2327 0027 04       		.uleb128 0x4
 2328 0028 24       		.uleb128 0x24
 2329 0029 00       		.byte	0
 2330 002a 0B       		.uleb128 0xb
 2331 002b 0B       		.uleb128 0xb
 2332 002c 3E       		.uleb128 0x3e
 2333 002d 0B       		.uleb128 0xb
ARM GAS  C:\Users\SYFO\AppData\Local\Temp\ccS8OwB5.s 			page 42


 2334 002e 03       		.uleb128 0x3
 2335 002f 08       		.uleb128 0x8
 2336 0030 00       		.byte	0
 2337 0031 00       		.byte	0
 2338 0032 05       		.uleb128 0x5
 2339 0033 01       		.uleb128 0x1
 2340 0034 01       		.byte	0x1
 2341 0035 49       		.uleb128 0x49
 2342 0036 13       		.uleb128 0x13
 2343 0037 01       		.uleb128 0x1
 2344 0038 13       		.uleb128 0x13
 2345 0039 00       		.byte	0
 2346 003a 00       		.byte	0
 2347 003b 06       		.uleb128 0x6
 2348 003c 21       		.uleb128 0x21
 2349 003d 00       		.byte	0
 2350 003e 49       		.uleb128 0x49
 2351 003f 13       		.uleb128 0x13
 2352 0040 2F       		.uleb128 0x2f
 2353 0041 05       		.uleb128 0x5
 2354 0042 00       		.byte	0
 2355 0043 00       		.byte	0
 2356 0044 07       		.uleb128 0x7
 2357 0045 26       		.uleb128 0x26
 2358 0046 00       		.byte	0
 2359 0047 49       		.uleb128 0x49
 2360 0048 13       		.uleb128 0x13
 2361 0049 00       		.byte	0
 2362 004a 00       		.byte	0
 2363 004b 08       		.uleb128 0x8
 2364 004c 34       		.uleb128 0x34
 2365 004d 00       		.byte	0
 2366 004e 03       		.uleb128 0x3
 2367 004f 0E       		.uleb128 0xe
 2368 0050 3A       		.uleb128 0x3a
 2369 0051 0B       		.uleb128 0xb
 2370 0052 3B       		.uleb128 0x3b
 2371 0053 0B       		.uleb128 0xb
 2372 0054 49       		.uleb128 0x49
 2373 0055 13       		.uleb128 0x13
 2374 0056 3F       		.uleb128 0x3f
 2375 0057 19       		.uleb128 0x19
 2376 0058 02       		.uleb128 0x2
 2377 0059 18       		.uleb128 0x18
 2378 005a 00       		.byte	0
 2379 005b 00       		.byte	0
 2380 005c 09       		.uleb128 0x9
 2381 005d 21       		.uleb128 0x21
 2382 005e 00       		.byte	0
 2383 005f 49       		.uleb128 0x49
 2384 0060 13       		.uleb128 0x13
 2385 0061 2F       		.uleb128 0x2f
 2386 0062 0B       		.uleb128 0xb
 2387 0063 00       		.byte	0
 2388 0064 00       		.byte	0
 2389 0065 0A       		.uleb128 0xa
 2390 0066 34       		.uleb128 0x34
ARM GAS  C:\Users\SYFO\AppData\Local\Temp\ccS8OwB5.s 			page 43


 2391 0067 00       		.byte	0
 2392 0068 03       		.uleb128 0x3
 2393 0069 0E       		.uleb128 0xe
 2394 006a 3A       		.uleb128 0x3a
 2395 006b 0B       		.uleb128 0xb
 2396 006c 3B       		.uleb128 0x3b
 2397 006d 05       		.uleb128 0x5
 2398 006e 49       		.uleb128 0x49
 2399 006f 13       		.uleb128 0x13
 2400 0070 3F       		.uleb128 0x3f
 2401 0071 19       		.uleb128 0x19
 2402 0072 02       		.uleb128 0x2
 2403 0073 18       		.uleb128 0x18
 2404 0074 00       		.byte	0
 2405 0075 00       		.byte	0
 2406 0076 00       		.byte	0
 2407              		.section	.debug_aranges,"",%progbits
 2408 0000 14000000 		.4byte	0x14
 2409 0004 0200     		.2byte	0x2
 2410 0006 00000000 		.4byte	.Ldebug_info0
 2411 000a 04       		.byte	0x4
 2412 000b 00       		.byte	0
 2413 000c 0000     		.2byte	0
 2414 000e 0000     		.2byte	0
 2415 0010 00000000 		.4byte	0
 2416 0014 00000000 		.4byte	0
 2417              		.section	.debug_line,"",%progbits
 2418              	.Ldebug_line0:
 2419 0000 3D010000 		.section	.debug_str,"MS",%progbits,1
 2419      02003701 
 2419      00000201 
 2419      FB0E0D00 
 2419      01010101 
 2420              	.LASF9:
 2421 0000 5F5F7569 		.ascii	"__uint8_t\000"
 2421      6E74385F 
 2421      7400
 2422              	.LASF17:
 2423 000a 474E5520 		.ascii	"GNU C11 5.4.1 20160609 (release) [ARM/embedded-5-br"
 2423      43313120 
 2423      352E342E 
 2423      31203230 
 2423      31363036 
 2424 003d 616E6368 		.ascii	"anch revision 237715] -mcpu=cortex-m3 -mthumb -g -O"
 2424      20726576 
 2424      6973696F 
 2424      6E203233 
 2424      37373135 
 2425 0070 30202D66 		.ascii	"0 -ffunction-sections -ffat-lto-objects\000"
 2425      66756E63 
 2425      74696F6E 
 2425      2D736563 
 2425      74696F6E 
 2426              	.LASF16:
 2427 0098 63795F6D 		.ascii	"cy_metadata\000"
 2427      65746164 
 2427      61746100 
ARM GAS  C:\Users\SYFO\AppData\Local\Temp\ccS8OwB5.s 			page 44


 2428              	.LASF1:
 2429 00a4 756E7369 		.ascii	"unsigned char\000"
 2429      676E6564 
 2429      20636861 
 2429      7200
 2430              	.LASF5:
 2431 00b2 6C6F6E67 		.ascii	"long unsigned int\000"
 2431      20756E73 
 2431      69676E65 
 2431      6420696E 
 2431      7400
 2432              	.LASF3:
 2433 00c4 73686F72 		.ascii	"short unsigned int\000"
 2433      7420756E 
 2433      7369676E 
 2433      65642069 
 2433      6E7400
 2434              	.LASF13:
 2435 00d7 63795F6D 		.ascii	"cy_meta_custnvl\000"
 2435      6574615F 
 2435      63757374 
 2435      6E766C00 
 2436              	.LASF12:
 2437 00e7 63795F6D 		.ascii	"cy_meta_configecc\000"
 2437      6574615F 
 2437      636F6E66 
 2437      69676563 
 2437      6300
 2438              	.LASF8:
 2439 00f9 756E7369 		.ascii	"unsigned int\000"
 2439      676E6564 
 2439      20696E74 
 2439      00
 2440              	.LASF19:
 2441 0106 433A5C55 		.ascii	"C:\\Users\\SYFO\\Documents\\PSoC Creator\\SonarSens"
 2441      73657273 
 2441      5C535946 
 2441      4F5C446F 
 2441      63756D65 
 2442 0134 6F725C53 		.ascii	"or\\SonarSensor.cydsn\000"
 2442      6F6E6172 
 2442      53656E73 
 2442      6F722E63 
 2442      7964736E 
 2443              	.LASF7:
 2444 0149 6C6F6E67 		.ascii	"long long unsigned int\000"
 2444      206C6F6E 
 2444      6720756E 
 2444      7369676E 
 2444      65642069 
 2445              	.LASF10:
 2446 0160 75696E74 		.ascii	"uint8_t\000"
 2446      385F7400 
 2447              	.LASF15:
 2448 0168 63795F6D 		.ascii	"cy_meta_flashprotect\000"
 2448      6574615F 
 2448      666C6173 
ARM GAS  C:\Users\SYFO\AppData\Local\Temp\ccS8OwB5.s 			page 45


 2448      6870726F 
 2448      74656374 
 2449              	.LASF14:
 2450 017d 63795F6D 		.ascii	"cy_meta_wonvl\000"
 2450      6574615F 
 2450      776F6E76 
 2450      6C00
 2451              	.LASF11:
 2452 018b 73697A65 		.ascii	"sizetype\000"
 2452      74797065 
 2452      00
 2453              	.LASF6:
 2454 0194 6C6F6E67 		.ascii	"long long int\000"
 2454      206C6F6E 
 2454      6720696E 
 2454      7400
 2455              	.LASF2:
 2456 01a2 73686F72 		.ascii	"short int\000"
 2456      7420696E 
 2456      7400
 2457              	.LASF4:
 2458 01ac 6C6F6E67 		.ascii	"long int\000"
 2458      20696E74 
 2458      00
 2459              	.LASF0:
 2460 01b5 7369676E 		.ascii	"signed char\000"
 2460      65642063 
 2460      68617200 
 2461              	.LASF18:
 2462 01c1 47656E65 		.ascii	"Generated_Source\\PSoC5\\cymetadata.c\000"
 2462      72617465 
 2462      645F536F 
 2462      75726365 
 2462      5C50536F 
 2463              		.ident	"GCC: (GNU Tools for ARM Embedded Processors) 5.4.1 20160609 (release) [ARM/embedded-5-bran
