ARM GAS  C:\Users\Lucas\AppData\Local\Temp\ccJAiTHR.s 			page 1


   1              		.syntax unified
   2              		.cpu cortex-m3
   3              		.fpu softvfp
   4              		.eabi_attribute 20, 1
   5              		.eabi_attribute 21, 1
   6              		.eabi_attribute 23, 3
   7              		.eabi_attribute 24, 1
   8              		.eabi_attribute 25, 1
   9              		.eabi_attribute 26, 1
  10              		.eabi_attribute 30, 6
  11              		.eabi_attribute 34, 1
  12              		.eabi_attribute 18, 4
  13              		.thumb
  14              		.syntax unified
  15              		.file	"i2c.c"
  16              		.text
  17              	.Ltext0:
  18              		.cfi_sections	.debug_frame
  19              		.section	.text._ZN3i2c10WriteBytesEhhhPh,"ax",%progbits
  20              		.align	2
  21              		.global	_ZN3i2c10WriteBytesEhhhPh
  22              		.thumb
  23              		.thumb_func
  24              		.type	_ZN3i2c10WriteBytesEhhhPh, %function
  25              	_ZN3i2c10WriteBytesEhhhPh:
  26              	.LFB66:
  27              		.file 1 "i2c.c"
   1:i2c.c         **** /* ========================================
   2:i2c.c         ****  *
   3:i2c.c         ****  * Copyright Nicklas Grunert, 2019
   4:i2c.c         ****  * All Rights Reserved
   5:i2c.c         ****  * UNPUBLISHED, LICENSED SOFTWARE.
   6:i2c.c         ****  *
   7:i2c.c         ****  * CONFIDENTIAL AND PROPRIETARY INFORMATION
   8:i2c.c         ****  * WHICH IS THE PROPERTY OF Nicklas Grunert.
   9:i2c.c         ****  *
  10:i2c.c         ****  * ========================================
  11:i2c.c         **** */
  12:i2c.c         **** #include "i2c.h"
  13:i2c.c         **** 
  14:i2c.c         **** /***************************************************
  15:i2c.c         **** * For writing data to device with I2C
  16:i2c.c         **** * @param <the device address><the wanted register address><number of bytes to read><pointer to data
  17:i2c.c         **** * @return void
  18:i2c.c         **** ****************************************************/
  19:i2c.c         **** void i2c::WriteBytes(uint8_t device_add, uint8_t reg_add, uint8_t nobytes, uint8_t *data) {
  28              		.loc 1 19 0
  29              		.cfi_startproc
  30              		@ args = 4, pretend = 0, frame = 16
  31              		@ frame_needed = 1, uses_anonymous_args = 0
  32 0000 80B5     		push	{r7, lr}
  33              		.cfi_def_cfa_offset 8
  34              		.cfi_offset 7, -8
  35              		.cfi_offset 14, -4
  36 0002 84B0     		sub	sp, sp, #16
  37              		.cfi_def_cfa_offset 24
  38 0004 00AF     		add	r7, sp, #0
ARM GAS  C:\Users\Lucas\AppData\Local\Temp\ccJAiTHR.s 			page 2


  39              		.cfi_def_cfa_register 7
  40 0006 7860     		str	r0, [r7, #4]
  41 0008 0846     		mov	r0, r1
  42 000a 1146     		mov	r1, r2
  43 000c 1A46     		mov	r2, r3
  44 000e 0346     		mov	r3, r0
  45 0010 FB70     		strb	r3, [r7, #3]
  46 0012 0B46     		mov	r3, r1
  47 0014 BB70     		strb	r3, [r7, #2]
  48 0016 1346     		mov	r3, r2
  49 0018 7B70     		strb	r3, [r7, #1]
  20:i2c.c         ****     
  21:i2c.c         ****     uint8_t i=0;    //Index for loop
  50              		.loc 1 21 0
  51 001a 0023     		movs	r3, #0
  52 001c FB73     		strb	r3, [r7, #15]
  22:i2c.c         ****     
  23:i2c.c         ****     /*Send start condition*/
  24:i2c.c         ****     I2C_1_MasterSendStart(device_add, I2C_1_WRITE_XFER_MODE);
  53              		.loc 1 24 0
  54 001e FB78     		ldrb	r3, [r7, #3]	@ zero_extendqisi2
  55 0020 0021     		movs	r1, #0
  56 0022 1846     		mov	r0, r3
  57 0024 FFF7FEFF 		bl	I2C_1_MasterSendStart
  25:i2c.c         ****     
  26:i2c.c         ****     /*Begin writing to register address*/
  27:i2c.c         ****     I2C_1_MasterWriteByte(reg_add);
  58              		.loc 1 27 0
  59 0028 BB78     		ldrb	r3, [r7, #2]	@ zero_extendqisi2
  60 002a 1846     		mov	r0, r3
  61 002c FFF7FEFF 		bl	I2C_1_MasterWriteByte
  62              	.L3:
  28:i2c.c         ****     
  29:i2c.c         ****     while (i++ < nobytes) 
  63              		.loc 1 29 0
  64 0030 FB7B     		ldrb	r3, [r7, #15]	@ zero_extendqisi2
  65 0032 5A1C     		adds	r2, r3, #1
  66 0034 FA73     		strb	r2, [r7, #15]
  67 0036 7A78     		ldrb	r2, [r7, #1]	@ zero_extendqisi2
  68 0038 9A42     		cmp	r2, r3
  69 003a 8CBF     		ite	hi
  70 003c 0123     		movhi	r3, #1
  71 003e 0023     		movls	r3, #0
  72 0040 DBB2     		uxtb	r3, r3
  73 0042 002B     		cmp	r3, #0
  74 0044 07D0     		beq	.L2
  30:i2c.c         ****     {
  31:i2c.c         ****         /*Keep writing bytes untill nobytes is reached*/
  32:i2c.c         ****         I2C_1_MasterWriteByte(*data++);
  75              		.loc 1 32 0
  76 0046 BB69     		ldr	r3, [r7, #24]
  77 0048 5A1C     		adds	r2, r3, #1
  78 004a BA61     		str	r2, [r7, #24]
  79 004c 1B78     		ldrb	r3, [r3]	@ zero_extendqisi2
  80 004e 1846     		mov	r0, r3
  81 0050 FFF7FEFF 		bl	I2C_1_MasterWriteByte
  29:i2c.c         ****     {
ARM GAS  C:\Users\Lucas\AppData\Local\Temp\ccJAiTHR.s 			page 3


  82              		.loc 1 29 0
  83 0054 ECE7     		b	.L3
  84              	.L2:
  33:i2c.c         ****     }
  34:i2c.c         ****     
  35:i2c.c         ****     /*Send stop condition*/
  36:i2c.c         ****     I2C_1_MasterSendStop();
  85              		.loc 1 36 0
  86 0056 FFF7FEFF 		bl	I2C_1_MasterSendStop
  37:i2c.c         **** }
  87              		.loc 1 37 0
  88 005a 00BF     		nop
  89 005c 1037     		adds	r7, r7, #16
  90              		.cfi_def_cfa_offset 8
  91 005e BD46     		mov	sp, r7
  92              		.cfi_def_cfa_register 13
  93              		@ sp needed
  94 0060 80BD     		pop	{r7, pc}
  95              		.cfi_endproc
  96              	.LFE66:
  97              		.size	_ZN3i2c10WriteBytesEhhhPh, .-_ZN3i2c10WriteBytesEhhhPh
  98 0062 00BF     		.section	.text._ZN3i2c15WriteBytes16bitEhthPh,"ax",%progbits
  99              		.align	2
 100              		.global	_ZN3i2c15WriteBytes16bitEhthPh
 101              		.thumb
 102              		.thumb_func
 103              		.type	_ZN3i2c15WriteBytes16bitEhthPh, %function
 104              	_ZN3i2c15WriteBytes16bitEhthPh:
 105              	.LFB67:
  38:i2c.c         **** 
  39:i2c.c         **** /***************************************************
  40:i2c.c         **** * For writing data to device with I2C with 16bit addressing protocol
  41:i2c.c         **** * @param <the device address><the wanted register address><number of bytes to read><pointer to data
  42:i2c.c         **** * @return void
  43:i2c.c         **** ****************************************************/
  44:i2c.c         **** void i2c::WriteBytes16bit(uint8_t device_add, uint16_t reg_add, uint8_t nobytes, uint8_t *data) 
  45:i2c.c         **** {    
 106              		.loc 1 45 0
 107              		.cfi_startproc
 108              		@ args = 4, pretend = 0, frame = 24
 109              		@ frame_needed = 1, uses_anonymous_args = 0
 110 0000 80B5     		push	{r7, lr}
 111              		.cfi_def_cfa_offset 8
 112              		.cfi_offset 7, -8
 113              		.cfi_offset 14, -4
 114 0002 86B0     		sub	sp, sp, #24
 115              		.cfi_def_cfa_offset 32
 116 0004 00AF     		add	r7, sp, #0
 117              		.cfi_def_cfa_register 7
 118 0006 7860     		str	r0, [r7, #4]
 119 0008 0846     		mov	r0, r1
 120 000a 1146     		mov	r1, r2
 121 000c 1A46     		mov	r2, r3
 122 000e 0346     		mov	r3, r0
 123 0010 FB70     		strb	r3, [r7, #3]
 124 0012 0B46     		mov	r3, r1	@ movhi
 125 0014 3B80     		strh	r3, [r7]	@ movhi
ARM GAS  C:\Users\Lucas\AppData\Local\Temp\ccJAiTHR.s 			page 4


 126 0016 1346     		mov	r3, r2
 127 0018 BB70     		strb	r3, [r7, #2]
  46:i2c.c         ****     uint8_t i=0;            // Index for loop
 128              		.loc 1 46 0
 129 001a 0023     		movs	r3, #0
 130 001c FB75     		strb	r3, [r7, #23]
  47:i2c.c         ****     uint8_t msg[2] = {0,0}; // Message array for addresses
 131              		.loc 1 47 0
 132 001e 0023     		movs	r3, #0
 133 0020 3B73     		strb	r3, [r7, #12]
 134 0022 0023     		movs	r3, #0
 135 0024 7B73     		strb	r3, [r7, #13]
  48:i2c.c         ****     
  49:i2c.c         ****     /*Make 16-bit address from 10bit*/
  50:i2c.c         ****     msg[0] = reg_add >> 8;
 136              		.loc 1 50 0
 137 0026 3B88     		ldrh	r3, [r7]
 138 0028 1B12     		asrs	r3, r3, #8
 139 002a DBB2     		uxtb	r3, r3
 140 002c 3B73     		strb	r3, [r7, #12]
  51:i2c.c         ****     msg[1] = reg_add & 0b0000000011111111;
 141              		.loc 1 51 0
 142 002e 3B88     		ldrh	r3, [r7]	@ movhi
 143 0030 DBB2     		uxtb	r3, r3
 144 0032 7B73     		strb	r3, [r7, #13]
  52:i2c.c         ****     
  53:i2c.c         ****     /*Send start condition*/
  54:i2c.c         ****     I2C_1_MasterSendStart(device_add, I2C_1_WRITE_XFER_MODE);
 145              		.loc 1 54 0
 146 0034 FB78     		ldrb	r3, [r7, #3]	@ zero_extendqisi2
 147 0036 0021     		movs	r1, #0
 148 0038 1846     		mov	r0, r3
 149 003a FFF7FEFF 		bl	I2C_1_MasterSendStart
 150              	.LBB2:
  55:i2c.c         ****     
  56:i2c.c         ****     /*Begin writing to register address*/
  57:i2c.c         ****     for (int j = 0; j<2;j++) I2C_1_MasterWriteByte(msg[j]);
 151              		.loc 1 57 0
 152 003e 0023     		movs	r3, #0
 153 0040 3B61     		str	r3, [r7, #16]
 154              	.L6:
 155              		.loc 1 57 0 is_stmt 0 discriminator 3
 156 0042 3B69     		ldr	r3, [r7, #16]
 157 0044 012B     		cmp	r3, #1
 158 0046 0BDC     		bgt	.L5
 159              		.loc 1 57 0 discriminator 2
 160 0048 07F10C02 		add	r2, r7, #12
 161 004c 3B69     		ldr	r3, [r7, #16]
 162 004e 1344     		add	r3, r3, r2
 163 0050 1B78     		ldrb	r3, [r3]	@ zero_extendqisi2
 164 0052 1846     		mov	r0, r3
 165 0054 FFF7FEFF 		bl	I2C_1_MasterWriteByte
 166 0058 3B69     		ldr	r3, [r7, #16]
 167 005a 0133     		adds	r3, r3, #1
 168 005c 3B61     		str	r3, [r7, #16]
 169 005e F0E7     		b	.L6
 170              	.L5:
ARM GAS  C:\Users\Lucas\AppData\Local\Temp\ccJAiTHR.s 			page 5


 171              	.LBE2:
  58:i2c.c         ****     
  59:i2c.c         ****     while (i++ < nobytes) 
 172              		.loc 1 59 0 is_stmt 1
 173 0060 FB7D     		ldrb	r3, [r7, #23]	@ zero_extendqisi2
 174 0062 5A1C     		adds	r2, r3, #1
 175 0064 FA75     		strb	r2, [r7, #23]
 176 0066 BA78     		ldrb	r2, [r7, #2]	@ zero_extendqisi2
 177 0068 9A42     		cmp	r2, r3
 178 006a 8CBF     		ite	hi
 179 006c 0123     		movhi	r3, #1
 180 006e 0023     		movls	r3, #0
 181 0070 DBB2     		uxtb	r3, r3
 182 0072 002B     		cmp	r3, #0
 183 0074 07D0     		beq	.L7
  60:i2c.c         ****     {
  61:i2c.c         ****         /*Keep writing bytes untill nobytes is reached*/
  62:i2c.c         ****         I2C_1_MasterWriteByte(*data++);
 184              		.loc 1 62 0
 185 0076 3B6A     		ldr	r3, [r7, #32]
 186 0078 5A1C     		adds	r2, r3, #1
 187 007a 3A62     		str	r2, [r7, #32]
 188 007c 1B78     		ldrb	r3, [r3]	@ zero_extendqisi2
 189 007e 1846     		mov	r0, r3
 190 0080 FFF7FEFF 		bl	I2C_1_MasterWriteByte
  59:i2c.c         ****     {
 191              		.loc 1 59 0
 192 0084 ECE7     		b	.L5
 193              	.L7:
  63:i2c.c         ****     }
  64:i2c.c         ****     
  65:i2c.c         ****     /*Send stop condition*/
  66:i2c.c         ****     I2C_1_MasterSendStop();
 194              		.loc 1 66 0
 195 0086 FFF7FEFF 		bl	I2C_1_MasterSendStop
  67:i2c.c         **** }
 196              		.loc 1 67 0
 197 008a 00BF     		nop
 198 008c 1837     		adds	r7, r7, #24
 199              		.cfi_def_cfa_offset 8
 200 008e BD46     		mov	sp, r7
 201              		.cfi_def_cfa_register 13
 202              		@ sp needed
 203 0090 80BD     		pop	{r7, pc}
 204              		.cfi_endproc
 205              	.LFE67:
 206              		.size	_ZN3i2c15WriteBytes16bitEhthPh, .-_ZN3i2c15WriteBytes16bitEhthPh
 207 0092 00BF     		.section	.text._ZN3i2c9WriteByteEhhh,"ax",%progbits
 208              		.align	2
 209              		.global	_ZN3i2c9WriteByteEhhh
 210              		.thumb
 211              		.thumb_func
 212              		.type	_ZN3i2c9WriteByteEhhh, %function
 213              	_ZN3i2c9WriteByteEhhh:
 214              	.LFB68:
  68:i2c.c         **** 
  69:i2c.c         **** /***************************************************
ARM GAS  C:\Users\Lucas\AppData\Local\Temp\ccJAiTHR.s 			page 6


  70:i2c.c         **** * For writing a single byte of data to device with I2C
  71:i2c.c         **** * @param <the device address><the wanted register address><data>
  72:i2c.c         **** * @return void
  73:i2c.c         **** ****************************************************/
  74:i2c.c         **** void i2c::WriteByte(uint8_t device_add, uint8_t reg_add, uint8_t data) {
 215              		.loc 1 74 0
 216              		.cfi_startproc
 217              		@ args = 0, pretend = 0, frame = 8
 218              		@ frame_needed = 1, uses_anonymous_args = 0
 219 0000 80B5     		push	{r7, lr}
 220              		.cfi_def_cfa_offset 8
 221              		.cfi_offset 7, -8
 222              		.cfi_offset 14, -4
 223 0002 84B0     		sub	sp, sp, #16
 224              		.cfi_def_cfa_offset 24
 225 0004 02AF     		add	r7, sp, #8
 226              		.cfi_def_cfa 7, 16
 227 0006 7860     		str	r0, [r7, #4]
 228 0008 0846     		mov	r0, r1
 229 000a 1146     		mov	r1, r2
 230 000c 1A46     		mov	r2, r3
 231 000e 0346     		mov	r3, r0
 232 0010 FB70     		strb	r3, [r7, #3]
 233 0012 0B46     		mov	r3, r1
 234 0014 BB70     		strb	r3, [r7, #2]
 235 0016 1346     		mov	r3, r2
 236 0018 7B70     		strb	r3, [r7, #1]
  75:i2c.c         ****     /*Just call I2CWriteBytes function*/
  76:i2c.c         **** 	WriteBytes(device_add, reg_add, 1, &data);
 237              		.loc 1 76 0
 238 001a BA78     		ldrb	r2, [r7, #2]	@ zero_extendqisi2
 239 001c F978     		ldrb	r1, [r7, #3]	@ zero_extendqisi2
 240 001e 7B1C     		adds	r3, r7, #1
 241 0020 0093     		str	r3, [sp]
 242 0022 0123     		movs	r3, #1
 243 0024 7868     		ldr	r0, [r7, #4]
 244 0026 FFF7FEFF 		bl	_ZN3i2c10WriteBytesEhhhPh
  77:i2c.c         **** }
 245              		.loc 1 77 0
 246 002a 00BF     		nop
 247 002c 0837     		adds	r7, r7, #8
 248              		.cfi_def_cfa_offset 8
 249 002e BD46     		mov	sp, r7
 250              		.cfi_def_cfa_register 13
 251              		@ sp needed
 252 0030 80BD     		pop	{r7, pc}
 253              		.cfi_endproc
 254              	.LFE68:
 255              		.size	_ZN3i2c9WriteByteEhhh, .-_ZN3i2c9WriteByteEhhh
 256 0032 00BF     		.section	.text._ZN3i2c14WriteByte16bitEhth,"ax",%progbits
 257              		.align	2
 258              		.global	_ZN3i2c14WriteByte16bitEhth
 259              		.thumb
 260              		.thumb_func
 261              		.type	_ZN3i2c14WriteByte16bitEhth, %function
 262              	_ZN3i2c14WriteByte16bitEhth:
 263              	.LFB69:
ARM GAS  C:\Users\Lucas\AppData\Local\Temp\ccJAiTHR.s 			page 7


  78:i2c.c         **** 
  79:i2c.c         **** /***************************************************
  80:i2c.c         **** * For writing a single byte of data to device with I2C using 16bit addressing
  81:i2c.c         **** * @param <the device address><the wanted register address><data>
  82:i2c.c         **** * @return void
  83:i2c.c         **** ****************************************************/
  84:i2c.c         **** void i2c::WriteByte16bit(uint8_t device_add, uint16_t reg_add, uint8_t data) {
 264              		.loc 1 84 0
 265              		.cfi_startproc
 266              		@ args = 0, pretend = 0, frame = 8
 267              		@ frame_needed = 1, uses_anonymous_args = 0
 268 0000 80B5     		push	{r7, lr}
 269              		.cfi_def_cfa_offset 8
 270              		.cfi_offset 7, -8
 271              		.cfi_offset 14, -4
 272 0002 84B0     		sub	sp, sp, #16
 273              		.cfi_def_cfa_offset 24
 274 0004 02AF     		add	r7, sp, #8
 275              		.cfi_def_cfa 7, 16
 276 0006 7860     		str	r0, [r7, #4]
 277 0008 0846     		mov	r0, r1
 278 000a 1146     		mov	r1, r2
 279 000c 1A46     		mov	r2, r3
 280 000e 0346     		mov	r3, r0
 281 0010 FB70     		strb	r3, [r7, #3]
 282 0012 0B46     		mov	r3, r1	@ movhi
 283 0014 3B80     		strh	r3, [r7]	@ movhi
 284 0016 1346     		mov	r3, r2
 285 0018 BB70     		strb	r3, [r7, #2]
  85:i2c.c         ****     /*Just call I2CWriteBytes16bit function*/
  86:i2c.c         **** 	WriteBytes16bit(device_add, reg_add, 1, &data);
 286              		.loc 1 86 0
 287 001a 3A88     		ldrh	r2, [r7]
 288 001c F978     		ldrb	r1, [r7, #3]	@ zero_extendqisi2
 289 001e BB1C     		adds	r3, r7, #2
 290 0020 0093     		str	r3, [sp]
 291 0022 0123     		movs	r3, #1
 292 0024 7868     		ldr	r0, [r7, #4]
 293 0026 FFF7FEFF 		bl	_ZN3i2c15WriteBytes16bitEhthPh
  87:i2c.c         **** }
 294              		.loc 1 87 0
 295 002a 00BF     		nop
 296 002c 0837     		adds	r7, r7, #8
 297              		.cfi_def_cfa_offset 8
 298 002e BD46     		mov	sp, r7
 299              		.cfi_def_cfa_register 13
 300              		@ sp needed
 301 0030 80BD     		pop	{r7, pc}
 302              		.cfi_endproc
 303              	.LFE69:
 304              		.size	_ZN3i2c14WriteByte16bitEhth, .-_ZN3i2c14WriteByte16bitEhth
 305 0032 00BF     		.section	.text._ZN3i2c9ReadBytesEhhhPh,"ax",%progbits
 306              		.align	2
 307              		.global	_ZN3i2c9ReadBytesEhhhPh
 308              		.thumb
 309              		.thumb_func
 310              		.type	_ZN3i2c9ReadBytesEhhhPh, %function
ARM GAS  C:\Users\Lucas\AppData\Local\Temp\ccJAiTHR.s 			page 8


 311              	_ZN3i2c9ReadBytesEhhhPh:
 312              	.LFB70:
  88:i2c.c         **** 
  89:i2c.c         **** /***************************************************
  90:i2c.c         **** * For reading bytes of data from device with I2C
  91:i2c.c         **** * @param <the device address><the wanted register address><number of bytes to read><pointer to data
  92:i2c.c         **** * @return void
  93:i2c.c         **** ****************************************************/
  94:i2c.c         **** void i2c::ReadBytes(uint8_t device_add, uint8_t reg_add, uint8_t nobytes, uint8_t *data)
  95:i2c.c         **** {
 313              		.loc 1 95 0
 314              		.cfi_startproc
 315              		@ args = 4, pretend = 0, frame = 16
 316              		@ frame_needed = 1, uses_anonymous_args = 0
 317 0000 90B5     		push	{r4, r7, lr}
 318              		.cfi_def_cfa_offset 12
 319              		.cfi_offset 4, -12
 320              		.cfi_offset 7, -8
 321              		.cfi_offset 14, -4
 322 0002 85B0     		sub	sp, sp, #20
 323              		.cfi_def_cfa_offset 32
 324 0004 00AF     		add	r7, sp, #0
 325              		.cfi_def_cfa_register 7
 326 0006 7860     		str	r0, [r7, #4]
 327 0008 0846     		mov	r0, r1
 328 000a 1146     		mov	r1, r2
 329 000c 1A46     		mov	r2, r3
 330 000e 0346     		mov	r3, r0
 331 0010 FB70     		strb	r3, [r7, #3]
 332 0012 0B46     		mov	r3, r1
 333 0014 BB70     		strb	r3, [r7, #2]
 334 0016 1346     		mov	r3, r2
 335 0018 7B70     		strb	r3, [r7, #1]
  96:i2c.c         ****     uint8_t i=0;    //Index for loop
 336              		.loc 1 96 0
 337 001a 0023     		movs	r3, #0
 338 001c FB73     		strb	r3, [r7, #15]
  97:i2c.c         ****     
  98:i2c.c         ****     /*Send start condition*/
  99:i2c.c         ****     I2C_1_MasterSendStart(device_add, I2C_1_WRITE_XFER_MODE);
 339              		.loc 1 99 0
 340 001e FB78     		ldrb	r3, [r7, #3]	@ zero_extendqisi2
 341 0020 0021     		movs	r1, #0
 342 0022 1846     		mov	r0, r3
 343 0024 FFF7FEFF 		bl	I2C_1_MasterSendStart
 100:i2c.c         ****     
 101:i2c.c         ****     /*Specify register address to read from*/
 102:i2c.c         ****     I2C_1_MasterWriteByte(reg_add);
 344              		.loc 1 102 0
 345 0028 BB78     		ldrb	r3, [r7, #2]	@ zero_extendqisi2
 346 002a 1846     		mov	r0, r3
 347 002c FFF7FEFF 		bl	I2C_1_MasterWriteByte
 103:i2c.c         ****     
 104:i2c.c         ****     /*Go into read-mode*/
 105:i2c.c         ****     I2C_1_MasterSendRestart(device_add, I2C_1_READ_XFER_MODE);
 348              		.loc 1 105 0
 349 0030 FB78     		ldrb	r3, [r7, #3]	@ zero_extendqisi2
ARM GAS  C:\Users\Lucas\AppData\Local\Temp\ccJAiTHR.s 			page 9


 350 0032 0121     		movs	r1, #1
 351 0034 1846     		mov	r0, r3
 352 0036 FFF7FEFF 		bl	I2C_1_MasterSendRestart
 353              	.L12:
 106:i2c.c         ****     
 107:i2c.c         ****     /*Start reading nobytes bytes*/
 108:i2c.c         ****     while (i++ < (nobytes-1)) {
 354              		.loc 1 108 0
 355 003a FB7B     		ldrb	r3, [r7, #15]	@ zero_extendqisi2
 356 003c 5A1C     		adds	r2, r3, #1
 357 003e FA73     		strb	r2, [r7, #15]
 358 0040 1A46     		mov	r2, r3
 359 0042 7B78     		ldrb	r3, [r7, #1]	@ zero_extendqisi2
 360 0044 013B     		subs	r3, r3, #1
 361 0046 9A42     		cmp	r2, r3
 362 0048 B4BF     		ite	lt
 363 004a 0123     		movlt	r3, #1
 364 004c 0023     		movge	r3, #0
 365 004e DBB2     		uxtb	r3, r3
 366 0050 002B     		cmp	r3, #0
 367 0052 08D0     		beq	.L11
 109:i2c.c         ****         *data++ = I2C_1_MasterReadByte(I2C_1_ACK_DATA); // ACK to signal keep reading
 368              		.loc 1 109 0
 369 0054 3C6A     		ldr	r4, [r7, #32]
 370 0056 631C     		adds	r3, r4, #1
 371 0058 3B62     		str	r3, [r7, #32]
 372 005a 0120     		movs	r0, #1
 373 005c FFF7FEFF 		bl	I2C_1_MasterReadByte
 374 0060 0346     		mov	r3, r0
 375 0062 2370     		strb	r3, [r4]
 108:i2c.c         ****         *data++ = I2C_1_MasterReadByte(I2C_1_ACK_DATA); // ACK to signal keep reading
 376              		.loc 1 108 0
 377 0064 E9E7     		b	.L12
 378              	.L11:
 110:i2c.c         ****     }
 111:i2c.c         ****     *data = I2C_1_MasterReadByte(I2C_1_NAK_DATA); // NAK to signal stop reading
 379              		.loc 1 111 0
 380 0066 0020     		movs	r0, #0
 381 0068 FFF7FEFF 		bl	I2C_1_MasterReadByte
 382 006c 0346     		mov	r3, r0
 383 006e 1A46     		mov	r2, r3
 384 0070 3B6A     		ldr	r3, [r7, #32]
 385 0072 1A70     		strb	r2, [r3]
 112:i2c.c         ****     
 113:i2c.c         ****     /*Send stop condition*/
 114:i2c.c         ****     I2C_1_MasterSendStop();    
 386              		.loc 1 114 0
 387 0074 FFF7FEFF 		bl	I2C_1_MasterSendStop
 115:i2c.c         **** }
 388              		.loc 1 115 0
 389 0078 00BF     		nop
 390 007a 1437     		adds	r7, r7, #20
 391              		.cfi_def_cfa_offset 12
 392 007c BD46     		mov	sp, r7
 393              		.cfi_def_cfa_register 13
 394              		@ sp needed
 395 007e 90BD     		pop	{r4, r7, pc}
ARM GAS  C:\Users\Lucas\AppData\Local\Temp\ccJAiTHR.s 			page 10


 396              		.cfi_endproc
 397              	.LFE70:
 398              		.size	_ZN3i2c9ReadBytesEhhhPh, .-_ZN3i2c9ReadBytesEhhhPh
 399              		.section	.text._ZN3i2c8ReadByteEhhPh,"ax",%progbits
 400              		.align	2
 401              		.global	_ZN3i2c8ReadByteEhhPh
 402              		.thumb
 403              		.thumb_func
 404              		.type	_ZN3i2c8ReadByteEhhPh, %function
 405              	_ZN3i2c8ReadByteEhhPh:
 406              	.LFB71:
 116:i2c.c         **** 
 117:i2c.c         **** /***************************************************
 118:i2c.c         **** * For reading a single byte of data from device with I2C
 119:i2c.c         **** * @param <the device address><the wanted register address><number of bytes to read><pointer to data
 120:i2c.c         **** * @return void
 121:i2c.c         **** ****************************************************/
 122:i2c.c         **** void i2c::ReadByte(uint8_t devAddr, uint8_t regAddr, uint8_t *value)
 123:i2c.c         **** {
 407              		.loc 1 123 0
 408              		.cfi_startproc
 409              		@ args = 0, pretend = 0, frame = 16
 410              		@ frame_needed = 1, uses_anonymous_args = 0
 411 0000 80B5     		push	{r7, lr}
 412              		.cfi_def_cfa_offset 8
 413              		.cfi_offset 7, -8
 414              		.cfi_offset 14, -4
 415 0002 86B0     		sub	sp, sp, #24
 416              		.cfi_def_cfa_offset 32
 417 0004 02AF     		add	r7, sp, #8
 418              		.cfi_def_cfa 7, 24
 419 0006 F860     		str	r0, [r7, #12]
 420 0008 7B60     		str	r3, [r7, #4]
 421 000a 0B46     		mov	r3, r1
 422 000c FB72     		strb	r3, [r7, #11]
 423 000e 1346     		mov	r3, r2
 424 0010 BB72     		strb	r3, [r7, #10]
 124:i2c.c         ****     ReadBytes(devAddr,regAddr,1,value);
 425              		.loc 1 124 0
 426 0012 BA7A     		ldrb	r2, [r7, #10]	@ zero_extendqisi2
 427 0014 F97A     		ldrb	r1, [r7, #11]	@ zero_extendqisi2
 428 0016 7B68     		ldr	r3, [r7, #4]
 429 0018 0093     		str	r3, [sp]
 430 001a 0123     		movs	r3, #1
 431 001c F868     		ldr	r0, [r7, #12]
 432 001e FFF7FEFF 		bl	_ZN3i2c9ReadBytesEhhhPh
 125:i2c.c         **** }
 433              		.loc 1 125 0
 434 0022 00BF     		nop
 435 0024 1037     		adds	r7, r7, #16
 436              		.cfi_def_cfa_offset 8
 437 0026 BD46     		mov	sp, r7
 438              		.cfi_def_cfa_register 13
 439              		@ sp needed
 440 0028 80BD     		pop	{r7, pc}
 441              		.cfi_endproc
 442              	.LFE71:
ARM GAS  C:\Users\Lucas\AppData\Local\Temp\ccJAiTHR.s 			page 11


 443              		.size	_ZN3i2c8ReadByteEhhPh, .-_ZN3i2c8ReadByteEhhPh
 444 002a 00BF     		.section	.text._ZN3i2c15ReadBytes16bitsEhthPh,"ax",%progbits
 445              		.align	2
 446              		.global	_ZN3i2c15ReadBytes16bitsEhthPh
 447              		.thumb
 448              		.thumb_func
 449              		.type	_ZN3i2c15ReadBytes16bitsEhthPh, %function
 450              	_ZN3i2c15ReadBytes16bitsEhthPh:
 451              	.LFB72:
 126:i2c.c         **** 
 127:i2c.c         **** /***************************************************
 128:i2c.c         **** * For reading bytes of data from device with I2C using 16bit addressing
 129:i2c.c         **** * @param <the device address><the wanted register address><number of bytes to read><pointer to data
 130:i2c.c         **** * @return void
 131:i2c.c         **** ****************************************************/
 132:i2c.c         **** void i2c::ReadBytes16bits(uint8_t device_add, uint16_t reg_add, uint8_t nobytes, uint8_t *data)
 133:i2c.c         **** {
 452              		.loc 1 133 0
 453              		.cfi_startproc
 454              		@ args = 4, pretend = 0, frame = 24
 455              		@ frame_needed = 1, uses_anonymous_args = 0
 456 0000 90B5     		push	{r4, r7, lr}
 457              		.cfi_def_cfa_offset 12
 458              		.cfi_offset 4, -12
 459              		.cfi_offset 7, -8
 460              		.cfi_offset 14, -4
 461 0002 87B0     		sub	sp, sp, #28
 462              		.cfi_def_cfa_offset 40
 463 0004 00AF     		add	r7, sp, #0
 464              		.cfi_def_cfa_register 7
 465 0006 7860     		str	r0, [r7, #4]
 466 0008 0846     		mov	r0, r1
 467 000a 1146     		mov	r1, r2
 468 000c 1A46     		mov	r2, r3
 469 000e 0346     		mov	r3, r0
 470 0010 FB70     		strb	r3, [r7, #3]
 471 0012 0B46     		mov	r3, r1	@ movhi
 472 0014 3B80     		strh	r3, [r7]	@ movhi
 473 0016 1346     		mov	r3, r2
 474 0018 BB70     		strb	r3, [r7, #2]
 134:i2c.c         ****     uint8_t i=0;                //Index for loop
 475              		.loc 1 134 0
 476 001a 0023     		movs	r3, #0
 477 001c FB75     		strb	r3, [r7, #23]
 135:i2c.c         ****     uint8_t msg[2] = {0,0};     // Message array for addresses
 478              		.loc 1 135 0
 479 001e 0023     		movs	r3, #0
 480 0020 3B73     		strb	r3, [r7, #12]
 481 0022 0023     		movs	r3, #0
 482 0024 7B73     		strb	r3, [r7, #13]
 136:i2c.c         ****     
 137:i2c.c         ****     /*Make 16-bit address from 10bit*/
 138:i2c.c         ****     msg[0] = reg_add >> 8;
 483              		.loc 1 138 0
 484 0026 3B88     		ldrh	r3, [r7]
 485 0028 1B12     		asrs	r3, r3, #8
 486 002a DBB2     		uxtb	r3, r3
ARM GAS  C:\Users\Lucas\AppData\Local\Temp\ccJAiTHR.s 			page 12


 487 002c 3B73     		strb	r3, [r7, #12]
 139:i2c.c         ****     msg[1] = reg_add & 0b0000000011111111;
 488              		.loc 1 139 0
 489 002e 3B88     		ldrh	r3, [r7]	@ movhi
 490 0030 DBB2     		uxtb	r3, r3
 491 0032 7B73     		strb	r3, [r7, #13]
 140:i2c.c         ****     
 141:i2c.c         ****     /*Send start condition*/
 142:i2c.c         ****     I2C_1_MasterSendStart(device_add, I2C_1_WRITE_XFER_MODE);
 492              		.loc 1 142 0
 493 0034 FB78     		ldrb	r3, [r7, #3]	@ zero_extendqisi2
 494 0036 0021     		movs	r1, #0
 495 0038 1846     		mov	r0, r3
 496 003a FFF7FEFF 		bl	I2C_1_MasterSendStart
 497              	.LBB3:
 143:i2c.c         ****     
 144:i2c.c         ****     /*Specify register address to read from*/
 145:i2c.c         ****     for (int j = 0; j<2;j++) I2C_1_MasterWriteByte(msg[j]);
 498              		.loc 1 145 0
 499 003e 0023     		movs	r3, #0
 500 0040 3B61     		str	r3, [r7, #16]
 501              	.L16:
 502              		.loc 1 145 0 is_stmt 0 discriminator 3
 503 0042 3B69     		ldr	r3, [r7, #16]
 504 0044 012B     		cmp	r3, #1
 505 0046 0BDC     		bgt	.L15
 506              		.loc 1 145 0 discriminator 2
 507 0048 07F10C02 		add	r2, r7, #12
 508 004c 3B69     		ldr	r3, [r7, #16]
 509 004e 1344     		add	r3, r3, r2
 510 0050 1B78     		ldrb	r3, [r3]	@ zero_extendqisi2
 511 0052 1846     		mov	r0, r3
 512 0054 FFF7FEFF 		bl	I2C_1_MasterWriteByte
 513 0058 3B69     		ldr	r3, [r7, #16]
 514 005a 0133     		adds	r3, r3, #1
 515 005c 3B61     		str	r3, [r7, #16]
 516 005e F0E7     		b	.L16
 517              	.L15:
 518              	.LBE3:
 146:i2c.c         ****     
 147:i2c.c         ****     /*Go into read-mode*/
 148:i2c.c         ****     I2C_1_MasterSendRestart(device_add, I2C_1_READ_XFER_MODE);
 519              		.loc 1 148 0 is_stmt 1
 520 0060 FB78     		ldrb	r3, [r7, #3]	@ zero_extendqisi2
 521 0062 0121     		movs	r1, #1
 522 0064 1846     		mov	r0, r3
 523 0066 FFF7FEFF 		bl	I2C_1_MasterSendRestart
 524              	.L18:
 149:i2c.c         ****     
 150:i2c.c         ****     /*Start reading nobytes bytes*/
 151:i2c.c         ****     while (i++ < (nobytes-1)) {
 525              		.loc 1 151 0
 526 006a FB7D     		ldrb	r3, [r7, #23]	@ zero_extendqisi2
 527 006c 5A1C     		adds	r2, r3, #1
 528 006e FA75     		strb	r2, [r7, #23]
 529 0070 1A46     		mov	r2, r3
 530 0072 BB78     		ldrb	r3, [r7, #2]	@ zero_extendqisi2
ARM GAS  C:\Users\Lucas\AppData\Local\Temp\ccJAiTHR.s 			page 13


 531 0074 013B     		subs	r3, r3, #1
 532 0076 9A42     		cmp	r2, r3
 533 0078 B4BF     		ite	lt
 534 007a 0123     		movlt	r3, #1
 535 007c 0023     		movge	r3, #0
 536 007e DBB2     		uxtb	r3, r3
 537 0080 002B     		cmp	r3, #0
 538 0082 08D0     		beq	.L17
 152:i2c.c         ****         *data++ = I2C_1_MasterReadByte(I2C_1_ACK_DATA); // ACK to signal keep reading
 539              		.loc 1 152 0
 540 0084 BC6A     		ldr	r4, [r7, #40]
 541 0086 631C     		adds	r3, r4, #1
 542 0088 BB62     		str	r3, [r7, #40]
 543 008a 0120     		movs	r0, #1
 544 008c FFF7FEFF 		bl	I2C_1_MasterReadByte
 545 0090 0346     		mov	r3, r0
 546 0092 2370     		strb	r3, [r4]
 151:i2c.c         ****         *data++ = I2C_1_MasterReadByte(I2C_1_ACK_DATA); // ACK to signal keep reading
 547              		.loc 1 151 0
 548 0094 E9E7     		b	.L18
 549              	.L17:
 153:i2c.c         ****     }
 154:i2c.c         ****     *data = I2C_1_MasterReadByte(I2C_1_NAK_DATA); // NAK to signal stop reading
 550              		.loc 1 154 0
 551 0096 0020     		movs	r0, #0
 552 0098 FFF7FEFF 		bl	I2C_1_MasterReadByte
 553 009c 0346     		mov	r3, r0
 554 009e 1A46     		mov	r2, r3
 555 00a0 BB6A     		ldr	r3, [r7, #40]
 556 00a2 1A70     		strb	r2, [r3]
 155:i2c.c         ****     
 156:i2c.c         ****     /*Send stop condition*/
 157:i2c.c         ****     I2C_1_MasterSendStop();    
 557              		.loc 1 157 0
 558 00a4 FFF7FEFF 		bl	I2C_1_MasterSendStop
 158:i2c.c         **** }
 559              		.loc 1 158 0
 560 00a8 00BF     		nop
 561 00aa 1C37     		adds	r7, r7, #28
 562              		.cfi_def_cfa_offset 12
 563 00ac BD46     		mov	sp, r7
 564              		.cfi_def_cfa_register 13
 565              		@ sp needed
 566 00ae 90BD     		pop	{r4, r7, pc}
 567              		.cfi_endproc
 568              	.LFE72:
 569              		.size	_ZN3i2c15ReadBytes16bitsEhthPh, .-_ZN3i2c15ReadBytes16bitsEhthPh
 570              		.text
 571              	.Letext0:
 572              		.file 2 "c:\\program files (x86)\\cypress\\psoc creator\\4.2\\psoc creator\\import\\gnu\\arm\\5.4.
 573              		.file 3 "c:\\program files (x86)\\cypress\\psoc creator\\4.2\\psoc creator\\import\\gnu\\arm\\5.4.
 574              		.file 4 "i2c.h"
 575              		.file 5 "Generated_Source\\PSoC5/core_cm3.h"
 576              		.section	.debug_info,"",%progbits
 577              	.Ldebug_info0:
 578 0000 67050000 		.4byte	0x567
 579 0004 0400     		.2byte	0x4
ARM GAS  C:\Users\Lucas\AppData\Local\Temp\ccJAiTHR.s 			page 14


 580 0006 00000000 		.4byte	.Ldebug_abbrev0
 581 000a 04       		.byte	0x4
 582 000b 01       		.uleb128 0x1
 583 000c 88010000 		.4byte	.LASF42
 584 0010 04       		.byte	0x4
 585 0011 36010000 		.4byte	.LASF43
 586 0015 82020000 		.4byte	.LASF44
 587 0019 00000000 		.4byte	.Ldebug_ranges0+0
 588 001d 00000000 		.4byte	0
 589 0021 00000000 		.4byte	.Ldebug_line0
 590 0025 02       		.uleb128 0x2
 591 0026 01       		.byte	0x1
 592 0027 06       		.byte	0x6
 593 0028 4F030000 		.4byte	.LASF0
 594 002c 03       		.uleb128 0x3
 595 002d 0B000000 		.4byte	.LASF3
 596 0031 02       		.byte	0x2
 597 0032 1D       		.byte	0x1d
 598 0033 37000000 		.4byte	0x37
 599 0037 02       		.uleb128 0x2
 600 0038 01       		.byte	0x1
 601 0039 08       		.byte	0x8
 602 003a B3000000 		.4byte	.LASF1
 603 003e 02       		.uleb128 0x2
 604 003f 02       		.byte	0x2
 605 0040 05       		.byte	0x5
 606 0041 F4020000 		.4byte	.LASF2
 607 0045 03       		.uleb128 0x3
 608 0046 24010000 		.4byte	.LASF4
 609 004a 02       		.byte	0x2
 610 004b 2B       		.byte	0x2b
 611 004c 50000000 		.4byte	0x50
 612 0050 02       		.uleb128 0x2
 613 0051 02       		.byte	0x2
 614 0052 07       		.byte	0x7
 615 0053 E0000000 		.4byte	.LASF5
 616 0057 03       		.uleb128 0x3
 617 0058 1B000000 		.4byte	.LASF6
 618 005c 02       		.byte	0x2
 619 005d 3F       		.byte	0x3f
 620 005e 62000000 		.4byte	0x62
 621 0062 02       		.uleb128 0x2
 622 0063 04       		.byte	0x4
 623 0064 05       		.byte	0x5
 624 0065 28030000 		.4byte	.LASF7
 625 0069 02       		.uleb128 0x2
 626 006a 04       		.byte	0x4
 627 006b 07       		.byte	0x7
 628 006c CE000000 		.4byte	.LASF8
 629 0070 02       		.uleb128 0x2
 630 0071 08       		.byte	0x8
 631 0072 05       		.byte	0x5
 632 0073 6F020000 		.4byte	.LASF9
 633 0077 02       		.uleb128 0x2
 634 0078 08       		.byte	0x8
 635 0079 07       		.byte	0x7
 636 007a 69010000 		.4byte	.LASF10
ARM GAS  C:\Users\Lucas\AppData\Local\Temp\ccJAiTHR.s 			page 15


 637 007e 04       		.uleb128 0x4
 638 007f 04       		.byte	0x4
 639 0080 05       		.byte	0x5
 640 0081 696E7400 		.ascii	"int\000"
 641 0085 02       		.uleb128 0x2
 642 0086 04       		.byte	0x4
 643 0087 07       		.byte	0x7
 644 0088 54010000 		.4byte	.LASF11
 645 008c 03       		.uleb128 0x3
 646 008d 80010000 		.4byte	.LASF12
 647 0091 03       		.byte	0x3
 648 0092 18       		.byte	0x18
 649 0093 2C000000 		.4byte	0x2c
 650 0097 03       		.uleb128 0x3
 651 0098 06030000 		.4byte	.LASF13
 652 009c 03       		.byte	0x3
 653 009d 24       		.byte	0x24
 654 009e 45000000 		.4byte	0x45
 655 00a2 03       		.uleb128 0x3
 656 00a3 75000000 		.4byte	.LASF14
 657 00a7 03       		.byte	0x3
 658 00a8 2C       		.byte	0x2c
 659 00a9 57000000 		.4byte	0x57
 660 00ad 02       		.uleb128 0x2
 661 00ae 04       		.byte	0x4
 662 00af 04       		.byte	0x4
 663 00b0 99000000 		.4byte	.LASF15
 664 00b4 02       		.uleb128 0x2
 665 00b5 08       		.byte	0x8
 666 00b6 04       		.byte	0x4
 667 00b7 2F010000 		.4byte	.LASF16
 668 00bb 02       		.uleb128 0x2
 669 00bc 01       		.byte	0x1
 670 00bd 08       		.byte	0x8
 671 00be 7D020000 		.4byte	.LASF17
 672 00c2 02       		.uleb128 0x2
 673 00c3 08       		.byte	0x8
 674 00c4 04       		.byte	0x4
 675 00c5 8D000000 		.4byte	.LASF18
 676 00c9 05       		.uleb128 0x5
 677 00ca 25000000 		.4byte	.LASF45
 678 00ce 02       		.uleb128 0x2
 679 00cf 04       		.byte	0x4
 680 00d0 07       		.byte	0x7
 681 00d1 49020000 		.4byte	.LASF19
 682 00d5 06       		.uleb128 0x6
 683 00d6 69326300 		.ascii	"i2c\000"
 684 00da 01       		.byte	0x1
 685 00db 04       		.byte	0x4
 686 00dc 1A       		.byte	0x1a
 687 00dd 58020000 		.4byte	0x258
 688 00e1 07       		.uleb128 0x7
 689 00e2 69326300 		.ascii	"i2c\000"
 690 00e6 04       		.byte	0x4
 691 00e7 1C       		.byte	0x1c
 692 00e8 90030000 		.4byte	.LASF46
 693 00ec 58020000 		.4byte	0x258
ARM GAS  C:\Users\Lucas\AppData\Local\Temp\ccJAiTHR.s 			page 16


 694 00f0 01       		.byte	0x1
 695 00f1 F9000000 		.4byte	0xf9
 696 00f5 FF000000 		.4byte	0xff
 697 00f9 08       		.uleb128 0x8
 698 00fa 58020000 		.4byte	0x258
 699 00fe 00       		.byte	0
 700 00ff 09       		.uleb128 0x9
 701 0100 0F030000 		.4byte	.LASF20
 702 0104 04       		.byte	0x4
 703 0105 1D       		.byte	0x1d
 704 0106 3C010000 		.4byte	.LASF22
 705 010a 01       		.byte	0x1
 706 010b 13010000 		.4byte	0x113
 707 010f 2D010000 		.4byte	0x12d
 708 0113 08       		.uleb128 0x8
 709 0114 58020000 		.4byte	0x258
 710 0118 0A       		.uleb128 0xa
 711 0119 8C000000 		.4byte	0x8c
 712 011d 0A       		.uleb128 0xa
 713 011e 8C000000 		.4byte	0x8c
 714 0122 0A       		.uleb128 0xa
 715 0123 8C000000 		.4byte	0x8c
 716 0127 0A       		.uleb128 0xa
 717 0128 5E020000 		.4byte	0x25e
 718 012c 00       		.byte	0
 719 012d 09       		.uleb128 0x9
 720 012e 5B030000 		.4byte	.LASF21
 721 0132 04       		.byte	0x4
 722 0133 1E       		.byte	0x1e
 723 0134 33020000 		.4byte	.LASF23
 724 0138 01       		.byte	0x1
 725 0139 41010000 		.4byte	0x141
 726 013d 56010000 		.4byte	0x156
 727 0141 08       		.uleb128 0x8
 728 0142 58020000 		.4byte	0x258
 729 0146 0A       		.uleb128 0xa
 730 0147 8C000000 		.4byte	0x8c
 731 014b 0A       		.uleb128 0xa
 732 014c 8C000000 		.4byte	0x8c
 733 0150 0A       		.uleb128 0xa
 734 0151 5E020000 		.4byte	0x25e
 735 0155 00       		.byte	0
 736 0156 09       		.uleb128 0x9
 737 0157 00000000 		.4byte	.LASF24
 738 015b 04       		.byte	0x4
 739 015c 1F       		.byte	0x1f
 740 015d 00010000 		.4byte	.LASF25
 741 0161 01       		.byte	0x1
 742 0162 6A010000 		.4byte	0x16a
 743 0166 84010000 		.4byte	0x184
 744 016a 08       		.uleb128 0x8
 745 016b 58020000 		.4byte	0x258
 746 016f 0A       		.uleb128 0xa
 747 0170 8C000000 		.4byte	0x8c
 748 0174 0A       		.uleb128 0xa
 749 0175 8C000000 		.4byte	0x8c
 750 0179 0A       		.uleb128 0xa
ARM GAS  C:\Users\Lucas\AppData\Local\Temp\ccJAiTHR.s 			page 17


 751 017a 8C000000 		.4byte	0x8c
 752 017e 0A       		.uleb128 0xa
 753 017f 5E020000 		.4byte	0x25e
 754 0183 00       		.byte	0
 755 0184 09       		.uleb128 0x9
 756 0185 1A010000 		.4byte	.LASF26
 757 0189 04       		.byte	0x4
 758 018a 20       		.byte	0x20
 759 018b 39030000 		.4byte	.LASF27
 760 018f 01       		.byte	0x1
 761 0190 98010000 		.4byte	0x198
 762 0194 AD010000 		.4byte	0x1ad
 763 0198 08       		.uleb128 0x8
 764 0199 58020000 		.4byte	0x258
 765 019d 0A       		.uleb128 0xa
 766 019e 8C000000 		.4byte	0x8c
 767 01a2 0A       		.uleb128 0xa
 768 01a3 8C000000 		.4byte	0x8c
 769 01a7 0A       		.uleb128 0xa
 770 01a8 8C000000 		.4byte	0x8c
 771 01ac 00       		.byte	0
 772 01ad 09       		.uleb128 0x9
 773 01ae 7D000000 		.4byte	.LASF28
 774 01b2 04       		.byte	0x4
 775 01b3 21       		.byte	0x21
 776 01b4 37000000 		.4byte	.LASF29
 777 01b8 01       		.byte	0x1
 778 01b9 C1010000 		.4byte	0x1c1
 779 01bd DB010000 		.4byte	0x1db
 780 01c1 08       		.uleb128 0x8
 781 01c2 58020000 		.4byte	0x258
 782 01c6 0A       		.uleb128 0xa
 783 01c7 8C000000 		.4byte	0x8c
 784 01cb 0A       		.uleb128 0xa
 785 01cc 97000000 		.4byte	0x97
 786 01d0 0A       		.uleb128 0xa
 787 01d1 8C000000 		.4byte	0x8c
 788 01d5 0A       		.uleb128 0xa
 789 01d6 5E020000 		.4byte	0x25e
 790 01da 00       		.byte	0
 791 01db 09       		.uleb128 0x9
 792 01dc 19030000 		.4byte	.LASF30
 793 01e0 04       		.byte	0x4
 794 01e1 22       		.byte	0x22
 795 01e2 74030000 		.4byte	.LASF31
 796 01e6 01       		.byte	0x1
 797 01e7 EF010000 		.4byte	0x1ef
 798 01eb 04020000 		.4byte	0x204
 799 01ef 08       		.uleb128 0x8
 800 01f0 58020000 		.4byte	0x258
 801 01f4 0A       		.uleb128 0xa
 802 01f5 8C000000 		.4byte	0x8c
 803 01f9 0A       		.uleb128 0xa
 804 01fa 97000000 		.4byte	0x97
 805 01fe 0A       		.uleb128 0xa
 806 01ff 8C000000 		.4byte	0x8c
 807 0203 00       		.byte	0
ARM GAS  C:\Users\Lucas\AppData\Local\Temp\ccJAiTHR.s 			page 18


 808 0204 09       		.uleb128 0x9
 809 0205 64030000 		.4byte	.LASF32
 810 0209 04       		.byte	0x4
 811 020a 23       		.byte	0x23
 812 020b 56000000 		.4byte	.LASF33
 813 020f 01       		.byte	0x1
 814 0210 18020000 		.4byte	0x218
 815 0214 32020000 		.4byte	0x232
 816 0218 08       		.uleb128 0x8
 817 0219 58020000 		.4byte	0x258
 818 021d 0A       		.uleb128 0xa
 819 021e 8C000000 		.4byte	0x8c
 820 0222 0A       		.uleb128 0xa
 821 0223 97000000 		.4byte	0x97
 822 0227 0A       		.uleb128 0xa
 823 0228 8C000000 		.4byte	0x8c
 824 022c 0A       		.uleb128 0xa
 825 022d 5E020000 		.4byte	0x25e
 826 0231 00       		.byte	0
 827 0232 0B       		.uleb128 0xb
 828 0233 A4000000 		.4byte	.LASF47
 829 0237 04       		.byte	0x4
 830 0238 24       		.byte	0x24
 831 0239 52020000 		.4byte	.LASF48
 832 023d 01       		.byte	0x1
 833 023e 42020000 		.4byte	0x242
 834 0242 08       		.uleb128 0x8
 835 0243 58020000 		.4byte	0x258
 836 0247 0A       		.uleb128 0xa
 837 0248 8C000000 		.4byte	0x8c
 838 024c 0A       		.uleb128 0xa
 839 024d 97000000 		.4byte	0x97
 840 0251 0A       		.uleb128 0xa
 841 0252 5E020000 		.4byte	0x25e
 842 0256 00       		.byte	0
 843 0257 00       		.byte	0
 844 0258 0C       		.uleb128 0xc
 845 0259 04       		.byte	0x4
 846 025a D5000000 		.4byte	0xd5
 847 025e 0C       		.uleb128 0xc
 848 025f 04       		.byte	0x4
 849 0260 8C000000 		.4byte	0x8c
 850 0264 0D       		.uleb128 0xd
 851 0265 56010000 		.4byte	0x156
 852 0269 01       		.byte	0x1
 853 026a 13       		.byte	0x13
 854 026b 00000000 		.4byte	.LFB66
 855 026f 62000000 		.4byte	.LFE66-.LFB66
 856 0273 01       		.uleb128 0x1
 857 0274 9C       		.byte	0x9c
 858 0275 7D020000 		.4byte	0x27d
 859 0279 CE020000 		.4byte	0x2ce
 860 027d 0E       		.uleb128 0xe
 861 027e C1000000 		.4byte	.LASF38
 862 0282 CE020000 		.4byte	0x2ce
 863 0286 02       		.uleb128 0x2
 864 0287 91       		.byte	0x91
ARM GAS  C:\Users\Lucas\AppData\Local\Temp\ccJAiTHR.s 			page 19


 865 0288 6C       		.sleb128 -20
 866 0289 0F       		.uleb128 0xf
 867 028a 9C030000 		.4byte	.LASF34
 868 028e 01       		.byte	0x1
 869 028f 13       		.byte	0x13
 870 0290 8C000000 		.4byte	0x8c
 871 0294 02       		.uleb128 0x2
 872 0295 91       		.byte	0x91
 873 0296 6B       		.sleb128 -21
 874 0297 0F       		.uleb128 0xf
 875 0298 61010000 		.4byte	.LASF35
 876 029c 01       		.byte	0x1
 877 029d 13       		.byte	0x13
 878 029e 8C000000 		.4byte	0x8c
 879 02a2 02       		.uleb128 0x2
 880 02a3 91       		.byte	0x91
 881 02a4 6A       		.sleb128 -22
 882 02a5 0F       		.uleb128 0xf
 883 02a6 31030000 		.4byte	.LASF36
 884 02aa 01       		.byte	0x1
 885 02ab 13       		.byte	0x13
 886 02ac 8C000000 		.4byte	0x8c
 887 02b0 02       		.uleb128 0x2
 888 02b1 91       		.byte	0x91
 889 02b2 69       		.sleb128 -23
 890 02b3 0F       		.uleb128 0xf
 891 02b4 9F000000 		.4byte	.LASF37
 892 02b8 01       		.byte	0x1
 893 02b9 13       		.byte	0x13
 894 02ba 5E020000 		.4byte	0x25e
 895 02be 02       		.uleb128 0x2
 896 02bf 91       		.byte	0x91
 897 02c0 00       		.sleb128 0
 898 02c1 10       		.uleb128 0x10
 899 02c2 6900     		.ascii	"i\000"
 900 02c4 01       		.byte	0x1
 901 02c5 15       		.byte	0x15
 902 02c6 8C000000 		.4byte	0x8c
 903 02ca 02       		.uleb128 0x2
 904 02cb 91       		.byte	0x91
 905 02cc 77       		.sleb128 -9
 906 02cd 00       		.byte	0
 907 02ce 11       		.uleb128 0x11
 908 02cf 58020000 		.4byte	0x258
 909 02d3 0D       		.uleb128 0xd
 910 02d4 AD010000 		.4byte	0x1ad
 911 02d8 01       		.byte	0x1
 912 02d9 2C       		.byte	0x2c
 913 02da 00000000 		.4byte	.LFB67
 914 02de 92000000 		.4byte	.LFE67-.LFB67
 915 02e2 01       		.uleb128 0x1
 916 02e3 9C       		.byte	0x9c
 917 02e4 EC020000 		.4byte	0x2ec
 918 02e8 61030000 		.4byte	0x361
 919 02ec 0E       		.uleb128 0xe
 920 02ed C1000000 		.4byte	.LASF38
 921 02f1 CE020000 		.4byte	0x2ce
ARM GAS  C:\Users\Lucas\AppData\Local\Temp\ccJAiTHR.s 			page 20


 922 02f5 02       		.uleb128 0x2
 923 02f6 91       		.byte	0x91
 924 02f7 64       		.sleb128 -28
 925 02f8 0F       		.uleb128 0xf
 926 02f9 9C030000 		.4byte	.LASF34
 927 02fd 01       		.byte	0x1
 928 02fe 2C       		.byte	0x2c
 929 02ff 8C000000 		.4byte	0x8c
 930 0303 02       		.uleb128 0x2
 931 0304 91       		.byte	0x91
 932 0305 63       		.sleb128 -29
 933 0306 0F       		.uleb128 0xf
 934 0307 61010000 		.4byte	.LASF35
 935 030b 01       		.byte	0x1
 936 030c 2C       		.byte	0x2c
 937 030d 97000000 		.4byte	0x97
 938 0311 02       		.uleb128 0x2
 939 0312 91       		.byte	0x91
 940 0313 60       		.sleb128 -32
 941 0314 0F       		.uleb128 0xf
 942 0315 31030000 		.4byte	.LASF36
 943 0319 01       		.byte	0x1
 944 031a 2C       		.byte	0x2c
 945 031b 8C000000 		.4byte	0x8c
 946 031f 02       		.uleb128 0x2
 947 0320 91       		.byte	0x91
 948 0321 62       		.sleb128 -30
 949 0322 0F       		.uleb128 0xf
 950 0323 9F000000 		.4byte	.LASF37
 951 0327 01       		.byte	0x1
 952 0328 2C       		.byte	0x2c
 953 0329 5E020000 		.4byte	0x25e
 954 032d 02       		.uleb128 0x2
 955 032e 91       		.byte	0x91
 956 032f 00       		.sleb128 0
 957 0330 10       		.uleb128 0x10
 958 0331 6900     		.ascii	"i\000"
 959 0333 01       		.byte	0x1
 960 0334 2E       		.byte	0x2e
 961 0335 8C000000 		.4byte	0x8c
 962 0339 02       		.uleb128 0x2
 963 033a 91       		.byte	0x91
 964 033b 77       		.sleb128 -9
 965 033c 10       		.uleb128 0x10
 966 033d 6D736700 		.ascii	"msg\000"
 967 0341 01       		.byte	0x1
 968 0342 2F       		.byte	0x2f
 969 0343 61030000 		.4byte	0x361
 970 0347 02       		.uleb128 0x2
 971 0348 91       		.byte	0x91
 972 0349 6C       		.sleb128 -20
 973 034a 12       		.uleb128 0x12
 974 034b 3E000000 		.4byte	.LBB2
 975 034f 22000000 		.4byte	.LBE2-.LBB2
 976 0353 10       		.uleb128 0x10
 977 0354 6A00     		.ascii	"j\000"
 978 0356 01       		.byte	0x1
ARM GAS  C:\Users\Lucas\AppData\Local\Temp\ccJAiTHR.s 			page 21


 979 0357 39       		.byte	0x39
 980 0358 7E000000 		.4byte	0x7e
 981 035c 02       		.uleb128 0x2
 982 035d 91       		.byte	0x91
 983 035e 70       		.sleb128 -16
 984 035f 00       		.byte	0
 985 0360 00       		.byte	0
 986 0361 13       		.uleb128 0x13
 987 0362 8C000000 		.4byte	0x8c
 988 0366 71030000 		.4byte	0x371
 989 036a 14       		.uleb128 0x14
 990 036b CE000000 		.4byte	0xce
 991 036f 01       		.byte	0x1
 992 0370 00       		.byte	0
 993 0371 0D       		.uleb128 0xd
 994 0372 84010000 		.4byte	0x184
 995 0376 01       		.byte	0x1
 996 0377 4A       		.byte	0x4a
 997 0378 00000000 		.4byte	.LFB68
 998 037c 32000000 		.4byte	.LFE68-.LFB68
 999 0380 01       		.uleb128 0x1
 1000 0381 9C       		.byte	0x9c
 1001 0382 8A030000 		.4byte	0x38a
 1002 0386 C1030000 		.4byte	0x3c1
 1003 038a 0E       		.uleb128 0xe
 1004 038b C1000000 		.4byte	.LASF38
 1005 038f CE020000 		.4byte	0x2ce
 1006 0393 02       		.uleb128 0x2
 1007 0394 91       		.byte	0x91
 1008 0395 74       		.sleb128 -12
 1009 0396 0F       		.uleb128 0xf
 1010 0397 9C030000 		.4byte	.LASF34
 1011 039b 01       		.byte	0x1
 1012 039c 4A       		.byte	0x4a
 1013 039d 8C000000 		.4byte	0x8c
 1014 03a1 02       		.uleb128 0x2
 1015 03a2 91       		.byte	0x91
 1016 03a3 73       		.sleb128 -13
 1017 03a4 0F       		.uleb128 0xf
 1018 03a5 61010000 		.4byte	.LASF35
 1019 03a9 01       		.byte	0x1
 1020 03aa 4A       		.byte	0x4a
 1021 03ab 8C000000 		.4byte	0x8c
 1022 03af 02       		.uleb128 0x2
 1023 03b0 91       		.byte	0x91
 1024 03b1 72       		.sleb128 -14
 1025 03b2 0F       		.uleb128 0xf
 1026 03b3 9F000000 		.4byte	.LASF37
 1027 03b7 01       		.byte	0x1
 1028 03b8 4A       		.byte	0x4a
 1029 03b9 8C000000 		.4byte	0x8c
 1030 03bd 02       		.uleb128 0x2
 1031 03be 91       		.byte	0x91
 1032 03bf 71       		.sleb128 -15
 1033 03c0 00       		.byte	0
 1034 03c1 0D       		.uleb128 0xd
 1035 03c2 DB010000 		.4byte	0x1db
ARM GAS  C:\Users\Lucas\AppData\Local\Temp\ccJAiTHR.s 			page 22


 1036 03c6 01       		.byte	0x1
 1037 03c7 54       		.byte	0x54
 1038 03c8 00000000 		.4byte	.LFB69
 1039 03cc 32000000 		.4byte	.LFE69-.LFB69
 1040 03d0 01       		.uleb128 0x1
 1041 03d1 9C       		.byte	0x9c
 1042 03d2 DA030000 		.4byte	0x3da
 1043 03d6 11040000 		.4byte	0x411
 1044 03da 0E       		.uleb128 0xe
 1045 03db C1000000 		.4byte	.LASF38
 1046 03df CE020000 		.4byte	0x2ce
 1047 03e3 02       		.uleb128 0x2
 1048 03e4 91       		.byte	0x91
 1049 03e5 74       		.sleb128 -12
 1050 03e6 0F       		.uleb128 0xf
 1051 03e7 9C030000 		.4byte	.LASF34
 1052 03eb 01       		.byte	0x1
 1053 03ec 54       		.byte	0x54
 1054 03ed 8C000000 		.4byte	0x8c
 1055 03f1 02       		.uleb128 0x2
 1056 03f2 91       		.byte	0x91
 1057 03f3 73       		.sleb128 -13
 1058 03f4 0F       		.uleb128 0xf
 1059 03f5 61010000 		.4byte	.LASF35
 1060 03f9 01       		.byte	0x1
 1061 03fa 54       		.byte	0x54
 1062 03fb 97000000 		.4byte	0x97
 1063 03ff 02       		.uleb128 0x2
 1064 0400 91       		.byte	0x91
 1065 0401 70       		.sleb128 -16
 1066 0402 0F       		.uleb128 0xf
 1067 0403 9F000000 		.4byte	.LASF37
 1068 0407 01       		.byte	0x1
 1069 0408 54       		.byte	0x54
 1070 0409 8C000000 		.4byte	0x8c
 1071 040d 02       		.uleb128 0x2
 1072 040e 91       		.byte	0x91
 1073 040f 72       		.sleb128 -14
 1074 0410 00       		.byte	0
 1075 0411 0D       		.uleb128 0xd
 1076 0412 FF000000 		.4byte	0xff
 1077 0416 01       		.byte	0x1
 1078 0417 5E       		.byte	0x5e
 1079 0418 00000000 		.4byte	.LFB70
 1080 041c 80000000 		.4byte	.LFE70-.LFB70
 1081 0420 01       		.uleb128 0x1
 1082 0421 9C       		.byte	0x9c
 1083 0422 2A040000 		.4byte	0x42a
 1084 0426 7B040000 		.4byte	0x47b
 1085 042a 0E       		.uleb128 0xe
 1086 042b C1000000 		.4byte	.LASF38
 1087 042f CE020000 		.4byte	0x2ce
 1088 0433 02       		.uleb128 0x2
 1089 0434 91       		.byte	0x91
 1090 0435 64       		.sleb128 -28
 1091 0436 0F       		.uleb128 0xf
 1092 0437 9C030000 		.4byte	.LASF34
ARM GAS  C:\Users\Lucas\AppData\Local\Temp\ccJAiTHR.s 			page 23


 1093 043b 01       		.byte	0x1
 1094 043c 5E       		.byte	0x5e
 1095 043d 8C000000 		.4byte	0x8c
 1096 0441 02       		.uleb128 0x2
 1097 0442 91       		.byte	0x91
 1098 0443 63       		.sleb128 -29
 1099 0444 0F       		.uleb128 0xf
 1100 0445 61010000 		.4byte	.LASF35
 1101 0449 01       		.byte	0x1
 1102 044a 5E       		.byte	0x5e
 1103 044b 8C000000 		.4byte	0x8c
 1104 044f 02       		.uleb128 0x2
 1105 0450 91       		.byte	0x91
 1106 0451 62       		.sleb128 -30
 1107 0452 0F       		.uleb128 0xf
 1108 0453 31030000 		.4byte	.LASF36
 1109 0457 01       		.byte	0x1
 1110 0458 5E       		.byte	0x5e
 1111 0459 8C000000 		.4byte	0x8c
 1112 045d 02       		.uleb128 0x2
 1113 045e 91       		.byte	0x91
 1114 045f 61       		.sleb128 -31
 1115 0460 0F       		.uleb128 0xf
 1116 0461 9F000000 		.4byte	.LASF37
 1117 0465 01       		.byte	0x1
 1118 0466 5E       		.byte	0x5e
 1119 0467 5E020000 		.4byte	0x25e
 1120 046b 02       		.uleb128 0x2
 1121 046c 91       		.byte	0x91
 1122 046d 00       		.sleb128 0
 1123 046e 10       		.uleb128 0x10
 1124 046f 6900     		.ascii	"i\000"
 1125 0471 01       		.byte	0x1
 1126 0472 60       		.byte	0x60
 1127 0473 8C000000 		.4byte	0x8c
 1128 0477 02       		.uleb128 0x2
 1129 0478 91       		.byte	0x91
 1130 0479 6F       		.sleb128 -17
 1131 047a 00       		.byte	0
 1132 047b 0D       		.uleb128 0xd
 1133 047c 2D010000 		.4byte	0x12d
 1134 0480 01       		.byte	0x1
 1135 0481 7A       		.byte	0x7a
 1136 0482 00000000 		.4byte	.LFB71
 1137 0486 2A000000 		.4byte	.LFE71-.LFB71
 1138 048a 01       		.uleb128 0x1
 1139 048b 9C       		.byte	0x9c
 1140 048c 94040000 		.4byte	0x494
 1141 0490 CB040000 		.4byte	0x4cb
 1142 0494 0E       		.uleb128 0xe
 1143 0495 C1000000 		.4byte	.LASF38
 1144 0499 CE020000 		.4byte	0x2ce
 1145 049d 02       		.uleb128 0x2
 1146 049e 91       		.byte	0x91
 1147 049f 74       		.sleb128 -12
 1148 04a0 0F       		.uleb128 0xf
 1149 04a1 FE020000 		.4byte	.LASF39
ARM GAS  C:\Users\Lucas\AppData\Local\Temp\ccJAiTHR.s 			page 24


 1150 04a5 01       		.byte	0x1
 1151 04a6 7A       		.byte	0x7a
 1152 04a7 8C000000 		.4byte	0x8c
 1153 04ab 02       		.uleb128 0x2
 1154 04ac 91       		.byte	0x91
 1155 04ad 73       		.sleb128 -13
 1156 04ae 0F       		.uleb128 0xf
 1157 04af C6000000 		.4byte	.LASF40
 1158 04b3 01       		.byte	0x1
 1159 04b4 7A       		.byte	0x7a
 1160 04b5 8C000000 		.4byte	0x8c
 1161 04b9 02       		.uleb128 0x2
 1162 04ba 91       		.byte	0x91
 1163 04bb 72       		.sleb128 -14
 1164 04bc 0F       		.uleb128 0xf
 1165 04bd 15000000 		.4byte	.LASF41
 1166 04c1 01       		.byte	0x1
 1167 04c2 7A       		.byte	0x7a
 1168 04c3 5E020000 		.4byte	0x25e
 1169 04c7 02       		.uleb128 0x2
 1170 04c8 91       		.byte	0x91
 1171 04c9 6C       		.sleb128 -20
 1172 04ca 00       		.byte	0
 1173 04cb 0D       		.uleb128 0xd
 1174 04cc 04020000 		.4byte	0x204
 1175 04d0 01       		.byte	0x1
 1176 04d1 84       		.byte	0x84
 1177 04d2 00000000 		.4byte	.LFB72
 1178 04d6 B0000000 		.4byte	.LFE72-.LFB72
 1179 04da 01       		.uleb128 0x1
 1180 04db 9C       		.byte	0x9c
 1181 04dc E4040000 		.4byte	0x4e4
 1182 04e0 59050000 		.4byte	0x559
 1183 04e4 0E       		.uleb128 0xe
 1184 04e5 C1000000 		.4byte	.LASF38
 1185 04e9 CE020000 		.4byte	0x2ce
 1186 04ed 02       		.uleb128 0x2
 1187 04ee 91       		.byte	0x91
 1188 04ef 5C       		.sleb128 -36
 1189 04f0 0F       		.uleb128 0xf
 1190 04f1 9C030000 		.4byte	.LASF34
 1191 04f5 01       		.byte	0x1
 1192 04f6 84       		.byte	0x84
 1193 04f7 8C000000 		.4byte	0x8c
 1194 04fb 02       		.uleb128 0x2
 1195 04fc 91       		.byte	0x91
 1196 04fd 5B       		.sleb128 -37
 1197 04fe 0F       		.uleb128 0xf
 1198 04ff 61010000 		.4byte	.LASF35
 1199 0503 01       		.byte	0x1
 1200 0504 84       		.byte	0x84
 1201 0505 97000000 		.4byte	0x97
 1202 0509 02       		.uleb128 0x2
 1203 050a 91       		.byte	0x91
 1204 050b 58       		.sleb128 -40
 1205 050c 0F       		.uleb128 0xf
 1206 050d 31030000 		.4byte	.LASF36
ARM GAS  C:\Users\Lucas\AppData\Local\Temp\ccJAiTHR.s 			page 25


 1207 0511 01       		.byte	0x1
 1208 0512 84       		.byte	0x84
 1209 0513 8C000000 		.4byte	0x8c
 1210 0517 02       		.uleb128 0x2
 1211 0518 91       		.byte	0x91
 1212 0519 5A       		.sleb128 -38
 1213 051a 0F       		.uleb128 0xf
 1214 051b 9F000000 		.4byte	.LASF37
 1215 051f 01       		.byte	0x1
 1216 0520 84       		.byte	0x84
 1217 0521 5E020000 		.4byte	0x25e
 1218 0525 02       		.uleb128 0x2
 1219 0526 91       		.byte	0x91
 1220 0527 00       		.sleb128 0
 1221 0528 10       		.uleb128 0x10
 1222 0529 6900     		.ascii	"i\000"
 1223 052b 01       		.byte	0x1
 1224 052c 86       		.byte	0x86
 1225 052d 8C000000 		.4byte	0x8c
 1226 0531 02       		.uleb128 0x2
 1227 0532 91       		.byte	0x91
 1228 0533 6F       		.sleb128 -17
 1229 0534 10       		.uleb128 0x10
 1230 0535 6D736700 		.ascii	"msg\000"
 1231 0539 01       		.byte	0x1
 1232 053a 87       		.byte	0x87
 1233 053b 61030000 		.4byte	0x361
 1234 053f 02       		.uleb128 0x2
 1235 0540 91       		.byte	0x91
 1236 0541 64       		.sleb128 -28
 1237 0542 12       		.uleb128 0x12
 1238 0543 3E000000 		.4byte	.LBB3
 1239 0547 22000000 		.4byte	.LBE3-.LBB3
 1240 054b 10       		.uleb128 0x10
 1241 054c 6A00     		.ascii	"j\000"
 1242 054e 01       		.byte	0x1
 1243 054f 91       		.byte	0x91
 1244 0550 7E000000 		.4byte	0x7e
 1245 0554 02       		.uleb128 0x2
 1246 0555 91       		.byte	0x91
 1247 0556 68       		.sleb128 -24
 1248 0557 00       		.byte	0
 1249 0558 00       		.byte	0
 1250 0559 15       		.uleb128 0x15
 1251 055a F3000000 		.4byte	.LASF49
 1252 055e 05       		.byte	0x5
 1253 055f 1207     		.2byte	0x712
 1254 0561 65050000 		.4byte	0x565
 1255 0565 16       		.uleb128 0x16
 1256 0566 A2000000 		.4byte	0xa2
 1257 056a 00       		.byte	0
 1258              		.section	.debug_abbrev,"",%progbits
 1259              	.Ldebug_abbrev0:
 1260 0000 01       		.uleb128 0x1
 1261 0001 11       		.uleb128 0x11
 1262 0002 01       		.byte	0x1
 1263 0003 25       		.uleb128 0x25
ARM GAS  C:\Users\Lucas\AppData\Local\Temp\ccJAiTHR.s 			page 26


 1264 0004 0E       		.uleb128 0xe
 1265 0005 13       		.uleb128 0x13
 1266 0006 0B       		.uleb128 0xb
 1267 0007 03       		.uleb128 0x3
 1268 0008 0E       		.uleb128 0xe
 1269 0009 1B       		.uleb128 0x1b
 1270 000a 0E       		.uleb128 0xe
 1271 000b 55       		.uleb128 0x55
 1272 000c 17       		.uleb128 0x17
 1273 000d 11       		.uleb128 0x11
 1274 000e 01       		.uleb128 0x1
 1275 000f 10       		.uleb128 0x10
 1276 0010 17       		.uleb128 0x17
 1277 0011 00       		.byte	0
 1278 0012 00       		.byte	0
 1279 0013 02       		.uleb128 0x2
 1280 0014 24       		.uleb128 0x24
 1281 0015 00       		.byte	0
 1282 0016 0B       		.uleb128 0xb
 1283 0017 0B       		.uleb128 0xb
 1284 0018 3E       		.uleb128 0x3e
 1285 0019 0B       		.uleb128 0xb
 1286 001a 03       		.uleb128 0x3
 1287 001b 0E       		.uleb128 0xe
 1288 001c 00       		.byte	0
 1289 001d 00       		.byte	0
 1290 001e 03       		.uleb128 0x3
 1291 001f 16       		.uleb128 0x16
 1292 0020 00       		.byte	0
 1293 0021 03       		.uleb128 0x3
 1294 0022 0E       		.uleb128 0xe
 1295 0023 3A       		.uleb128 0x3a
 1296 0024 0B       		.uleb128 0xb
 1297 0025 3B       		.uleb128 0x3b
 1298 0026 0B       		.uleb128 0xb
 1299 0027 49       		.uleb128 0x49
 1300 0028 13       		.uleb128 0x13
 1301 0029 00       		.byte	0
 1302 002a 00       		.byte	0
 1303 002b 04       		.uleb128 0x4
 1304 002c 24       		.uleb128 0x24
 1305 002d 00       		.byte	0
 1306 002e 0B       		.uleb128 0xb
 1307 002f 0B       		.uleb128 0xb
 1308 0030 3E       		.uleb128 0x3e
 1309 0031 0B       		.uleb128 0xb
 1310 0032 03       		.uleb128 0x3
 1311 0033 08       		.uleb128 0x8
 1312 0034 00       		.byte	0
 1313 0035 00       		.byte	0
 1314 0036 05       		.uleb128 0x5
 1315 0037 3B       		.uleb128 0x3b
 1316 0038 00       		.byte	0
 1317 0039 03       		.uleb128 0x3
 1318 003a 0E       		.uleb128 0xe
 1319 003b 00       		.byte	0
 1320 003c 00       		.byte	0
ARM GAS  C:\Users\Lucas\AppData\Local\Temp\ccJAiTHR.s 			page 27


 1321 003d 06       		.uleb128 0x6
 1322 003e 02       		.uleb128 0x2
 1323 003f 01       		.byte	0x1
 1324 0040 03       		.uleb128 0x3
 1325 0041 08       		.uleb128 0x8
 1326 0042 0B       		.uleb128 0xb
 1327 0043 0B       		.uleb128 0xb
 1328 0044 3A       		.uleb128 0x3a
 1329 0045 0B       		.uleb128 0xb
 1330 0046 3B       		.uleb128 0x3b
 1331 0047 0B       		.uleb128 0xb
 1332 0048 01       		.uleb128 0x1
 1333 0049 13       		.uleb128 0x13
 1334 004a 00       		.byte	0
 1335 004b 00       		.byte	0
 1336 004c 07       		.uleb128 0x7
 1337 004d 2E       		.uleb128 0x2e
 1338 004e 01       		.byte	0x1
 1339 004f 3F       		.uleb128 0x3f
 1340 0050 19       		.uleb128 0x19
 1341 0051 03       		.uleb128 0x3
 1342 0052 08       		.uleb128 0x8
 1343 0053 3A       		.uleb128 0x3a
 1344 0054 0B       		.uleb128 0xb
 1345 0055 3B       		.uleb128 0x3b
 1346 0056 0B       		.uleb128 0xb
 1347 0057 6E       		.uleb128 0x6e
 1348 0058 0E       		.uleb128 0xe
 1349 0059 49       		.uleb128 0x49
 1350 005a 13       		.uleb128 0x13
 1351 005b 32       		.uleb128 0x32
 1352 005c 0B       		.uleb128 0xb
 1353 005d 3C       		.uleb128 0x3c
 1354 005e 19       		.uleb128 0x19
 1355 005f 64       		.uleb128 0x64
 1356 0060 13       		.uleb128 0x13
 1357 0061 01       		.uleb128 0x1
 1358 0062 13       		.uleb128 0x13
 1359 0063 00       		.byte	0
 1360 0064 00       		.byte	0
 1361 0065 08       		.uleb128 0x8
 1362 0066 05       		.uleb128 0x5
 1363 0067 00       		.byte	0
 1364 0068 49       		.uleb128 0x49
 1365 0069 13       		.uleb128 0x13
 1366 006a 34       		.uleb128 0x34
 1367 006b 19       		.uleb128 0x19
 1368 006c 00       		.byte	0
 1369 006d 00       		.byte	0
 1370 006e 09       		.uleb128 0x9
 1371 006f 2E       		.uleb128 0x2e
 1372 0070 01       		.byte	0x1
 1373 0071 3F       		.uleb128 0x3f
 1374 0072 19       		.uleb128 0x19
 1375 0073 03       		.uleb128 0x3
 1376 0074 0E       		.uleb128 0xe
 1377 0075 3A       		.uleb128 0x3a
ARM GAS  C:\Users\Lucas\AppData\Local\Temp\ccJAiTHR.s 			page 28


 1378 0076 0B       		.uleb128 0xb
 1379 0077 3B       		.uleb128 0x3b
 1380 0078 0B       		.uleb128 0xb
 1381 0079 6E       		.uleb128 0x6e
 1382 007a 0E       		.uleb128 0xe
 1383 007b 32       		.uleb128 0x32
 1384 007c 0B       		.uleb128 0xb
 1385 007d 3C       		.uleb128 0x3c
 1386 007e 19       		.uleb128 0x19
 1387 007f 64       		.uleb128 0x64
 1388 0080 13       		.uleb128 0x13
 1389 0081 01       		.uleb128 0x1
 1390 0082 13       		.uleb128 0x13
 1391 0083 00       		.byte	0
 1392 0084 00       		.byte	0
 1393 0085 0A       		.uleb128 0xa
 1394 0086 05       		.uleb128 0x5
 1395 0087 00       		.byte	0
 1396 0088 49       		.uleb128 0x49
 1397 0089 13       		.uleb128 0x13
 1398 008a 00       		.byte	0
 1399 008b 00       		.byte	0
 1400 008c 0B       		.uleb128 0xb
 1401 008d 2E       		.uleb128 0x2e
 1402 008e 01       		.byte	0x1
 1403 008f 3F       		.uleb128 0x3f
 1404 0090 19       		.uleb128 0x19
 1405 0091 03       		.uleb128 0x3
 1406 0092 0E       		.uleb128 0xe
 1407 0093 3A       		.uleb128 0x3a
 1408 0094 0B       		.uleb128 0xb
 1409 0095 3B       		.uleb128 0x3b
 1410 0096 0B       		.uleb128 0xb
 1411 0097 6E       		.uleb128 0x6e
 1412 0098 0E       		.uleb128 0xe
 1413 0099 32       		.uleb128 0x32
 1414 009a 0B       		.uleb128 0xb
 1415 009b 3C       		.uleb128 0x3c
 1416 009c 19       		.uleb128 0x19
 1417 009d 64       		.uleb128 0x64
 1418 009e 13       		.uleb128 0x13
 1419 009f 00       		.byte	0
 1420 00a0 00       		.byte	0
 1421 00a1 0C       		.uleb128 0xc
 1422 00a2 0F       		.uleb128 0xf
 1423 00a3 00       		.byte	0
 1424 00a4 0B       		.uleb128 0xb
 1425 00a5 0B       		.uleb128 0xb
 1426 00a6 49       		.uleb128 0x49
 1427 00a7 13       		.uleb128 0x13
 1428 00a8 00       		.byte	0
 1429 00a9 00       		.byte	0
 1430 00aa 0D       		.uleb128 0xd
 1431 00ab 2E       		.uleb128 0x2e
 1432 00ac 01       		.byte	0x1
 1433 00ad 47       		.uleb128 0x47
 1434 00ae 13       		.uleb128 0x13
ARM GAS  C:\Users\Lucas\AppData\Local\Temp\ccJAiTHR.s 			page 29


 1435 00af 3A       		.uleb128 0x3a
 1436 00b0 0B       		.uleb128 0xb
 1437 00b1 3B       		.uleb128 0x3b
 1438 00b2 0B       		.uleb128 0xb
 1439 00b3 11       		.uleb128 0x11
 1440 00b4 01       		.uleb128 0x1
 1441 00b5 12       		.uleb128 0x12
 1442 00b6 06       		.uleb128 0x6
 1443 00b7 40       		.uleb128 0x40
 1444 00b8 18       		.uleb128 0x18
 1445 00b9 64       		.uleb128 0x64
 1446 00ba 13       		.uleb128 0x13
 1447 00bb 9642     		.uleb128 0x2116
 1448 00bd 19       		.uleb128 0x19
 1449 00be 01       		.uleb128 0x1
 1450 00bf 13       		.uleb128 0x13
 1451 00c0 00       		.byte	0
 1452 00c1 00       		.byte	0
 1453 00c2 0E       		.uleb128 0xe
 1454 00c3 05       		.uleb128 0x5
 1455 00c4 00       		.byte	0
 1456 00c5 03       		.uleb128 0x3
 1457 00c6 0E       		.uleb128 0xe
 1458 00c7 49       		.uleb128 0x49
 1459 00c8 13       		.uleb128 0x13
 1460 00c9 34       		.uleb128 0x34
 1461 00ca 19       		.uleb128 0x19
 1462 00cb 02       		.uleb128 0x2
 1463 00cc 18       		.uleb128 0x18
 1464 00cd 00       		.byte	0
 1465 00ce 00       		.byte	0
 1466 00cf 0F       		.uleb128 0xf
 1467 00d0 05       		.uleb128 0x5
 1468 00d1 00       		.byte	0
 1469 00d2 03       		.uleb128 0x3
 1470 00d3 0E       		.uleb128 0xe
 1471 00d4 3A       		.uleb128 0x3a
 1472 00d5 0B       		.uleb128 0xb
 1473 00d6 3B       		.uleb128 0x3b
 1474 00d7 0B       		.uleb128 0xb
 1475 00d8 49       		.uleb128 0x49
 1476 00d9 13       		.uleb128 0x13
 1477 00da 02       		.uleb128 0x2
 1478 00db 18       		.uleb128 0x18
 1479 00dc 00       		.byte	0
 1480 00dd 00       		.byte	0
 1481 00de 10       		.uleb128 0x10
 1482 00df 34       		.uleb128 0x34
 1483 00e0 00       		.byte	0
 1484 00e1 03       		.uleb128 0x3
 1485 00e2 08       		.uleb128 0x8
 1486 00e3 3A       		.uleb128 0x3a
 1487 00e4 0B       		.uleb128 0xb
 1488 00e5 3B       		.uleb128 0x3b
 1489 00e6 0B       		.uleb128 0xb
 1490 00e7 49       		.uleb128 0x49
 1491 00e8 13       		.uleb128 0x13
ARM GAS  C:\Users\Lucas\AppData\Local\Temp\ccJAiTHR.s 			page 30


 1492 00e9 02       		.uleb128 0x2
 1493 00ea 18       		.uleb128 0x18
 1494 00eb 00       		.byte	0
 1495 00ec 00       		.byte	0
 1496 00ed 11       		.uleb128 0x11
 1497 00ee 26       		.uleb128 0x26
 1498 00ef 00       		.byte	0
 1499 00f0 49       		.uleb128 0x49
 1500 00f1 13       		.uleb128 0x13
 1501 00f2 00       		.byte	0
 1502 00f3 00       		.byte	0
 1503 00f4 12       		.uleb128 0x12
 1504 00f5 0B       		.uleb128 0xb
 1505 00f6 01       		.byte	0x1
 1506 00f7 11       		.uleb128 0x11
 1507 00f8 01       		.uleb128 0x1
 1508 00f9 12       		.uleb128 0x12
 1509 00fa 06       		.uleb128 0x6
 1510 00fb 00       		.byte	0
 1511 00fc 00       		.byte	0
 1512 00fd 13       		.uleb128 0x13
 1513 00fe 01       		.uleb128 0x1
 1514 00ff 01       		.byte	0x1
 1515 0100 49       		.uleb128 0x49
 1516 0101 13       		.uleb128 0x13
 1517 0102 01       		.uleb128 0x1
 1518 0103 13       		.uleb128 0x13
 1519 0104 00       		.byte	0
 1520 0105 00       		.byte	0
 1521 0106 14       		.uleb128 0x14
 1522 0107 21       		.uleb128 0x21
 1523 0108 00       		.byte	0
 1524 0109 49       		.uleb128 0x49
 1525 010a 13       		.uleb128 0x13
 1526 010b 2F       		.uleb128 0x2f
 1527 010c 0B       		.uleb128 0xb
 1528 010d 00       		.byte	0
 1529 010e 00       		.byte	0
 1530 010f 15       		.uleb128 0x15
 1531 0110 34       		.uleb128 0x34
 1532 0111 00       		.byte	0
 1533 0112 03       		.uleb128 0x3
 1534 0113 0E       		.uleb128 0xe
 1535 0114 3A       		.uleb128 0x3a
 1536 0115 0B       		.uleb128 0xb
 1537 0116 3B       		.uleb128 0x3b
 1538 0117 05       		.uleb128 0x5
 1539 0118 49       		.uleb128 0x49
 1540 0119 13       		.uleb128 0x13
 1541 011a 3F       		.uleb128 0x3f
 1542 011b 19       		.uleb128 0x19
 1543 011c 3C       		.uleb128 0x3c
 1544 011d 19       		.uleb128 0x19
 1545 011e 00       		.byte	0
 1546 011f 00       		.byte	0
 1547 0120 16       		.uleb128 0x16
 1548 0121 35       		.uleb128 0x35
ARM GAS  C:\Users\Lucas\AppData\Local\Temp\ccJAiTHR.s 			page 31


 1549 0122 00       		.byte	0
 1550 0123 49       		.uleb128 0x49
 1551 0124 13       		.uleb128 0x13
 1552 0125 00       		.byte	0
 1553 0126 00       		.byte	0
 1554 0127 00       		.byte	0
 1555              		.section	.debug_aranges,"",%progbits
 1556 0000 4C000000 		.4byte	0x4c
 1557 0004 0200     		.2byte	0x2
 1558 0006 00000000 		.4byte	.Ldebug_info0
 1559 000a 04       		.byte	0x4
 1560 000b 00       		.byte	0
 1561 000c 0000     		.2byte	0
 1562 000e 0000     		.2byte	0
 1563 0010 00000000 		.4byte	.LFB66
 1564 0014 62000000 		.4byte	.LFE66-.LFB66
 1565 0018 00000000 		.4byte	.LFB67
 1566 001c 92000000 		.4byte	.LFE67-.LFB67
 1567 0020 00000000 		.4byte	.LFB68
 1568 0024 32000000 		.4byte	.LFE68-.LFB68
 1569 0028 00000000 		.4byte	.LFB69
 1570 002c 32000000 		.4byte	.LFE69-.LFB69
 1571 0030 00000000 		.4byte	.LFB70
 1572 0034 80000000 		.4byte	.LFE70-.LFB70
 1573 0038 00000000 		.4byte	.LFB71
 1574 003c 2A000000 		.4byte	.LFE71-.LFB71
 1575 0040 00000000 		.4byte	.LFB72
 1576 0044 B0000000 		.4byte	.LFE72-.LFB72
 1577 0048 00000000 		.4byte	0
 1578 004c 00000000 		.4byte	0
 1579              		.section	.debug_ranges,"",%progbits
 1580              	.Ldebug_ranges0:
 1581 0000 00000000 		.4byte	.LFB66
 1582 0004 62000000 		.4byte	.LFE66
 1583 0008 00000000 		.4byte	.LFB67
 1584 000c 92000000 		.4byte	.LFE67
 1585 0010 00000000 		.4byte	.LFB68
 1586 0014 32000000 		.4byte	.LFE68
 1587 0018 00000000 		.4byte	.LFB69
 1588 001c 32000000 		.4byte	.LFE69
 1589 0020 00000000 		.4byte	.LFB70
 1590 0024 80000000 		.4byte	.LFE70
 1591 0028 00000000 		.4byte	.LFB71
 1592 002c 2A000000 		.4byte	.LFE71
 1593 0030 00000000 		.4byte	.LFB72
 1594 0034 B0000000 		.4byte	.LFE72
 1595 0038 00000000 		.4byte	0
 1596 003c 00000000 		.4byte	0
 1597              		.section	.debug_line,"",%progbits
 1598              	.Ldebug_line0:
 1599 0000 03020000 		.section	.debug_str,"MS",%progbits,1
 1599      02004701 
 1599      00000201 
 1599      FB0E0D00 
 1599      01010101 
 1600              	.LASF24:
 1601 0000 57726974 		.ascii	"WriteBytes\000"
ARM GAS  C:\Users\Lucas\AppData\Local\Temp\ccJAiTHR.s 			page 32


 1601      65427974 
 1601      657300
 1602              	.LASF3:
 1603 000b 5F5F7569 		.ascii	"__uint8_t\000"
 1603      6E74385F 
 1603      7400
 1604              	.LASF41:
 1605 0015 76616C75 		.ascii	"value\000"
 1605      6500
 1606              	.LASF6:
 1607 001b 5F5F696E 		.ascii	"__int32_t\000"
 1607      7433325F 
 1607      7400
 1608              	.LASF45:
 1609 0025 6465636C 		.ascii	"decltype(nullptr)\000"
 1609      74797065 
 1609      286E756C 
 1609      6C707472 
 1609      2900
 1610              	.LASF29:
 1611 0037 5F5A4E33 		.ascii	"_ZN3i2c15WriteBytes16bitEhthPh\000"
 1611      69326331 
 1611      35577269 
 1611      74654279 
 1611      74657331 
 1612              	.LASF33:
 1613 0056 5F5A4E33 		.ascii	"_ZN3i2c15ReadBytes16bitsEhthPh\000"
 1613      69326331 
 1613      35526561 
 1613      64427974 
 1613      65733136 
 1614              	.LASF14:
 1615 0075 696E7433 		.ascii	"int32_t\000"
 1615      325F7400 
 1616              	.LASF28:
 1617 007d 57726974 		.ascii	"WriteBytes16bit\000"
 1617      65427974 
 1617      65733136 
 1617      62697400 
 1618              	.LASF18:
 1619 008d 6C6F6E67 		.ascii	"long double\000"
 1619      20646F75 
 1619      626C6500 
 1620              	.LASF15:
 1621 0099 666C6F61 		.ascii	"float\000"
 1621      7400
 1622              	.LASF37:
 1623 009f 64617461 		.ascii	"data\000"
 1623      00
 1624              	.LASF47:
 1625 00a4 52656164 		.ascii	"ReadByte16bits\000"
 1625      42797465 
 1625      31366269 
 1625      747300
 1626              	.LASF1:
 1627 00b3 756E7369 		.ascii	"unsigned char\000"
 1627      676E6564 
ARM GAS  C:\Users\Lucas\AppData\Local\Temp\ccJAiTHR.s 			page 33


 1627      20636861 
 1627      7200
 1628              	.LASF38:
 1629 00c1 74686973 		.ascii	"this\000"
 1629      00
 1630              	.LASF40:
 1631 00c6 72656741 		.ascii	"regAddr\000"
 1631      64647200 
 1632              	.LASF8:
 1633 00ce 6C6F6E67 		.ascii	"long unsigned int\000"
 1633      20756E73 
 1633      69676E65 
 1633      6420696E 
 1633      7400
 1634              	.LASF5:
 1635 00e0 73686F72 		.ascii	"short unsigned int\000"
 1635      7420756E 
 1635      7369676E 
 1635      65642069 
 1635      6E7400
 1636              	.LASF49:
 1637 00f3 49544D5F 		.ascii	"ITM_RxBuffer\000"
 1637      52784275 
 1637      66666572 
 1637      00
 1638              	.LASF25:
 1639 0100 5F5A4E33 		.ascii	"_ZN3i2c10WriteBytesEhhhPh\000"
 1639      69326331 
 1639      30577269 
 1639      74654279 
 1639      74657345 
 1640              	.LASF26:
 1641 011a 57726974 		.ascii	"WriteByte\000"
 1641      65427974 
 1641      6500
 1642              	.LASF4:
 1643 0124 5F5F7569 		.ascii	"__uint16_t\000"
 1643      6E743136 
 1643      5F7400
 1644              	.LASF16:
 1645 012f 646F7562 		.ascii	"double\000"
 1645      6C6500
 1646              	.LASF43:
 1647 0136 6932632E 		.ascii	"i2c.c\000"
 1647      6300
 1648              	.LASF22:
 1649 013c 5F5A4E33 		.ascii	"_ZN3i2c9ReadBytesEhhhPh\000"
 1649      69326339 
 1649      52656164 
 1649      42797465 
 1649      73456868 
 1650              	.LASF11:
 1651 0154 756E7369 		.ascii	"unsigned int\000"
 1651      676E6564 
 1651      20696E74 
 1651      00
 1652              	.LASF35:
ARM GAS  C:\Users\Lucas\AppData\Local\Temp\ccJAiTHR.s 			page 34


 1653 0161 7265675F 		.ascii	"reg_add\000"
 1653      61646400 
 1654              	.LASF10:
 1655 0169 6C6F6E67 		.ascii	"long long unsigned int\000"
 1655      206C6F6E 
 1655      6720756E 
 1655      7369676E 
 1655      65642069 
 1656              	.LASF12:
 1657 0180 75696E74 		.ascii	"uint8_t\000"
 1657      385F7400 
 1658              	.LASF42:
 1659 0188 474E5520 		.ascii	"GNU C++14 5.4.1 20160609 (release) [ARM/embedded-5-"
 1659      432B2B31 
 1659      3420352E 
 1659      342E3120 
 1659      32303136 
 1660 01bb 6272616E 		.ascii	"branch revision 237715] -mcpu=cortex-m3 -mthumb -g "
 1660      63682072 
 1660      65766973 
 1660      696F6E20 
 1660      32333737 
 1661 01ee 2D4F3020 		.ascii	"-O0 -std=c++1z -ffunction-sections -ffat-lto-object"
 1661      2D737464 
 1661      3D632B2B 
 1661      317A202D 
 1661      6666756E 
 1662 0221 73202D66 		.ascii	"s -fno-exceptions\000"
 1662      6E6F2D65 
 1662      78636570 
 1662      74696F6E 
 1662      7300
 1663              	.LASF23:
 1664 0233 5F5A4E33 		.ascii	"_ZN3i2c8ReadByteEhhPh\000"
 1664      69326338 
 1664      52656164 
 1664      42797465 
 1664      45686850 
 1665              	.LASF19:
 1666 0249 73697A65 		.ascii	"sizetype\000"
 1666      74797065 
 1666      00
 1667              	.LASF48:
 1668 0252 5F5A4E33 		.ascii	"_ZN3i2c14ReadByte16bitsEhtPh\000"
 1668      69326331 
 1668      34526561 
 1668      64427974 
 1668      65313662 
 1669              	.LASF9:
 1670 026f 6C6F6E67 		.ascii	"long long int\000"
 1670      206C6F6E 
 1670      6720696E 
 1670      7400
 1671              	.LASF17:
 1672 027d 63686172 		.ascii	"char\000"
 1672      00
 1673              	.LASF44:
ARM GAS  C:\Users\Lucas\AppData\Local\Temp\ccJAiTHR.s 			page 35


 1674 0282 433A5C55 		.ascii	"C:\\Users\\Lucas\\OneDrive - Aarhus universitet\\PR"
 1674      73657273 
 1674      5C4C7563 
 1674      61735C4F 
 1674      6E654472 
 1675 02b1 4A345C69 		.ascii	"J4\\iFollow\\Software\\PSOC\\Lasersensor\\LaserDriv"
 1675      466F6C6C 
 1675      6F775C53 
 1675      6F667477 
 1675      6172655C 
 1676 02df 65725C4C 		.ascii	"er\\LaserDriver.cydsn\000"
 1676      61736572 
 1676      44726976 
 1676      65722E63 
 1676      7964736E 
 1677              	.LASF2:
 1678 02f4 73686F72 		.ascii	"short int\000"
 1678      7420696E 
 1678      7400
 1679              	.LASF39:
 1680 02fe 64657641 		.ascii	"devAddr\000"
 1680      64647200 
 1681              	.LASF13:
 1682 0306 75696E74 		.ascii	"uint16_t\000"
 1682      31365F74 
 1682      00
 1683              	.LASF20:
 1684 030f 52656164 		.ascii	"ReadBytes\000"
 1684      42797465 
 1684      7300
 1685              	.LASF30:
 1686 0319 57726974 		.ascii	"WriteByte16bit\000"
 1686      65427974 
 1686      65313662 
 1686      697400
 1687              	.LASF7:
 1688 0328 6C6F6E67 		.ascii	"long int\000"
 1688      20696E74 
 1688      00
 1689              	.LASF36:
 1690 0331 6E6F6279 		.ascii	"nobytes\000"
 1690      74657300 
 1691              	.LASF27:
 1692 0339 5F5A4E33 		.ascii	"_ZN3i2c9WriteByteEhhh\000"
 1692      69326339 
 1692      57726974 
 1692      65427974 
 1692      65456868 
 1693              	.LASF0:
 1694 034f 7369676E 		.ascii	"signed char\000"
 1694      65642063 
 1694      68617200 
 1695              	.LASF21:
 1696 035b 52656164 		.ascii	"ReadByte\000"
 1696      42797465 
 1696      00
 1697              	.LASF32:
ARM GAS  C:\Users\Lucas\AppData\Local\Temp\ccJAiTHR.s 			page 36


 1698 0364 52656164 		.ascii	"ReadBytes16bits\000"
 1698      42797465 
 1698      73313662 
 1698      69747300 
 1699              	.LASF31:
 1700 0374 5F5A4E33 		.ascii	"_ZN3i2c14WriteByte16bitEhth\000"
 1700      69326331 
 1700      34577269 
 1700      74654279 
 1700      74653136 
 1701              	.LASF46:
 1702 0390 5F5A4E33 		.ascii	"_ZN3i2cC4Ev\000"
 1702      69326343 
 1702      34457600 
 1703              	.LASF34:
 1704 039c 64657669 		.ascii	"device_add\000"
 1704      63655F61 
 1704      646400
 1705              		.ident	"GCC: (GNU Tools for ARM Embedded Processors) 5.4.1 20160609 (release) [ARM/embedded-5-bran
