ARM GAS  C:\Users\hejmi\AppData\Local\Temp\ccD3iOGx.s 			page 1


   1              		.syntax unified
   2              		.cpu cortex-m3
   3              		.fpu softvfp
   4              		.eabi_attribute 20, 1
   5              		.eabi_attribute 21, 1
   6              		.eabi_attribute 23, 3
   7              		.eabi_attribute 24, 1
   8              		.eabi_attribute 25, 1
   9              		.eabi_attribute 26, 1
  10              		.eabi_attribute 30, 1
  11              		.eabi_attribute 34, 1
  12              		.eabi_attribute 18, 4
  13              		.thumb
  14              		.syntax unified
  15              		.file	"main.c"
  16              		.text
  17              	.Ltext0:
  18              		.cfi_sections	.debug_frame
  19              		.section	.text.main,"ax",%progbits
  20              		.align	2
  21              		.global	main
  22              		.thumb
  23              		.thumb_func
  24              		.type	main, %function
  25              	main:
  26              		.fnstart
  27              	.LFB75:
  28              		.file 1 "main.c"
   1:main.c        **** /* ========================================
   2:main.c        ****  *
   3:main.c        ****  * Copyright YOUR COMPANY, THE YEAR
   4:main.c        ****  * All Rights Reserved
   5:main.c        ****  * UNPUBLISHED, LICENSED SOFTWARE.
   6:main.c        ****  *
   7:main.c        ****  * CONFIDENTIAL AND PROPRIETARY INFORMATION
   8:main.c        ****  * WHICH IS THE PROPERTY OF your company.
   9:main.c        ****  *
  10:main.c        ****  * ========================================
  11:main.c        **** */
  12:main.c        **** 
  13:main.c        **** #ifdef __cplusplus
  14:main.c        **** extern "C" {
  15:main.c        **** #endif
  16:main.c        **** 
  17:main.c        ****     // PSoC include, this has to be wrapped
  18:main.c        ****     #include "project.h"
  19:main.c        **** 
  20:main.c        **** #ifdef __cplusplus
  21:main.c        **** }
  22:main.c        **** #endif
  23:main.c        **** 
  24:main.c        **** #include "i2c.h"
  25:main.c        **** #include "Laser.h"
  26:main.c        **** #include <stdio.h>
  27:main.c        **** 
  28:main.c        **** /*DEFINES FOR TERATERM TERMINAL*/
  29:main.c        **** #define WAIT_DELAY      (250)       // Delay in ms     
ARM GAS  C:\Users\hejmi\AppData\Local\Temp\ccD3iOGx.s 			page 2


  30:main.c        **** #define CLEAR_SCREEN    "\x1b[2J"   // Clears terminal when printed
  31:main.c        **** 
  32:main.c        **** volatile uint16_t range = 0;
  33:main.c        **** char* buf;
  34:main.c        **** 
  35:main.c        **** int main(void)
  36:main.c        **** {
  29              		.loc 1 36 0
  30              		.cfi_startproc
  31              		@ args = 0, pretend = 0, frame = 16
  32              		@ frame_needed = 0, uses_anonymous_args = 0
  33 0000 10B5     		push	{r4, lr}
  34              		.save {r4, lr}
  35              		.cfi_def_cfa_offset 8
  36              		.cfi_offset 4, -8
  37              		.cfi_offset 14, -4
  38              		.pad #16
  39 0002 84B0     		sub	sp, sp, #16
  40              		.cfi_def_cfa_offset 24
  37:main.c        ****     CyGlobalIntEnable; /* Enable global interrupts. */
  41              		.loc 1 37 0
  42              		.syntax unified
  43              	@ 37 "main.c" 1
  44 0004 62B6     		CPSIE   i
  45              	@ 0 "" 2
  46              	.LVL0:
  47              		.thumb
  48              		.syntax unified
  49              	.LBB11:
  50              	.LBB12:
  51              		.file 2 "Laser.h"
   1:Laser.h       **** /* ========================================
   2:Laser.h       ****  *
   3:Laser.h       ****  * Copyright Nicklas Grunert, 2019
   4:Laser.h       ****  * All Rights Reserved
   5:Laser.h       ****  * UNPUBLISHED, LICENSED SOFTWARE.
   6:Laser.h       ****  *
   7:Laser.h       ****  * CONFIDENTIAL AND PROPRIETARY INFORMATION
   8:Laser.h       ****  * WHICH IS THE PROPERTY OF Nicklas Grunert.
   9:Laser.h       ****  *
  10:Laser.h       ****  * ========================================
  11:Laser.h       **** */
  12:Laser.h       **** /*Credits to:*/
  13:Laser.h       **** /*https://github.com/pololu/vl53l0x-arduino*/
  14:Laser.h       **** #ifndef LASER_H
  15:Laser.h       **** #define LASER_H
  16:Laser.h       **** 
  17:Laser.h       **** #ifdef __cplusplus
  18:Laser.h       **** extern "C" {
  19:Laser.h       **** #endif
  20:Laser.h       ****     // PSoC include, this has to be wrapped
  21:Laser.h       ****     #include "project.h"
  22:Laser.h       **** #ifdef __cplusplus
  23:Laser.h       **** }
  24:Laser.h       **** #endif
  25:Laser.h       **** #include "i2c.h"
  26:Laser.h       **** #include "Laser_def.h"
ARM GAS  C:\Users\hejmi\AppData\Local\Temp\ccD3iOGx.s 			page 3


  27:Laser.h       **** 
  28:Laser.h       **** 
  29:Laser.h       **** class Laser{
  30:Laser.h       ****   public:
  31:Laser.h       ****     /*Constructor*/
  32:Laser.h       ****     Laser(uint8_t address){dev_ = address;};
  33:Laser.h       ****     Laser(){dev_ = 0x29;};
  52              		.loc 2 33 0
  53 0006 2923     		movs	r3, #41
  54 0008 8DF80430 		strb	r3, [sp, #4]
  55              	.LVL1:
  56              	.LBE12:
  57              	.LBE11:
  38:main.c        **** 
  39:main.c        ****     /* Place your initialization/startup code here (e.g. MyInst_Start()) */
  40:main.c        ****     Laser VL53L0X;
  41:main.c        ****     VL53L0X.Init(false);
  58              		.loc 1 41 0
  59 000c 0021     		movs	r1, #0
  60 000e 6846     		mov	r0, sp
  61 0010 FFF7FEFF 		bl	_ZN5Laser4InitEb
  62              	.LVL2:
  63              	.LBB13:
  64              	.LBB14:
  34:Laser.h       ****     
  35:Laser.h       ****     /*IO Functions*/
  36:Laser.h       ****     inline void SetTimeout(uint16_t timeout) { io_timeout = timeout; };
  65              		.loc 2 36 0
  66 0014 4FF4FA73 		mov	r3, #500
  67 0018 ADF80C30 		strh	r3, [sp, #12]	@ movhi
  68              	.LVL3:
  69              	.LBE14:
  70              	.LBE13:
  42:main.c        ****     VL53L0X.SetTimeout(500);
  43:main.c        ****     VL53L0X.StartContinuous();
  71              		.loc 1 43 0
  72 001c 0021     		movs	r1, #0
  73 001e 6846     		mov	r0, sp
  74 0020 FFF7FEFF 		bl	_ZN5Laser15StartContinuousEm
  75              	.LVL4:
  76              	.L2:
  44:main.c        ****     
  45:main.c        ****     for(;;)
  46:main.c        ****     {
  47:main.c        ****         range = VL53L0X.ReadRangeContinuousMillimeters();
  77              		.loc 1 47 0
  78 0024 6846     		mov	r0, sp
  79 0026 FFF7FEFF 		bl	_ZN5Laser30ReadRangeContinuousMillimetersEv
  80              	.LVL5:
  81 002a 094C     		ldr	r4, .L4
  82 002c 2080     		strh	r0, [r4]	@ movhi
  48:main.c        ****         /*Print out range to screen*/
  49:main.c        ****         UART_1_PutString(CLEAR_SCREEN);
  83              		.loc 1 49 0
  84 002e 0948     		ldr	r0, .L4+4
  85 0030 FFF7FEFF 		bl	UART_1_PutString
  86              	.LVL6:
ARM GAS  C:\Users\hejmi\AppData\Local\Temp\ccD3iOGx.s 			page 4


  50:main.c        ****         sprintf(buf,"------ RANGING DATA ------\r\nDistance: %d mm\r\n",
  87              		.loc 1 50 0
  88 0034 2288     		ldrh	r2, [r4]
  51:main.c        ****             range
  52:main.c        ****         );
  89              		.loc 1 52 0
  90 0036 92B2     		uxth	r2, r2
  91 0038 0749     		ldr	r1, .L4+8
  92 003a 6068     		ldr	r0, [r4, #4]
  93 003c FFF7FEFF 		bl	sprintf
  94              	.LVL7:
  53:main.c        ****         UART_1_PutString(buf);
  95              		.loc 1 53 0
  96 0040 6068     		ldr	r0, [r4, #4]
  97 0042 FFF7FEFF 		bl	UART_1_PutString
  98              	.LVL8:
  54:main.c        ****         
  55:main.c        ****         /*Delay so it is possible to read the data!*/
  56:main.c        ****         CyDelay(WAIT_DELAY);  
  99              		.loc 1 56 0
 100 0046 FA20     		movs	r0, #250
 101 0048 FFF7FEFF 		bl	CyDelay
 102              	.LVL9:
 103 004c EAE7     		b	.L2
 104              	.L5:
 105 004e 00BF     		.align	2
 106              	.L4:
 107 0050 00000000 		.word	.LANCHOR0
 108 0054 00000000 		.word	.LC0
 109 0058 08000000 		.word	.LC1
 110              		.cfi_endproc
 111              	.LFE75:
 112              		.fnend
 113              		.size	main, .-main
 114              		.global	buf
 115              		.global	range
 116              		.section	.rodata.str1.4,"aMS",%progbits,1
 117              		.align	2
 118              	.LC0:
 119 0000 1B5B324A 		.ascii	"\033[2J\000"
 119      00
 120 0005 000000   		.space	3
 121              	.LC1:
 122 0008 2D2D2D2D 		.ascii	"------ RANGING DATA ------\015\012Distance: %d mm\015"
 122      2D2D2052 
 122      414E4749 
 122      4E472044 
 122      41544120 
 123 0034 0A00     		.ascii	"\012\000"
 124              		.bss
 125              		.align	2
 126              		.set	.LANCHOR0,. + 0
 127              		.type	range, %object
 128              		.size	range, 2
 129              	range:
 130 0000 0000     		.space	2
 131 0002 0000     		.space	2
ARM GAS  C:\Users\hejmi\AppData\Local\Temp\ccD3iOGx.s 			page 5


 132              		.type	buf, %object
 133              		.size	buf, 4
 134              	buf:
 135 0004 00000000 		.space	4
 136              		.text
 137              	.Letext0:
 138              		.file 3 "c:\\program files (x86)\\cypress\\psoc creator\\4.2\\psoc creator\\import\\gnu\\arm\\5.4.
 139              		.file 4 "c:\\program files (x86)\\cypress\\psoc creator\\4.2\\psoc creator\\import\\gnu\\arm\\5.4.
 140              		.file 5 "i2c.h"
 141              		.file 6 "Laser_def.h"
 142              		.file 7 "Generated_Source\\PSoC5/core_cm3.h"
 143              		.file 8 "Generated_Source\\PSoC5/UART_1.h"
 144              		.file 9 "c:\\program files (x86)\\cypress\\psoc creator\\4.2\\psoc creator\\import\\gnu\\arm\\5.4.
 145              		.file 10 "Generated_Source\\PSoC5/CyLib.h"
 146              		.section	.debug_info,"",%progbits
 147              	.Ldebug_info0:
 148 0000 CD080000 		.4byte	0x8cd
 149 0004 0400     		.2byte	0x4
 150 0006 00000000 		.4byte	.Ldebug_abbrev0
 151 000a 04       		.byte	0x4
 152 000b 01       		.uleb128 0x1
 153 000c 1D070000 		.4byte	.LASF117
 154 0010 04       		.byte	0x4
 155 0011 33000000 		.4byte	.LASF118
 156 0015 56000000 		.4byte	.LASF119
 157 0019 00000000 		.4byte	.Ldebug_ranges0+0
 158 001d 00000000 		.4byte	0
 159 0021 00000000 		.4byte	.Ldebug_line0
 160 0025 02       		.uleb128 0x2
 161 0026 01       		.byte	0x1
 162 0027 06       		.byte	0x6
 163 0028 FF080000 		.4byte	.LASF0
 164 002c 03       		.uleb128 0x3
 165 002d AD060000 		.4byte	.LASF3
 166 0031 03       		.byte	0x3
 167 0032 1D       		.byte	0x1d
 168 0033 37000000 		.4byte	0x37
 169 0037 02       		.uleb128 0x2
 170 0038 01       		.byte	0x1
 171 0039 08       		.byte	0x8
 172 003a 34080000 		.4byte	.LASF1
 173 003e 02       		.uleb128 0x2
 174 003f 02       		.byte	0x2
 175 0040 05       		.byte	0x5
 176 0041 23060000 		.4byte	.LASF2
 177 0045 03       		.uleb128 0x3
 178 0046 B2020000 		.4byte	.LASF4
 179 004a 03       		.byte	0x3
 180 004b 2B       		.byte	0x2b
 181 004c 50000000 		.4byte	0x50
 182 0050 02       		.uleb128 0x2
 183 0051 02       		.byte	0x2
 184 0052 07       		.byte	0x7
 185 0053 28090000 		.4byte	.LASF5
 186 0057 03       		.uleb128 0x3
 187 0058 BC000000 		.4byte	.LASF6
 188 005c 03       		.byte	0x3
ARM GAS  C:\Users\hejmi\AppData\Local\Temp\ccD3iOGx.s 			page 6


 189 005d 3F       		.byte	0x3f
 190 005e 62000000 		.4byte	0x62
 191 0062 02       		.uleb128 0x2
 192 0063 04       		.byte	0x4
 193 0064 05       		.byte	0x5
 194 0065 2D060000 		.4byte	.LASF7
 195 0069 03       		.uleb128 0x3
 196 006a 42080000 		.4byte	.LASF8
 197 006e 03       		.byte	0x3
 198 006f 41       		.byte	0x41
 199 0070 74000000 		.4byte	0x74
 200 0074 02       		.uleb128 0x2
 201 0075 04       		.byte	0x4
 202 0076 07       		.byte	0x7
 203 0077 0B070000 		.4byte	.LASF9
 204 007b 02       		.uleb128 0x2
 205 007c 08       		.byte	0x8
 206 007d 05       		.byte	0x5
 207 007e 3B040000 		.4byte	.LASF10
 208 0082 02       		.uleb128 0x2
 209 0083 08       		.byte	0x8
 210 0084 07       		.byte	0x7
 211 0085 DD010000 		.4byte	.LASF11
 212 0089 04       		.uleb128 0x4
 213 008a 04       		.byte	0x4
 214 008b 05       		.byte	0x5
 215 008c 696E7400 		.ascii	"int\000"
 216 0090 02       		.uleb128 0x2
 217 0091 04       		.byte	0x4
 218 0092 07       		.byte	0x7
 219 0093 AF000000 		.4byte	.LASF12
 220 0097 03       		.uleb128 0x3
 221 0098 D9030000 		.4byte	.LASF13
 222 009c 04       		.byte	0x4
 223 009d 18       		.byte	0x18
 224 009e 2C000000 		.4byte	0x2c
 225 00a2 03       		.uleb128 0x3
 226 00a3 95050000 		.4byte	.LASF14
 227 00a7 04       		.byte	0x4
 228 00a8 24       		.byte	0x24
 229 00a9 45000000 		.4byte	0x45
 230 00ad 03       		.uleb128 0x3
 231 00ae D6070000 		.4byte	.LASF15
 232 00b2 04       		.byte	0x4
 233 00b3 2C       		.byte	0x2c
 234 00b4 57000000 		.4byte	0x57
 235 00b8 03       		.uleb128 0x3
 236 00b9 74010000 		.4byte	.LASF16
 237 00bd 04       		.byte	0x4
 238 00be 30       		.byte	0x30
 239 00bf 69000000 		.4byte	0x69
 240 00c3 02       		.uleb128 0x2
 241 00c4 04       		.byte	0x4
 242 00c5 04       		.byte	0x4
 243 00c6 B0010000 		.4byte	.LASF17
 244 00ca 02       		.uleb128 0x2
 245 00cb 08       		.byte	0x8
ARM GAS  C:\Users\hejmi\AppData\Local\Temp\ccD3iOGx.s 			page 7


 246 00cc 04       		.byte	0x4
 247 00cd 6D090000 		.4byte	.LASF18
 248 00d1 02       		.uleb128 0x2
 249 00d2 01       		.byte	0x1
 250 00d3 08       		.byte	0x8
 251 00d4 80030000 		.4byte	.LASF19
 252 00d8 02       		.uleb128 0x2
 253 00d9 04       		.byte	0x4
 254 00da 07       		.byte	0x7
 255 00db 02070000 		.4byte	.LASF20
 256 00df 05       		.uleb128 0x5
 257 00e0 04       		.byte	0x4
 258 00e1 D1000000 		.4byte	0xd1
 259 00e5 06       		.uleb128 0x6
 260 00e6 A2000000 		.4byte	0xa2
 261 00ea 07       		.uleb128 0x7
 262 00eb 69326300 		.ascii	"i2c\000"
 263 00ef 01       		.byte	0x1
 264 00f0 05       		.byte	0x5
 265 00f1 1A       		.byte	0x1a
 266 00f2 6D020000 		.4byte	0x26d
 267 00f6 08       		.uleb128 0x8
 268 00f7 69326300 		.ascii	"i2c\000"
 269 00fb 05       		.byte	0x5
 270 00fc 1C       		.byte	0x1c
 271 00fd E1030000 		.4byte	.LASF120
 272 0101 6D020000 		.4byte	0x26d
 273 0105 01       		.byte	0x1
 274 0106 0E010000 		.4byte	0x10e
 275 010a 14010000 		.4byte	0x114
 276 010e 09       		.uleb128 0x9
 277 010f 6D020000 		.4byte	0x26d
 278 0113 00       		.byte	0
 279 0114 0A       		.uleb128 0xa
 280 0115 85030000 		.4byte	.LASF21
 281 0119 05       		.byte	0x5
 282 011a 1D       		.byte	0x1d
 283 011b 68030000 		.4byte	.LASF23
 284 011f 01       		.byte	0x1
 285 0120 28010000 		.4byte	0x128
 286 0124 42010000 		.4byte	0x142
 287 0128 09       		.uleb128 0x9
 288 0129 6D020000 		.4byte	0x26d
 289 012d 0B       		.uleb128 0xb
 290 012e 97000000 		.4byte	0x97
 291 0132 0B       		.uleb128 0xb
 292 0133 97000000 		.4byte	0x97
 293 0137 0B       		.uleb128 0xb
 294 0138 97000000 		.4byte	0x97
 295 013c 0B       		.uleb128 0xb
 296 013d 73020000 		.4byte	0x273
 297 0141 00       		.byte	0
 298 0142 0A       		.uleb128 0xa
 299 0143 B6010000 		.4byte	.LASF22
 300 0147 05       		.byte	0x5
 301 0148 1E       		.byte	0x1e
 302 0149 ED020000 		.4byte	.LASF24
ARM GAS  C:\Users\hejmi\AppData\Local\Temp\ccD3iOGx.s 			page 8


 303 014d 01       		.byte	0x1
 304 014e 56010000 		.4byte	0x156
 305 0152 6B010000 		.4byte	0x16b
 306 0156 09       		.uleb128 0x9
 307 0157 6D020000 		.4byte	0x26d
 308 015b 0B       		.uleb128 0xb
 309 015c 97000000 		.4byte	0x97
 310 0160 0B       		.uleb128 0xb
 311 0161 97000000 		.4byte	0x97
 312 0165 0B       		.uleb128 0xb
 313 0166 73020000 		.4byte	0x273
 314 016a 00       		.byte	0
 315 016b 0A       		.uleb128 0xa
 316 016c 0F010000 		.4byte	.LASF25
 317 0170 05       		.byte	0x5
 318 0171 1F       		.byte	0x1f
 319 0172 D5000000 		.4byte	.LASF26
 320 0176 01       		.byte	0x1
 321 0177 7F010000 		.4byte	0x17f
 322 017b 99010000 		.4byte	0x199
 323 017f 09       		.uleb128 0x9
 324 0180 6D020000 		.4byte	0x26d
 325 0184 0B       		.uleb128 0xb
 326 0185 97000000 		.4byte	0x97
 327 0189 0B       		.uleb128 0xb
 328 018a 97000000 		.4byte	0x97
 329 018e 0B       		.uleb128 0xb
 330 018f 97000000 		.4byte	0x97
 331 0193 0B       		.uleb128 0xb
 332 0194 73020000 		.4byte	0x273
 333 0198 00       		.byte	0
 334 0199 0A       		.uleb128 0xa
 335 019a A3060000 		.4byte	.LASF27
 336 019e 05       		.byte	0x5
 337 019f 20       		.byte	0x20
 338 01a0 DB080000 		.4byte	.LASF28
 339 01a4 01       		.byte	0x1
 340 01a5 AD010000 		.4byte	0x1ad
 341 01a9 C2010000 		.4byte	0x1c2
 342 01ad 09       		.uleb128 0x9
 343 01ae 6D020000 		.4byte	0x26d
 344 01b2 0B       		.uleb128 0xb
 345 01b3 97000000 		.4byte	0x97
 346 01b7 0B       		.uleb128 0xb
 347 01b8 97000000 		.4byte	0x97
 348 01bc 0B       		.uleb128 0xb
 349 01bd 97000000 		.4byte	0x97
 350 01c1 00       		.byte	0
 351 01c2 0A       		.uleb128 0xa
 352 01c3 4C030000 		.4byte	.LASF29
 353 01c7 05       		.byte	0x5
 354 01c8 21       		.byte	0x21
 355 01c9 9F090000 		.4byte	.LASF30
 356 01cd 01       		.byte	0x1
 357 01ce D6010000 		.4byte	0x1d6
 358 01d2 F0010000 		.4byte	0x1f0
 359 01d6 09       		.uleb128 0x9
ARM GAS  C:\Users\hejmi\AppData\Local\Temp\ccD3iOGx.s 			page 9


 360 01d7 6D020000 		.4byte	0x26d
 361 01db 0B       		.uleb128 0xb
 362 01dc 97000000 		.4byte	0x97
 363 01e0 0B       		.uleb128 0xb
 364 01e1 A2000000 		.4byte	0xa2
 365 01e5 0B       		.uleb128 0xb
 366 01e6 97000000 		.4byte	0x97
 367 01ea 0B       		.uleb128 0xb
 368 01eb 73020000 		.4byte	0x273
 369 01ef 00       		.byte	0
 370 01f0 0A       		.uleb128 0xa
 371 01f1 8F030000 		.4byte	.LASF31
 372 01f5 05       		.byte	0x5
 373 01f6 22       		.byte	0x22
 374 01f7 BE090000 		.4byte	.LASF32
 375 01fb 01       		.byte	0x1
 376 01fc 04020000 		.4byte	0x204
 377 0200 19020000 		.4byte	0x219
 378 0204 09       		.uleb128 0x9
 379 0205 6D020000 		.4byte	0x26d
 380 0209 0B       		.uleb128 0xb
 381 020a 97000000 		.4byte	0x97
 382 020e 0B       		.uleb128 0xb
 383 020f A2000000 		.4byte	0xa2
 384 0213 0B       		.uleb128 0xb
 385 0214 97000000 		.4byte	0x97
 386 0218 00       		.byte	0
 387 0219 0A       		.uleb128 0xa
 388 021a 2B040000 		.4byte	.LASF33
 389 021e 05       		.byte	0x5
 390 021f 23       		.byte	0x23
 391 0220 7F020000 		.4byte	.LASF34
 392 0224 01       		.byte	0x1
 393 0225 2D020000 		.4byte	0x22d
 394 0229 47020000 		.4byte	0x247
 395 022d 09       		.uleb128 0x9
 396 022e 6D020000 		.4byte	0x26d
 397 0232 0B       		.uleb128 0xb
 398 0233 97000000 		.4byte	0x97
 399 0237 0B       		.uleb128 0xb
 400 0238 A2000000 		.4byte	0xa2
 401 023c 0B       		.uleb128 0xb
 402 023d 97000000 		.4byte	0x97
 403 0241 0B       		.uleb128 0xb
 404 0242 73020000 		.4byte	0x273
 405 0246 00       		.byte	0
 406 0247 0C       		.uleb128 0xc
 407 0248 C6000000 		.4byte	.LASF105
 408 024c 05       		.byte	0x5
 409 024d 24       		.byte	0x24
 410 024e 55080000 		.4byte	.LASF107
 411 0252 01       		.byte	0x1
 412 0253 57020000 		.4byte	0x257
 413 0257 09       		.uleb128 0x9
 414 0258 6D020000 		.4byte	0x26d
 415 025c 0B       		.uleb128 0xb
 416 025d 97000000 		.4byte	0x97
ARM GAS  C:\Users\hejmi\AppData\Local\Temp\ccD3iOGx.s 			page 10


 417 0261 0B       		.uleb128 0xb
 418 0262 A2000000 		.4byte	0xa2
 419 0266 0B       		.uleb128 0xb
 420 0267 73020000 		.4byte	0x273
 421 026b 00       		.byte	0
 422 026c 00       		.byte	0
 423 026d 05       		.uleb128 0x5
 424 026e 04       		.byte	0x4
 425 026f EA000000 		.4byte	0xea
 426 0273 05       		.uleb128 0x5
 427 0274 04       		.byte	0x4
 428 0275 97000000 		.4byte	0x97
 429 0279 0D       		.uleb128 0xd
 430 027a 9E020000 		.4byte	.LASF39
 431 027e 05       		.byte	0x5
 432 027f 06       		.byte	0x6
 433 0280 1A       		.byte	0x1a
 434 0281 C2020000 		.4byte	0x2c2
 435 0285 0E       		.uleb128 0xe
 436 0286 74636300 		.ascii	"tcc\000"
 437 028a 06       		.byte	0x6
 438 028b 1C       		.byte	0x1c
 439 028c C2020000 		.4byte	0x2c2
 440 0290 00       		.byte	0
 441 0291 0F       		.uleb128 0xf
 442 0292 EE050000 		.4byte	.LASF35
 443 0296 06       		.byte	0x6
 444 0297 1C       		.byte	0x1c
 445 0298 C2020000 		.4byte	0x2c2
 446 029c 01       		.byte	0x1
 447 029d 0E       		.uleb128 0xe
 448 029e 64737300 		.ascii	"dss\000"
 449 02a2 06       		.byte	0x6
 450 02a3 1C       		.byte	0x1c
 451 02a4 C2020000 		.4byte	0x2c2
 452 02a8 02       		.byte	0x2
 453 02a9 0F       		.uleb128 0xf
 454 02aa 05010000 		.4byte	.LASF36
 455 02ae 06       		.byte	0x6
 456 02af 1C       		.byte	0x1c
 457 02b0 C2020000 		.4byte	0x2c2
 458 02b4 03       		.byte	0x3
 459 02b5 0F       		.uleb128 0xf
 460 02b6 BD020000 		.4byte	.LASF37
 461 02ba 06       		.byte	0x6
 462 02bb 1C       		.byte	0x1c
 463 02bc C2020000 		.4byte	0x2c2
 464 02c0 04       		.byte	0x4
 465 02c1 00       		.byte	0
 466 02c2 02       		.uleb128 0x2
 467 02c3 01       		.byte	0x1
 468 02c4 02       		.byte	0x2
 469 02c5 94040000 		.4byte	.LASF38
 470 02c9 0D       		.uleb128 0xd
 471 02ca 9A000000 		.4byte	.LASF40
 472 02ce 18       		.byte	0x18
 473 02cf 06       		.byte	0x6
ARM GAS  C:\Users\hejmi\AppData\Local\Temp\ccD3iOGx.s 			page 11


 474 02d0 1F       		.byte	0x1f
 475 02d1 36030000 		.4byte	0x336
 476 02d5 0F       		.uleb128 0xf
 477 02d6 0B090000 		.4byte	.LASF41
 478 02da 06       		.byte	0x6
 479 02db 21       		.byte	0x21
 480 02dc A2000000 		.4byte	0xa2
 481 02e0 00       		.byte	0
 482 02e1 0F       		.uleb128 0xf
 483 02e2 B7060000 		.4byte	.LASF42
 484 02e6 06       		.byte	0x6
 485 02e7 21       		.byte	0x21
 486 02e8 A2000000 		.4byte	0xa2
 487 02ec 02       		.byte	0x2
 488 02ed 0F       		.uleb128 0xf
 489 02ee 39030000 		.4byte	.LASF43
 490 02f2 06       		.byte	0x6
 491 02f3 22       		.byte	0x22
 492 02f4 A2000000 		.4byte	0xa2
 493 02f8 04       		.byte	0x4
 494 02f9 0F       		.uleb128 0xf
 495 02fa 24080000 		.4byte	.LASF44
 496 02fe 06       		.byte	0x6
 497 02ff 22       		.byte	0x22
 498 0300 A2000000 		.4byte	0xa2
 499 0304 06       		.byte	0x6
 500 0305 0F       		.uleb128 0xf
 501 0306 3B090000 		.4byte	.LASF45
 502 030a 06       		.byte	0x6
 503 030b 22       		.byte	0x22
 504 030c A2000000 		.4byte	0xa2
 505 0310 08       		.byte	0x8
 506 0311 0F       		.uleb128 0xf
 507 0312 4D090000 		.4byte	.LASF46
 508 0316 06       		.byte	0x6
 509 0317 23       		.byte	0x23
 510 0318 B8000000 		.4byte	0xb8
 511 031c 0C       		.byte	0xc
 512 031d 0F       		.uleb128 0xf
 513 031e CE080000 		.4byte	.LASF47
 514 0322 06       		.byte	0x6
 515 0323 23       		.byte	0x23
 516 0324 B8000000 		.4byte	0xb8
 517 0328 10       		.byte	0x10
 518 0329 0F       		.uleb128 0xf
 519 032a 00000000 		.4byte	.LASF48
 520 032e 06       		.byte	0x6
 521 032f 23       		.byte	0x23
 522 0330 B8000000 		.4byte	0xb8
 523 0334 14       		.byte	0x14
 524 0335 00       		.byte	0
 525 0336 10       		.uleb128 0x10
 526 0337 8F090000 		.4byte	.LASF121
 527 033b 01       		.byte	0x1
 528 033c 37000000 		.4byte	0x37
 529 0340 06       		.byte	0x6
 530 0341 27       		.byte	0x27
ARM GAS  C:\Users\hejmi\AppData\Local\Temp\ccD3iOGx.s 			page 12


 531 0342 53030000 		.4byte	0x353
 532 0346 11       		.uleb128 0x11
 533 0347 EE060000 		.4byte	.LASF49
 534 034b 00       		.byte	0
 535 034c 11       		.uleb128 0x11
 536 034d EF000000 		.4byte	.LASF50
 537 0351 01       		.byte	0x1
 538 0352 00       		.byte	0
 539 0353 12       		.uleb128 0x12
 540 0354 A7030000 		.4byte	.LASF51
 541 0358 10       		.byte	0x10
 542 0359 02       		.byte	0x2
 543 035a 1D       		.byte	0x1d
 544 035b 04070000 		.4byte	0x704
 545 035f 0E       		.uleb128 0xe
 546 0360 49324300 		.ascii	"I2C\000"
 547 0364 02       		.byte	0x2
 548 0365 3F       		.byte	0x3f
 549 0366 EA000000 		.4byte	0xea
 550 036a 00       		.byte	0
 551 036b 0F       		.uleb128 0xf
 552 036c 71060000 		.4byte	.LASF52
 553 0370 02       		.byte	0x2
 554 0371 41       		.byte	0x41
 555 0372 A2000000 		.4byte	0xa2
 556 0376 02       		.byte	0x2
 557 0377 0F       		.uleb128 0xf
 558 0378 6F010000 		.4byte	.LASF53
 559 037c 02       		.byte	0x2
 560 037d 42       		.byte	0x42
 561 037e 97000000 		.4byte	0x97
 562 0382 04       		.byte	0x4
 563 0383 0F       		.uleb128 0xf
 564 0384 CD040000 		.4byte	.LASF54
 565 0388 02       		.byte	0x2
 566 0389 44       		.byte	0x44
 567 038a B8000000 		.4byte	0xb8
 568 038e 08       		.byte	0x8
 569 038f 0F       		.uleb128 0xf
 570 0390 F6070000 		.4byte	.LASF55
 571 0394 02       		.byte	0x2
 572 0395 45       		.byte	0x45
 573 0396 A2000000 		.4byte	0xa2
 574 039a 0C       		.byte	0xc
 575 039b 0F       		.uleb128 0xf
 576 039c C8070000 		.4byte	.LASF56
 577 03a0 02       		.byte	0x2
 578 03a1 46       		.byte	0x46
 579 03a2 97000000 		.4byte	0x97
 580 03a6 0E       		.byte	0xe
 581 03a7 13       		.uleb128 0x13
 582 03a8 A7030000 		.4byte	.LASF51
 583 03ac 02       		.byte	0x2
 584 03ad 20       		.byte	0x20
 585 03ae AD030000 		.4byte	.LASF57
 586 03b2 04070000 		.4byte	0x704
 587 03b6 01       		.byte	0x1
ARM GAS  C:\Users\hejmi\AppData\Local\Temp\ccD3iOGx.s 			page 13


 588 03b7 BF030000 		.4byte	0x3bf
 589 03bb CA030000 		.4byte	0x3ca
 590 03bf 09       		.uleb128 0x9
 591 03c0 04070000 		.4byte	0x704
 592 03c4 0B       		.uleb128 0xb
 593 03c5 97000000 		.4byte	0x97
 594 03c9 00       		.byte	0
 595 03ca 13       		.uleb128 0x13
 596 03cb A7030000 		.4byte	.LASF51
 597 03cf 02       		.byte	0x2
 598 03d0 21       		.byte	0x21
 599 03d1 CB030000 		.4byte	.LASF58
 600 03d5 04070000 		.4byte	0x704
 601 03d9 01       		.byte	0x1
 602 03da E2030000 		.4byte	0x3e2
 603 03de E8030000 		.4byte	0x3e8
 604 03e2 09       		.uleb128 0x9
 605 03e3 04070000 		.4byte	0x704
 606 03e7 00       		.byte	0
 607 03e8 0A       		.uleb128 0xa
 608 03e9 EA040000 		.4byte	.LASF59
 609 03ed 02       		.byte	0x2
 610 03ee 24       		.byte	0x24
 611 03ef DE070000 		.4byte	.LASF60
 612 03f3 01       		.byte	0x1
 613 03f4 FC030000 		.4byte	0x3fc
 614 03f8 07040000 		.4byte	0x407
 615 03fc 09       		.uleb128 0x9
 616 03fd 04070000 		.4byte	0x704
 617 0401 0B       		.uleb128 0xb
 618 0402 A2000000 		.4byte	0xa2
 619 0406 00       		.byte	0
 620 0407 13       		.uleb128 0x13
 621 0408 78060000 		.4byte	.LASF61
 622 040c 02       		.byte	0x2
 623 040d 25       		.byte	0x25
 624 040e B5040000 		.4byte	.LASF62
 625 0412 A2000000 		.4byte	0xa2
 626 0416 01       		.byte	0x1
 627 0417 1F040000 		.4byte	0x41f
 628 041b 25040000 		.4byte	0x425
 629 041f 09       		.uleb128 0x9
 630 0420 04070000 		.4byte	0x704
 631 0424 00       		.byte	0
 632 0425 0A       		.uleb128 0xa
 633 0426 BB030000 		.4byte	.LASF63
 634 042a 02       		.byte	0x2
 635 042b 26       		.byte	0x26
 636 042c AB070000 		.4byte	.LASF64
 637 0430 01       		.byte	0x1
 638 0431 39040000 		.4byte	0x439
 639 0435 44040000 		.4byte	0x444
 640 0439 09       		.uleb128 0x9
 641 043a 04070000 		.4byte	0x704
 642 043e 0B       		.uleb128 0xb
 643 043f B8000000 		.4byte	0xb8
 644 0443 00       		.byte	0
ARM GAS  C:\Users\hejmi\AppData\Local\Temp\ccD3iOGx.s 			page 14


 645 0444 0A       		.uleb128 0xa
 646 0445 24050000 		.4byte	.LASF65
 647 0449 02       		.byte	0x2
 648 044a 27       		.byte	0x27
 649 044b 99040000 		.4byte	.LASF66
 650 044f 01       		.byte	0x1
 651 0450 58040000 		.4byte	0x458
 652 0454 5E040000 		.4byte	0x45e
 653 0458 09       		.uleb128 0x9
 654 0459 04070000 		.4byte	0x704
 655 045d 00       		.byte	0
 656 045e 13       		.uleb128 0x13
 657 045f F3050000 		.4byte	.LASF67
 658 0463 02       		.byte	0x2
 659 0464 28       		.byte	0x28
 660 0465 43010000 		.4byte	.LASF68
 661 0469 A2000000 		.4byte	0xa2
 662 046d 01       		.byte	0x1
 663 046e 76040000 		.4byte	0x476
 664 0472 7C040000 		.4byte	0x47c
 665 0476 09       		.uleb128 0x9
 666 0477 04070000 		.4byte	0x704
 667 047b 00       		.byte	0
 668 047c 13       		.uleb128 0x13
 669 047d D7020000 		.4byte	.LASF69
 670 0481 02       		.byte	0x2
 671 0482 2B       		.byte	0x2b
 672 0483 12060000 		.4byte	.LASF70
 673 0487 C2020000 		.4byte	0x2c2
 674 048b 01       		.byte	0x1
 675 048c 94040000 		.4byte	0x494
 676 0490 9F040000 		.4byte	0x49f
 677 0494 09       		.uleb128 0x9
 678 0495 04070000 		.4byte	0x704
 679 0499 0B       		.uleb128 0xb
 680 049a C2020000 		.4byte	0x2c2
 681 049e 00       		.byte	0
 682 049f 0A       		.uleb128 0xa
 683 04a0 62090000 		.4byte	.LASF71
 684 04a4 02       		.byte	0x2
 685 04a5 2C       		.byte	0x2c
 686 04a6 D6060000 		.4byte	.LASF72
 687 04aa 01       		.byte	0x1
 688 04ab B3040000 		.4byte	0x4b3
 689 04af B9040000 		.4byte	0x4b9
 690 04b3 09       		.uleb128 0x9
 691 04b4 04070000 		.4byte	0x704
 692 04b8 00       		.byte	0
 693 04b9 0A       		.uleb128 0xa
 694 04ba D5010000 		.4byte	.LASF73
 695 04be 02       		.byte	0x2
 696 04bf 2D       		.byte	0x2d
 697 04c0 DA050000 		.4byte	.LASF74
 698 04c4 01       		.byte	0x1
 699 04c5 CD040000 		.4byte	0x4cd
 700 04c9 D3040000 		.4byte	0x4d3
 701 04cd 09       		.uleb128 0x9
ARM GAS  C:\Users\hejmi\AppData\Local\Temp\ccD3iOGx.s 			page 15


 702 04ce 04070000 		.4byte	0x704
 703 04d2 00       		.byte	0
 704 04d3 0A       		.uleb128 0xa
 705 04d4 9E030000 		.4byte	.LASF75
 706 04d8 02       		.byte	0x2
 707 04d9 2E       		.byte	0x2e
 708 04da 16040000 		.4byte	.LASF76
 709 04de 01       		.byte	0x1
 710 04df E7040000 		.4byte	0x4e7
 711 04e3 F2040000 		.4byte	0x4f2
 712 04e7 09       		.uleb128 0x9
 713 04e8 04070000 		.4byte	0x704
 714 04ec 0B       		.uleb128 0xb
 715 04ed C2020000 		.4byte	0x2c2
 716 04f1 00       		.byte	0
 717 04f2 0A       		.uleb128 0xa
 718 04f3 DA090000 		.4byte	.LASF77
 719 04f7 02       		.byte	0x2
 720 04f8 2F       		.byte	0x2f
 721 04f9 86080000 		.4byte	.LASF78
 722 04fd 01       		.byte	0x1
 723 04fe 06050000 		.4byte	0x506
 724 0502 0C050000 		.4byte	0x50c
 725 0506 09       		.uleb128 0x9
 726 0507 04070000 		.4byte	0x704
 727 050b 00       		.byte	0
 728 050c 0A       		.uleb128 0xa
 729 050d 16050000 		.4byte	.LASF79
 730 0511 02       		.byte	0x2
 731 0512 30       		.byte	0x30
 732 0513 56060000 		.4byte	.LASF80
 733 0517 01       		.byte	0x1
 734 0518 20050000 		.4byte	0x520
 735 051c 26050000 		.4byte	0x526
 736 0520 09       		.uleb128 0x9
 737 0521 04070000 		.4byte	0x704
 738 0525 00       		.byte	0
 739 0526 0A       		.uleb128 0xa
 740 0527 C3050000 		.4byte	.LASF81
 741 052b 02       		.byte	0x2
 742 052c 31       		.byte	0x31
 743 052d 46020000 		.4byte	.LASF82
 744 0531 01       		.byte	0x1
 745 0532 3A050000 		.4byte	0x53a
 746 0536 45050000 		.4byte	0x545
 747 053a 09       		.uleb128 0x9
 748 053b 04070000 		.4byte	0x704
 749 053f 0B       		.uleb128 0xb
 750 0540 0A070000 		.4byte	0x70a
 751 0544 00       		.byte	0
 752 0545 0A       		.uleb128 0xa
 753 0546 7D010000 		.4byte	.LASF83
 754 054a 02       		.byte	0x2
 755 054b 32       		.byte	0x32
 756 054c F4010000 		.4byte	.LASF84
 757 0550 01       		.byte	0x1
 758 0551 59050000 		.4byte	0x559
ARM GAS  C:\Users\hejmi\AppData\Local\Temp\ccD3iOGx.s 			page 16


 759 0555 69050000 		.4byte	0x569
 760 0559 09       		.uleb128 0x9
 761 055a 04070000 		.4byte	0x704
 762 055e 0B       		.uleb128 0xb
 763 055f 10070000 		.4byte	0x710
 764 0563 0B       		.uleb128 0xb
 765 0564 1B070000 		.4byte	0x71b
 766 0568 00       		.byte	0
 767 0569 13       		.uleb128 0x13
 768 056a 72080000 		.4byte	.LASF85
 769 056e 02       		.byte	0x2
 770 056f 33       		.byte	0x33
 771 0570 5C050000 		.4byte	.LASF86
 772 0574 97000000 		.4byte	0x97
 773 0578 01       		.byte	0x1
 774 0579 81050000 		.4byte	0x581
 775 057d 8C050000 		.4byte	0x58c
 776 0581 09       		.uleb128 0x9
 777 0582 04070000 		.4byte	0x704
 778 0586 0B       		.uleb128 0xb
 779 0587 36030000 		.4byte	0x336
 780 058b 00       		.byte	0
 781 058c 13       		.uleb128 0x13
 782 058d F5040000 		.4byte	.LASF87
 783 0591 02       		.byte	0x2
 784 0592 34       		.byte	0x34
 785 0593 49040000 		.4byte	.LASF88
 786 0597 B8000000 		.4byte	0xb8
 787 059b 01       		.byte	0x1
 788 059c A4050000 		.4byte	0x5a4
 789 05a0 AA050000 		.4byte	0x5aa
 790 05a4 09       		.uleb128 0x9
 791 05a5 04070000 		.4byte	0x704
 792 05a9 00       		.byte	0
 793 05aa 13       		.uleb128 0x13
 794 05ab 03030000 		.4byte	.LASF89
 795 05af 02       		.byte	0x2
 796 05b0 35       		.byte	0x35
 797 05b1 ED030000 		.4byte	.LASF90
 798 05b5 B8000000 		.4byte	0xb8
 799 05b9 01       		.byte	0x1
 800 05ba C2050000 		.4byte	0x5c2
 801 05be D2050000 		.4byte	0x5d2
 802 05c2 09       		.uleb128 0x9
 803 05c3 04070000 		.4byte	0x704
 804 05c7 0B       		.uleb128 0xb
 805 05c8 A2000000 		.4byte	0xa2
 806 05cc 0B       		.uleb128 0xb
 807 05cd 97000000 		.4byte	0x97
 808 05d1 00       		.byte	0
 809 05d2 13       		.uleb128 0x13
 810 05d3 1E030000 		.4byte	.LASF91
 811 05d7 02       		.byte	0x2
 812 05d8 36       		.byte	0x36
 813 05d9 33050000 		.4byte	.LASF92
 814 05dd B8000000 		.4byte	0xb8
 815 05e1 01       		.byte	0x1
ARM GAS  C:\Users\hejmi\AppData\Local\Temp\ccD3iOGx.s 			page 17


 816 05e2 EA050000 		.4byte	0x5ea
 817 05e6 FA050000 		.4byte	0x5fa
 818 05ea 09       		.uleb128 0x9
 819 05eb 04070000 		.4byte	0x704
 820 05ef 0B       		.uleb128 0xb
 821 05f0 B8000000 		.4byte	0xb8
 822 05f4 0B       		.uleb128 0xb
 823 05f5 97000000 		.4byte	0x97
 824 05f9 00       		.byte	0
 825 05fa 13       		.uleb128 0x13
 826 05fb 36060000 		.4byte	.LASF93
 827 05ff 02       		.byte	0x2
 828 0600 37       		.byte	0x37
 829 0601 9E050000 		.4byte	.LASF94
 830 0605 C2020000 		.4byte	0x2c2
 831 0609 01       		.byte	0x1
 832 060a 12060000 		.4byte	0x612
 833 060e 1D060000 		.4byte	0x61d
 834 0612 09       		.uleb128 0x9
 835 0613 04070000 		.4byte	0x704
 836 0617 0B       		.uleb128 0xb
 837 0618 C3000000 		.4byte	0xc3
 838 061c 00       		.byte	0
 839 061d 13       		.uleb128 0x13
 840 061e 5C030000 		.4byte	.LASF95
 841 0622 02       		.byte	0x2
 842 0623 38       		.byte	0x38
 843 0624 3A000000 		.4byte	.LASF96
 844 0628 C2020000 		.4byte	0x2c2
 845 062c 01       		.byte	0x1
 846 062d 35060000 		.4byte	0x635
 847 0631 45060000 		.4byte	0x645
 848 0635 09       		.uleb128 0x9
 849 0636 04070000 		.4byte	0x704
 850 063a 0B       		.uleb128 0xb
 851 063b 73020000 		.4byte	0x273
 852 063f 0B       		.uleb128 0xb
 853 0640 21070000 		.4byte	0x721
 854 0644 00       		.byte	0
 855 0645 13       		.uleb128 0x13
 856 0646 C9020000 		.4byte	.LASF97
 857 064a 02       		.byte	0x2
 858 064b 39       		.byte	0x39
 859 064c 74090000 		.4byte	.LASF98
 860 0650 A2000000 		.4byte	0xa2
 861 0654 01       		.byte	0x1
 862 0655 5D060000 		.4byte	0x65d
 863 0659 68060000 		.4byte	0x668
 864 065d 09       		.uleb128 0x9
 865 065e 04070000 		.4byte	0x704
 866 0662 0B       		.uleb128 0xb
 867 0663 A2000000 		.4byte	0xa2
 868 0667 00       		.byte	0
 869 0668 13       		.uleb128 0x13
 870 0669 95010000 		.4byte	.LASF99
 871 066d 02       		.byte	0x2
 872 066e 3A       		.byte	0x3a
ARM GAS  C:\Users\hejmi\AppData\Local\Temp\ccD3iOGx.s 			page 18


 873 066f A6080000 		.4byte	.LASF100
 874 0673 C2020000 		.4byte	0x2c2
 875 0677 01       		.byte	0x1
 876 0678 80060000 		.4byte	0x680
 877 067c 8B060000 		.4byte	0x68b
 878 0680 09       		.uleb128 0x9
 879 0681 04070000 		.4byte	0x704
 880 0685 0B       		.uleb128 0xb
 881 0686 B8000000 		.4byte	0xb8
 882 068a 00       		.byte	0
 883 068b 13       		.uleb128 0x13
 884 068c BF010000 		.4byte	.LASF101
 885 0690 02       		.byte	0x2
 886 0691 3B       		.byte	0x3b
 887 0692 71040000 		.4byte	.LASF102
 888 0696 C2020000 		.4byte	0x2c2
 889 069a 01       		.byte	0x1
 890 069b A3060000 		.4byte	0x6a3
 891 069f A9060000 		.4byte	0x6a9
 892 06a3 09       		.uleb128 0x9
 893 06a4 04070000 		.4byte	0x704
 894 06a8 00       		.byte	0
 895 06a9 13       		.uleb128 0x13
 896 06aa F1080000 		.4byte	.LASF103
 897 06ae 02       		.byte	0x2
 898 06af 3C       		.byte	0x3c
 899 06b0 09080000 		.4byte	.LASF104
 900 06b4 A2000000 		.4byte	0xa2
 901 06b8 01       		.byte	0x1
 902 06b9 C1060000 		.4byte	0x6c1
 903 06bd CC060000 		.4byte	0x6cc
 904 06c1 09       		.uleb128 0x9
 905 06c2 04070000 		.4byte	0x704
 906 06c6 0B       		.uleb128 0xb
 907 06c7 A2000000 		.4byte	0xa2
 908 06cb 00       		.byte	0
 909 06cc 14       		.uleb128 0x14
 910 06cd 83060000 		.4byte	.LASF106
 911 06d1 02       		.byte	0x2
 912 06d2 40       		.byte	0x40
 913 06d3 8D060000 		.4byte	.LASF108
 914 06d7 DF060000 		.4byte	0x6df
 915 06db E5060000 		.4byte	0x6e5
 916 06df 09       		.uleb128 0x9
 917 06e0 04070000 		.4byte	0x704
 918 06e4 00       		.byte	0
 919 06e5 15       		.uleb128 0x15
 920 06e6 17000000 		.4byte	.LASF109
 921 06ea 02       		.byte	0x2
 922 06eb 43       		.byte	0x43
 923 06ec 1A010000 		.4byte	.LASF110
 924 06f0 C2020000 		.4byte	0x2c2
 925 06f4 F8060000 		.4byte	0x6f8
 926 06f8 09       		.uleb128 0x9
 927 06f9 04070000 		.4byte	0x704
 928 06fd 0B       		.uleb128 0xb
 929 06fe 97000000 		.4byte	0x97
ARM GAS  C:\Users\hejmi\AppData\Local\Temp\ccD3iOGx.s 			page 19


 930 0702 00       		.byte	0
 931 0703 00       		.byte	0
 932 0704 05       		.uleb128 0x5
 933 0705 04       		.byte	0x4
 934 0706 53030000 		.4byte	0x353
 935 070a 05       		.uleb128 0x5
 936 070b 04       		.byte	0x4
 937 070c 79020000 		.4byte	0x279
 938 0710 05       		.uleb128 0x5
 939 0711 04       		.byte	0x4
 940 0712 16070000 		.4byte	0x716
 941 0716 16       		.uleb128 0x16
 942 0717 79020000 		.4byte	0x279
 943 071b 05       		.uleb128 0x5
 944 071c 04       		.byte	0x4
 945 071d C9020000 		.4byte	0x2c9
 946 0721 05       		.uleb128 0x5
 947 0722 04       		.byte	0x4
 948 0723 C2020000 		.4byte	0x2c2
 949 0727 17       		.uleb128 0x17
 950 0728 F6000000 		.4byte	0xf6
 951 072c 03       		.byte	0x3
 952 072d 35070000 		.4byte	0x735
 953 0731 3F070000 		.4byte	0x73f
 954 0735 18       		.uleb128 0x18
 955 0736 BE050000 		.4byte	.LASF111
 956 073a 3F070000 		.4byte	0x73f
 957 073e 00       		.byte	0
 958 073f 16       		.uleb128 0x16
 959 0740 6D020000 		.4byte	0x26d
 960 0744 17       		.uleb128 0x17
 961 0745 CA030000 		.4byte	0x3ca
 962 0749 03       		.byte	0x3
 963 074a 52070000 		.4byte	0x752
 964 074e 5C070000 		.4byte	0x75c
 965 0752 18       		.uleb128 0x18
 966 0753 BE050000 		.4byte	.LASF111
 967 0757 5C070000 		.4byte	0x75c
 968 075b 00       		.byte	0
 969 075c 16       		.uleb128 0x16
 970 075d 04070000 		.4byte	0x704
 971 0761 17       		.uleb128 0x17
 972 0762 E8030000 		.4byte	0x3e8
 973 0766 03       		.byte	0x3
 974 0767 6F070000 		.4byte	0x76f
 975 076b 84070000 		.4byte	0x784
 976 076f 18       		.uleb128 0x18
 977 0770 BE050000 		.4byte	.LASF111
 978 0774 5C070000 		.4byte	0x75c
 979 0778 19       		.uleb128 0x19
 980 0779 4D080000 		.4byte	.LASF122
 981 077d 02       		.byte	0x2
 982 077e 24       		.byte	0x24
 983 077f A2000000 		.4byte	0xa2
 984 0783 00       		.byte	0
 985 0784 1A       		.uleb128 0x1a
 986 0785 5D090000 		.4byte	.LASF123
ARM GAS  C:\Users\hejmi\AppData\Local\Temp\ccD3iOGx.s 			page 20


 987 0789 01       		.byte	0x1
 988 078a 23       		.byte	0x23
 989 078b 89000000 		.4byte	0x89
 990 078f 00000000 		.4byte	.LFB75
 991 0793 5C000000 		.4byte	.LFE75-.LFB75
 992 0797 01       		.uleb128 0x1
 993 0798 9C       		.byte	0x9c
 994 0799 7C080000 		.4byte	0x87c
 995 079d 1B       		.uleb128 0x1b
 996 079e 01080000 		.4byte	.LASF124
 997 07a2 01       		.byte	0x1
 998 07a3 28       		.byte	0x28
 999 07a4 53030000 		.4byte	0x353
 1000 07a8 02       		.uleb128 0x2
 1001 07a9 91       		.byte	0x91
 1002 07aa 68       		.sleb128 -24
 1003 07ab 1C       		.uleb128 0x1c
 1004 07ac 44070000 		.4byte	0x744
 1005 07b0 06000000 		.4byte	.LBB11
 1006 07b4 06000000 		.4byte	.LBE11-.LBB11
 1007 07b8 01       		.byte	0x1
 1008 07b9 28       		.byte	0x28
 1009 07ba C8070000 		.4byte	0x7c8
 1010 07be 1D       		.uleb128 0x1d
 1011 07bf 52070000 		.4byte	0x752
 1012 07c3 00000000 		.4byte	.LLST0
 1013 07c7 00       		.byte	0
 1014 07c8 1C       		.uleb128 0x1c
 1015 07c9 61070000 		.4byte	0x761
 1016 07cd 14000000 		.4byte	.LBB13
 1017 07d1 08000000 		.4byte	.LBE13-.LBB13
 1018 07d5 01       		.byte	0x1
 1019 07d6 2A       		.byte	0x2a
 1020 07d7 EE070000 		.4byte	0x7ee
 1021 07db 1D       		.uleb128 0x1d
 1022 07dc 78070000 		.4byte	0x778
 1023 07e0 13000000 		.4byte	.LLST1
 1024 07e4 1D       		.uleb128 0x1d
 1025 07e5 6F070000 		.4byte	0x76f
 1026 07e9 29000000 		.4byte	.LLST2
 1027 07ed 00       		.byte	0
 1028 07ee 1E       		.uleb128 0x1e
 1029 07ef 14000000 		.4byte	.LVL2
 1030 07f3 7C040000 		.4byte	0x47c
 1031 07f7 07080000 		.4byte	0x807
 1032 07fb 1F       		.uleb128 0x1f
 1033 07fc 01       		.uleb128 0x1
 1034 07fd 50       		.byte	0x50
 1035 07fe 02       		.uleb128 0x2
 1036 07ff 7D       		.byte	0x7d
 1037 0800 00       		.sleb128 0
 1038 0801 1F       		.uleb128 0x1f
 1039 0802 01       		.uleb128 0x1
 1040 0803 51       		.byte	0x51
 1041 0804 01       		.uleb128 0x1
 1042 0805 30       		.byte	0x30
 1043 0806 00       		.byte	0
ARM GAS  C:\Users\hejmi\AppData\Local\Temp\ccD3iOGx.s 			page 21


 1044 0807 1E       		.uleb128 0x1e
 1045 0808 24000000 		.4byte	.LVL4
 1046 080c 25040000 		.4byte	0x425
 1047 0810 20080000 		.4byte	0x820
 1048 0814 1F       		.uleb128 0x1f
 1049 0815 01       		.uleb128 0x1
 1050 0816 50       		.byte	0x50
 1051 0817 02       		.uleb128 0x2
 1052 0818 7D       		.byte	0x7d
 1053 0819 00       		.sleb128 0
 1054 081a 1F       		.uleb128 0x1f
 1055 081b 01       		.uleb128 0x1
 1056 081c 51       		.byte	0x51
 1057 081d 01       		.uleb128 0x1
 1058 081e 30       		.byte	0x30
 1059 081f 00       		.byte	0
 1060 0820 1E       		.uleb128 0x1e
 1061 0821 2A000000 		.4byte	.LVL5
 1062 0825 5E040000 		.4byte	0x45e
 1063 0829 34080000 		.4byte	0x834
 1064 082d 1F       		.uleb128 0x1f
 1065 082e 01       		.uleb128 0x1
 1066 082f 50       		.byte	0x50
 1067 0830 02       		.uleb128 0x2
 1068 0831 7D       		.byte	0x7d
 1069 0832 00       		.sleb128 0
 1070 0833 00       		.byte	0
 1071 0834 1E       		.uleb128 0x1e
 1072 0835 34000000 		.4byte	.LVL6
 1073 0839 AF080000 		.4byte	0x8af
 1074 083d 4B080000 		.4byte	0x84b
 1075 0841 1F       		.uleb128 0x1f
 1076 0842 01       		.uleb128 0x1
 1077 0843 50       		.byte	0x50
 1078 0844 05       		.uleb128 0x5
 1079 0845 03       		.byte	0x3
 1080 0846 00000000 		.4byte	.LC0
 1081 084a 00       		.byte	0
 1082 084b 1E       		.uleb128 0x1e
 1083 084c 40000000 		.4byte	.LVL7
 1084 0850 BA080000 		.4byte	0x8ba
 1085 0854 62080000 		.4byte	0x862
 1086 0858 1F       		.uleb128 0x1f
 1087 0859 01       		.uleb128 0x1
 1088 085a 51       		.byte	0x51
 1089 085b 05       		.uleb128 0x5
 1090 085c 03       		.byte	0x3
 1091 085d 08000000 		.4byte	.LC1
 1092 0861 00       		.byte	0
 1093 0862 20       		.uleb128 0x20
 1094 0863 46000000 		.4byte	.LVL8
 1095 0867 AF080000 		.4byte	0x8af
 1096 086b 21       		.uleb128 0x21
 1097 086c 4C000000 		.4byte	.LVL9
 1098 0870 C5080000 		.4byte	0x8c5
 1099 0874 1F       		.uleb128 0x1f
 1100 0875 01       		.uleb128 0x1
ARM GAS  C:\Users\hejmi\AppData\Local\Temp\ccD3iOGx.s 			page 22


 1101 0876 50       		.byte	0x50
 1102 0877 02       		.uleb128 0x2
 1103 0878 08       		.byte	0x8
 1104 0879 FA       		.byte	0xfa
 1105 087a 00       		.byte	0
 1106 087b 00       		.byte	0
 1107 087c 22       		.uleb128 0x22
 1108 087d 49060000 		.4byte	.LASF112
 1109 0881 07       		.byte	0x7
 1110 0882 1207     		.2byte	0x712
 1111 0884 88080000 		.4byte	0x888
 1112 0888 06       		.uleb128 0x6
 1113 0889 AD000000 		.4byte	0xad
 1114 088d 23       		.uleb128 0x23
 1115 088e 10050000 		.4byte	.LASF113
 1116 0892 01       		.byte	0x1
 1117 0893 20       		.byte	0x20
 1118 0894 E5000000 		.4byte	0xe5
 1119 0898 05       		.uleb128 0x5
 1120 0899 03       		.byte	0x3
 1121 089a 00000000 		.4byte	range
 1122 089e 24       		.uleb128 0x24
 1123 089f 62756600 		.ascii	"buf\000"
 1124 08a3 01       		.byte	0x1
 1125 08a4 21       		.byte	0x21
 1126 08a5 DF000000 		.4byte	0xdf
 1127 08a9 05       		.uleb128 0x5
 1128 08aa 03       		.byte	0x3
 1129 08ab 00000000 		.4byte	buf
 1130 08af 25       		.uleb128 0x25
 1131 08b0 DC020000 		.4byte	.LASF114
 1132 08b4 DC020000 		.4byte	.LASF114
 1133 08b8 08       		.byte	0x8
 1134 08b9 8B       		.byte	0x8b
 1135 08ba 25       		.uleb128 0x25
 1136 08bb 8D050000 		.4byte	.LASF115
 1137 08bf 8D050000 		.4byte	.LASF115
 1138 08c3 09       		.byte	0x9
 1139 08c4 E7       		.byte	0xe7
 1140 08c5 25       		.uleb128 0x25
 1141 08c6 0F000000 		.4byte	.LASF116
 1142 08ca 0F000000 		.4byte	.LASF116
 1143 08ce 0A       		.byte	0xa
 1144 08cf 76       		.byte	0x76
 1145 08d0 00       		.byte	0
 1146              		.section	.debug_abbrev,"",%progbits
 1147              	.Ldebug_abbrev0:
 1148 0000 01       		.uleb128 0x1
 1149 0001 11       		.uleb128 0x11
 1150 0002 01       		.byte	0x1
 1151 0003 25       		.uleb128 0x25
 1152 0004 0E       		.uleb128 0xe
 1153 0005 13       		.uleb128 0x13
 1154 0006 0B       		.uleb128 0xb
 1155 0007 03       		.uleb128 0x3
 1156 0008 0E       		.uleb128 0xe
 1157 0009 1B       		.uleb128 0x1b
ARM GAS  C:\Users\hejmi\AppData\Local\Temp\ccD3iOGx.s 			page 23


 1158 000a 0E       		.uleb128 0xe
 1159 000b 55       		.uleb128 0x55
 1160 000c 17       		.uleb128 0x17
 1161 000d 11       		.uleb128 0x11
 1162 000e 01       		.uleb128 0x1
 1163 000f 10       		.uleb128 0x10
 1164 0010 17       		.uleb128 0x17
 1165 0011 00       		.byte	0
 1166 0012 00       		.byte	0
 1167 0013 02       		.uleb128 0x2
 1168 0014 24       		.uleb128 0x24
 1169 0015 00       		.byte	0
 1170 0016 0B       		.uleb128 0xb
 1171 0017 0B       		.uleb128 0xb
 1172 0018 3E       		.uleb128 0x3e
 1173 0019 0B       		.uleb128 0xb
 1174 001a 03       		.uleb128 0x3
 1175 001b 0E       		.uleb128 0xe
 1176 001c 00       		.byte	0
 1177 001d 00       		.byte	0
 1178 001e 03       		.uleb128 0x3
 1179 001f 16       		.uleb128 0x16
 1180 0020 00       		.byte	0
 1181 0021 03       		.uleb128 0x3
 1182 0022 0E       		.uleb128 0xe
 1183 0023 3A       		.uleb128 0x3a
 1184 0024 0B       		.uleb128 0xb
 1185 0025 3B       		.uleb128 0x3b
 1186 0026 0B       		.uleb128 0xb
 1187 0027 49       		.uleb128 0x49
 1188 0028 13       		.uleb128 0x13
 1189 0029 00       		.byte	0
 1190 002a 00       		.byte	0
 1191 002b 04       		.uleb128 0x4
 1192 002c 24       		.uleb128 0x24
 1193 002d 00       		.byte	0
 1194 002e 0B       		.uleb128 0xb
 1195 002f 0B       		.uleb128 0xb
 1196 0030 3E       		.uleb128 0x3e
 1197 0031 0B       		.uleb128 0xb
 1198 0032 03       		.uleb128 0x3
 1199 0033 08       		.uleb128 0x8
 1200 0034 00       		.byte	0
 1201 0035 00       		.byte	0
 1202 0036 05       		.uleb128 0x5
 1203 0037 0F       		.uleb128 0xf
 1204 0038 00       		.byte	0
 1205 0039 0B       		.uleb128 0xb
 1206 003a 0B       		.uleb128 0xb
 1207 003b 49       		.uleb128 0x49
 1208 003c 13       		.uleb128 0x13
 1209 003d 00       		.byte	0
 1210 003e 00       		.byte	0
 1211 003f 06       		.uleb128 0x6
 1212 0040 35       		.uleb128 0x35
 1213 0041 00       		.byte	0
 1214 0042 49       		.uleb128 0x49
ARM GAS  C:\Users\hejmi\AppData\Local\Temp\ccD3iOGx.s 			page 24


 1215 0043 13       		.uleb128 0x13
 1216 0044 00       		.byte	0
 1217 0045 00       		.byte	0
 1218 0046 07       		.uleb128 0x7
 1219 0047 02       		.uleb128 0x2
 1220 0048 01       		.byte	0x1
 1221 0049 03       		.uleb128 0x3
 1222 004a 08       		.uleb128 0x8
 1223 004b 0B       		.uleb128 0xb
 1224 004c 0B       		.uleb128 0xb
 1225 004d 3A       		.uleb128 0x3a
 1226 004e 0B       		.uleb128 0xb
 1227 004f 3B       		.uleb128 0x3b
 1228 0050 0B       		.uleb128 0xb
 1229 0051 01       		.uleb128 0x1
 1230 0052 13       		.uleb128 0x13
 1231 0053 00       		.byte	0
 1232 0054 00       		.byte	0
 1233 0055 08       		.uleb128 0x8
 1234 0056 2E       		.uleb128 0x2e
 1235 0057 01       		.byte	0x1
 1236 0058 3F       		.uleb128 0x3f
 1237 0059 19       		.uleb128 0x19
 1238 005a 03       		.uleb128 0x3
 1239 005b 08       		.uleb128 0x8
 1240 005c 3A       		.uleb128 0x3a
 1241 005d 0B       		.uleb128 0xb
 1242 005e 3B       		.uleb128 0x3b
 1243 005f 0B       		.uleb128 0xb
 1244 0060 6E       		.uleb128 0x6e
 1245 0061 0E       		.uleb128 0xe
 1246 0062 49       		.uleb128 0x49
 1247 0063 13       		.uleb128 0x13
 1248 0064 32       		.uleb128 0x32
 1249 0065 0B       		.uleb128 0xb
 1250 0066 3C       		.uleb128 0x3c
 1251 0067 19       		.uleb128 0x19
 1252 0068 64       		.uleb128 0x64
 1253 0069 13       		.uleb128 0x13
 1254 006a 01       		.uleb128 0x1
 1255 006b 13       		.uleb128 0x13
 1256 006c 00       		.byte	0
 1257 006d 00       		.byte	0
 1258 006e 09       		.uleb128 0x9
 1259 006f 05       		.uleb128 0x5
 1260 0070 00       		.byte	0
 1261 0071 49       		.uleb128 0x49
 1262 0072 13       		.uleb128 0x13
 1263 0073 34       		.uleb128 0x34
 1264 0074 19       		.uleb128 0x19
 1265 0075 00       		.byte	0
 1266 0076 00       		.byte	0
 1267 0077 0A       		.uleb128 0xa
 1268 0078 2E       		.uleb128 0x2e
 1269 0079 01       		.byte	0x1
 1270 007a 3F       		.uleb128 0x3f
 1271 007b 19       		.uleb128 0x19
ARM GAS  C:\Users\hejmi\AppData\Local\Temp\ccD3iOGx.s 			page 25


 1272 007c 03       		.uleb128 0x3
 1273 007d 0E       		.uleb128 0xe
 1274 007e 3A       		.uleb128 0x3a
 1275 007f 0B       		.uleb128 0xb
 1276 0080 3B       		.uleb128 0x3b
 1277 0081 0B       		.uleb128 0xb
 1278 0082 6E       		.uleb128 0x6e
 1279 0083 0E       		.uleb128 0xe
 1280 0084 32       		.uleb128 0x32
 1281 0085 0B       		.uleb128 0xb
 1282 0086 3C       		.uleb128 0x3c
 1283 0087 19       		.uleb128 0x19
 1284 0088 64       		.uleb128 0x64
 1285 0089 13       		.uleb128 0x13
 1286 008a 01       		.uleb128 0x1
 1287 008b 13       		.uleb128 0x13
 1288 008c 00       		.byte	0
 1289 008d 00       		.byte	0
 1290 008e 0B       		.uleb128 0xb
 1291 008f 05       		.uleb128 0x5
 1292 0090 00       		.byte	0
 1293 0091 49       		.uleb128 0x49
 1294 0092 13       		.uleb128 0x13
 1295 0093 00       		.byte	0
 1296 0094 00       		.byte	0
 1297 0095 0C       		.uleb128 0xc
 1298 0096 2E       		.uleb128 0x2e
 1299 0097 01       		.byte	0x1
 1300 0098 3F       		.uleb128 0x3f
 1301 0099 19       		.uleb128 0x19
 1302 009a 03       		.uleb128 0x3
 1303 009b 0E       		.uleb128 0xe
 1304 009c 3A       		.uleb128 0x3a
 1305 009d 0B       		.uleb128 0xb
 1306 009e 3B       		.uleb128 0x3b
 1307 009f 0B       		.uleb128 0xb
 1308 00a0 6E       		.uleb128 0x6e
 1309 00a1 0E       		.uleb128 0xe
 1310 00a2 32       		.uleb128 0x32
 1311 00a3 0B       		.uleb128 0xb
 1312 00a4 3C       		.uleb128 0x3c
 1313 00a5 19       		.uleb128 0x19
 1314 00a6 64       		.uleb128 0x64
 1315 00a7 13       		.uleb128 0x13
 1316 00a8 00       		.byte	0
 1317 00a9 00       		.byte	0
 1318 00aa 0D       		.uleb128 0xd
 1319 00ab 13       		.uleb128 0x13
 1320 00ac 01       		.byte	0x1
 1321 00ad 03       		.uleb128 0x3
 1322 00ae 0E       		.uleb128 0xe
 1323 00af 0B       		.uleb128 0xb
 1324 00b0 0B       		.uleb128 0xb
 1325 00b1 3A       		.uleb128 0x3a
 1326 00b2 0B       		.uleb128 0xb
 1327 00b3 3B       		.uleb128 0x3b
 1328 00b4 0B       		.uleb128 0xb
ARM GAS  C:\Users\hejmi\AppData\Local\Temp\ccD3iOGx.s 			page 26


 1329 00b5 01       		.uleb128 0x1
 1330 00b6 13       		.uleb128 0x13
 1331 00b7 00       		.byte	0
 1332 00b8 00       		.byte	0
 1333 00b9 0E       		.uleb128 0xe
 1334 00ba 0D       		.uleb128 0xd
 1335 00bb 00       		.byte	0
 1336 00bc 03       		.uleb128 0x3
 1337 00bd 08       		.uleb128 0x8
 1338 00be 3A       		.uleb128 0x3a
 1339 00bf 0B       		.uleb128 0xb
 1340 00c0 3B       		.uleb128 0x3b
 1341 00c1 0B       		.uleb128 0xb
 1342 00c2 49       		.uleb128 0x49
 1343 00c3 13       		.uleb128 0x13
 1344 00c4 38       		.uleb128 0x38
 1345 00c5 0B       		.uleb128 0xb
 1346 00c6 00       		.byte	0
 1347 00c7 00       		.byte	0
 1348 00c8 0F       		.uleb128 0xf
 1349 00c9 0D       		.uleb128 0xd
 1350 00ca 00       		.byte	0
 1351 00cb 03       		.uleb128 0x3
 1352 00cc 0E       		.uleb128 0xe
 1353 00cd 3A       		.uleb128 0x3a
 1354 00ce 0B       		.uleb128 0xb
 1355 00cf 3B       		.uleb128 0x3b
 1356 00d0 0B       		.uleb128 0xb
 1357 00d1 49       		.uleb128 0x49
 1358 00d2 13       		.uleb128 0x13
 1359 00d3 38       		.uleb128 0x38
 1360 00d4 0B       		.uleb128 0xb
 1361 00d5 00       		.byte	0
 1362 00d6 00       		.byte	0
 1363 00d7 10       		.uleb128 0x10
 1364 00d8 04       		.uleb128 0x4
 1365 00d9 01       		.byte	0x1
 1366 00da 03       		.uleb128 0x3
 1367 00db 0E       		.uleb128 0xe
 1368 00dc 0B       		.uleb128 0xb
 1369 00dd 0B       		.uleb128 0xb
 1370 00de 49       		.uleb128 0x49
 1371 00df 13       		.uleb128 0x13
 1372 00e0 3A       		.uleb128 0x3a
 1373 00e1 0B       		.uleb128 0xb
 1374 00e2 3B       		.uleb128 0x3b
 1375 00e3 0B       		.uleb128 0xb
 1376 00e4 01       		.uleb128 0x1
 1377 00e5 13       		.uleb128 0x13
 1378 00e6 00       		.byte	0
 1379 00e7 00       		.byte	0
 1380 00e8 11       		.uleb128 0x11
 1381 00e9 28       		.uleb128 0x28
 1382 00ea 00       		.byte	0
 1383 00eb 03       		.uleb128 0x3
 1384 00ec 0E       		.uleb128 0xe
 1385 00ed 1C       		.uleb128 0x1c
ARM GAS  C:\Users\hejmi\AppData\Local\Temp\ccD3iOGx.s 			page 27


 1386 00ee 0B       		.uleb128 0xb
 1387 00ef 00       		.byte	0
 1388 00f0 00       		.byte	0
 1389 00f1 12       		.uleb128 0x12
 1390 00f2 02       		.uleb128 0x2
 1391 00f3 01       		.byte	0x1
 1392 00f4 03       		.uleb128 0x3
 1393 00f5 0E       		.uleb128 0xe
 1394 00f6 0B       		.uleb128 0xb
 1395 00f7 0B       		.uleb128 0xb
 1396 00f8 3A       		.uleb128 0x3a
 1397 00f9 0B       		.uleb128 0xb
 1398 00fa 3B       		.uleb128 0x3b
 1399 00fb 0B       		.uleb128 0xb
 1400 00fc 01       		.uleb128 0x1
 1401 00fd 13       		.uleb128 0x13
 1402 00fe 00       		.byte	0
 1403 00ff 00       		.byte	0
 1404 0100 13       		.uleb128 0x13
 1405 0101 2E       		.uleb128 0x2e
 1406 0102 01       		.byte	0x1
 1407 0103 3F       		.uleb128 0x3f
 1408 0104 19       		.uleb128 0x19
 1409 0105 03       		.uleb128 0x3
 1410 0106 0E       		.uleb128 0xe
 1411 0107 3A       		.uleb128 0x3a
 1412 0108 0B       		.uleb128 0xb
 1413 0109 3B       		.uleb128 0x3b
 1414 010a 0B       		.uleb128 0xb
 1415 010b 6E       		.uleb128 0x6e
 1416 010c 0E       		.uleb128 0xe
 1417 010d 49       		.uleb128 0x49
 1418 010e 13       		.uleb128 0x13
 1419 010f 32       		.uleb128 0x32
 1420 0110 0B       		.uleb128 0xb
 1421 0111 3C       		.uleb128 0x3c
 1422 0112 19       		.uleb128 0x19
 1423 0113 64       		.uleb128 0x64
 1424 0114 13       		.uleb128 0x13
 1425 0115 01       		.uleb128 0x1
 1426 0116 13       		.uleb128 0x13
 1427 0117 00       		.byte	0
 1428 0118 00       		.byte	0
 1429 0119 14       		.uleb128 0x14
 1430 011a 2E       		.uleb128 0x2e
 1431 011b 01       		.byte	0x1
 1432 011c 3F       		.uleb128 0x3f
 1433 011d 19       		.uleb128 0x19
 1434 011e 03       		.uleb128 0x3
 1435 011f 0E       		.uleb128 0xe
 1436 0120 3A       		.uleb128 0x3a
 1437 0121 0B       		.uleb128 0xb
 1438 0122 3B       		.uleb128 0x3b
 1439 0123 0B       		.uleb128 0xb
 1440 0124 6E       		.uleb128 0x6e
 1441 0125 0E       		.uleb128 0xe
 1442 0126 3C       		.uleb128 0x3c
ARM GAS  C:\Users\hejmi\AppData\Local\Temp\ccD3iOGx.s 			page 28


 1443 0127 19       		.uleb128 0x19
 1444 0128 64       		.uleb128 0x64
 1445 0129 13       		.uleb128 0x13
 1446 012a 01       		.uleb128 0x1
 1447 012b 13       		.uleb128 0x13
 1448 012c 00       		.byte	0
 1449 012d 00       		.byte	0
 1450 012e 15       		.uleb128 0x15
 1451 012f 2E       		.uleb128 0x2e
 1452 0130 01       		.byte	0x1
 1453 0131 3F       		.uleb128 0x3f
 1454 0132 19       		.uleb128 0x19
 1455 0133 03       		.uleb128 0x3
 1456 0134 0E       		.uleb128 0xe
 1457 0135 3A       		.uleb128 0x3a
 1458 0136 0B       		.uleb128 0xb
 1459 0137 3B       		.uleb128 0x3b
 1460 0138 0B       		.uleb128 0xb
 1461 0139 6E       		.uleb128 0x6e
 1462 013a 0E       		.uleb128 0xe
 1463 013b 49       		.uleb128 0x49
 1464 013c 13       		.uleb128 0x13
 1465 013d 3C       		.uleb128 0x3c
 1466 013e 19       		.uleb128 0x19
 1467 013f 64       		.uleb128 0x64
 1468 0140 13       		.uleb128 0x13
 1469 0141 00       		.byte	0
 1470 0142 00       		.byte	0
 1471 0143 16       		.uleb128 0x16
 1472 0144 26       		.uleb128 0x26
 1473 0145 00       		.byte	0
 1474 0146 49       		.uleb128 0x49
 1475 0147 13       		.uleb128 0x13
 1476 0148 00       		.byte	0
 1477 0149 00       		.byte	0
 1478 014a 17       		.uleb128 0x17
 1479 014b 2E       		.uleb128 0x2e
 1480 014c 01       		.byte	0x1
 1481 014d 47       		.uleb128 0x47
 1482 014e 13       		.uleb128 0x13
 1483 014f 20       		.uleb128 0x20
 1484 0150 0B       		.uleb128 0xb
 1485 0151 64       		.uleb128 0x64
 1486 0152 13       		.uleb128 0x13
 1487 0153 01       		.uleb128 0x1
 1488 0154 13       		.uleb128 0x13
 1489 0155 00       		.byte	0
 1490 0156 00       		.byte	0
 1491 0157 18       		.uleb128 0x18
 1492 0158 05       		.uleb128 0x5
 1493 0159 00       		.byte	0
 1494 015a 03       		.uleb128 0x3
 1495 015b 0E       		.uleb128 0xe
 1496 015c 49       		.uleb128 0x49
 1497 015d 13       		.uleb128 0x13
 1498 015e 34       		.uleb128 0x34
 1499 015f 19       		.uleb128 0x19
ARM GAS  C:\Users\hejmi\AppData\Local\Temp\ccD3iOGx.s 			page 29


 1500 0160 00       		.byte	0
 1501 0161 00       		.byte	0
 1502 0162 19       		.uleb128 0x19
 1503 0163 05       		.uleb128 0x5
 1504 0164 00       		.byte	0
 1505 0165 03       		.uleb128 0x3
 1506 0166 0E       		.uleb128 0xe
 1507 0167 3A       		.uleb128 0x3a
 1508 0168 0B       		.uleb128 0xb
 1509 0169 3B       		.uleb128 0x3b
 1510 016a 0B       		.uleb128 0xb
 1511 016b 49       		.uleb128 0x49
 1512 016c 13       		.uleb128 0x13
 1513 016d 00       		.byte	0
 1514 016e 00       		.byte	0
 1515 016f 1A       		.uleb128 0x1a
 1516 0170 2E       		.uleb128 0x2e
 1517 0171 01       		.byte	0x1
 1518 0172 3F       		.uleb128 0x3f
 1519 0173 19       		.uleb128 0x19
 1520 0174 03       		.uleb128 0x3
 1521 0175 0E       		.uleb128 0xe
 1522 0176 3A       		.uleb128 0x3a
 1523 0177 0B       		.uleb128 0xb
 1524 0178 3B       		.uleb128 0x3b
 1525 0179 0B       		.uleb128 0xb
 1526 017a 49       		.uleb128 0x49
 1527 017b 13       		.uleb128 0x13
 1528 017c 8701     		.uleb128 0x87
 1529 017e 19       		.uleb128 0x19
 1530 017f 11       		.uleb128 0x11
 1531 0180 01       		.uleb128 0x1
 1532 0181 12       		.uleb128 0x12
 1533 0182 06       		.uleb128 0x6
 1534 0183 40       		.uleb128 0x40
 1535 0184 18       		.uleb128 0x18
 1536 0185 9742     		.uleb128 0x2117
 1537 0187 19       		.uleb128 0x19
 1538 0188 01       		.uleb128 0x1
 1539 0189 13       		.uleb128 0x13
 1540 018a 00       		.byte	0
 1541 018b 00       		.byte	0
 1542 018c 1B       		.uleb128 0x1b
 1543 018d 34       		.uleb128 0x34
 1544 018e 00       		.byte	0
 1545 018f 03       		.uleb128 0x3
 1546 0190 0E       		.uleb128 0xe
 1547 0191 3A       		.uleb128 0x3a
 1548 0192 0B       		.uleb128 0xb
 1549 0193 3B       		.uleb128 0x3b
 1550 0194 0B       		.uleb128 0xb
 1551 0195 49       		.uleb128 0x49
 1552 0196 13       		.uleb128 0x13
 1553 0197 02       		.uleb128 0x2
 1554 0198 18       		.uleb128 0x18
 1555 0199 00       		.byte	0
 1556 019a 00       		.byte	0
ARM GAS  C:\Users\hejmi\AppData\Local\Temp\ccD3iOGx.s 			page 30


 1557 019b 1C       		.uleb128 0x1c
 1558 019c 1D       		.uleb128 0x1d
 1559 019d 01       		.byte	0x1
 1560 019e 31       		.uleb128 0x31
 1561 019f 13       		.uleb128 0x13
 1562 01a0 11       		.uleb128 0x11
 1563 01a1 01       		.uleb128 0x1
 1564 01a2 12       		.uleb128 0x12
 1565 01a3 06       		.uleb128 0x6
 1566 01a4 58       		.uleb128 0x58
 1567 01a5 0B       		.uleb128 0xb
 1568 01a6 59       		.uleb128 0x59
 1569 01a7 0B       		.uleb128 0xb
 1570 01a8 01       		.uleb128 0x1
 1571 01a9 13       		.uleb128 0x13
 1572 01aa 00       		.byte	0
 1573 01ab 00       		.byte	0
 1574 01ac 1D       		.uleb128 0x1d
 1575 01ad 05       		.uleb128 0x5
 1576 01ae 00       		.byte	0
 1577 01af 31       		.uleb128 0x31
 1578 01b0 13       		.uleb128 0x13
 1579 01b1 02       		.uleb128 0x2
 1580 01b2 17       		.uleb128 0x17
 1581 01b3 00       		.byte	0
 1582 01b4 00       		.byte	0
 1583 01b5 1E       		.uleb128 0x1e
 1584 01b6 898201   		.uleb128 0x4109
 1585 01b9 01       		.byte	0x1
 1586 01ba 11       		.uleb128 0x11
 1587 01bb 01       		.uleb128 0x1
 1588 01bc 31       		.uleb128 0x31
 1589 01bd 13       		.uleb128 0x13
 1590 01be 01       		.uleb128 0x1
 1591 01bf 13       		.uleb128 0x13
 1592 01c0 00       		.byte	0
 1593 01c1 00       		.byte	0
 1594 01c2 1F       		.uleb128 0x1f
 1595 01c3 8A8201   		.uleb128 0x410a
 1596 01c6 00       		.byte	0
 1597 01c7 02       		.uleb128 0x2
 1598 01c8 18       		.uleb128 0x18
 1599 01c9 9142     		.uleb128 0x2111
 1600 01cb 18       		.uleb128 0x18
 1601 01cc 00       		.byte	0
 1602 01cd 00       		.byte	0
 1603 01ce 20       		.uleb128 0x20
 1604 01cf 898201   		.uleb128 0x4109
 1605 01d2 00       		.byte	0
 1606 01d3 11       		.uleb128 0x11
 1607 01d4 01       		.uleb128 0x1
 1608 01d5 31       		.uleb128 0x31
 1609 01d6 13       		.uleb128 0x13
 1610 01d7 00       		.byte	0
 1611 01d8 00       		.byte	0
 1612 01d9 21       		.uleb128 0x21
 1613 01da 898201   		.uleb128 0x4109
ARM GAS  C:\Users\hejmi\AppData\Local\Temp\ccD3iOGx.s 			page 31


 1614 01dd 01       		.byte	0x1
 1615 01de 11       		.uleb128 0x11
 1616 01df 01       		.uleb128 0x1
 1617 01e0 31       		.uleb128 0x31
 1618 01e1 13       		.uleb128 0x13
 1619 01e2 00       		.byte	0
 1620 01e3 00       		.byte	0
 1621 01e4 22       		.uleb128 0x22
 1622 01e5 34       		.uleb128 0x34
 1623 01e6 00       		.byte	0
 1624 01e7 03       		.uleb128 0x3
 1625 01e8 0E       		.uleb128 0xe
 1626 01e9 3A       		.uleb128 0x3a
 1627 01ea 0B       		.uleb128 0xb
 1628 01eb 3B       		.uleb128 0x3b
 1629 01ec 05       		.uleb128 0x5
 1630 01ed 49       		.uleb128 0x49
 1631 01ee 13       		.uleb128 0x13
 1632 01ef 3F       		.uleb128 0x3f
 1633 01f0 19       		.uleb128 0x19
 1634 01f1 3C       		.uleb128 0x3c
 1635 01f2 19       		.uleb128 0x19
 1636 01f3 00       		.byte	0
 1637 01f4 00       		.byte	0
 1638 01f5 23       		.uleb128 0x23
 1639 01f6 34       		.uleb128 0x34
 1640 01f7 00       		.byte	0
 1641 01f8 03       		.uleb128 0x3
 1642 01f9 0E       		.uleb128 0xe
 1643 01fa 3A       		.uleb128 0x3a
 1644 01fb 0B       		.uleb128 0xb
 1645 01fc 3B       		.uleb128 0x3b
 1646 01fd 0B       		.uleb128 0xb
 1647 01fe 49       		.uleb128 0x49
 1648 01ff 13       		.uleb128 0x13
 1649 0200 3F       		.uleb128 0x3f
 1650 0201 19       		.uleb128 0x19
 1651 0202 02       		.uleb128 0x2
 1652 0203 18       		.uleb128 0x18
 1653 0204 00       		.byte	0
 1654 0205 00       		.byte	0
 1655 0206 24       		.uleb128 0x24
 1656 0207 34       		.uleb128 0x34
 1657 0208 00       		.byte	0
 1658 0209 03       		.uleb128 0x3
 1659 020a 08       		.uleb128 0x8
 1660 020b 3A       		.uleb128 0x3a
 1661 020c 0B       		.uleb128 0xb
 1662 020d 3B       		.uleb128 0x3b
 1663 020e 0B       		.uleb128 0xb
 1664 020f 49       		.uleb128 0x49
 1665 0210 13       		.uleb128 0x13
 1666 0211 3F       		.uleb128 0x3f
 1667 0212 19       		.uleb128 0x19
 1668 0213 02       		.uleb128 0x2
 1669 0214 18       		.uleb128 0x18
 1670 0215 00       		.byte	0
ARM GAS  C:\Users\hejmi\AppData\Local\Temp\ccD3iOGx.s 			page 32


 1671 0216 00       		.byte	0
 1672 0217 25       		.uleb128 0x25
 1673 0218 2E       		.uleb128 0x2e
 1674 0219 00       		.byte	0
 1675 021a 3F       		.uleb128 0x3f
 1676 021b 19       		.uleb128 0x19
 1677 021c 3C       		.uleb128 0x3c
 1678 021d 19       		.uleb128 0x19
 1679 021e 6E       		.uleb128 0x6e
 1680 021f 0E       		.uleb128 0xe
 1681 0220 03       		.uleb128 0x3
 1682 0221 0E       		.uleb128 0xe
 1683 0222 3A       		.uleb128 0x3a
 1684 0223 0B       		.uleb128 0xb
 1685 0224 3B       		.uleb128 0x3b
 1686 0225 0B       		.uleb128 0xb
 1687 0226 00       		.byte	0
 1688 0227 00       		.byte	0
 1689 0228 00       		.byte	0
 1690              		.section	.debug_loc,"",%progbits
 1691              	.Ldebug_loc0:
 1692              	.LLST0:
 1693 0000 06000000 		.4byte	.LVL0
 1694 0004 0C000000 		.4byte	.LVL1
 1695 0008 0100     		.2byte	0x1
 1696 000a 5D       		.byte	0x5d
 1697 000b 00000000 		.4byte	0
 1698 000f 00000000 		.4byte	0
 1699              	.LLST1:
 1700 0013 14000000 		.4byte	.LVL2
 1701 0017 1C000000 		.4byte	.LVL3
 1702 001b 0400     		.2byte	0x4
 1703 001d 0A       		.byte	0xa
 1704 001e F401     		.2byte	0x1f4
 1705 0020 9F       		.byte	0x9f
 1706 0021 00000000 		.4byte	0
 1707 0025 00000000 		.4byte	0
 1708              	.LLST2:
 1709 0029 14000000 		.4byte	.LVL2
 1710 002d 1C000000 		.4byte	.LVL3
 1711 0031 0100     		.2byte	0x1
 1712 0033 5D       		.byte	0x5d
 1713 0034 00000000 		.4byte	0
 1714 0038 00000000 		.4byte	0
 1715              		.section	.debug_aranges,"",%progbits
 1716 0000 1C000000 		.4byte	0x1c
 1717 0004 0200     		.2byte	0x2
 1718 0006 00000000 		.4byte	.Ldebug_info0
 1719 000a 04       		.byte	0x4
 1720 000b 00       		.byte	0
 1721 000c 0000     		.2byte	0
 1722 000e 0000     		.2byte	0
 1723 0010 00000000 		.4byte	.LFB75
 1724 0014 5C000000 		.4byte	.LFE75-.LFB75
 1725 0018 00000000 		.4byte	0
 1726 001c 00000000 		.4byte	0
 1727              		.section	.debug_ranges,"",%progbits
ARM GAS  C:\Users\hejmi\AppData\Local\Temp\ccD3iOGx.s 			page 33


 1728              	.Ldebug_ranges0:
 1729 0000 00000000 		.4byte	.LFB75
 1730 0004 5C000000 		.4byte	.LFE75
 1731 0008 00000000 		.4byte	0
 1732 000c 00000000 		.4byte	0
 1733              		.section	.debug_line,"",%progbits
 1734              	.Ldebug_line0:
 1735 0000 14020000 		.section	.debug_str,"MS",%progbits,1
 1735      0200EC01 
 1735      00000201 
 1735      FB0E0D00 
 1735      01010101 
 1736              	.LASF48:
 1737 0000 66696E61 		.ascii	"final_range_us\000"
 1737      6C5F7261 
 1737      6E67655F 
 1737      757300
 1738              	.LASF116:
 1739 000f 43794465 		.ascii	"CyDelay\000"
 1739      6C617900 
 1740              	.LASF109:
 1741 0017 70657266 		.ascii	"performSingleRefCalibration\000"
 1741      6F726D53 
 1741      696E676C 
 1741      65526566 
 1741      43616C69 
 1742              	.LASF118:
 1743 0033 6D61696E 		.ascii	"main.c\000"
 1743      2E6300
 1744              	.LASF96:
 1745 003a 5F5A4E35 		.ascii	"_ZN5Laser11getSpadInfoEPhPb\000"
 1745      4C617365 
 1745      72313167 
 1745      65745370 
 1745      6164496E 
 1746              	.LASF119:
 1747 0056 433A5C55 		.ascii	"C:\\Users\\hejmi\\Documents\\PSoC Creator\\LaserDri"
 1747      73657273 
 1747      5C68656A 
 1747      6D695C44 
 1747      6F63756D 
 1748 0084 7665725C 		.ascii	"ver\\LaserDriver.cydsn\000"
 1748      4C617365 
 1748      72447269 
 1748      7665722E 
 1748      63796473 
 1749              	.LASF40:
 1750 009a 53657175 		.ascii	"SequenceStepTimeouts\000"
 1750      656E6365 
 1750      53746570 
 1750      54696D65 
 1750      6F757473 
 1751              	.LASF12:
 1752 00af 756E7369 		.ascii	"unsigned int\000"
 1752      676E6564 
 1752      20696E74 
 1752      00
ARM GAS  C:\Users\hejmi\AppData\Local\Temp\ccD3iOGx.s 			page 34


 1753              	.LASF6:
 1754 00bc 5F5F696E 		.ascii	"__int32_t\000"
 1754      7433325F 
 1754      7400
 1755              	.LASF105:
 1756 00c6 52656164 		.ascii	"ReadByte16bits\000"
 1756      42797465 
 1756      31366269 
 1756      747300
 1757              	.LASF26:
 1758 00d5 5F5A4E33 		.ascii	"_ZN3i2c10WriteBytesEhhhPh\000"
 1758      69326331 
 1758      30577269 
 1758      74654279 
 1758      74657345 
 1759              	.LASF50:
 1760 00ef 56637365 		.ascii	"VcselPeriodFinalRange\000"
 1760      6C506572 
 1760      696F6446 
 1760      696E616C 
 1760      52616E67 
 1761              	.LASF36:
 1762 0105 7072655F 		.ascii	"pre_range\000"
 1762      72616E67 
 1762      6500
 1763              	.LASF25:
 1764 010f 57726974 		.ascii	"WriteBytes\000"
 1764      65427974 
 1764      657300
 1765              	.LASF110:
 1766 011a 5F5A4E35 		.ascii	"_ZN5Laser27performSingleRefCalibrationEh\000"
 1766      4C617365 
 1766      72323770 
 1766      6572666F 
 1766      726D5369 
 1767              	.LASF68:
 1768 0143 5F5A4E35 		.ascii	"_ZN5Laser30ReadRangeContinuousMillimetersEv\000"
 1768      4C617365 
 1768      72333052 
 1768      65616452 
 1768      616E6765 
 1769              	.LASF53:
 1770 016f 6465765F 		.ascii	"dev_\000"
 1770      00
 1771              	.LASF16:
 1772 0174 75696E74 		.ascii	"uint32_t\000"
 1772      33325F74 
 1772      00
 1773              	.LASF83:
 1774 017d 67657453 		.ascii	"getSequenceStepTimeouts\000"
 1774      65717565 
 1774      6E636553 
 1774      74657054 
 1774      696D656F 
 1775              	.LASF99:
 1776 0195 7365744D 		.ascii	"setMeasurementTimingBudget\000"
 1776      65617375 
ARM GAS  C:\Users\hejmi\AppData\Local\Temp\ccD3iOGx.s 			page 35


 1776      72656D65 
 1776      6E745469 
 1776      6D696E67 
 1777              	.LASF17:
 1778 01b0 666C6F61 		.ascii	"float\000"
 1778      7400
 1779              	.LASF22:
 1780 01b6 52656164 		.ascii	"ReadByte\000"
 1780      42797465 
 1780      00
 1781              	.LASF101:
 1782 01bf 50657266 		.ascii	"PerformRefCalibration\000"
 1782      6F726D52 
 1782      65664361 
 1782      6C696272 
 1782      6174696F 
 1783              	.LASF73:
 1784 01d5 49324349 		.ascii	"I2CInit\000"
 1784      6E697400 
 1785              	.LASF11:
 1786 01dd 6C6F6E67 		.ascii	"long long unsigned int\000"
 1786      206C6F6E 
 1786      6720756E 
 1786      7369676E 
 1786      65642069 
 1787              	.LASF84:
 1788 01f4 5F5A4E35 		.ascii	"_ZN5Laser23getSequenceStepTimeoutsEPK19SequenceStep"
 1788      4C617365 
 1788      72323367 
 1788      65745365 
 1788      7175656E 
 1789 0227 456E6162 		.ascii	"EnablesP20SequenceStepTimeouts\000"
 1789      6C657350 
 1789      32305365 
 1789      7175656E 
 1789      63655374 
 1790              	.LASF82:
 1791 0246 5F5A4E35 		.ascii	"_ZN5Laser22getSequenceStepEnablesEP19SequenceStepEn"
 1791      4C617365 
 1791      72323267 
 1791      65745365 
 1791      7175656E 
 1792 0279 61626C65 		.ascii	"ables\000"
 1792      7300
 1793              	.LASF34:
 1794 027f 5F5A4E33 		.ascii	"_ZN3i2c15ReadBytes16bitsEhthPh\000"
 1794      69326331 
 1794      35526561 
 1794      64427974 
 1794      65733136 
 1795              	.LASF39:
 1796 029e 53657175 		.ascii	"SequenceStepEnables\000"
 1796      656E6365 
 1796      53746570 
 1796      456E6162 
 1796      6C657300 
 1797              	.LASF4:
ARM GAS  C:\Users\hejmi\AppData\Local\Temp\ccD3iOGx.s 			page 36


 1798 02b2 5F5F7569 		.ascii	"__uint16_t\000"
 1798      6E743136 
 1798      5F7400
 1799              	.LASF37:
 1800 02bd 66696E61 		.ascii	"final_range\000"
 1800      6C5F7261 
 1800      6E676500 
 1801              	.LASF97:
 1802 02c9 6465636F 		.ascii	"decodeTimeout\000"
 1802      64655469 
 1802      6D656F75 
 1802      7400
 1803              	.LASF69:
 1804 02d7 496E6974 		.ascii	"Init\000"
 1804      00
 1805              	.LASF114:
 1806 02dc 55415254 		.ascii	"UART_1_PutString\000"
 1806      5F315F50 
 1806      75745374 
 1806      72696E67 
 1806      00
 1807              	.LASF24:
 1808 02ed 5F5A4E33 		.ascii	"_ZN3i2c8ReadByteEhhPh\000"
 1808      69326338 
 1808      52656164 
 1808      42797465 
 1808      45686850 
 1809              	.LASF89:
 1810 0303 74696D65 		.ascii	"timeoutMclksToMicroseconds\000"
 1810      6F75744D 
 1810      636C6B73 
 1810      546F4D69 
 1810      63726F73 
 1811              	.LASF91:
 1812 031e 74696D65 		.ascii	"timeoutMicrosecondsToMclks\000"
 1812      6F75744D 
 1812      6963726F 
 1812      7365636F 
 1812      6E647354 
 1813              	.LASF43:
 1814 0339 6D737263 		.ascii	"msrc_dss_tcc_mclks\000"
 1814      5F647373 
 1814      5F746363 
 1814      5F6D636C 
 1814      6B7300
 1815              	.LASF29:
 1816 034c 57726974 		.ascii	"WriteBytes16bit\000"
 1816      65427974 
 1816      65733136 
 1816      62697400 
 1817              	.LASF95:
 1818 035c 67657453 		.ascii	"getSpadInfo\000"
 1818      70616449 
 1818      6E666F00 
 1819              	.LASF23:
 1820 0368 5F5A4E33 		.ascii	"_ZN3i2c9ReadBytesEhhhPh\000"
 1820      69326339 
ARM GAS  C:\Users\hejmi\AppData\Local\Temp\ccD3iOGx.s 			page 37


 1820      52656164 
 1820      42797465 
 1820      73456868 
 1821              	.LASF19:
 1822 0380 63686172 		.ascii	"char\000"
 1822      00
 1823              	.LASF21:
 1824 0385 52656164 		.ascii	"ReadBytes\000"
 1824      42797465 
 1824      7300
 1825              	.LASF31:
 1826 038f 57726974 		.ascii	"WriteByte16bit\000"
 1826      65427974 
 1826      65313662 
 1826      697400
 1827              	.LASF75:
 1828 039e 44617461 		.ascii	"DataInit\000"
 1828      496E6974 
 1828      00
 1829              	.LASF51:
 1830 03a7 4C617365 		.ascii	"Laser\000"
 1830      7200
 1831              	.LASF57:
 1832 03ad 5F5A4E35 		.ascii	"_ZN5LaserC4Eh\000"
 1832      4C617365 
 1832      72433445 
 1832      6800
 1833              	.LASF63:
 1834 03bb 53746172 		.ascii	"StartContinuous\000"
 1834      74436F6E 
 1834      74696E75 
 1834      6F757300 
 1835              	.LASF58:
 1836 03cb 5F5A4E35 		.ascii	"_ZN5LaserC4Ev\000"
 1836      4C617365 
 1836      72433445 
 1836      7600
 1837              	.LASF13:
 1838 03d9 75696E74 		.ascii	"uint8_t\000"
 1838      385F7400 
 1839              	.LASF120:
 1840 03e1 5F5A4E33 		.ascii	"_ZN3i2cC4Ev\000"
 1840      69326343 
 1840      34457600 
 1841              	.LASF90:
 1842 03ed 5F5A4E35 		.ascii	"_ZN5Laser26timeoutMclksToMicrosecondsEth\000"
 1842      4C617365 
 1842      72323674 
 1842      696D656F 
 1842      75744D63 
 1843              	.LASF76:
 1844 0416 5F5A4E35 		.ascii	"_ZN5Laser8DataInitEb\000"
 1844      4C617365 
 1844      72384461 
 1844      7461496E 
 1844      69744562 
 1845              	.LASF33:
ARM GAS  C:\Users\hejmi\AppData\Local\Temp\ccD3iOGx.s 			page 38


 1846 042b 52656164 		.ascii	"ReadBytes16bits\000"
 1846      42797465 
 1846      73313662 
 1846      69747300 
 1847              	.LASF10:
 1848 043b 6C6F6E67 		.ascii	"long long int\000"
 1848      206C6F6E 
 1848      6720696E 
 1848      7400
 1849              	.LASF88:
 1850 0449 5F5A4E35 		.ascii	"_ZN5Laser26getMeasurementTimingBudgetEv\000"
 1850      4C617365 
 1850      72323667 
 1850      65744D65 
 1850      61737572 
 1851              	.LASF102:
 1852 0471 5F5A4E35 		.ascii	"_ZN5Laser21PerformRefCalibrationEv\000"
 1852      4C617365 
 1852      72323150 
 1852      6572666F 
 1852      726D5265 
 1853              	.LASF38:
 1854 0494 626F6F6C 		.ascii	"bool\000"
 1854      00
 1855              	.LASF66:
 1856 0499 5F5A4E35 		.ascii	"_ZN5Laser14StopContinuousEv\000"
 1856      4C617365 
 1856      72313453 
 1856      746F7043 
 1856      6F6E7469 
 1857              	.LASF62:
 1858 04b5 5F5A4E35 		.ascii	"_ZN5Laser10GetTimeoutEv\000"
 1858      4C617365 
 1858      72313047 
 1858      65745469 
 1858      6D656F75 
 1859              	.LASF54:
 1860 04cd 6D656173 		.ascii	"measurement_timing_budget_us\000"
 1860      7572656D 
 1860      656E745F 
 1860      74696D69 
 1860      6E675F62 
 1861              	.LASF59:
 1862 04ea 53657454 		.ascii	"SetTimeout\000"
 1862      696D656F 
 1862      757400
 1863              	.LASF87:
 1864 04f5 6765744D 		.ascii	"getMeasurementTimingBudget\000"
 1864      65617375 
 1864      72656D65 
 1864      6E745469 
 1864      6D696E67 
 1865              	.LASF113:
 1866 0510 72616E67 		.ascii	"range\000"
 1866      6500
 1867              	.LASF79:
 1868 0516 53657447 		.ascii	"SetGpioConfig\000"
ARM GAS  C:\Users\hejmi\AppData\Local\Temp\ccD3iOGx.s 			page 39


 1868      70696F43 
 1868      6F6E6669 
 1868      6700
 1869              	.LASF65:
 1870 0524 53746F70 		.ascii	"StopContinuous\000"
 1870      436F6E74 
 1870      696E756F 
 1870      757300
 1871              	.LASF92:
 1872 0533 5F5A4E35 		.ascii	"_ZN5Laser26timeoutMicrosecondsToMclksEmh\000"
 1872      4C617365 
 1872      72323674 
 1872      696D656F 
 1872      75744D69 
 1873              	.LASF86:
 1874 055c 5F5A4E35 		.ascii	"_ZN5Laser19getVcselPulsePeriodE15vcselPeriodType\000"
 1874      4C617365 
 1874      72313967 
 1874      65745663 
 1874      73656C50 
 1875              	.LASF115:
 1876 058d 73707269 		.ascii	"sprintf\000"
 1876      6E746600 
 1877              	.LASF14:
 1878 0595 75696E74 		.ascii	"uint16_t\000"
 1878      31365F74 
 1878      00
 1879              	.LASF94:
 1880 059e 5F5A4E35 		.ascii	"_ZN5Laser18setSignalRateLimitEf\000"
 1880      4C617365 
 1880      72313873 
 1880      65745369 
 1880      676E616C 
 1881              	.LASF111:
 1882 05be 74686973 		.ascii	"this\000"
 1882      00
 1883              	.LASF81:
 1884 05c3 67657453 		.ascii	"getSequenceStepEnables\000"
 1884      65717565 
 1884      6E636553 
 1884      74657045 
 1884      6E61626C 
 1885              	.LASF74:
 1886 05da 5F5A4E35 		.ascii	"_ZN5Laser7I2CInitEv\000"
 1886      4C617365 
 1886      72374932 
 1886      43496E69 
 1886      74457600 
 1887              	.LASF35:
 1888 05ee 6D737263 		.ascii	"msrc\000"
 1888      00
 1889              	.LASF67:
 1890 05f3 52656164 		.ascii	"ReadRangeContinuousMillimeters\000"
 1890      52616E67 
 1890      65436F6E 
 1890      74696E75 
 1890      6F75734D 
ARM GAS  C:\Users\hejmi\AppData\Local\Temp\ccD3iOGx.s 			page 40


 1891              	.LASF70:
 1892 0612 5F5A4E35 		.ascii	"_ZN5Laser4InitEb\000"
 1892      4C617365 
 1892      7234496E 
 1892      69744562 
 1892      00
 1893              	.LASF2:
 1894 0623 73686F72 		.ascii	"short int\000"
 1894      7420696E 
 1894      7400
 1895              	.LASF7:
 1896 062d 6C6F6E67 		.ascii	"long int\000"
 1896      20696E74 
 1896      00
 1897              	.LASF93:
 1898 0636 73657453 		.ascii	"setSignalRateLimit\000"
 1898      69676E61 
 1898      6C526174 
 1898      654C696D 
 1898      697400
 1899              	.LASF112:
 1900 0649 49544D5F 		.ascii	"ITM_RxBuffer\000"
 1900      52784275 
 1900      66666572 
 1900      00
 1901              	.LASF80:
 1902 0656 5F5A4E35 		.ascii	"_ZN5Laser13SetGpioConfigEv\000"
 1902      4C617365 
 1902      72313353 
 1902      65744770 
 1902      696F436F 
 1903              	.LASF52:
 1904 0671 72616E67 		.ascii	"range_\000"
 1904      655F00
 1905              	.LASF61:
 1906 0678 47657454 		.ascii	"GetTimeout\000"
 1906      696D656F 
 1906      757400
 1907              	.LASF106:
 1908 0683 52656164 		.ascii	"ReadRange\000"
 1908      52616E67 
 1908      6500
 1909              	.LASF108:
 1910 068d 5F5A4E35 		.ascii	"_ZN5Laser9ReadRangeEv\000"
 1910      4C617365 
 1910      72395265 
 1910      61645261 
 1910      6E676545 
 1911              	.LASF27:
 1912 06a3 57726974 		.ascii	"WriteByte\000"
 1912      65427974 
 1912      6500
 1913              	.LASF3:
 1914 06ad 5F5F7569 		.ascii	"__uint8_t\000"
 1914      6E74385F 
 1914      7400
 1915              	.LASF42:
ARM GAS  C:\Users\hejmi\AppData\Local\Temp\ccD3iOGx.s 			page 41


 1916 06b7 66696E61 		.ascii	"final_range_vcsel_period_pclks\000"
 1916      6C5F7261 
 1916      6E67655F 
 1916      76637365 
 1916      6C5F7065 
 1917              	.LASF72:
 1918 06d6 5F5A4E35 		.ascii	"_ZN5Laser10StaticInitEv\000"
 1918      4C617365 
 1918      72313053 
 1918      74617469 
 1918      63496E69 
 1919              	.LASF49:
 1920 06ee 56637365 		.ascii	"VcselPeriodPreRange\000"
 1920      6C506572 
 1920      696F6450 
 1920      72655261 
 1920      6E676500 
 1921              	.LASF20:
 1922 0702 73697A65 		.ascii	"sizetype\000"
 1922      74797065 
 1922      00
 1923              	.LASF9:
 1924 070b 6C6F6E67 		.ascii	"long unsigned int\000"
 1924      20756E73 
 1924      69676E65 
 1924      6420696E 
 1924      7400
 1925              	.LASF117:
 1926 071d 474E5520 		.ascii	"GNU C++ 5.4.1 20160609 (release) [ARM/embedded-5-br"
 1926      432B2B20 
 1926      352E342E 
 1926      31203230 
 1926      31363036 
 1927 0750 616E6368 		.ascii	"anch revision 237715] -mcpu=cortex-m3 -mthumb -g -O"
 1927      20726576 
 1927      6973696F 
 1927      6E203233 
 1927      37373135 
 1928 0783 67202D66 		.ascii	"g -ffunction-sections -ffat-lto-objects\000"
 1928      66756E63 
 1928      74696F6E 
 1928      2D736563 
 1928      74696F6E 
 1929              	.LASF64:
 1930 07ab 5F5A4E35 		.ascii	"_ZN5Laser15StartContinuousEm\000"
 1930      4C617365 
 1930      72313553 
 1930      74617274 
 1930      436F6E74 
 1931              	.LASF56:
 1932 07c8 73746F70 		.ascii	"stop_variable\000"
 1932      5F766172 
 1932      6961626C 
 1932      6500
 1933              	.LASF15:
 1934 07d6 696E7433 		.ascii	"int32_t\000"
 1934      325F7400 
ARM GAS  C:\Users\hejmi\AppData\Local\Temp\ccD3iOGx.s 			page 42


 1935              	.LASF60:
 1936 07de 5F5A4E35 		.ascii	"_ZN5Laser10SetTimeoutEt\000"
 1936      4C617365 
 1936      72313053 
 1936      65745469 
 1936      6D656F75 
 1937              	.LASF55:
 1938 07f6 696F5F74 		.ascii	"io_timeout\000"
 1938      696D656F 
 1938      757400
 1939              	.LASF124:
 1940 0801 564C3533 		.ascii	"VL53L0X\000"
 1940      4C305800 
 1941              	.LASF104:
 1942 0809 5F5A4E35 		.ascii	"_ZN5Laser13encodeTimeoutEt\000"
 1942      4C617365 
 1942      72313365 
 1942      6E636F64 
 1942      6554696D 
 1943              	.LASF44:
 1944 0824 7072655F 		.ascii	"pre_range_mclks\000"
 1944      72616E67 
 1944      655F6D63 
 1944      6C6B7300 
 1945              	.LASF1:
 1946 0834 756E7369 		.ascii	"unsigned char\000"
 1946      676E6564 
 1946      20636861 
 1946      7200
 1947              	.LASF8:
 1948 0842 5F5F7569 		.ascii	"__uint32_t\000"
 1948      6E743332 
 1948      5F7400
 1949              	.LASF122:
 1950 084d 74696D65 		.ascii	"timeout\000"
 1950      6F757400 
 1951              	.LASF107:
 1952 0855 5F5A4E33 		.ascii	"_ZN3i2c14ReadByte16bitsEhtPh\000"
 1952      69326331 
 1952      34526561 
 1952      64427974 
 1952      65313662 
 1953              	.LASF85:
 1954 0872 67657456 		.ascii	"getVcselPulsePeriod\000"
 1954      6373656C 
 1954      50756C73 
 1954      65506572 
 1954      696F6400 
 1955              	.LASF78:
 1956 0886 5F5A4E35 		.ascii	"_ZN5Laser18LoadTuningSettingsEv\000"
 1956      4C617365 
 1956      7231384C 
 1956      6F616454 
 1956      756E696E 
 1957              	.LASF100:
 1958 08a6 5F5A4E35 		.ascii	"_ZN5Laser26setMeasurementTimingBudgetEm\000"
 1958      4C617365 
ARM GAS  C:\Users\hejmi\AppData\Local\Temp\ccD3iOGx.s 			page 43


 1958      72323673 
 1958      65744D65 
 1958      61737572 
 1959              	.LASF47:
 1960 08ce 7072655F 		.ascii	"pre_range_us\000"
 1960      72616E67 
 1960      655F7573 
 1960      00
 1961              	.LASF28:
 1962 08db 5F5A4E33 		.ascii	"_ZN3i2c9WriteByteEhhh\000"
 1962      69326339 
 1962      57726974 
 1962      65427974 
 1962      65456868 
 1963              	.LASF103:
 1964 08f1 656E636F 		.ascii	"encodeTimeout\000"
 1964      64655469 
 1964      6D656F75 
 1964      7400
 1965              	.LASF0:
 1966 08ff 7369676E 		.ascii	"signed char\000"
 1966      65642063 
 1966      68617200 
 1967              	.LASF41:
 1968 090b 7072655F 		.ascii	"pre_range_vcsel_period_pclks\000"
 1968      72616E67 
 1968      655F7663 
 1968      73656C5F 
 1968      70657269 
 1969              	.LASF5:
 1970 0928 73686F72 		.ascii	"short unsigned int\000"
 1970      7420756E 
 1970      7369676E 
 1970      65642069 
 1970      6E7400
 1971              	.LASF45:
 1972 093b 66696E61 		.ascii	"final_range_mclks\000"
 1972      6C5F7261 
 1972      6E67655F 
 1972      6D636C6B 
 1972      7300
 1973              	.LASF46:
 1974 094d 6D737263 		.ascii	"msrc_dss_tcc_us\000"
 1974      5F647373 
 1974      5F746363 
 1974      5F757300 
 1975              	.LASF123:
 1976 095d 6D61696E 		.ascii	"main\000"
 1976      00
 1977              	.LASF71:
 1978 0962 53746174 		.ascii	"StaticInit\000"
 1978      6963496E 
 1978      697400
 1979              	.LASF18:
 1980 096d 646F7562 		.ascii	"double\000"
 1980      6C6500
 1981              	.LASF98:
ARM GAS  C:\Users\hejmi\AppData\Local\Temp\ccD3iOGx.s 			page 44


 1982 0974 5F5A4E35 		.ascii	"_ZN5Laser13decodeTimeoutEt\000"
 1982      4C617365 
 1982      72313364 
 1982      65636F64 
 1982      6554696D 
 1983              	.LASF121:
 1984 098f 76637365 		.ascii	"vcselPeriodType\000"
 1984      6C506572 
 1984      696F6454 
 1984      79706500 
 1985              	.LASF30:
 1986 099f 5F5A4E33 		.ascii	"_ZN3i2c15WriteBytes16bitEhthPh\000"
 1986      69326331 
 1986      35577269 
 1986      74654279 
 1986      74657331 
 1987              	.LASF32:
 1988 09be 5F5A4E33 		.ascii	"_ZN3i2c14WriteByte16bitEhth\000"
 1988      69326331 
 1988      34577269 
 1988      74654279 
 1988      74653136 
 1989              	.LASF77:
 1990 09da 4C6F6164 		.ascii	"LoadTuningSettings\000"
 1990      54756E69 
 1990      6E675365 
 1990      7474696E 
 1990      677300
 1991              		.ident	"GCC: (GNU Tools for ARM Embedded Processors) 5.4.1 20160609 (release) [ARM/embedded-5-bran
