--------------- Build Started: 04/30/2019 17:38:10 Project: GyrosensorProject, Configuration: ARM GCC 5.4-2016-q2-update Debug ---------------
The code generation step is up to date.
arm-none-eabi-gcc.exe -mcpu=cortex-m3 -mthumb -I. -IGenerated_Source\PSoC5 -Wa,-alh=.\CortexM3\ARM_GCC_541\Debug/main.lst -g -D DEBUG -D CY_CORE_ID=0 -Wall -ffunction-sections -ffat-lto-objects -Og -x c++ -fno-exceptions -c main.c -o .\CortexM3\ARM_GCC_541\Debug\main.o
In file included from Gyro.h:26:0,
                 from main.c:25:
GyroDefs.h:44:17: warning: non-static data member initializers only available with -std=c++11 or -std=gnu++11
     int16_t x = 0;
                 ^
GyroDefs.h:45:17: warning: non-static data member initializers only available with -std=c++11 or -std=gnu++11
     int16_t y = 0;
                 ^
GyroDefs.h:46:17: warning: non-static data member initializers only available with -std=c++11 or -std=gnu++11
     int16_t z = 0;
                 ^
GyroDefs.h:47:19: warning: non-static data member initializers only available with -std=c++11 or -std=gnu++11
     float x_rad = 0.0f;
                   ^
GyroDefs.h:48:19: warning: non-static data member initializers only available with -std=c++11 or -std=gnu++11
     float y_rad = 0.0f;
                   ^
GyroDefs.h:49:19: warning: non-static data member initializers only available with -std=c++11 or -std=gnu++11
     float z_rad = 0.0f;
                   ^
GyroDefs.h:54:17: warning: non-static data member initializers only available with -std=c++11 or -std=gnu++11
     int16_t x = 0;
                 ^
GyroDefs.h:55:17: warning: non-static data member initializers only available with -std=c++11 or -std=gnu++11
     int16_t y = 0;
                 ^
GyroDefs.h:56:17: warning: non-static data member initializers only available with -std=c++11 or -std=gnu++11
     int16_t z = 0;
                 ^
GyroDefs.h:57:17: warning: non-static data member initializers only available with -std=c++11 or -std=gnu++11
     float x_G = 0.0f;
                 ^
GyroDefs.h:58:17: warning: non-static data member initializers only available with -std=c++11 or -std=gnu++11
     float y_G = 0.0f;
                 ^
GyroDefs.h:59:17: warning: non-static data member initializers only available with -std=c++11 or -std=gnu++11
     float z_G = 0.0f;
                 ^
In file included from main.c:25:0:
Gyro.h:41:23: warning: non-static data member initializers only available with -std=c++11 or -std=gnu++11
  float temperature_ = 0.0f;
                       ^
main.c: In function 'int main()':
main.c:37:10: warning: unused variable 'buf' [-Wunused-variable]
     char buf[255];
          ^
arm-none-eabi-gcc.exe -mcpu=cortex-m3 -mthumb -I. -IGenerated_Source\PSoC5 -Wa,-alh=.\CortexM3\ARM_GCC_541\Debug/Gyro.lst -g -D DEBUG -D CY_CORE_ID=0 -Wall -ffunction-sections -ffat-lto-objects -Og -x c++ -fno-exceptions -c Gyro.c -o .\CortexM3\ARM_GCC_541\Debug\Gyro.o
In file included from Gyro.h:26:0,
                 from Gyro.c:12:
GyroDefs.h:44:17: warning: non-static data member initializers only available with -std=c++11 or -std=gnu++11
     int16_t x = 0;
                 ^
GyroDefs.h:45:17: warning: non-static data member initializers only available with -std=c++11 or -std=gnu++11
     int16_t y = 0;
                 ^
GyroDefs.h:46:17: warning: non-static data member initializers only available with -std=c++11 or -std=gnu++11
     int16_t z = 0;
                 ^
GyroDefs.h:47:19: warning: non-static data member initializers only available with -std=c++11 or -std=gnu++11
     float x_rad = 0.0f;
                   ^
GyroDefs.h:48:19: warning: non-static data member initializers only available with -std=c++11 or -std=gnu++11
     float y_rad = 0.0f;
                   ^
GyroDefs.h:49:19: warning: non-static data member initializers only available with -std=c++11 or -std=gnu++11
     float z_rad = 0.0f;
                   ^
GyroDefs.h:54:17: warning: non-static data member initializers only available with -std=c++11 or -std=gnu++11
     int16_t x = 0;
                 ^
GyroDefs.h:55:17: warning: non-static data member initializers only available with -std=c++11 or -std=gnu++11
     int16_t y = 0;
                 ^
GyroDefs.h:56:17: warning: non-static data member initializers only available with -std=c++11 or -std=gnu++11
     int16_t z = 0;
                 ^
GyroDefs.h:57:17: warning: non-static data member initializers only available with -std=c++11 or -std=gnu++11
     float x_G = 0.0f;
                 ^
GyroDefs.h:58:17: warning: non-static data member initializers only available with -std=c++11 or -std=gnu++11
     float y_G = 0.0f;
                 ^
GyroDefs.h:59:17: warning: non-static data member initializers only available with -std=c++11 or -std=gnu++11
     float z_G = 0.0f;
                 ^
In file included from Gyro.c:12:0:
Gyro.h:41:23: warning: non-static data member initializers only available with -std=c++11 or -std=gnu++11
  float temperature_ = 0.0f;
                       ^
arm-none-eabi-ar.exe -rs .\CortexM3\ARM_GCC_541\Debug\GyrosensorProject.a .\CortexM3\ARM_GCC_541\Debug\UART_1.o .\CortexM3\ARM_GCC_541\Debug\UART_1_PM.o .\CortexM3\ARM_GCC_541\Debug\UART_1_INT.o .\CortexM3\ARM_GCC_541\Debug\UART_1_BOOT.o .\CortexM3\ARM_GCC_541\Debug\SDA_1.o .\CortexM3\ARM_GCC_541\Debug\SCL_1.o .\CortexM3\ARM_GCC_541\Debug\I2C_1.o .\CortexM3\ARM_GCC_541\Debug\I2C_1_BOOT.o .\CortexM3\ARM_GCC_541\Debug\I2C_1_INT.o .\CortexM3\ARM_GCC_541\Debug\I2C_1_PM.o .\CortexM3\ARM_GCC_541\Debug\I2C_1_SLAVE.o .\CortexM3\ARM_GCC_541\Debug\I2C_1_MASTER.o .\CortexM3\ARM_GCC_541\Debug\UART_1_IntClock.o .\CortexM3\ARM_GCC_541\Debug\CyDmac.o .\CortexM3\ARM_GCC_541\Debug\CyFlash.o .\CortexM3\ARM_GCC_541\Debug\CyLib.o .\CortexM3\ARM_GCC_541\Debug\cyPm.o .\CortexM3\ARM_GCC_541\Debug\CySpc.o .\CortexM3\ARM_GCC_541\Debug\cyutils.o .\CortexM3\ARM_GCC_541\Debug\cy_em_eeprom.o .\CortexM3\ARM_GCC_541\Debug\CyBootAsmGnu.o
arm-none-eabi-ar.exe: creating .\CortexM3\ARM_GCC_541\Debug\GyrosensorProject.a
arm-none-eabi-gcc.exe -Wl,--start-group -o D:\Git\iFollow\Software\PSOC\Gyrosensor\GyrosensorProject.cydsn\CortexM3\ARM_GCC_541\Debug\GyrosensorProject.elf .\CortexM3\ARM_GCC_541\Debug\main.o .\CortexM3\ARM_GCC_541\Debug\i2c.o .\CortexM3\ARM_GCC_541\Debug\Gyro.o .\CortexM3\ARM_GCC_541\Debug\GyroDefs.o .\CortexM3\ARM_GCC_541\Debug\cyfitter_cfg.o .\CortexM3\ARM_GCC_541\Debug\cymetadata.o .\CortexM3\ARM_GCC_541\Debug\Cm3Start.o .\CortexM3\ARM_GCC_541\Debug\GyrosensorProject.a "C:\Program Files (x86)\Cypress\PSoC Creator\4.2\PSoC Creator\psoc\content\cycomponentlibrary\CyComponentLibrary.cylib\CortexM3\ARM_GCC_541\Debug\CyComponentLibrary.a" -mcpu=cortex-m3 -mthumb -L Generated_Source\PSoC5 -Wl,-Map,.\CortexM3\ARM_GCC_541\Debug/GyrosensorProject.map -T Generated_Source\PSoC5\cm3gcc.ld -specs=nano.specs -u _printf_float -Wl,--gc-sections -g -ffunction-sections -Og -ffat-lto-objects -Wl,--end-group
cyelftool.exe -C D:\Git\iFollow\Software\PSOC\Gyrosensor\GyrosensorProject.cydsn\CortexM3\ARM_GCC_541\Debug\GyrosensorProject.elf --flash_row_size 256 --flash_size 262144 --flash_offset 0x00000000
No ELF section .cychecksum found, creating one
Application checksum calculated and stored in ELF section .cychecksum
Checksum calculated and stored in ELF section .cymeta
cyelftool.exe -S D:\Git\iFollow\Software\PSOC\Gyrosensor\GyrosensorProject.cydsn\CortexM3\ARM_GCC_541\Debug\GyrosensorProject.elf
Flash used: 18576 of 262144 bytes (7,1 %).
SRAM used: 3009 of 65536 bytes (4,6 %). Stack: 2048 bytes. Heap: 512 bytes.
--------------- Build Succeeded: 04/30/2019 17:38:11 ---------------
