ARM GAS  C:\Users\Mathias\AppData\Local\Temp\ccRR2zo0.s 			page 1


   1              		.syntax unified
   2              		.cpu cortex-m3
   3              		.fpu softvfp
   4              		.eabi_attribute 20, 1
   5              		.eabi_attribute 21, 1
   6              		.eabi_attribute 23, 3
   7              		.eabi_attribute 24, 1
   8              		.eabi_attribute 25, 1
   9              		.eabi_attribute 26, 1
  10              		.eabi_attribute 30, 1
  11              		.eabi_attribute 34, 1
  12              		.eabi_attribute 18, 4
  13              		.thumb
  14              		.syntax unified
  15              		.file	"cymetadata.c"
  16              		.text
  17              	.Ltext0:
  18              		.cfi_sections	.debug_frame
  19              		.global	cy_metadata
  20              		.global	cy_meta_flashprotect
  21              		.global	cy_meta_wonvl
  22              		.global	cy_meta_custnvl
  23              		.global	cy_meta_configecc
  24              		.section	.cyconfigecc,"a",%progbits
  25              		.align	2
  26              		.type	cy_meta_configecc, %object
  27              		.size	cy_meta_configecc, 1400
  28              	cy_meta_configecc:
  29 0000 02       		.byte	2
  30 0001 52       		.byte	82
  31 0002 00       		.byte	0
  32 0003 40       		.byte	64
  33 0004 03       		.byte	3
  34 0005 64       		.byte	100
  35 0006 00       		.byte	0
  36 0007 40       		.byte	64
  37 0008 03       		.byte	3
  38 0009 65       		.byte	101
  39 000a 00       		.byte	0
  40 000b 40       		.byte	64
  41 000c 47       		.byte	71
  42 000d 08       		.byte	8
  43 000e 01       		.byte	1
  44 000f 40       		.byte	64
  45 0010 4C       		.byte	76
  46 0011 09       		.byte	9
  47 0012 01       		.byte	1
  48 0013 40       		.byte	64
  49 0014 49       		.byte	73
  50 0015 0A       		.byte	10
  51 0016 01       		.byte	1
  52 0017 40       		.byte	64
  53 0018 33       		.byte	51
  54 0019 0B       		.byte	11
  55 001a 01       		.byte	1
  56 001b 40       		.byte	64
  57 001c 01       		.byte	1
ARM GAS  C:\Users\Mathias\AppData\Local\Temp\ccRR2zo0.s 			page 2


  58 001d 15       		.byte	21
  59 001e 01       		.byte	1
  60 001f 40       		.byte	64
  61 0020 53       		.byte	83
  62 0021 18       		.byte	24
  63 0022 01       		.byte	1
  64 0023 40       		.byte	64
  65 0024 51       		.byte	81
  66 0025 19       		.byte	25
  67 0026 01       		.byte	1
  68 0027 40       		.byte	64
  69 0028 0E       		.byte	14
  70 0029 1A       		.byte	26
  71 002a 01       		.byte	1
  72 002b 40       		.byte	64
  73 002c 4D       		.byte	77
  74 002d 1B       		.byte	27
  75 002e 01       		.byte	1
  76 002f 40       		.byte	64
  77 0030 02       		.byte	2
  78 0031 40       		.byte	64
  79 0032 01       		.byte	1
  80 0033 40       		.byte	64
  81 0034 01       		.byte	1
  82 0035 41       		.byte	65
  83 0036 01       		.byte	1
  84 0037 40       		.byte	64
  85 0038 01       		.byte	1
  86 0039 42       		.byte	66
  87 003a 01       		.byte	1
  88 003b 40       		.byte	64
  89 003c 01       		.byte	1
  90 003d 43       		.byte	67
  91 003e 01       		.byte	1
  92 003f 40       		.byte	64
  93 0040 02       		.byte	2
  94 0041 44       		.byte	68
  95 0042 01       		.byte	1
  96 0043 40       		.byte	64
  97 0044 01       		.byte	1
  98 0045 45       		.byte	69
  99 0046 01       		.byte	1
 100 0047 40       		.byte	64
 101 0048 02       		.byte	2
 102 0049 46       		.byte	70
 103 004a 01       		.byte	1
 104 004b 40       		.byte	64
 105 004c 01       		.byte	1
 106 004d 47       		.byte	71
 107 004e 01       		.byte	1
 108 004f 40       		.byte	64
 109 0050 01       		.byte	1
 110 0051 48       		.byte	72
 111 0052 01       		.byte	1
 112 0053 40       		.byte	64
 113 0054 02       		.byte	2
 114 0055 49       		.byte	73
ARM GAS  C:\Users\Mathias\AppData\Local\Temp\ccRR2zo0.s 			page 3


 115 0056 01       		.byte	1
 116 0057 40       		.byte	64
 117 0058 09       		.byte	9
 118 0059 4C       		.byte	76
 119 005a 01       		.byte	1
 120 005b 40       		.byte	64
 121 005c 07       		.byte	7
 122 005d 4D       		.byte	77
 123 005e 01       		.byte	1
 124 005f 40       		.byte	64
 125 0060 04       		.byte	4
 126 0061 50       		.byte	80
 127 0062 01       		.byte	1
 128 0063 40       		.byte	64
 129 0064 01       		.byte	1
 130 0065 51       		.byte	81
 131 0066 01       		.byte	1
 132 0067 40       		.byte	64
 133 0068 09       		.byte	9
 134 0069 80       		.byte	-128
 135 006a 64       		.byte	100
 136 006b 40       		.byte	64
 137 006c 88       		.byte	-120
 138 006d 47       		.byte	71
 139 006e 89       		.byte	-119
 140 006f 07       		.byte	7
 141 0070 8A       		.byte	-118
 142 0071 38       		.byte	56
 143 0072 88       		.byte	-120
 144 0073 78       		.byte	120
 145 0074 89       		.byte	-119
 146 0075 0F       		.byte	15
 147 0076 8A       		.byte	-118
 148 0077 72       		.byte	114
 149 0078 02       		.byte	2
 150 0079 08       		.byte	8
 151 007a 06       		.byte	6
 152 007b 01       		.byte	1
 153 007c 10       		.byte	16
 154 007d 05       		.byte	5
 155 007e 26       		.byte	38
 156 007f 07       		.byte	7
 157 0080 2C       		.byte	44
 158 0081 08       		.byte	8
 159 0082 2F       		.byte	47
 160 0083 01       		.byte	1
 161 0084 30       		.byte	48
 162 0085 02       		.byte	2
 163 0086 31       		.byte	49
 164 0087 01       		.byte	1
 165 0088 32       		.byte	50
 166 0089 08       		.byte	8
 167 008a 34       		.byte	52
 168 008b 04       		.byte	4
 169 008c 36       		.byte	54
 170 008d 01       		.byte	1
 171 008e 3E       		.byte	62
ARM GAS  C:\Users\Mathias\AppData\Local\Temp\ccRR2zo0.s 			page 4


 172 008f 54       		.byte	84
 173 0090 54       		.byte	84
 174 0091 41       		.byte	65
 175 0092 58       		.byte	88
 176 0093 04       		.byte	4
 177 0094 59       		.byte	89
 178 0095 04       		.byte	4
 179 0096 5B       		.byte	91
 180 0097 04       		.byte	4
 181 0098 5F       		.byte	95
 182 0099 01       		.byte	1
 183 009a 80       		.byte	-128
 184 009b 10       		.byte	16
 185 009c 81       		.byte	-127
 186 009d 0C       		.byte	12
 187 009e 83       		.byte	-125
 188 009f 73       		.byte	115
 189 00a0 84       		.byte	-124
 190 00a1 09       		.byte	9
 191 00a2 85       		.byte	-123
 192 00a3 0F       		.byte	15
 193 00a4 86       		.byte	-122
 194 00a5 10       		.byte	16
 195 00a6 87       		.byte	-121
 196 00a7 70       		.byte	112
 197 00a8 88       		.byte	-120
 198 00a9 14       		.byte	20
 199 00aa 89       		.byte	-119
 200 00ab 73       		.byte	115
 201 00ac 8B       		.byte	-117
 202 00ad 0C       		.byte	12
 203 00ae 8D       		.byte	-115
 204 00af 42       		.byte	66
 205 00b0 8E       		.byte	-114
 206 00b1 03       		.byte	3
 207 00b2 95       		.byte	-107
 208 00b3 0C       		.byte	12
 209 00b4 99       		.byte	-103
 210 00b5 04       		.byte	4
 211 00b6 9C       		.byte	-100
 212 00b7 10       		.byte	16
 213 00b8 9D       		.byte	-99
 214 00b9 08       		.byte	8
 215 00ba 9E       		.byte	-98
 216 00bb 0C       		.byte	12
 217 00bc A0       		.byte	-96
 218 00bd 1C       		.byte	28
 219 00be A1       		.byte	-95
 220 00bf 21       		.byte	33
 221 00c0 A2       		.byte	-94
 222 00c1 02       		.byte	2
 223 00c2 A4       		.byte	-92
 224 00c3 0C       		.byte	12
 225 00c4 A5       		.byte	-91
 226 00c5 7F       		.byte	127
 227 00c6 A6       		.byte	-90
 228 00c7 11       		.byte	17
ARM GAS  C:\Users\Mathias\AppData\Local\Temp\ccRR2zo0.s 			page 5


 229 00c8 AB       		.byte	-85
 230 00c9 73       		.byte	115
 231 00ca AD       		.byte	-83
 232 00cb 63       		.byte	99
 233 00cc B0       		.byte	-80
 234 00cd 1F       		.byte	31
 235 00ce B3       		.byte	-77
 236 00cf 0F       		.byte	15
 237 00d0 B5       		.byte	-75
 238 00d1 1C       		.byte	28
 239 00d2 B7       		.byte	-73
 240 00d3 60       		.byte	96
 241 00d4 BB       		.byte	-69
 242 00d5 28       		.byte	40
 243 00d6 C0       		.byte	-64
 244 00d7 12       		.byte	18
 245 00d8 C1       		.byte	-63
 246 00d9 06       		.byte	6
 247 00da C5       		.byte	-59
 248 00db EC       		.byte	-20
 249 00dc C7       		.byte	-57
 250 00dd 0B       		.byte	11
 251 00de C8       		.byte	-56
 252 00df 13       		.byte	19
 253 00e0 C9       		.byte	-55
 254 00e1 FF       		.byte	-1
 255 00e2 CA       		.byte	-54
 256 00e3 FF       		.byte	-1
 257 00e4 CB       		.byte	-53
 258 00e5 FF       		.byte	-1
 259 00e6 CE       		.byte	-50
 260 00e7 F0       		.byte	-16
 261 00e8 CF       		.byte	-49
 262 00e9 44       		.byte	68
 263 00ea D0       		.byte	-48
 264 00eb 0C       		.byte	12
 265 00ec D6       		.byte	-42
 266 00ed 02       		.byte	2
 267 00ee D7       		.byte	-41
 268 00ef 28       		.byte	40
 269 00f0 D8       		.byte	-40
 270 00f1 04       		.byte	4
 271 00f2 D9       		.byte	-39
 272 00f3 04       		.byte	4
 273 00f4 DA       		.byte	-38
 274 00f5 04       		.byte	4
 275 00f6 DB       		.byte	-37
 276 00f7 24       		.byte	36
 277 00f8 DC       		.byte	-36
 278 00f9 11       		.byte	17
 279 00fa DD       		.byte	-35
 280 00fb 81       		.byte	-127
 281 00fc DE       		.byte	-34
 282 00fd 08       		.byte	8
 283 00fe DF       		.byte	-33
 284 00ff 21       		.byte	33
 285 0100 E6       		.byte	-26
ARM GAS  C:\Users\Mathias\AppData\Local\Temp\ccRR2zo0.s 			page 6


 286 0101 C0       		.byte	-64
 287 0102 EA       		.byte	-22
 288 0103 40       		.byte	64
 289 0104 EB       		.byte	-21
 290 0105 02       		.byte	2
 291 0106 00       		.byte	0
 292 0107 40       		.byte	64
 293 0108 02       		.byte	2
 294 0109 44       		.byte	68
 295 010a 03       		.byte	3
 296 010b 10       		.byte	16
 297 010c 05       		.byte	5
 298 010d 08       		.byte	8
 299 010e 06       		.byte	6
 300 010f 90       		.byte	-112
 301 0110 09       		.byte	9
 302 0111 80       		.byte	-128
 303 0112 0E       		.byte	14
 304 0113 40       		.byte	64
 305 0114 10       		.byte	16
 306 0115 50       		.byte	80
 307 0116 16       		.byte	22
 308 0117 20       		.byte	32
 309 0118 17       		.byte	23
 310 0119 40       		.byte	64
 311 011a 18       		.byte	24
 312 011b 40       		.byte	64
 313 011c 1C       		.byte	28
 314 011d 02       		.byte	2
 315 011e 1E       		.byte	30
 316 011f 40       		.byte	64
 317 0120 1F       		.byte	31
 318 0121 14       		.byte	20
 319 0122 21       		.byte	33
 320 0123 08       		.byte	8
 321 0124 23       		.byte	35
 322 0125 16       		.byte	22
 323 0126 27       		.byte	39
 324 0127 40       		.byte	64
 325 0128 28       		.byte	40
 326 0129 82       		.byte	-126
 327 012a 29       		.byte	41
 328 012b 10       		.byte	16
 329 012c 2B       		.byte	43
 330 012d 20       		.byte	32
 331 012e 2E       		.byte	46
 332 012f 80       		.byte	-128
 333 0130 30       		.byte	48
 334 0131 88       		.byte	-120
 335 0132 31       		.byte	49
 336 0133 20       		.byte	32
 337 0134 35       		.byte	53
 338 0135 14       		.byte	20
 339 0136 37       		.byte	55
 340 0137 28       		.byte	40
 341 0138 38       		.byte	56
 342 0139 80       		.byte	-128
ARM GAS  C:\Users\Mathias\AppData\Local\Temp\ccRR2zo0.s 			page 7


 343 013a 39       		.byte	57
 344 013b 01       		.byte	1
 345 013c 3B       		.byte	59
 346 013d 14       		.byte	20
 347 013e 41       		.byte	65
 348 013f 80       		.byte	-128
 349 0140 42       		.byte	66
 350 0141 0A       		.byte	10
 351 0142 48       		.byte	72
 352 0143 01       		.byte	1
 353 0144 49       		.byte	73
 354 0145 84       		.byte	-124
 355 0146 4A       		.byte	74
 356 0147 04       		.byte	4
 357 0148 4B       		.byte	75
 358 0149 02       		.byte	2
 359 014a 52       		.byte	82
 360 014b 04       		.byte	4
 361 014c 5D       		.byte	93
 362 014d 88       		.byte	-120
 363 014e 5E       		.byte	94
 364 014f 20       		.byte	32
 365 0150 60       		.byte	96
 366 0151 10       		.byte	16
 367 0152 67       		.byte	103
 368 0153 20       		.byte	32
 369 0154 69       		.byte	105
 370 0155 4A       		.byte	74
 371 0156 6A       		.byte	106
 372 0157 35       		.byte	53
 373 0158 78       		.byte	120
 374 0159 08       		.byte	8
 375 015a 7A       		.byte	122
 376 015b 02       		.byte	2
 377 015c 86       		.byte	-122
 378 015d 02       		.byte	2
 379 015e 90       		.byte	-112
 380 015f 18       		.byte	24
 381 0160 93       		.byte	-109
 382 0161 40       		.byte	64
 383 0162 94       		.byte	-108
 384 0163 41       		.byte	65
 385 0164 95       		.byte	-107
 386 0165 41       		.byte	65
 387 0166 96       		.byte	-106
 388 0167 15       		.byte	21
 389 0168 97       		.byte	-105
 390 0169 14       		.byte	20
 391 016a 98       		.byte	-104
 392 016b 50       		.byte	80
 393 016c 9A       		.byte	-102
 394 016d A1       		.byte	-95
 395 016e 9B       		.byte	-101
 396 016f 80       		.byte	-128
 397 0170 9C       		.byte	-100
 398 0171 08       		.byte	8
 399 0172 9D       		.byte	-99
ARM GAS  C:\Users\Mathias\AppData\Local\Temp\ccRR2zo0.s 			page 8


 400 0173 04       		.byte	4
 401 0174 9E       		.byte	-98
 402 0175 4A       		.byte	74
 403 0176 9F       		.byte	-97
 404 0177 12       		.byte	18
 405 0178 A0       		.byte	-96
 406 0179 20       		.byte	32
 407 017a A2       		.byte	-94
 408 017b 15       		.byte	21
 409 017c A4       		.byte	-92
 410 017d 44       		.byte	68
 411 017e A6       		.byte	-90
 412 017f 02       		.byte	2
 413 0180 A7       		.byte	-89
 414 0181 01       		.byte	1
 415 0182 B4       		.byte	-76
 416 0183 40       		.byte	64
 417 0184 B7       		.byte	-73
 418 0185 20       		.byte	32
 419 0186 C0       		.byte	-64
 420 0187 3F       		.byte	63
 421 0188 C2       		.byte	-62
 422 0189 11       		.byte	17
 423 018a C4       		.byte	-60
 424 018b AC       		.byte	-84
 425 018c CA       		.byte	-54
 426 018d 1F       		.byte	31
 427 018e CC       		.byte	-52
 428 018f 0E       		.byte	14
 429 0190 CE       		.byte	-50
 430 0191 0F       		.byte	15
 431 0192 D0       		.byte	-48
 432 0193 0C       		.byte	12
 433 0194 D2       		.byte	-46
 434 0195 04       		.byte	4
 435 0196 D6       		.byte	-42
 436 0197 70       		.byte	112
 437 0198 D8       		.byte	-40
 438 0199 42       		.byte	66
 439 019a DE       		.byte	-34
 440 019b 0A       		.byte	10
 441 019c E2       		.byte	-30
 442 019d 02       		.byte	2
 443 019e 01       		.byte	1
 444 019f 02       		.byte	2
 445 01a0 04       		.byte	4
 446 01a1 04       		.byte	4
 447 01a2 07       		.byte	7
 448 01a3 02       		.byte	2
 449 01a4 0A       		.byte	10
 450 01a5 08       		.byte	8
 451 01a6 0D       		.byte	13
 452 01a7 01       		.byte	1
 453 01a8 0E       		.byte	14
 454 01a9 08       		.byte	8
 455 01aa 11       		.byte	17
 456 01ab 04       		.byte	4
ARM GAS  C:\Users\Mathias\AppData\Local\Temp\ccRR2zo0.s 			page 9


 457 01ac 12       		.byte	18
 458 01ad 01       		.byte	1
 459 01ae 14       		.byte	20
 460 01af 03       		.byte	3
 461 01b0 17       		.byte	23
 462 01b1 02       		.byte	2
 463 01b2 18       		.byte	24
 464 01b3 03       		.byte	3
 465 01b4 19       		.byte	25
 466 01b5 02       		.byte	2
 467 01b6 1C       		.byte	28
 468 01b7 03       		.byte	3
 469 01b8 22       		.byte	34
 470 01b9 04       		.byte	4
 471 01ba 23       		.byte	35
 472 01bb 02       		.byte	2
 473 01bc 26       		.byte	38
 474 01bd 04       		.byte	4
 475 01be 28       		.byte	40
 476 01bf 04       		.byte	4
 477 01c0 2E       		.byte	46
 478 01c1 03       		.byte	3
 479 01c2 30       		.byte	48
 480 01c3 02       		.byte	2
 481 01c4 31       		.byte	49
 482 01c5 02       		.byte	2
 483 01c6 32       		.byte	50
 484 01c7 04       		.byte	4
 485 01c8 33       		.byte	51
 486 01c9 04       		.byte	4
 487 01ca 34       		.byte	52
 488 01cb 08       		.byte	8
 489 01cc 35       		.byte	53
 490 01cd 01       		.byte	1
 491 01ce 36       		.byte	54
 492 01cf 01       		.byte	1
 493 01d0 38       		.byte	56
 494 01d1 08       		.byte	8
 495 01d2 3E       		.byte	62
 496 01d3 51       		.byte	81
 497 01d4 3F       		.byte	63
 498 01d5 15       		.byte	21
 499 01d6 40       		.byte	64
 500 01d7 04       		.byte	4
 501 01d8 41       		.byte	65
 502 01d9 03       		.byte	3
 503 01da 42       		.byte	66
 504 01db 40       		.byte	64
 505 01dc 44       		.byte	68
 506 01dd 01       		.byte	1
 507 01de 45       		.byte	69
 508 01df 0E       		.byte	14
 509 01e0 46       		.byte	70
 510 01e1 FD       		.byte	-3
 511 01e2 47       		.byte	71
 512 01e3 BC       		.byte	-68
 513 01e4 48       		.byte	72
ARM GAS  C:\Users\Mathias\AppData\Local\Temp\ccRR2zo0.s 			page 10


 514 01e5 3D       		.byte	61
 515 01e6 49       		.byte	73
 516 01e7 FF       		.byte	-1
 517 01e8 4A       		.byte	74
 518 01e9 FF       		.byte	-1
 519 01ea 4B       		.byte	75
 520 01eb FF       		.byte	-1
 521 01ec 4C       		.byte	76
 522 01ed 22       		.byte	34
 523 01ee 4E       		.byte	78
 524 01ef F0       		.byte	-16
 525 01f0 4F       		.byte	79
 526 01f1 0C       		.byte	12
 527 01f2 50       		.byte	80
 528 01f3 8C       		.byte	-116
 529 01f4 51       		.byte	81
 530 01f5 10       		.byte	16
 531 01f6 54       		.byte	84
 532 01f7 18       		.byte	24
 533 01f8 58       		.byte	88
 534 01f9 04       		.byte	4
 535 01fa 59       		.byte	89
 536 01fb 04       		.byte	4
 537 01fc 5A       		.byte	90
 538 01fd 24       		.byte	36
 539 01fe 5B       		.byte	91
 540 01ff 04       		.byte	4
 541 0200 5C       		.byte	92
 542 0201 01       		.byte	1
 543 0202 5D       		.byte	93
 544 0203 18       		.byte	24
 545 0204 5F       		.byte	95
 546 0205 21       		.byte	33
 547 0206 68       		.byte	104
 548 0207 40       		.byte	64
 549 0208 69       		.byte	105
 550 0209 01       		.byte	1
 551 020a 6A       		.byte	106
 552 020b C0       		.byte	-64
 553 020c 6B       		.byte	107
 554 020d 01       		.byte	1
 555 020e 82       		.byte	-126
 556 020f 02       		.byte	2
 557 0210 86       		.byte	-122
 558 0211 16       		.byte	22
 559 0212 8A       		.byte	-118
 560 0213 09       		.byte	9
 561 0214 8C       		.byte	-116
 562 0215 08       		.byte	8
 563 0216 8E       		.byte	-114
 564 0217 15       		.byte	21
 565 0218 98       		.byte	-104
 566 0219 08       		.byte	8
 567 021a 9A       		.byte	-102
 568 021b 13       		.byte	19
 569 021c 9C       		.byte	-100
 570 021d 16       		.byte	22
ARM GAS  C:\Users\Mathias\AppData\Local\Temp\ccRR2zo0.s 			page 11


 571 021e 9E       		.byte	-98
 572 021f 09       		.byte	9
 573 0220 B4       		.byte	-76
 574 0221 07       		.byte	7
 575 0222 B6       		.byte	-74
 576 0223 1B       		.byte	27
 577 0224 BA       		.byte	-70
 578 0225 A0       		.byte	-96
 579 0226 D6       		.byte	-42
 580 0227 08       		.byte	8
 581 0228 D8       		.byte	-40
 582 0229 04       		.byte	4
 583 022a DB       		.byte	-37
 584 022b 04       		.byte	4
 585 022c DC       		.byte	-36
 586 022d 01       		.byte	1
 587 022e DF       		.byte	-33
 588 022f 01       		.byte	1
 589 0230 00       		.byte	0
 590 0231 88       		.byte	-120
 591 0232 03       		.byte	3
 592 0233 08       		.byte	8
 593 0234 06       		.byte	6
 594 0235 4A       		.byte	74
 595 0236 07       		.byte	7
 596 0237 10       		.byte	16
 597 0238 0A       		.byte	10
 598 0239 15       		.byte	21
 599 023a 0B       		.byte	11
 600 023b C0       		.byte	-64
 601 023c 0D       		.byte	13
 602 023d 20       		.byte	32
 603 023e 0E       		.byte	14
 604 023f 02       		.byte	2
 605 0240 11       		.byte	17
 606 0241 41       		.byte	65
 607 0242 13       		.byte	19
 608 0243 14       		.byte	20
 609 0244 18       		.byte	24
 610 0245 84       		.byte	-124
 611 0246 19       		.byte	25
 612 0247 80       		.byte	-128
 613 0248 1A       		.byte	26
 614 0249 40       		.byte	64
 615 024a 1B       		.byte	27
 616 024b 08       		.byte	8
 617 024c 1D       		.byte	29
 618 024d 20       		.byte	32
 619 024e 1E       		.byte	30
 620 024f 0A       		.byte	10
 621 0250 1F       		.byte	31
 622 0251 80       		.byte	-128
 623 0252 20       		.byte	32
 624 0253 10       		.byte	16
 625 0254 23       		.byte	35
 626 0255 88       		.byte	-120
 627 0256 28       		.byte	40
ARM GAS  C:\Users\Mathias\AppData\Local\Temp\ccRR2zo0.s 			page 12


 628 0257 40       		.byte	64
 629 0258 2B       		.byte	43
 630 0259 80       		.byte	-128
 631 025a 30       		.byte	48
 632 025b 10       		.byte	16
 633 025c 31       		.byte	49
 634 025d 24       		.byte	36
 635 025e 32       		.byte	50
 636 025f 02       		.byte	2
 637 0260 38       		.byte	56
 638 0261 40       		.byte	64
 639 0262 3A       		.byte	58
 640 0263 0A       		.byte	10
 641 0264 40       		.byte	64
 642 0265 11       		.byte	17
 643 0266 42       		.byte	66
 644 0267 40       		.byte	64
 645 0268 4A       		.byte	74
 646 0269 10       		.byte	16
 647 026a 50       		.byte	80
 648 026b 24       		.byte	36
 649 026c 52       		.byte	82
 650 026d 01       		.byte	1
 651 026e 53       		.byte	83
 652 026f 40       		.byte	64
 653 0270 5B       		.byte	91
 654 0271 02       		.byte	2
 655 0272 5D       		.byte	93
 656 0273 80       		.byte	-128
 657 0274 5F       		.byte	95
 658 0275 20       		.byte	32
 659 0276 60       		.byte	96
 660 0277 04       		.byte	4
 661 0278 63       		.byte	99
 662 0279 02       		.byte	2
 663 027a 66       		.byte	102
 664 027b A0       		.byte	-96
 665 027c 78       		.byte	120
 666 027d 08       		.byte	8
 667 027e 87       		.byte	-121
 668 027f 08       		.byte	8
 669 0280 C0       		.byte	-64
 670 0281 F7       		.byte	-9
 671 0282 C2       		.byte	-62
 672 0283 CF       		.byte	-49
 673 0284 C4       		.byte	-60
 674 0285 0F       		.byte	15
 675 0286 CA       		.byte	-54
 676 0287 01       		.byte	1
 677 0288 CC       		.byte	-52
 678 0289 07       		.byte	7
 679 028a CE       		.byte	-50
 680 028b 0B       		.byte	11
 681 028c D0       		.byte	-48
 682 028d 0B       		.byte	11
 683 028e D6       		.byte	-42
 684 028f 31       		.byte	49
ARM GAS  C:\Users\Mathias\AppData\Local\Temp\ccRR2zo0.s 			page 13


 685 0290 D8       		.byte	-40
 686 0291 3C       		.byte	60
 687 0292 DE       		.byte	-34
 688 0293 02       		.byte	2
 689 0294 E0       		.byte	-32
 690 0295 08       		.byte	8
 691 0296 EE       		.byte	-18
 692 0297 08       		.byte	8
 693 0298 0C       		.byte	12
 694 0299 33       		.byte	51
 695 029a 0E       		.byte	14
 696 029b 0C       		.byte	12
 697 029c 16       		.byte	22
 698 029d 08       		.byte	8
 699 029e 18       		.byte	24
 700 029f 33       		.byte	51
 701 02a0 1A       		.byte	26
 702 02a1 04       		.byte	4
 703 02a2 1C       		.byte	28
 704 02a3 2A       		.byte	42
 705 02a4 1E       		.byte	30
 706 02a5 04       		.byte	4
 707 02a6 24       		.byte	36
 708 02a7 03       		.byte	3
 709 02a8 25       		.byte	37
 710 02a9 01       		.byte	1
 711 02aa 26       		.byte	38
 712 02ab 04       		.byte	4
 713 02ac 2A       		.byte	42
 714 02ad 15       		.byte	21
 715 02ae 30       		.byte	48
 716 02af 0F       		.byte	15
 717 02b0 32       		.byte	50
 718 02b1 30       		.byte	48
 719 02b2 37       		.byte	55
 720 02b3 01       		.byte	1
 721 02b4 38       		.byte	56
 722 02b5 08       		.byte	8
 723 02b6 3A       		.byte	58
 724 02b7 02       		.byte	2
 725 02b8 3E       		.byte	62
 726 02b9 04       		.byte	4
 727 02ba 3F       		.byte	63
 728 02bb 40       		.byte	64
 729 02bc 40       		.byte	64
 730 02bd 03       		.byte	3
 731 02be 46       		.byte	70
 732 02bf 04       		.byte	4
 733 02c0 49       		.byte	73
 734 02c1 FF       		.byte	-1
 735 02c2 4A       		.byte	74
 736 02c3 07       		.byte	7
 737 02c4 4B       		.byte	75
 738 02c5 FF       		.byte	-1
 739 02c6 4C       		.byte	76
 740 02c7 40       		.byte	64
 741 02c8 4D       		.byte	77
ARM GAS  C:\Users\Mathias\AppData\Local\Temp\ccRR2zo0.s 			page 14


 742 02c9 20       		.byte	32
 743 02ca 4E       		.byte	78
 744 02cb F0       		.byte	-16
 745 02cc 4F       		.byte	79
 746 02cd 05       		.byte	5
 747 02ce 50       		.byte	80
 748 02cf 08       		.byte	8
 749 02d0 54       		.byte	84
 750 02d1 20       		.byte	32
 751 02d2 56       		.byte	86
 752 02d3 04       		.byte	4
 753 02d4 58       		.byte	88
 754 02d5 04       		.byte	4
 755 02d6 59       		.byte	89
 756 02d7 04       		.byte	4
 757 02d8 5A       		.byte	90
 758 02d9 04       		.byte	4
 759 02da 5B       		.byte	91
 760 02db 04       		.byte	4
 761 02dc 5C       		.byte	92
 762 02dd 01       		.byte	1
 763 02de 5D       		.byte	93
 764 02df 01       		.byte	1
 765 02e0 5F       		.byte	95
 766 02e1 01       		.byte	1
 767 02e2 60       		.byte	96
 768 02e3 40       		.byte	64
 769 02e4 61       		.byte	97
 770 02e5 A8       		.byte	-88
 771 02e6 62       		.byte	98
 772 02e7 40       		.byte	64
 773 02e8 63       		.byte	99
 774 02e9 20       		.byte	32
 775 02ea 81       		.byte	-127
 776 02eb 38       		.byte	56
 777 02ec 83       		.byte	-125
 778 02ed 04       		.byte	4
 779 02ee 84       		.byte	-124
 780 02ef 1E       		.byte	30
 781 02f0 85       		.byte	-123
 782 02f1 38       		.byte	56
 783 02f2 87       		.byte	-121
 784 02f3 02       		.byte	2
 785 02f4 8A       		.byte	-118
 786 02f5 02       		.byte	2
 787 02f6 8B       		.byte	-117
 788 02f7 06       		.byte	6
 789 02f8 8C       		.byte	-116
 790 02f9 01       		.byte	1
 791 02fa 8D       		.byte	-115
 792 02fb 20       		.byte	32
 793 02fc 90       		.byte	-112
 794 02fd 12       		.byte	18
 795 02fe 92       		.byte	-110
 796 02ff 0C       		.byte	12
 797 0300 94       		.byte	-108
 798 0301 0C       		.byte	12
ARM GAS  C:\Users\Mathias\AppData\Local\Temp\ccRR2zo0.s 			page 15


 799 0302 95       		.byte	-107
 800 0303 30       		.byte	48
 801 0304 98       		.byte	-104
 802 0305 04       		.byte	4
 803 0306 99       		.byte	-103
 804 0307 10       		.byte	16
 805 0308 9C       		.byte	-100
 806 0309 20       		.byte	32
 807 030a 9F       		.byte	-97
 808 030b 08       		.byte	8
 809 030c A0       		.byte	-96
 810 030d 08       		.byte	8
 811 030e A1       		.byte	-95
 812 030f 08       		.byte	8
 813 0310 A3       		.byte	-93
 814 0311 01       		.byte	1
 815 0312 A4       		.byte	-92
 816 0313 1C       		.byte	28
 817 0314 A5       		.byte	-91
 818 0315 3E       		.byte	62
 819 0316 A6       		.byte	-90
 820 0317 02       		.byte	2
 821 0318 A8       		.byte	-88
 822 0319 1E       		.byte	30
 823 031a AD       		.byte	-83
 824 031b 0E       		.byte	14
 825 031c AE       		.byte	-82
 826 031d 01       		.byte	1
 827 031e AF       		.byte	-81
 828 031f 30       		.byte	48
 829 0320 B0       		.byte	-80
 830 0321 01       		.byte	1
 831 0322 B2       		.byte	-78
 832 0323 20       		.byte	32
 833 0324 B3       		.byte	-77
 834 0325 3E       		.byte	62
 835 0326 B4       		.byte	-76
 836 0327 10       		.byte	16
 837 0328 B6       		.byte	-74
 838 0329 0E       		.byte	14
 839 032a B7       		.byte	-73
 840 032b 01       		.byte	1
 841 032c BB       		.byte	-69
 842 032d 08       		.byte	8
 843 032e BE       		.byte	-66
 844 032f 15       		.byte	21
 845 0330 D4       		.byte	-44
 846 0331 01       		.byte	1
 847 0332 D8       		.byte	-40
 848 0333 04       		.byte	4
 849 0334 D9       		.byte	-39
 850 0335 04       		.byte	4
 851 0336 DB       		.byte	-37
 852 0337 04       		.byte	4
 853 0338 DC       		.byte	-36
 854 0339 11       		.byte	17
 855 033a DD       		.byte	-35
ARM GAS  C:\Users\Mathias\AppData\Local\Temp\ccRR2zo0.s 			page 16


 856 033b 10       		.byte	16
 857 033c DF       		.byte	-33
 858 033d 01       		.byte	1
 859 033e 00       		.byte	0
 860 033f 18       		.byte	24
 861 0340 02       		.byte	2
 862 0341 02       		.byte	2
 863 0342 03       		.byte	3
 864 0343 20       		.byte	32
 865 0344 04       		.byte	4
 866 0345 40       		.byte	64
 867 0346 06       		.byte	6
 868 0347 02       		.byte	2
 869 0348 08       		.byte	8
 870 0349 05       		.byte	5
 871 034a 09       		.byte	9
 872 034b 22       		.byte	34
 873 034c 0A       		.byte	10
 874 034d 01       		.byte	1
 875 034e 0B       		.byte	11
 876 034f 02       		.byte	2
 877 0350 0E       		.byte	14
 878 0351 2A       		.byte	42
 879 0352 10       		.byte	16
 880 0353 80       		.byte	-128
 881 0354 12       		.byte	18
 882 0355 09       		.byte	9
 883 0356 13       		.byte	19
 884 0357 04       		.byte	4
 885 0358 14       		.byte	20
 886 0359 10       		.byte	16
 887 035a 16       		.byte	22
 888 035b 08       		.byte	8
 889 035c 17       		.byte	23
 890 035d 08       		.byte	8
 891 035e 19       		.byte	25
 892 035f 14       		.byte	20
 893 0360 1A       		.byte	26
 894 0361 40       		.byte	64
 895 0362 1B       		.byte	27
 896 0363 80       		.byte	-128
 897 0364 1C       		.byte	28
 898 0365 40       		.byte	64
 899 0366 1D       		.byte	29
 900 0367 08       		.byte	8
 901 0368 22       		.byte	34
 902 0369 48       		.byte	72
 903 036a 27       		.byte	39
 904 036b 01       		.byte	1
 905 036c 28       		.byte	40
 906 036d 81       		.byte	-127
 907 036e 2B       		.byte	43
 908 036f 20       		.byte	32
 909 0370 2C       		.byte	44
 910 0371 A0       		.byte	-96
 911 0372 2F       		.byte	47
 912 0373 50       		.byte	80
ARM GAS  C:\Users\Mathias\AppData\Local\Temp\ccRR2zo0.s 			page 17


 913 0374 30       		.byte	48
 914 0375 0C       		.byte	12
 915 0376 31       		.byte	49
 916 0377 20       		.byte	32
 917 0378 32       		.byte	50
 918 0379 40       		.byte	64
 919 037a 36       		.byte	54
 920 037b 10       		.byte	16
 921 037c 37       		.byte	55
 922 037d 10       		.byte	16
 923 037e 38       		.byte	56
 924 037f 10       		.byte	16
 925 0380 39       		.byte	57
 926 0381 01       		.byte	1
 927 0382 3A       		.byte	58
 928 0383 20       		.byte	32
 929 0384 3B       		.byte	59
 930 0385 84       		.byte	-124
 931 0386 45       		.byte	69
 932 0387 08       		.byte	8
 933 0388 46       		.byte	70
 934 0389 80       		.byte	-128
 935 038a 47       		.byte	71
 936 038b 01       		.byte	1
 937 038c 4C       		.byte	76
 938 038d 04       		.byte	4
 939 038e 4F       		.byte	79
 940 038f 10       		.byte	16
 941 0390 56       		.byte	86
 942 0391 48       		.byte	72
 943 0392 58       		.byte	88
 944 0393 10       		.byte	16
 945 0394 59       		.byte	89
 946 0395 04       		.byte	4
 947 0396 5A       		.byte	90
 948 0397 01       		.byte	1
 949 0398 5B       		.byte	91
 950 0399 80       		.byte	-128
 951 039a 5F       		.byte	95
 952 039b 02       		.byte	2
 953 039c 64       		.byte	100
 954 039d 40       		.byte	64
 955 039e 66       		.byte	102
 956 039f 84       		.byte	-124
 957 03a0 67       		.byte	103
 958 03a1 08       		.byte	8
 959 03a2 88       		.byte	-120
 960 03a3 08       		.byte	8
 961 03a4 89       		.byte	-119
 962 03a5 01       		.byte	1
 963 03a6 8A       		.byte	-118
 964 03a7 08       		.byte	8
 965 03a8 90       		.byte	-112
 966 03a9 08       		.byte	8
 967 03aa 91       		.byte	-111
 968 03ab 4A       		.byte	74
 969 03ac 92       		.byte	-110
ARM GAS  C:\Users\Mathias\AppData\Local\Temp\ccRR2zo0.s 			page 18


 970 03ad 20       		.byte	32
 971 03ae 93       		.byte	-109
 972 03af 4E       		.byte	78
 973 03b0 94       		.byte	-108
 974 03b1 81       		.byte	-127
 975 03b2 95       		.byte	-107
 976 03b3 01       		.byte	1
 977 03b4 98       		.byte	-104
 978 03b5 01       		.byte	1
 979 03b6 9A       		.byte	-102
 980 03b7 01       		.byte	1
 981 03b8 9B       		.byte	-101
 982 03b9 88       		.byte	-120
 983 03ba 9C       		.byte	-100
 984 03bb 8A       		.byte	-118
 985 03bc 9E       		.byte	-98
 986 03bd 5A       		.byte	90
 987 03be 9F       		.byte	-97
 988 03bf 30       		.byte	48
 989 03c0 A0       		.byte	-96
 990 03c1 20       		.byte	32
 991 03c2 A2       		.byte	-94
 992 03c3 07       		.byte	7
 993 03c4 A4       		.byte	-92
 994 03c5 CC       		.byte	-52
 995 03c6 A5       		.byte	-91
 996 03c7 20       		.byte	32
 997 03c8 A7       		.byte	-89
 998 03c9 21       		.byte	33
 999 03ca B0       		.byte	-80
 1000 03cb 01       		.byte	1
 1001 03cc B1       		.byte	-79
 1002 03cd 08       		.byte	8
 1003 03ce C0       		.byte	-64
 1004 03cf 87       		.byte	-121
 1005 03d0 C2       		.byte	-62
 1006 03d1 EF       		.byte	-17
 1007 03d2 C4       		.byte	-60
 1008 03d3 6F       		.byte	111
 1009 03d4 CA       		.byte	-54
 1010 03d5 4B       		.byte	75
 1011 03d6 CC       		.byte	-52
 1012 03d7 0E       		.byte	14
 1013 03d8 CE       		.byte	-50
 1014 03d9 0F       		.byte	15
 1015 03da D0       		.byte	-48
 1016 03db 40       		.byte	64
 1017 03dc D6       		.byte	-42
 1018 03dd 8F       		.byte	-113
 1019 03de D8       		.byte	-40
 1020 03df F0       		.byte	-16
 1021 03e0 88       		.byte	-120
 1022 03e1 02       		.byte	2
 1023 03e2 8C       		.byte	-116
 1024 03e3 01       		.byte	1
 1025 03e4 97       		.byte	-105
 1026 03e5 01       		.byte	1
ARM GAS  C:\Users\Mathias\AppData\Local\Temp\ccRR2zo0.s 			page 19


 1027 03e6 98       		.byte	-104
 1028 03e7 01       		.byte	1
 1029 03e8 9E       		.byte	-98
 1030 03e9 01       		.byte	1
 1031 03ea B2       		.byte	-78
 1032 03eb 03       		.byte	3
 1033 03ec B7       		.byte	-73
 1034 03ed 01       		.byte	1
 1035 03ee B8       		.byte	-72
 1036 03ef 08       		.byte	8
 1037 03f0 D6       		.byte	-42
 1038 03f1 08       		.byte	8
 1039 03f2 D8       		.byte	-40
 1040 03f3 04       		.byte	4
 1041 03f4 D9       		.byte	-39
 1042 03f5 04       		.byte	4
 1043 03f6 DB       		.byte	-37
 1044 03f7 04       		.byte	4
 1045 03f8 DC       		.byte	-36
 1046 03f9 81       		.byte	-127
 1047 03fa DF       		.byte	-33
 1048 03fb 21       		.byte	33
 1049 03fc 00       		.byte	0
 1050 03fd 02       		.byte	2
 1051 03fe 02       		.byte	2
 1052 03ff 01       		.byte	1
 1053 0400 03       		.byte	3
 1054 0401 B8       		.byte	-72
 1055 0402 04       		.byte	4
 1056 0403 40       		.byte	64
 1057 0404 06       		.byte	6
 1058 0405 08       		.byte	8
 1059 0406 08       		.byte	8
 1060 0407 80       		.byte	-128
 1061 0408 09       		.byte	9
 1062 0409 10       		.byte	16
 1063 040a 0A       		.byte	10
 1064 040b 04       		.byte	4
 1065 040c 0E       		.byte	14
 1066 040d 0A       		.byte	10
 1067 040e 13       		.byte	19
 1068 040f 08       		.byte	8
 1069 0410 1A       		.byte	26
 1070 0411 05       		.byte	5
 1071 0412 1B       		.byte	27
 1072 0413 09       		.byte	9
 1073 0414 1E       		.byte	30
 1074 0415 20       		.byte	32
 1075 0416 20       		.byte	32
 1076 0417 09       		.byte	9
 1077 0418 21       		.byte	33
 1078 0419 08       		.byte	8
 1079 041a 23       		.byte	35
 1080 041b 20       		.byte	32
 1081 041c 25       		.byte	37
 1082 041d 80       		.byte	-128
 1083 041e 2A       		.byte	42
ARM GAS  C:\Users\Mathias\AppData\Local\Temp\ccRR2zo0.s 			page 20


 1084 041f 40       		.byte	64
 1085 0420 2B       		.byte	43
 1086 0421 20       		.byte	32
 1087 0422 31       		.byte	49
 1088 0423 80       		.byte	-128
 1089 0424 32       		.byte	50
 1090 0425 10       		.byte	16
 1091 0426 33       		.byte	51
 1092 0427 01       		.byte	1
 1093 0428 36       		.byte	54
 1094 0429 08       		.byte	8
 1095 042a 39       		.byte	57
 1096 042b 6A       		.byte	106
 1097 042c 41       		.byte	65
 1098 042d 0A       		.byte	10
 1099 042e 42       		.byte	66
 1100 042f 21       		.byte	33
 1101 0430 48       		.byte	72
 1102 0431 45       		.byte	69
 1103 0432 52       		.byte	82
 1104 0433 01       		.byte	1
 1105 0434 59       		.byte	89
 1106 0435 10       		.byte	16
 1107 0436 5F       		.byte	95
 1108 0437 50       		.byte	80
 1109 0438 66       		.byte	102
 1110 0439 90       		.byte	-112
 1111 043a 69       		.byte	105
 1112 043b 20       		.byte	32
 1113 043c 6B       		.byte	107
 1114 043d 19       		.byte	25
 1115 043e 70       		.byte	112
 1116 043f 88       		.byte	-120
 1117 0440 71       		.byte	113
 1118 0441 20       		.byte	32
 1119 0442 7C       		.byte	124
 1120 0443 08       		.byte	8
 1121 0444 80       		.byte	-128
 1122 0445 02       		.byte	2
 1123 0446 83       		.byte	-125
 1124 0447 08       		.byte	8
 1125 0448 86       		.byte	-122
 1126 0449 48       		.byte	72
 1127 044a 88       		.byte	-120
 1128 044b 80       		.byte	-128
 1129 044c 8E       		.byte	-114
 1130 044d 84       		.byte	-124
 1131 044e 90       		.byte	-112
 1132 044f 40       		.byte	64
 1133 0450 91       		.byte	-111
 1134 0451 4A       		.byte	74
 1135 0452 92       		.byte	-110
 1136 0453 20       		.byte	32
 1137 0454 93       		.byte	-109
 1138 0455 50       		.byte	80
 1139 0456 94       		.byte	-108
 1140 0457 01       		.byte	1
ARM GAS  C:\Users\Mathias\AppData\Local\Temp\ccRR2zo0.s 			page 21


 1141 0458 98       		.byte	-104
 1142 0459 08       		.byte	8
 1143 045a 99       		.byte	-103
 1144 045b 10       		.byte	16
 1145 045c 9A       		.byte	-102
 1146 045d 08       		.byte	8
 1147 045e 9C       		.byte	-100
 1148 045f 82       		.byte	-126
 1149 0460 9E       		.byte	-98
 1150 0461 34       		.byte	52
 1151 0462 9F       		.byte	-97
 1152 0463 20       		.byte	32
 1153 0464 A1       		.byte	-95
 1154 0465 02       		.byte	2
 1155 0466 A2       		.byte	-94
 1156 0467 05       		.byte	5
 1157 0468 A3       		.byte	-93
 1158 0469 80       		.byte	-128
 1159 046a A4       		.byte	-92
 1160 046b CC       		.byte	-52
 1161 046c A5       		.byte	-91
 1162 046d 30       		.byte	48
 1163 046e A6       		.byte	-90
 1164 046f 10       		.byte	16
 1165 0470 A7       		.byte	-89
 1166 0471 01       		.byte	1
 1167 0472 AA       		.byte	-86
 1168 0473 40       		.byte	64
 1169 0474 AC       		.byte	-84
 1170 0475 40       		.byte	64
 1171 0476 B3       		.byte	-77
 1172 0477 12       		.byte	18
 1173 0478 B4       		.byte	-76
 1174 0479 40       		.byte	64
 1175 047a B5       		.byte	-75
 1176 047b 10       		.byte	16
 1177 047c C0       		.byte	-64
 1178 047d CF       		.byte	-49
 1179 047e C2       		.byte	-62
 1180 047f C3       		.byte	-61
 1181 0480 C4       		.byte	-60
 1182 0481 04       		.byte	4
 1183 0482 CA       		.byte	-54
 1184 0483 0A       		.byte	10
 1185 0484 CC       		.byte	-52
 1186 0485 4D       		.byte	77
 1187 0486 CE       		.byte	-50
 1188 0487 0F       		.byte	15
 1189 0488 D0       		.byte	-48
 1190 0489 0B       		.byte	11
 1191 048a D2       		.byte	-46
 1192 048b 0C       		.byte	12
 1193 048c D6       		.byte	-42
 1194 048d 34       		.byte	52
 1195 048e D8       		.byte	-40
 1196 048f 30       		.byte	48
 1197 0490 DE       		.byte	-34
ARM GAS  C:\Users\Mathias\AppData\Local\Temp\ccRR2zo0.s 			page 22


 1198 0491 40       		.byte	64
 1199 0492 E2       		.byte	-30
 1200 0493 08       		.byte	8
 1201 0494 E8       		.byte	-24
 1202 0495 04       		.byte	4
 1203 0496 30       		.byte	48
 1204 0497 40       		.byte	64
 1205 0498 CC       		.byte	-52
 1206 0499 10       		.byte	16
 1207 049a 9C       		.byte	-100
 1208 049b 40       		.byte	64
 1209 049c 9C       		.byte	-100
 1210 049d 40       		.byte	64
 1211 049e 9C       		.byte	-100
 1212 049f 40       		.byte	64
 1213 04a0 73       		.byte	115
 1214 04a1 10       		.byte	16
 1215 04a2 DC       		.byte	-36
 1216 04a3 01       		.byte	1
 1217 04a4 97       		.byte	-105
 1218 04a5 10       		.byte	16
 1219 04a6 87       		.byte	-121
 1220 04a7 10       		.byte	16
 1221 04a8 97       		.byte	-105
 1222 04a9 10       		.byte	16
 1223 04aa 85       		.byte	-123
 1224 04ab 02       		.byte	2
 1225 04ac 9C       		.byte	-100
 1226 04ad 40       		.byte	64
 1227 04ae AC       		.byte	-84
 1228 04af 40       		.byte	64
 1229 04b0 EE       		.byte	-18
 1230 04b1 10       		.byte	16
 1231 04b2 09       		.byte	9
 1232 04b3 02       		.byte	2
 1233 04b4 0A       		.byte	10
 1234 04b5 01       		.byte	1
 1235 04b6 0E       		.byte	14
 1236 04b7 20       		.byte	32
 1237 04b8 62       		.byte	98
 1238 04b9 01       		.byte	1
 1239 04ba 8A       		.byte	-118
 1240 04bb 10       		.byte	16
 1241 04bc A5       		.byte	-91
 1242 04bd 02       		.byte	2
 1243 04be C2       		.byte	-62
 1244 04bf 0E       		.byte	14
 1245 04c0 D8       		.byte	-40
 1246 04c1 02       		.byte	2
 1247 04c2 E2       		.byte	-30
 1248 04c3 01       		.byte	1
 1249 04c4 10       		.byte	16
 1250 04c5 10       		.byte	16
 1251 04c6 86       		.byte	-122
 1252 04c7 01       		.byte	1
 1253 04c8 88       		.byte	-120
 1254 04c9 10       		.byte	16
ARM GAS  C:\Users\Mathias\AppData\Local\Temp\ccRR2zo0.s 			page 23


 1255 04ca 92       		.byte	-110
 1256 04cb 01       		.byte	1
 1257 04cc AA       		.byte	-86
 1258 04cd 01       		.byte	1
 1259 04ce C4       		.byte	-60
 1260 04cf 08       		.byte	8
 1261 04d0 E2       		.byte	-30
 1262 04d1 04       		.byte	4
 1263 04d2 00       		.byte	0
 1264 04d3 03       		.byte	3
 1265 04d4 0C       		.byte	12
 1266 04d5 03       		.byte	3
 1267 04d6 10       		.byte	16
 1268 04d7 03       		.byte	3
 1269 04d8 1C       		.byte	28
 1270 04d9 03       		.byte	3
 1271 04da 00       		.byte	0
 1272 04db 03       		.byte	3
 1273 04dc 00       		.byte	0
 1274 04dd 01       		.byte	1
 1275 04de 80       		.byte	-128
 1276 04df 02       		.byte	2
 1277 04e0 7C       		.byte	124
 1278 04e1 01       		.byte	1
 1279 04e2 00       		.byte	0
 1280 04e3 04       		.byte	4
 1281 04e4 10       		.byte	16
 1282 04e5 20       		.byte	32
 1283 04e6 61       		.byte	97
 1284 04e7 00       		.byte	0
 1285 04e8 00       		.byte	0
 1286 04e9 10       		.byte	16
 1287 04ea 80       		.byte	-128
 1288 04eb 01       		.byte	1
 1289 04ec 00       		.byte	0
 1290 04ed 20       		.byte	32
 1291 04ee 00       		.byte	0
 1292 04ef 00       		.byte	0
 1293 04f0 00       		.byte	0
 1294 04f1 00       		.byte	0
 1295 04f2 00       		.byte	0
 1296 04f3 00       		.byte	0
 1297 04f4 48       		.byte	72
 1298 04f5 01       		.byte	1
 1299 04f6 16       		.byte	22
 1300 04f7 08       		.byte	8
 1301 04f8 24       		.byte	36
 1302 04f9 00       		.byte	0
 1303 04fa 1A       		.byte	26
 1304 04fb 1E       		.byte	30
 1305 04fc 00       		.byte	0
 1306 04fd 00       		.byte	0
 1307 04fe 00       		.byte	0
 1308 04ff 00       		.byte	0
 1309 0500 7C       		.byte	124
 1310 0501 20       		.byte	32
 1311 0502 00       		.byte	0
ARM GAS  C:\Users\Mathias\AppData\Local\Temp\ccRR2zo0.s 			page 24


 1312 0503 00       		.byte	0
 1313 0504 00       		.byte	0
 1314 0505 00       		.byte	0
 1315 0506 00       		.byte	0
 1316 0507 00       		.byte	0
 1317 0508 00       		.byte	0
 1318 0509 00       		.byte	0
 1319 050a 00       		.byte	0
 1320 050b 01       		.byte	1
 1321 050c 80       		.byte	-128
 1322 050d 00       		.byte	0
 1323 050e 70       		.byte	112
 1324 050f 20       		.byte	32
 1325 0510 0C       		.byte	12
 1326 0511 00       		.byte	0
 1327 0512 03       		.byte	3
 1328 0513 1F       		.byte	31
 1329 0514 00       		.byte	0
 1330 0515 00       		.byte	0
 1331 0516 00       		.byte	0
 1332 0517 20       		.byte	32
 1333 0518 00       		.byte	0
 1334 0519 00       		.byte	0
 1335 051a 41       		.byte	65
 1336 051b 40       		.byte	64
 1337 051c 43       		.byte	67
 1338 051d 06       		.byte	6
 1339 051e 05       		.byte	5
 1340 051f 00       		.byte	0
 1341 0520 01       		.byte	1
 1342 0521 E0       		.byte	-32
 1343 0522 00       		.byte	0
 1344 0523 C0       		.byte	-64
 1345 0524 22       		.byte	34
 1346 0525 FF       		.byte	-1
 1347 0526 FF       		.byte	-1
 1348 0527 FF       		.byte	-1
 1349 0528 62       		.byte	98
 1350 0529 A0       		.byte	-96
 1351 052a F0       		.byte	-16
 1352 052b 41       		.byte	65
 1353 052c 0C       		.byte	12
 1354 052d 00       		.byte	0
 1355 052e 00       		.byte	0
 1356 052f 00       		.byte	0
 1357 0530 00       		.byte	0
 1358 0531 00       		.byte	0
 1359 0532 02       		.byte	2
 1360 0533 11       		.byte	17
 1361 0534 04       		.byte	4
 1362 0535 04       		.byte	4
 1363 0536 04       		.byte	4
 1364 0537 04       		.byte	4
 1365 0538 11       		.byte	17
 1366 0539 11       		.byte	17
 1367 053a 00       		.byte	0
 1368 053b 01       		.byte	1
ARM GAS  C:\Users\Mathias\AppData\Local\Temp\ccRR2zo0.s 			page 25


 1369 053c 00       		.byte	0
 1370 053d 00       		.byte	0
 1371 053e 00       		.byte	0
 1372 053f 00       		.byte	0
 1373 0540 00       		.byte	0
 1374 0541 00       		.byte	0
 1375 0542 40       		.byte	64
 1376 0543 02       		.byte	2
 1377 0544 00       		.byte	0
 1378 0545 10       		.byte	16
 1379 0546 30       		.byte	48
 1380 0547 10       		.byte	16
 1381 0548 00       		.byte	0
 1382 0549 10       		.byte	16
 1383 054a 10       		.byte	16
 1384 054b 12       		.byte	18
 1385 054c 00       		.byte	0
 1386 054d 00       		.byte	0
 1387 054e 00       		.byte	0
 1388 054f 00       		.byte	0
 1389 0550 00       		.byte	0
 1390 0551 00       		.byte	0
 1391 0552 00       		.byte	0
 1392 0553 00       		.byte	0
 1393 0554 00       		.byte	0
 1394 0555 00       		.byte	0
 1395 0556 00       		.byte	0
 1396 0557 00       		.byte	0
 1397 0558 00       		.byte	0
 1398 0559 00       		.byte	0
 1399 055a 00       		.byte	0
 1400 055b 00       		.byte	0
 1401 055c 80       		.byte	-128
 1402 055d 00       		.byte	0
 1403 055e 40       		.byte	64
 1404 055f 80       		.byte	-128
 1405 0560 80       		.byte	-128
 1406 0561 00       		.byte	0
 1407 0562 80       		.byte	-128
 1408 0563 00       		.byte	0
 1409 0564 00       		.byte	0
 1410 0565 00       		.byte	0
 1411 0566 00       		.byte	0
 1412 0567 00       		.byte	0
 1413 0568 70       		.byte	112
 1414 0569 8B       		.byte	-117
 1415 056a 8B       		.byte	-117
 1416 056b 00       		.byte	0
 1417 056c 80       		.byte	-128
 1418 056d 00       		.byte	0
 1419 056e 00       		.byte	0
 1420 056f 00       		.byte	0
 1421 0570 00       		.byte	0
 1422 0571 02       		.byte	2
 1423 0572 02       		.byte	2
 1424 0573 00       		.byte	0
 1425 0574 00       		.byte	0
ARM GAS  C:\Users\Mathias\AppData\Local\Temp\ccRR2zo0.s 			page 26


 1426 0575 00       		.byte	0
 1427 0576 00       		.byte	0
 1428 0577 00       		.byte	0
 1429              		.section	.cywolatch,"a",%progbits
 1430              		.align	2
 1431              		.type	cy_meta_wonvl, %object
 1432              		.size	cy_meta_wonvl, 4
 1433              	cy_meta_wonvl:
 1434 0000 BC       		.byte	-68
 1435 0001 90       		.byte	-112
 1436 0002 AC       		.byte	-84
 1437 0003 AF       		.byte	-81
 1438              		.section	.cycustnvl,"a",%progbits
 1439              		.align	2
 1440              		.type	cy_meta_custnvl, %object
 1441              		.size	cy_meta_custnvl, 4
 1442              	cy_meta_custnvl:
 1443 0000 00       		.byte	0
 1444 0001 00       		.byte	0
 1445 0002 40       		.byte	64
 1446 0003 05       		.byte	5
 1447              		.section	.cymeta,"a",%progbits
 1448              		.align	2
 1449              		.type	cy_metadata, %object
 1450              		.size	cy_metadata, 12
 1451              	cy_metadata:
 1452 0000 00       		.byte	0
 1453 0001 01       		.byte	1
 1454 0002 2E       		.byte	46
 1455 0003 16       		.byte	22
 1456 0004 10       		.byte	16
 1457 0005 69       		.byte	105
 1458 0006 00       		.byte	0
 1459 0007 01       		.byte	1
 1460 0008 00       		.byte	0
 1461 0009 00       		.byte	0
 1462 000a 00       		.byte	0
 1463 000b 00       		.byte	0
 1464              		.section	.cyflashprotect,"a",%progbits
 1465              		.align	2
 1466              		.type	cy_meta_flashprotect, %object
 1467              		.size	cy_meta_flashprotect, 256
 1468              	cy_meta_flashprotect:
 1469 0000 00000000 		.space	256
 1469      00000000 
 1469      00000000 
 1469      00000000 
 1469      00000000 
 1470              		.text
 1471              	.Letext0:
 1472              		.file 1 "c:\\program files (x86)\\cypress\\psoc creator\\4.2\\psoc creator\\import\\gnu\\arm\\5.4.
 1473              		.file 2 "c:\\program files (x86)\\cypress\\psoc creator\\4.2\\psoc creator\\import\\gnu\\arm\\5.4.
 1474              		.file 3 "Generated_Source\\PSoC5\\cymetadata.c"
 1475              		.section	.debug_info,"",%progbits
 1476              	.Ldebug_info0:
 1477 0000 32010000 		.4byte	0x132
 1478 0004 0400     		.2byte	0x4
ARM GAS  C:\Users\Mathias\AppData\Local\Temp\ccRR2zo0.s 			page 27


 1479 0006 00000000 		.4byte	.Ldebug_abbrev0
 1480 000a 04       		.byte	0x4
 1481 000b 01       		.uleb128 0x1
 1482 000c 6F000000 		.4byte	.LASF17
 1483 0010 0C       		.byte	0xc
 1484 0011 C9010000 		.4byte	.LASF18
 1485 0015 0A000000 		.4byte	.LASF19
 1486 0019 00000000 		.4byte	.Ldebug_line0
 1487 001d 02       		.uleb128 0x2
 1488 001e 01       		.byte	0x1
 1489 001f 06       		.byte	0x6
 1490 0020 BD010000 		.4byte	.LASF0
 1491 0024 03       		.uleb128 0x3
 1492 0025 00000000 		.4byte	.LASF9
 1493 0029 01       		.byte	0x1
 1494 002a 1D       		.byte	0x1d
 1495 002b 2F000000 		.4byte	0x2f
 1496 002f 02       		.uleb128 0x2
 1497 0030 01       		.byte	0x1
 1498 0031 08       		.byte	0x8
 1499 0032 61000000 		.4byte	.LASF1
 1500 0036 02       		.uleb128 0x2
 1501 0037 02       		.byte	0x2
 1502 0038 05       		.byte	0x5
 1503 0039 AA010000 		.4byte	.LASF2
 1504 003d 02       		.uleb128 0x2
 1505 003e 02       		.byte	0x2
 1506 003f 07       		.byte	0x7
 1507 0040 0F010000 		.4byte	.LASF3
 1508 0044 02       		.uleb128 0x2
 1509 0045 04       		.byte	0x4
 1510 0046 05       		.byte	0x5
 1511 0047 B4010000 		.4byte	.LASF4
 1512 004b 02       		.uleb128 0x2
 1513 004c 04       		.byte	0x4
 1514 004d 07       		.byte	0x7
 1515 004e FD000000 		.4byte	.LASF5
 1516 0052 02       		.uleb128 0x2
 1517 0053 08       		.byte	0x8
 1518 0054 05       		.byte	0x5
 1519 0055 9C010000 		.4byte	.LASF6
 1520 0059 02       		.uleb128 0x2
 1521 005a 08       		.byte	0x8
 1522 005b 07       		.byte	0x7
 1523 005c 51010000 		.4byte	.LASF7
 1524 0060 04       		.uleb128 0x4
 1525 0061 04       		.byte	0x4
 1526 0062 05       		.byte	0x5
 1527 0063 696E7400 		.ascii	"int\000"
 1528 0067 02       		.uleb128 0x2
 1529 0068 04       		.byte	0x4
 1530 0069 07       		.byte	0x7
 1531 006a 44010000 		.4byte	.LASF8
 1532 006e 03       		.uleb128 0x3
 1533 006f 68010000 		.4byte	.LASF10
 1534 0073 02       		.byte	0x2
 1535 0074 18       		.byte	0x18
ARM GAS  C:\Users\Mathias\AppData\Local\Temp\ccRR2zo0.s 			page 28


 1536 0075 24000000 		.4byte	0x24
 1537 0079 05       		.uleb128 0x5
 1538 007a 91000000 		.4byte	0x91
 1539 007e 8A000000 		.4byte	0x8a
 1540 0082 06       		.uleb128 0x6
 1541 0083 8A000000 		.4byte	0x8a
 1542 0087 7705     		.2byte	0x577
 1543 0089 00       		.byte	0
 1544 008a 02       		.uleb128 0x2
 1545 008b 04       		.byte	0x4
 1546 008c 07       		.byte	0x7
 1547 008d 93010000 		.4byte	.LASF11
 1548 0091 07       		.uleb128 0x7
 1549 0092 6E000000 		.4byte	0x6e
 1550 0096 08       		.uleb128 0x8
 1551 0097 32010000 		.4byte	.LASF12
 1552 009b 03       		.byte	0x3
 1553 009c 1F       		.byte	0x1f
 1554 009d A7000000 		.4byte	0xa7
 1555 00a1 05       		.uleb128 0x5
 1556 00a2 03       		.byte	0x3
 1557 00a3 00000000 		.4byte	cy_meta_configecc
 1558 00a7 07       		.uleb128 0x7
 1559 00a8 79000000 		.4byte	0x79
 1560 00ac 05       		.uleb128 0x5
 1561 00ad 91000000 		.4byte	0x91
 1562 00b1 BC000000 		.4byte	0xbc
 1563 00b5 09       		.uleb128 0x9
 1564 00b6 8A000000 		.4byte	0x8a
 1565 00ba 03       		.byte	0x3
 1566 00bb 00       		.byte	0
 1567 00bc 08       		.uleb128 0x8
 1568 00bd 22010000 		.4byte	.LASF13
 1569 00c1 03       		.byte	0x3
 1570 00c2 DB       		.byte	0xdb
 1571 00c3 CD000000 		.4byte	0xcd
 1572 00c7 05       		.uleb128 0x5
 1573 00c8 03       		.byte	0x3
 1574 00c9 00000000 		.4byte	cy_meta_custnvl
 1575 00cd 07       		.uleb128 0x7
 1576 00ce AC000000 		.4byte	0xac
 1577 00d2 08       		.uleb128 0x8
 1578 00d3 85010000 		.4byte	.LASF14
 1579 00d7 03       		.byte	0x3
 1580 00d8 E9       		.byte	0xe9
 1581 00d9 E3000000 		.4byte	0xe3
 1582 00dd 05       		.uleb128 0x5
 1583 00de 03       		.byte	0x3
 1584 00df 00000000 		.4byte	cy_meta_wonvl
 1585 00e3 07       		.uleb128 0x7
 1586 00e4 AC000000 		.4byte	0xac
 1587 00e8 05       		.uleb128 0x5
 1588 00e9 91000000 		.4byte	0x91
 1589 00ed F8000000 		.4byte	0xf8
 1590 00f1 09       		.uleb128 0x9
 1591 00f2 8A000000 		.4byte	0x8a
 1592 00f6 FF       		.byte	0xff
ARM GAS  C:\Users\Mathias\AppData\Local\Temp\ccRR2zo0.s 			page 29


 1593 00f7 00       		.byte	0
 1594 00f8 08       		.uleb128 0x8
 1595 00f9 70010000 		.4byte	.LASF15
 1596 00fd 03       		.byte	0x3
 1597 00fe F7       		.byte	0xf7
 1598 00ff 09010000 		.4byte	0x109
 1599 0103 05       		.uleb128 0x5
 1600 0104 03       		.byte	0x3
 1601 0105 00000000 		.4byte	cy_meta_flashprotect
 1602 0109 07       		.uleb128 0x7
 1603 010a E8000000 		.4byte	0xe8
 1604 010e 05       		.uleb128 0x5
 1605 010f 91000000 		.4byte	0x91
 1606 0113 1E010000 		.4byte	0x11e
 1607 0117 09       		.uleb128 0x9
 1608 0118 8A000000 		.4byte	0x8a
 1609 011c 0B       		.byte	0xb
 1610 011d 00       		.byte	0
 1611 011e 0A       		.uleb128 0xa
 1612 011f 55000000 		.4byte	.LASF16
 1613 0123 03       		.byte	0x3
 1614 0124 2401     		.2byte	0x124
 1615 0126 30010000 		.4byte	0x130
 1616 012a 05       		.uleb128 0x5
 1617 012b 03       		.byte	0x3
 1618 012c 00000000 		.4byte	cy_metadata
 1619 0130 07       		.uleb128 0x7
 1620 0131 0E010000 		.4byte	0x10e
 1621 0135 00       		.byte	0
 1622              		.section	.debug_abbrev,"",%progbits
 1623              	.Ldebug_abbrev0:
 1624 0000 01       		.uleb128 0x1
 1625 0001 11       		.uleb128 0x11
 1626 0002 01       		.byte	0x1
 1627 0003 25       		.uleb128 0x25
 1628 0004 0E       		.uleb128 0xe
 1629 0005 13       		.uleb128 0x13
 1630 0006 0B       		.uleb128 0xb
 1631 0007 03       		.uleb128 0x3
 1632 0008 0E       		.uleb128 0xe
 1633 0009 1B       		.uleb128 0x1b
 1634 000a 0E       		.uleb128 0xe
 1635 000b 10       		.uleb128 0x10
 1636 000c 17       		.uleb128 0x17
 1637 000d 00       		.byte	0
 1638 000e 00       		.byte	0
 1639 000f 02       		.uleb128 0x2
 1640 0010 24       		.uleb128 0x24
 1641 0011 00       		.byte	0
 1642 0012 0B       		.uleb128 0xb
 1643 0013 0B       		.uleb128 0xb
 1644 0014 3E       		.uleb128 0x3e
 1645 0015 0B       		.uleb128 0xb
 1646 0016 03       		.uleb128 0x3
 1647 0017 0E       		.uleb128 0xe
 1648 0018 00       		.byte	0
 1649 0019 00       		.byte	0
ARM GAS  C:\Users\Mathias\AppData\Local\Temp\ccRR2zo0.s 			page 30


 1650 001a 03       		.uleb128 0x3
 1651 001b 16       		.uleb128 0x16
 1652 001c 00       		.byte	0
 1653 001d 03       		.uleb128 0x3
 1654 001e 0E       		.uleb128 0xe
 1655 001f 3A       		.uleb128 0x3a
 1656 0020 0B       		.uleb128 0xb
 1657 0021 3B       		.uleb128 0x3b
 1658 0022 0B       		.uleb128 0xb
 1659 0023 49       		.uleb128 0x49
 1660 0024 13       		.uleb128 0x13
 1661 0025 00       		.byte	0
 1662 0026 00       		.byte	0
 1663 0027 04       		.uleb128 0x4
 1664 0028 24       		.uleb128 0x24
 1665 0029 00       		.byte	0
 1666 002a 0B       		.uleb128 0xb
 1667 002b 0B       		.uleb128 0xb
 1668 002c 3E       		.uleb128 0x3e
 1669 002d 0B       		.uleb128 0xb
 1670 002e 03       		.uleb128 0x3
 1671 002f 08       		.uleb128 0x8
 1672 0030 00       		.byte	0
 1673 0031 00       		.byte	0
 1674 0032 05       		.uleb128 0x5
 1675 0033 01       		.uleb128 0x1
 1676 0034 01       		.byte	0x1
 1677 0035 49       		.uleb128 0x49
 1678 0036 13       		.uleb128 0x13
 1679 0037 01       		.uleb128 0x1
 1680 0038 13       		.uleb128 0x13
 1681 0039 00       		.byte	0
 1682 003a 00       		.byte	0
 1683 003b 06       		.uleb128 0x6
 1684 003c 21       		.uleb128 0x21
 1685 003d 00       		.byte	0
 1686 003e 49       		.uleb128 0x49
 1687 003f 13       		.uleb128 0x13
 1688 0040 2F       		.uleb128 0x2f
 1689 0041 05       		.uleb128 0x5
 1690 0042 00       		.byte	0
 1691 0043 00       		.byte	0
 1692 0044 07       		.uleb128 0x7
 1693 0045 26       		.uleb128 0x26
 1694 0046 00       		.byte	0
 1695 0047 49       		.uleb128 0x49
 1696 0048 13       		.uleb128 0x13
 1697 0049 00       		.byte	0
 1698 004a 00       		.byte	0
 1699 004b 08       		.uleb128 0x8
 1700 004c 34       		.uleb128 0x34
 1701 004d 00       		.byte	0
 1702 004e 03       		.uleb128 0x3
 1703 004f 0E       		.uleb128 0xe
 1704 0050 3A       		.uleb128 0x3a
 1705 0051 0B       		.uleb128 0xb
 1706 0052 3B       		.uleb128 0x3b
ARM GAS  C:\Users\Mathias\AppData\Local\Temp\ccRR2zo0.s 			page 31


 1707 0053 0B       		.uleb128 0xb
 1708 0054 49       		.uleb128 0x49
 1709 0055 13       		.uleb128 0x13
 1710 0056 3F       		.uleb128 0x3f
 1711 0057 19       		.uleb128 0x19
 1712 0058 02       		.uleb128 0x2
 1713 0059 18       		.uleb128 0x18
 1714 005a 00       		.byte	0
 1715 005b 00       		.byte	0
 1716 005c 09       		.uleb128 0x9
 1717 005d 21       		.uleb128 0x21
 1718 005e 00       		.byte	0
 1719 005f 49       		.uleb128 0x49
 1720 0060 13       		.uleb128 0x13
 1721 0061 2F       		.uleb128 0x2f
 1722 0062 0B       		.uleb128 0xb
 1723 0063 00       		.byte	0
 1724 0064 00       		.byte	0
 1725 0065 0A       		.uleb128 0xa
 1726 0066 34       		.uleb128 0x34
 1727 0067 00       		.byte	0
 1728 0068 03       		.uleb128 0x3
 1729 0069 0E       		.uleb128 0xe
 1730 006a 3A       		.uleb128 0x3a
 1731 006b 0B       		.uleb128 0xb
 1732 006c 3B       		.uleb128 0x3b
 1733 006d 05       		.uleb128 0x5
 1734 006e 49       		.uleb128 0x49
 1735 006f 13       		.uleb128 0x13
 1736 0070 3F       		.uleb128 0x3f
 1737 0071 19       		.uleb128 0x19
 1738 0072 02       		.uleb128 0x2
 1739 0073 18       		.uleb128 0x18
 1740 0074 00       		.byte	0
 1741 0075 00       		.byte	0
 1742 0076 00       		.byte	0
 1743              		.section	.debug_aranges,"",%progbits
 1744 0000 14000000 		.4byte	0x14
 1745 0004 0200     		.2byte	0x2
 1746 0006 00000000 		.4byte	.Ldebug_info0
 1747 000a 04       		.byte	0x4
 1748 000b 00       		.byte	0
 1749 000c 0000     		.2byte	0
 1750 000e 0000     		.2byte	0
 1751 0010 00000000 		.4byte	0
 1752 0014 00000000 		.4byte	0
 1753              		.section	.debug_line,"",%progbits
 1754              	.Ldebug_line0:
 1755 0000 3D010000 		.section	.debug_str,"MS",%progbits,1
 1755      02003701 
 1755      00000201 
 1755      FB0E0D00 
 1755      01010101 
 1756              	.LASF9:
 1757 0000 5F5F7569 		.ascii	"__uint8_t\000"
 1757      6E74385F 
 1757      7400
ARM GAS  C:\Users\Mathias\AppData\Local\Temp\ccRR2zo0.s 			page 32


 1758              	.LASF19:
 1759 000a 433A5C55 		.ascii	"C:\\Users\\Mathias\\Desktop\\Uni\\3. Semester\\GFV\\"
 1759      73657273 
 1759      5C4D6174 
 1759      68696173 
 1759      5C446573 
 1760 0037 45782032 		.ascii	"Ex 2\\SPI_Slave\\Design01.cydsn\000"
 1760      5C535049 
 1760      5F536C61 
 1760      76655C44 
 1760      65736967 
 1761              	.LASF16:
 1762 0055 63795F6D 		.ascii	"cy_metadata\000"
 1762      65746164 
 1762      61746100 
 1763              	.LASF1:
 1764 0061 756E7369 		.ascii	"unsigned char\000"
 1764      676E6564 
 1764      20636861 
 1764      7200
 1765              	.LASF17:
 1766 006f 474E5520 		.ascii	"GNU C11 5.4.1 20160609 (release) [ARM/embedded-5-br"
 1766      43313120 
 1766      352E342E 
 1766      31203230 
 1766      31363036 
 1767 00a2 616E6368 		.ascii	"anch revision 237715] -mcpu=cortex-m3 -mthumb -g -O"
 1767      20726576 
 1767      6973696F 
 1767      6E203233 
 1767      37373135 
 1768 00d5 67202D66 		.ascii	"g -ffunction-sections -ffat-lto-objects\000"
 1768      66756E63 
 1768      74696F6E 
 1768      2D736563 
 1768      74696F6E 
 1769              	.LASF5:
 1770 00fd 6C6F6E67 		.ascii	"long unsigned int\000"
 1770      20756E73 
 1770      69676E65 
 1770      6420696E 
 1770      7400
 1771              	.LASF3:
 1772 010f 73686F72 		.ascii	"short unsigned int\000"
 1772      7420756E 
 1772      7369676E 
 1772      65642069 
 1772      6E7400
 1773              	.LASF13:
 1774 0122 63795F6D 		.ascii	"cy_meta_custnvl\000"
 1774      6574615F 
 1774      63757374 
 1774      6E766C00 
 1775              	.LASF12:
 1776 0132 63795F6D 		.ascii	"cy_meta_configecc\000"
 1776      6574615F 
 1776      636F6E66 
ARM GAS  C:\Users\Mathias\AppData\Local\Temp\ccRR2zo0.s 			page 33


 1776      69676563 
 1776      6300
 1777              	.LASF8:
 1778 0144 756E7369 		.ascii	"unsigned int\000"
 1778      676E6564 
 1778      20696E74 
 1778      00
 1779              	.LASF7:
 1780 0151 6C6F6E67 		.ascii	"long long unsigned int\000"
 1780      206C6F6E 
 1780      6720756E 
 1780      7369676E 
 1780      65642069 
 1781              	.LASF10:
 1782 0168 75696E74 		.ascii	"uint8_t\000"
 1782      385F7400 
 1783              	.LASF15:
 1784 0170 63795F6D 		.ascii	"cy_meta_flashprotect\000"
 1784      6574615F 
 1784      666C6173 
 1784      6870726F 
 1784      74656374 
 1785              	.LASF14:
 1786 0185 63795F6D 		.ascii	"cy_meta_wonvl\000"
 1786      6574615F 
 1786      776F6E76 
 1786      6C00
 1787              	.LASF11:
 1788 0193 73697A65 		.ascii	"sizetype\000"
 1788      74797065 
 1788      00
 1789              	.LASF6:
 1790 019c 6C6F6E67 		.ascii	"long long int\000"
 1790      206C6F6E 
 1790      6720696E 
 1790      7400
 1791              	.LASF2:
 1792 01aa 73686F72 		.ascii	"short int\000"
 1792      7420696E 
 1792      7400
 1793              	.LASF4:
 1794 01b4 6C6F6E67 		.ascii	"long int\000"
 1794      20696E74 
 1794      00
 1795              	.LASF0:
 1796 01bd 7369676E 		.ascii	"signed char\000"
 1796      65642063 
 1796      68617200 
 1797              	.LASF18:
 1798 01c9 47656E65 		.ascii	"Generated_Source\\PSoC5\\cymetadata.c\000"
 1798      72617465 
 1798      645F536F 
 1798      75726365 
 1798      5C50536F 
 1799              		.ident	"GCC: (GNU Tools for ARM Embedded Processors) 5.4.1 20160609 (release) [ARM/embedded-5-bran
