ARM GAS  C:\Users\Mathias\AppData\Local\Temp\ccWhpLUl.s 			page 1


   1              		.syntax unified
   2              		.cpu cortex-m3
   3              		.fpu softvfp
   4              		.eabi_attribute 20, 1
   5              		.eabi_attribute 21, 1
   6              		.eabi_attribute 23, 3
   7              		.eabi_attribute 24, 1
   8              		.eabi_attribute 25, 1
   9              		.eabi_attribute 26, 1
  10              		.eabi_attribute 30, 1
  11              		.eabi_attribute 34, 1
  12              		.eabi_attribute 18, 4
  13              		.thumb
  14              		.syntax unified
  15              		.file	"main.c"
  16              		.text
  17              	.Ltext0:
  18              		.cfi_sections	.debug_frame
  19              		.section	.text._Z11isr_handlerv,"ax",%progbits
  20              		.align	2
  21              		.global	_Z11isr_handlerv
  22              		.thumb
  23              		.thumb_func
  24              		.type	_Z11isr_handlerv, %function
  25              	_Z11isr_handlerv:
  26              	.LFB64:
  27              		.file 1 "main.c"
   1:main.c        **** #ifdef __cplusplus
   2:main.c        **** extern "C" {
   3:main.c        **** #endif
   4:main.c        **** 
   5:main.c        ****     // PSoC include, this has to be wrapped
   6:main.c        ****     #include "project.h"
   7:main.c        **** 
   8:main.c        **** 
   9:main.c        **** #ifdef __cplusplus
  10:main.c        **** }
  11:main.c        **** #endif
  12:main.c        **** 
  13:main.c        **** #include "ToF.h"
  14:main.c        **** 
  15:main.c        **** 
  16:main.c        **** uint8_t byteR = 0;
  17:main.c        **** ToF obj;
  18:main.c        **** /*
  19:main.c        **** uint8_t i = 0;
  20:main.c        **** uint16_t s1, s2, s3;
  21:main.c        **** char string[50];
  22:main.c        **** */
  23:main.c        **** CY_ISR_PROTO(isr_handler)
  24:main.c        **** {
  28              		.loc 1 24 0
  29              		.cfi_startproc
  30              		@ args = 0, pretend = 0, frame = 0
  31              		@ frame_needed = 0, uses_anonymous_args = 0
  32 0000 08B5     		push	{r3, lr}
  33              		.cfi_def_cfa_offset 8
ARM GAS  C:\Users\Mathias\AppData\Local\Temp\ccWhpLUl.s 			page 2


  34              		.cfi_offset 3, -8
  35              		.cfi_offset 14, -4
  25:main.c        ****     byteR = SPIS_ReadRxData();                                          // Gemmer aflæsning af RX-
  36              		.loc 1 25 0
  37 0002 FFF7FEFF 		bl	SPIS_ReadRxData
  38              	.LVL0:
  39 0006 0146     		mov	r1, r0
  40 0008 0248     		ldr	r0, .L3
  41 000a 00F8041B 		strb	r1, [r0], #4
  26:main.c        ****     obj.handleByte(byteR);
  42              		.loc 1 26 0
  43 000e FFF7FEFF 		bl	_ZN3ToF10handleByteEh
  44              	.LVL1:
  45 0012 08BD     		pop	{r3, pc}
  46              	.L4:
  47              		.align	2
  48              	.L3:
  49 0014 00000000 		.word	.LANCHOR0
  50              		.cfi_endproc
  51              	.LFE64:
  52              		.size	_Z11isr_handlerv, .-_Z11isr_handlerv
  53              		.section	.text._Z41__static_initialization_and_destruction_0ii,"ax",%progbits
  54              		.align	2
  55              		.thumb
  56              		.thumb_func
  57              		.type	_Z41__static_initialization_and_destruction_0ii, %function
  58              	_Z41__static_initialization_and_destruction_0ii:
  59              	.LFB66:
  27:main.c        **** }
  28:main.c        **** 
  29:main.c        **** 
  30:main.c        **** int main(void)
  31:main.c        **** {
  32:main.c        ****     
  33:main.c        ****     CyGlobalIntEnable; //Enable global interrupts.
  34:main.c        ****     /*
  35:main.c        ****     // Init
  36:main.c        ****     SPIS_Start();
  37:main.c        ****     isr_1_StartEx(isr_handler);
  38:main.c        ****     UART_1_Start();
  39:main.c        ****     UART_1_PutString("Terminal vindue er connected\n\r");
  40:main.c        ****     */
  41:main.c        ****     SPIS_Start();
  42:main.c        ****     isr_1_StartEx(isr_handler);
  43:main.c        ****     CyDelay(10000);
  44:main.c        ****     UART_1_PutString("-----------Nu er der gaaet 10 sekunder-----------\n\r");
  45:main.c        ****     SPIS_Stop();
  46:main.c        ****     
  47:main.c        ****     for(;;)
  48:main.c        ****     {
  49:main.c        ****         /* Place your application code here. */
  50:main.c        ****         
  51:main.c        ****     }
  52:main.c        **** 
  53:main.c        **** }
  60              		.loc 1 53 0
  61              		.cfi_startproc
ARM GAS  C:\Users\Mathias\AppData\Local\Temp\ccWhpLUl.s 			page 3


  62              		@ args = 0, pretend = 0, frame = 0
  63              		@ frame_needed = 0, uses_anonymous_args = 0
  64              	.LVL2:
  65 0000 0128     		cmp	r0, #1
  66 0002 08D1     		bne	.L8
  67              		.loc 1 53 0 is_stmt 0 discriminator 1
  68 0004 08B5     		push	{r3, lr}
  69              		.cfi_def_cfa_offset 8
  70              		.cfi_offset 3, -8
  71              		.cfi_offset 14, -4
  72              		.loc 1 53 0 is_stmt 1 discriminator 1
  73 0006 4FF6FF73 		movw	r3, #65535
  74 000a 9942     		cmp	r1, r3
  75 000c 02D1     		bne	.L5
  17:main.c        **** /*
  76              		.loc 1 17 0
  77 000e 0248     		ldr	r0, .L9
  78              	.LVL3:
  79 0010 FFF7FEFF 		bl	_ZN3ToFC1Ev
  80              	.LVL4:
  81              	.L5:
  82 0014 08BD     		pop	{r3, pc}
  83              	.LVL5:
  84              	.L8:
  85              		.cfi_def_cfa_offset 0
  86              		.cfi_restore 3
  87              		.cfi_restore 14
  88 0016 7047     		bx	lr
  89              	.L10:
  90              		.align	2
  91              	.L9:
  92 0018 04000000 		.word	.LANCHOR0+4
  93              		.cfi_endproc
  94              	.LFE66:
  95              		.size	_Z41__static_initialization_and_destruction_0ii, .-_Z41__static_initialization_and_destructi
  96              		.section	.text.main,"ax",%progbits
  97              		.align	2
  98              		.global	main
  99              		.thumb
 100              		.thumb_func
 101              		.type	main, %function
 102              	main:
 103              	.LFB65:
  31:main.c        ****     
 104              		.loc 1 31 0
 105              		.cfi_startproc
 106              		@ Volatile: function does not return.
 107              		@ args = 0, pretend = 0, frame = 0
 108              		@ frame_needed = 0, uses_anonymous_args = 0
 109 0000 08B5     		push	{r3, lr}
 110              		.cfi_def_cfa_offset 8
 111              		.cfi_offset 3, -8
 112              		.cfi_offset 14, -4
  33:main.c        ****     /*
 113              		.loc 1 33 0
 114              		.syntax unified
 115              	@ 33 "main.c" 1
ARM GAS  C:\Users\Mathias\AppData\Local\Temp\ccWhpLUl.s 			page 4


 116 0002 62B6     		CPSIE   i
 117              	@ 0 "" 2
  41:main.c        ****     isr_1_StartEx(isr_handler);
 118              		.loc 1 41 0
 119              		.thumb
 120              		.syntax unified
 121 0004 FFF7FEFF 		bl	SPIS_Start
 122              	.LVL6:
  42:main.c        ****     CyDelay(10000);
 123              		.loc 1 42 0
 124 0008 0648     		ldr	r0, .L14
 125 000a FFF7FEFF 		bl	isr_1_StartEx
 126              	.LVL7:
  43:main.c        ****     UART_1_PutString("-----------Nu er der gaaet 10 sekunder-----------\n\r");
 127              		.loc 1 43 0
 128 000e 42F21070 		movw	r0, #10000
 129 0012 FFF7FEFF 		bl	CyDelay
 130              	.LVL8:
  44:main.c        ****     SPIS_Stop();
 131              		.loc 1 44 0
 132 0016 0448     		ldr	r0, .L14+4
 133 0018 FFF7FEFF 		bl	UART_1_PutString
 134              	.LVL9:
  45:main.c        ****     
 135              		.loc 1 45 0
 136 001c FFF7FEFF 		bl	SPIS_Stop
 137              	.LVL10:
 138              	.L12:
 139 0020 FEE7     		b	.L12
 140              	.L15:
 141 0022 00BF     		.align	2
 142              	.L14:
 143 0024 00000000 		.word	_Z11isr_handlerv
 144 0028 00000000 		.word	.LC0
 145              		.cfi_endproc
 146              	.LFE65:
 147              		.size	main, .-main
 148              		.section	.text._GLOBAL__sub_I_byteR,"ax",%progbits
 149              		.align	2
 150              		.thumb
 151              		.thumb_func
 152              		.type	_GLOBAL__sub_I_byteR, %function
 153              	_GLOBAL__sub_I_byteR:
 154              	.LFB67:
 155              		.loc 1 53 0
 156              		.cfi_startproc
 157              		@ args = 0, pretend = 0, frame = 0
 158              		@ frame_needed = 0, uses_anonymous_args = 0
 159 0000 08B5     		push	{r3, lr}
 160              		.cfi_def_cfa_offset 8
 161              		.cfi_offset 3, -8
 162              		.cfi_offset 14, -4
 163              		.loc 1 53 0
 164 0002 4FF6FF71 		movw	r1, #65535
 165 0006 0120     		movs	r0, #1
 166 0008 FFF7FEFF 		bl	_Z41__static_initialization_and_destruction_0ii
 167              	.LVL11:
ARM GAS  C:\Users\Mathias\AppData\Local\Temp\ccWhpLUl.s 			page 5


 168 000c 08BD     		pop	{r3, pc}
 169              		.cfi_endproc
 170              	.LFE67:
 171              		.size	_GLOBAL__sub_I_byteR, .-_GLOBAL__sub_I_byteR
 172 000e 00BF     		.section	.init_array,"aw",%init_array
 173              		.align	2
 174 0000 00000000 		.word	_GLOBAL__sub_I_byteR(target1)
 175              		.global	obj
 176              		.global	byteR
 177              		.section	.rodata.str1.4,"aMS",%progbits,1
 178              		.align	2
 179              	.LC0:
 180 0000 2D2D2D2D 		.ascii	"-----------Nu er der gaaet 10 sekunder-----------\012"
 180      2D2D2D2D 
 180      2D2D2D4E 
 180      75206572 
 180      20646572 
 181 0032 0D00     		.ascii	"\015\000"
 182              		.bss
 183              		.align	2
 184              		.set	.LANCHOR0,. + 0
 185              		.type	byteR, %object
 186              		.size	byteR, 1
 187              	byteR:
 188 0000 00       		.space	1
 189 0001 000000   		.space	3
 190              		.type	obj, %object
 191              		.size	obj, 58
 192              	obj:
 193 0004 00000000 		.space	58
 193      00000000 
 193      00000000 
 193      00000000 
 193      00000000 
 194              		.text
 195              	.Letext0:
 196              		.file 2 "c:\\program files (x86)\\cypress\\psoc creator\\4.2\\psoc creator\\import\\gnu\\arm\\5.4.
 197              		.file 3 "c:\\program files (x86)\\cypress\\psoc creator\\4.2\\psoc creator\\import\\gnu\\arm\\5.4.
 198              		.file 4 "ToF.h"
 199              		.file 5 "Generated_Source\\PSoC5/core_cm3.h"
 200              		.file 6 "Generated_Source\\PSoC5/SPIS.h"
 201              		.file 7 "Generated_Source\\PSoC5/isr_1.h"
 202              		.file 8 "Generated_Source\\PSoC5/CyLib.h"
 203              		.file 9 "Generated_Source\\PSoC5/UART_1.h"
 204              		.section	.debug_info,"",%progbits
 205              	.Ldebug_info0:
 206 0000 FF020000 		.4byte	0x2ff
 207 0004 0400     		.2byte	0x4
 208 0006 00000000 		.4byte	.Ldebug_abbrev0
 209 000a 04       		.byte	0x4
 210 000b 01       		.uleb128 0x1
 211 000c 8A010000 		.4byte	.LASF37
 212 0010 04       		.byte	0x4
 213 0011 7E010000 		.4byte	.LASF38
 214 0015 D6020000 		.4byte	.LASF39
 215 0019 00000000 		.4byte	.Ldebug_ranges0+0
 216 001d 00000000 		.4byte	0
ARM GAS  C:\Users\Mathias\AppData\Local\Temp\ccWhpLUl.s 			page 6


 217 0021 00000000 		.4byte	.Ldebug_line0
 218 0025 02       		.uleb128 0x2
 219 0026 01       		.byte	0x1
 220 0027 06       		.byte	0x6
 221 0028 96000000 		.4byte	.LASF0
 222 002c 03       		.uleb128 0x3
 223 002d 27000000 		.4byte	.LASF3
 224 0031 02       		.byte	0x2
 225 0032 1D       		.byte	0x1d
 226 0033 37000000 		.4byte	0x37
 227 0037 02       		.uleb128 0x2
 228 0038 01       		.byte	0x1
 229 0039 08       		.byte	0x8
 230 003a A2000000 		.4byte	.LASF1
 231 003e 02       		.uleb128 0x2
 232 003f 02       		.byte	0x2
 233 0040 05       		.byte	0x5
 234 0041 40020000 		.4byte	.LASF2
 235 0045 03       		.uleb128 0x3
 236 0046 EC000000 		.4byte	.LASF4
 237 004a 02       		.byte	0x2
 238 004b 2B       		.byte	0x2b
 239 004c 50000000 		.4byte	0x50
 240 0050 02       		.uleb128 0x2
 241 0051 02       		.byte	0x2
 242 0052 07       		.byte	0x7
 243 0053 CE000000 		.4byte	.LASF5
 244 0057 03       		.uleb128 0x3
 245 0058 31000000 		.4byte	.LASF6
 246 005c 02       		.byte	0x2
 247 005d 3F       		.byte	0x3f
 248 005e 62000000 		.4byte	0x62
 249 0062 02       		.uleb128 0x2
 250 0063 04       		.byte	0x4
 251 0064 05       		.byte	0x5
 252 0065 53020000 		.4byte	.LASF7
 253 0069 02       		.uleb128 0x2
 254 006a 04       		.byte	0x4
 255 006b 07       		.byte	0x7
 256 006c BC000000 		.4byte	.LASF8
 257 0070 02       		.uleb128 0x2
 258 0071 08       		.byte	0x8
 259 0072 05       		.byte	0x5
 260 0073 70010000 		.4byte	.LASF9
 261 0077 02       		.uleb128 0x2
 262 0078 08       		.byte	0x8
 263 0079 07       		.byte	0x7
 264 007a 36010000 		.4byte	.LASF10
 265 007e 04       		.uleb128 0x4
 266 007f 04       		.byte	0x4
 267 0080 05       		.byte	0x5
 268 0081 696E7400 		.ascii	"int\000"
 269 0085 02       		.uleb128 0x2
 270 0086 04       		.byte	0x4
 271 0087 07       		.byte	0x7
 272 0088 13010000 		.4byte	.LASF11
 273 008c 03       		.uleb128 0x3
ARM GAS  C:\Users\Mathias\AppData\Local\Temp\ccWhpLUl.s 			page 7


 274 008d 4D010000 		.4byte	.LASF12
 275 0091 03       		.byte	0x3
 276 0092 18       		.byte	0x18
 277 0093 2C000000 		.4byte	0x2c
 278 0097 03       		.uleb128 0x3
 279 0098 4A020000 		.4byte	.LASF13
 280 009c 03       		.byte	0x3
 281 009d 24       		.byte	0x24
 282 009e 45000000 		.4byte	0x45
 283 00a2 03       		.uleb128 0x3
 284 00a3 88000000 		.4byte	.LASF14
 285 00a7 03       		.byte	0x3
 286 00a8 2C       		.byte	0x2c
 287 00a9 57000000 		.4byte	0x57
 288 00ad 02       		.uleb128 0x2
 289 00ae 04       		.byte	0x4
 290 00af 04       		.byte	0x4
 291 00b0 90000000 		.4byte	.LASF15
 292 00b4 02       		.uleb128 0x2
 293 00b5 08       		.byte	0x8
 294 00b6 04       		.byte	0x4
 295 00b7 5D000000 		.4byte	.LASF16
 296 00bb 02       		.uleb128 0x2
 297 00bc 01       		.byte	0x1
 298 00bd 08       		.byte	0x8
 299 00be 85010000 		.4byte	.LASF17
 300 00c2 02       		.uleb128 0x2
 301 00c3 08       		.byte	0x8
 302 00c4 04       		.byte	0x4
 303 00c5 5C020000 		.4byte	.LASF18
 304 00c9 05       		.uleb128 0x5
 305 00ca 3B000000 		.4byte	.LASF40
 306 00ce 02       		.uleb128 0x2
 307 00cf 04       		.byte	0x4
 308 00d0 07       		.byte	0x7
 309 00d1 67010000 		.4byte	.LASF19
 310 00d5 06       		.uleb128 0x6
 311 00d6 546F4600 		.ascii	"ToF\000"
 312 00da 3A       		.byte	0x3a
 313 00db 04       		.byte	0x4
 314 00dc 1D       		.byte	0x1d
 315 00dd 67010000 		.4byte	0x167
 316 00e1 07       		.uleb128 0x7
 317 00e2 35020000 		.4byte	.LASF20
 318 00e6 04       		.byte	0x4
 319 00e7 23       		.byte	0x23
 320 00e8 97000000 		.4byte	0x97
 321 00ec 00       		.byte	0
 322 00ed 01       		.byte	0x1
 323 00ee 07       		.uleb128 0x7
 324 00ef B0000000 		.4byte	.LASF21
 325 00f3 04       		.byte	0x4
 326 00f4 24       		.byte	0x24
 327 00f5 97000000 		.4byte	0x97
 328 00f9 02       		.byte	0x2
 329 00fa 01       		.byte	0x1
 330 00fb 07       		.uleb128 0x7
ARM GAS  C:\Users\Mathias\AppData\Local\Temp\ccWhpLUl.s 			page 8


 331 00fc F7000000 		.4byte	.LASF22
 332 0100 04       		.byte	0x4
 333 0101 25       		.byte	0x25
 334 0102 97000000 		.4byte	0x97
 335 0106 04       		.byte	0x4
 336 0107 01       		.byte	0x1
 337 0108 08       		.uleb128 0x8
 338 0109 6900     		.ascii	"i\000"
 339 010b 04       		.byte	0x4
 340 010c 26       		.byte	0x26
 341 010d 8C000000 		.4byte	0x8c
 342 0111 06       		.byte	0x6
 343 0112 01       		.byte	0x1
 344 0113 07       		.uleb128 0x7
 345 0114 55010000 		.4byte	.LASF23
 346 0118 04       		.byte	0x4
 347 0119 27       		.byte	0x27
 348 011a 8C000000 		.4byte	0x8c
 349 011e 07       		.byte	0x7
 350 011f 01       		.byte	0x1
 351 0120 07       		.uleb128 0x7
 352 0121 75000000 		.4byte	.LASF24
 353 0125 04       		.byte	0x4
 354 0126 28       		.byte	0x28
 355 0127 67010000 		.4byte	0x167
 356 012b 08       		.byte	0x8
 357 012c 01       		.byte	0x1
 358 012d 09       		.uleb128 0x9
 359 012e 546F4600 		.ascii	"ToF\000"
 360 0132 04       		.byte	0x4
 361 0133 1F       		.byte	0x1f
 362 0134 7C000000 		.4byte	.LASF41
 363 0138 77010000 		.4byte	0x177
 364 013c 01       		.byte	0x1
 365 013d 45010000 		.4byte	0x145
 366 0141 4B010000 		.4byte	0x14b
 367 0145 0A       		.uleb128 0xa
 368 0146 77010000 		.4byte	0x177
 369 014a 00       		.byte	0
 370 014b 0B       		.uleb128 0xb
 371 014c E1000000 		.4byte	.LASF42
 372 0150 04       		.byte	0x4
 373 0151 22       		.byte	0x22
 374 0152 20010000 		.4byte	.LASF43
 375 0156 01       		.byte	0x1
 376 0157 5B010000 		.4byte	0x15b
 377 015b 0A       		.uleb128 0xa
 378 015c 77010000 		.4byte	0x177
 379 0160 0C       		.uleb128 0xc
 380 0161 8C000000 		.4byte	0x8c
 381 0165 00       		.byte	0
 382 0166 00       		.byte	0
 383 0167 0D       		.uleb128 0xd
 384 0168 BB000000 		.4byte	0xbb
 385 016c 77010000 		.4byte	0x177
 386 0170 0E       		.uleb128 0xe
 387 0171 CE000000 		.4byte	0xce
ARM GAS  C:\Users\Mathias\AppData\Local\Temp\ccWhpLUl.s 			page 9


 388 0175 31       		.byte	0x31
 389 0176 00       		.byte	0
 390 0177 0F       		.uleb128 0xf
 391 0178 04       		.byte	0x4
 392 0179 D5000000 		.4byte	0xd5
 393 017d 10       		.uleb128 0x10
 394 017e 5B010000 		.4byte	.LASF25
 395 0182 01       		.byte	0x1
 396 0183 17       		.byte	0x17
 397 0184 64000000 		.4byte	.LASF44
 398 0188 00000000 		.4byte	.LFB64
 399 018c 18000000 		.4byte	.LFE64-.LFB64
 400 0190 01       		.uleb128 0x1
 401 0191 9C       		.byte	0x9c
 402 0192 B3010000 		.4byte	0x1b3
 403 0196 11       		.uleb128 0x11
 404 0197 06000000 		.4byte	.LVL0
 405 019b C0020000 		.4byte	0x2c0
 406 019f 12       		.uleb128 0x12
 407 01a0 12000000 		.4byte	.LVL1
 408 01a4 4B010000 		.4byte	0x14b
 409 01a8 13       		.uleb128 0x13
 410 01a9 01       		.uleb128 0x1
 411 01aa 50       		.byte	0x50
 412 01ab 05       		.uleb128 0x5
 413 01ac 03       		.byte	0x3
 414 01ad 04000000 		.4byte	.LANCHOR0+4
 415 01b1 00       		.byte	0
 416 01b2 00       		.byte	0
 417 01b3 14       		.uleb128 0x14
 418 01b4 9A020000 		.4byte	.LASF28
 419 01b8 00000000 		.4byte	.LFB66
 420 01bc 1C000000 		.4byte	.LFE66-.LFB66
 421 01c0 01       		.uleb128 0x1
 422 01c1 9C       		.byte	0x9c
 423 01c2 F4010000 		.4byte	0x1f4
 424 01c6 15       		.uleb128 0x15
 425 01c7 68020000 		.4byte	.LASF26
 426 01cb 01       		.byte	0x1
 427 01cc 35       		.byte	0x35
 428 01cd 7E000000 		.4byte	0x7e
 429 01d1 00000000 		.4byte	.LLST0
 430 01d5 15       		.uleb128 0x15
 431 01d6 00000000 		.4byte	.LASF27
 432 01da 01       		.byte	0x1
 433 01db 35       		.byte	0x35
 434 01dc 7E000000 		.4byte	0x7e
 435 01e0 2C000000 		.4byte	.LLST1
 436 01e4 16       		.uleb128 0x16
 437 01e5 14000000 		.4byte	.LVL4
 438 01e9 13       		.uleb128 0x13
 439 01ea 01       		.uleb128 0x1
 440 01eb 50       		.byte	0x50
 441 01ec 05       		.uleb128 0x5
 442 01ed 03       		.byte	0x3
 443 01ee 04000000 		.4byte	.LANCHOR0+4
 444 01f2 00       		.byte	0
ARM GAS  C:\Users\Mathias\AppData\Local\Temp\ccWhpLUl.s 			page 10


 445 01f3 00       		.byte	0
 446 01f4 17       		.uleb128 0x17
 447 01f5 01010000 		.4byte	.LASF45
 448 01f9 01       		.byte	0x1
 449 01fa 1E       		.byte	0x1e
 450 01fb 7E000000 		.4byte	0x7e
 451 01ff 00000000 		.4byte	.LFB65
 452 0203 2C000000 		.4byte	.LFE65-.LFB65
 453 0207 01       		.uleb128 0x1
 454 0208 9C       		.byte	0x9c
 455 0209 63020000 		.4byte	0x263
 456 020d 11       		.uleb128 0x11
 457 020e 08000000 		.4byte	.LVL6
 458 0212 CB020000 		.4byte	0x2cb
 459 0216 18       		.uleb128 0x18
 460 0217 0E000000 		.4byte	.LVL7
 461 021b D6020000 		.4byte	0x2d6
 462 021f 2D020000 		.4byte	0x22d
 463 0223 13       		.uleb128 0x13
 464 0224 01       		.uleb128 0x1
 465 0225 50       		.byte	0x50
 466 0226 05       		.uleb128 0x5
 467 0227 03       		.byte	0x3
 468 0228 00000000 		.4byte	_Z11isr_handlerv
 469 022c 00       		.byte	0
 470 022d 18       		.uleb128 0x18
 471 022e 16000000 		.4byte	.LVL8
 472 0232 E1020000 		.4byte	0x2e1
 473 0236 42020000 		.4byte	0x242
 474 023a 13       		.uleb128 0x13
 475 023b 01       		.uleb128 0x1
 476 023c 50       		.byte	0x50
 477 023d 03       		.uleb128 0x3
 478 023e 0A       		.byte	0xa
 479 023f 1027     		.2byte	0x2710
 480 0241 00       		.byte	0
 481 0242 18       		.uleb128 0x18
 482 0243 1C000000 		.4byte	.LVL9
 483 0247 EC020000 		.4byte	0x2ec
 484 024b 59020000 		.4byte	0x259
 485 024f 13       		.uleb128 0x13
 486 0250 01       		.uleb128 0x1
 487 0251 50       		.byte	0x50
 488 0252 05       		.uleb128 0x5
 489 0253 03       		.byte	0x3
 490 0254 00000000 		.4byte	.LC0
 491 0258 00       		.byte	0
 492 0259 11       		.uleb128 0x11
 493 025a 20000000 		.4byte	.LVL10
 494 025e F7020000 		.4byte	0x2f7
 495 0262 00       		.byte	0
 496 0263 14       		.uleb128 0x14
 497 0264 77020000 		.4byte	.LASF29
 498 0268 00000000 		.4byte	.LFB67
 499 026c 0E000000 		.4byte	.LFE67-.LFB67
 500 0270 01       		.uleb128 0x1
 501 0271 9C       		.byte	0x9c
ARM GAS  C:\Users\Mathias\AppData\Local\Temp\ccWhpLUl.s 			page 11


 502 0272 8D020000 		.4byte	0x28d
 503 0276 12       		.uleb128 0x12
 504 0277 0C000000 		.4byte	.LVL11
 505 027b B3010000 		.4byte	0x1b3
 506 027f 13       		.uleb128 0x13
 507 0280 01       		.uleb128 0x1
 508 0281 50       		.byte	0x50
 509 0282 01       		.uleb128 0x1
 510 0283 31       		.byte	0x31
 511 0284 13       		.uleb128 0x13
 512 0285 01       		.uleb128 0x1
 513 0286 51       		.byte	0x51
 514 0287 03       		.uleb128 0x3
 515 0288 0A       		.byte	0xa
 516 0289 FFFF     		.2byte	0xffff
 517 028b 00       		.byte	0
 518 028c 00       		.byte	0
 519 028d 19       		.uleb128 0x19
 520 028e 06010000 		.4byte	.LASF30
 521 0292 05       		.byte	0x5
 522 0293 1207     		.2byte	0x712
 523 0295 99020000 		.4byte	0x299
 524 0299 1A       		.uleb128 0x1a
 525 029a A2000000 		.4byte	0xa2
 526 029e 1B       		.uleb128 0x1b
 527 029f 55010000 		.4byte	.LASF23
 528 02a3 01       		.byte	0x1
 529 02a4 10       		.byte	0x10
 530 02a5 8C000000 		.4byte	0x8c
 531 02a9 05       		.uleb128 0x5
 532 02aa 03       		.byte	0x3
 533 02ab 00000000 		.4byte	byteR
 534 02af 1C       		.uleb128 0x1c
 535 02b0 6F626A00 		.ascii	"obj\000"
 536 02b4 01       		.byte	0x1
 537 02b5 11       		.byte	0x11
 538 02b6 D5000000 		.4byte	0xd5
 539 02ba 05       		.uleb128 0x5
 540 02bb 03       		.byte	0x3
 541 02bc 00000000 		.4byte	obj
 542 02c0 1D       		.uleb128 0x1d
 543 02c1 4D000000 		.4byte	.LASF31
 544 02c5 4D000000 		.4byte	.LASF31
 545 02c9 06       		.byte	0x6
 546 02ca 57       		.byte	0x57
 547 02cb 1D       		.uleb128 0x1d
 548 02cc 0B000000 		.4byte	.LASF32
 549 02d0 0B000000 		.4byte	.LASF32
 550 02d4 06       		.byte	0x6
 551 02d5 46       		.byte	0x46
 552 02d6 1D       		.uleb128 0x1d
 553 02d7 8C020000 		.4byte	.LASF33
 554 02db 8C020000 		.4byte	.LASF33
 555 02df 07       		.byte	0x7
 556 02e0 18       		.byte	0x18
 557 02e1 1D       		.uleb128 0x1d
 558 02e2 CE020000 		.4byte	.LASF34
ARM GAS  C:\Users\Mathias\AppData\Local\Temp\ccWhpLUl.s 			page 12


 559 02e6 CE020000 		.4byte	.LASF34
 560 02ea 08       		.byte	0x8
 561 02eb 76       		.byte	0x76
 562 02ec 1D       		.uleb128 0x1d
 563 02ed 16000000 		.4byte	.LASF35
 564 02f1 16000000 		.4byte	.LASF35
 565 02f5 09       		.byte	0x9
 566 02f6 8B       		.byte	0x8b
 567 02f7 1D       		.uleb128 0x1d
 568 02f8 C4020000 		.4byte	.LASF36
 569 02fc C4020000 		.4byte	.LASF36
 570 0300 06       		.byte	0x6
 571 0301 47       		.byte	0x47
 572 0302 00       		.byte	0
 573              		.section	.debug_abbrev,"",%progbits
 574              	.Ldebug_abbrev0:
 575 0000 01       		.uleb128 0x1
 576 0001 11       		.uleb128 0x11
 577 0002 01       		.byte	0x1
 578 0003 25       		.uleb128 0x25
 579 0004 0E       		.uleb128 0xe
 580 0005 13       		.uleb128 0x13
 581 0006 0B       		.uleb128 0xb
 582 0007 03       		.uleb128 0x3
 583 0008 0E       		.uleb128 0xe
 584 0009 1B       		.uleb128 0x1b
 585 000a 0E       		.uleb128 0xe
 586 000b 55       		.uleb128 0x55
 587 000c 17       		.uleb128 0x17
 588 000d 11       		.uleb128 0x11
 589 000e 01       		.uleb128 0x1
 590 000f 10       		.uleb128 0x10
 591 0010 17       		.uleb128 0x17
 592 0011 00       		.byte	0
 593 0012 00       		.byte	0
 594 0013 02       		.uleb128 0x2
 595 0014 24       		.uleb128 0x24
 596 0015 00       		.byte	0
 597 0016 0B       		.uleb128 0xb
 598 0017 0B       		.uleb128 0xb
 599 0018 3E       		.uleb128 0x3e
 600 0019 0B       		.uleb128 0xb
 601 001a 03       		.uleb128 0x3
 602 001b 0E       		.uleb128 0xe
 603 001c 00       		.byte	0
 604 001d 00       		.byte	0
 605 001e 03       		.uleb128 0x3
 606 001f 16       		.uleb128 0x16
 607 0020 00       		.byte	0
 608 0021 03       		.uleb128 0x3
 609 0022 0E       		.uleb128 0xe
 610 0023 3A       		.uleb128 0x3a
 611 0024 0B       		.uleb128 0xb
 612 0025 3B       		.uleb128 0x3b
 613 0026 0B       		.uleb128 0xb
 614 0027 49       		.uleb128 0x49
 615 0028 13       		.uleb128 0x13
ARM GAS  C:\Users\Mathias\AppData\Local\Temp\ccWhpLUl.s 			page 13


 616 0029 00       		.byte	0
 617 002a 00       		.byte	0
 618 002b 04       		.uleb128 0x4
 619 002c 24       		.uleb128 0x24
 620 002d 00       		.byte	0
 621 002e 0B       		.uleb128 0xb
 622 002f 0B       		.uleb128 0xb
 623 0030 3E       		.uleb128 0x3e
 624 0031 0B       		.uleb128 0xb
 625 0032 03       		.uleb128 0x3
 626 0033 08       		.uleb128 0x8
 627 0034 00       		.byte	0
 628 0035 00       		.byte	0
 629 0036 05       		.uleb128 0x5
 630 0037 3B       		.uleb128 0x3b
 631 0038 00       		.byte	0
 632 0039 03       		.uleb128 0x3
 633 003a 0E       		.uleb128 0xe
 634 003b 00       		.byte	0
 635 003c 00       		.byte	0
 636 003d 06       		.uleb128 0x6
 637 003e 02       		.uleb128 0x2
 638 003f 01       		.byte	0x1
 639 0040 03       		.uleb128 0x3
 640 0041 08       		.uleb128 0x8
 641 0042 0B       		.uleb128 0xb
 642 0043 0B       		.uleb128 0xb
 643 0044 3A       		.uleb128 0x3a
 644 0045 0B       		.uleb128 0xb
 645 0046 3B       		.uleb128 0x3b
 646 0047 0B       		.uleb128 0xb
 647 0048 01       		.uleb128 0x1
 648 0049 13       		.uleb128 0x13
 649 004a 00       		.byte	0
 650 004b 00       		.byte	0
 651 004c 07       		.uleb128 0x7
 652 004d 0D       		.uleb128 0xd
 653 004e 00       		.byte	0
 654 004f 03       		.uleb128 0x3
 655 0050 0E       		.uleb128 0xe
 656 0051 3A       		.uleb128 0x3a
 657 0052 0B       		.uleb128 0xb
 658 0053 3B       		.uleb128 0x3b
 659 0054 0B       		.uleb128 0xb
 660 0055 49       		.uleb128 0x49
 661 0056 13       		.uleb128 0x13
 662 0057 38       		.uleb128 0x38
 663 0058 0B       		.uleb128 0xb
 664 0059 32       		.uleb128 0x32
 665 005a 0B       		.uleb128 0xb
 666 005b 00       		.byte	0
 667 005c 00       		.byte	0
 668 005d 08       		.uleb128 0x8
 669 005e 0D       		.uleb128 0xd
 670 005f 00       		.byte	0
 671 0060 03       		.uleb128 0x3
 672 0061 08       		.uleb128 0x8
ARM GAS  C:\Users\Mathias\AppData\Local\Temp\ccWhpLUl.s 			page 14


 673 0062 3A       		.uleb128 0x3a
 674 0063 0B       		.uleb128 0xb
 675 0064 3B       		.uleb128 0x3b
 676 0065 0B       		.uleb128 0xb
 677 0066 49       		.uleb128 0x49
 678 0067 13       		.uleb128 0x13
 679 0068 38       		.uleb128 0x38
 680 0069 0B       		.uleb128 0xb
 681 006a 32       		.uleb128 0x32
 682 006b 0B       		.uleb128 0xb
 683 006c 00       		.byte	0
 684 006d 00       		.byte	0
 685 006e 09       		.uleb128 0x9
 686 006f 2E       		.uleb128 0x2e
 687 0070 01       		.byte	0x1
 688 0071 3F       		.uleb128 0x3f
 689 0072 19       		.uleb128 0x19
 690 0073 03       		.uleb128 0x3
 691 0074 08       		.uleb128 0x8
 692 0075 3A       		.uleb128 0x3a
 693 0076 0B       		.uleb128 0xb
 694 0077 3B       		.uleb128 0x3b
 695 0078 0B       		.uleb128 0xb
 696 0079 6E       		.uleb128 0x6e
 697 007a 0E       		.uleb128 0xe
 698 007b 49       		.uleb128 0x49
 699 007c 13       		.uleb128 0x13
 700 007d 32       		.uleb128 0x32
 701 007e 0B       		.uleb128 0xb
 702 007f 3C       		.uleb128 0x3c
 703 0080 19       		.uleb128 0x19
 704 0081 64       		.uleb128 0x64
 705 0082 13       		.uleb128 0x13
 706 0083 01       		.uleb128 0x1
 707 0084 13       		.uleb128 0x13
 708 0085 00       		.byte	0
 709 0086 00       		.byte	0
 710 0087 0A       		.uleb128 0xa
 711 0088 05       		.uleb128 0x5
 712 0089 00       		.byte	0
 713 008a 49       		.uleb128 0x49
 714 008b 13       		.uleb128 0x13
 715 008c 34       		.uleb128 0x34
 716 008d 19       		.uleb128 0x19
 717 008e 00       		.byte	0
 718 008f 00       		.byte	0
 719 0090 0B       		.uleb128 0xb
 720 0091 2E       		.uleb128 0x2e
 721 0092 01       		.byte	0x1
 722 0093 3F       		.uleb128 0x3f
 723 0094 19       		.uleb128 0x19
 724 0095 03       		.uleb128 0x3
 725 0096 0E       		.uleb128 0xe
 726 0097 3A       		.uleb128 0x3a
 727 0098 0B       		.uleb128 0xb
 728 0099 3B       		.uleb128 0x3b
 729 009a 0B       		.uleb128 0xb
ARM GAS  C:\Users\Mathias\AppData\Local\Temp\ccWhpLUl.s 			page 15


 730 009b 6E       		.uleb128 0x6e
 731 009c 0E       		.uleb128 0xe
 732 009d 32       		.uleb128 0x32
 733 009e 0B       		.uleb128 0xb
 734 009f 3C       		.uleb128 0x3c
 735 00a0 19       		.uleb128 0x19
 736 00a1 64       		.uleb128 0x64
 737 00a2 13       		.uleb128 0x13
 738 00a3 00       		.byte	0
 739 00a4 00       		.byte	0
 740 00a5 0C       		.uleb128 0xc
 741 00a6 05       		.uleb128 0x5
 742 00a7 00       		.byte	0
 743 00a8 49       		.uleb128 0x49
 744 00a9 13       		.uleb128 0x13
 745 00aa 00       		.byte	0
 746 00ab 00       		.byte	0
 747 00ac 0D       		.uleb128 0xd
 748 00ad 01       		.uleb128 0x1
 749 00ae 01       		.byte	0x1
 750 00af 49       		.uleb128 0x49
 751 00b0 13       		.uleb128 0x13
 752 00b1 01       		.uleb128 0x1
 753 00b2 13       		.uleb128 0x13
 754 00b3 00       		.byte	0
 755 00b4 00       		.byte	0
 756 00b5 0E       		.uleb128 0xe
 757 00b6 21       		.uleb128 0x21
 758 00b7 00       		.byte	0
 759 00b8 49       		.uleb128 0x49
 760 00b9 13       		.uleb128 0x13
 761 00ba 2F       		.uleb128 0x2f
 762 00bb 0B       		.uleb128 0xb
 763 00bc 00       		.byte	0
 764 00bd 00       		.byte	0
 765 00be 0F       		.uleb128 0xf
 766 00bf 0F       		.uleb128 0xf
 767 00c0 00       		.byte	0
 768 00c1 0B       		.uleb128 0xb
 769 00c2 0B       		.uleb128 0xb
 770 00c3 49       		.uleb128 0x49
 771 00c4 13       		.uleb128 0x13
 772 00c5 00       		.byte	0
 773 00c6 00       		.byte	0
 774 00c7 10       		.uleb128 0x10
 775 00c8 2E       		.uleb128 0x2e
 776 00c9 01       		.byte	0x1
 777 00ca 3F       		.uleb128 0x3f
 778 00cb 19       		.uleb128 0x19
 779 00cc 03       		.uleb128 0x3
 780 00cd 0E       		.uleb128 0xe
 781 00ce 3A       		.uleb128 0x3a
 782 00cf 0B       		.uleb128 0xb
 783 00d0 3B       		.uleb128 0x3b
 784 00d1 0B       		.uleb128 0xb
 785 00d2 6E       		.uleb128 0x6e
 786 00d3 0E       		.uleb128 0xe
ARM GAS  C:\Users\Mathias\AppData\Local\Temp\ccWhpLUl.s 			page 16


 787 00d4 11       		.uleb128 0x11
 788 00d5 01       		.uleb128 0x1
 789 00d6 12       		.uleb128 0x12
 790 00d7 06       		.uleb128 0x6
 791 00d8 40       		.uleb128 0x40
 792 00d9 18       		.uleb128 0x18
 793 00da 9742     		.uleb128 0x2117
 794 00dc 19       		.uleb128 0x19
 795 00dd 01       		.uleb128 0x1
 796 00de 13       		.uleb128 0x13
 797 00df 00       		.byte	0
 798 00e0 00       		.byte	0
 799 00e1 11       		.uleb128 0x11
 800 00e2 898201   		.uleb128 0x4109
 801 00e5 00       		.byte	0
 802 00e6 11       		.uleb128 0x11
 803 00e7 01       		.uleb128 0x1
 804 00e8 31       		.uleb128 0x31
 805 00e9 13       		.uleb128 0x13
 806 00ea 00       		.byte	0
 807 00eb 00       		.byte	0
 808 00ec 12       		.uleb128 0x12
 809 00ed 898201   		.uleb128 0x4109
 810 00f0 01       		.byte	0x1
 811 00f1 11       		.uleb128 0x11
 812 00f2 01       		.uleb128 0x1
 813 00f3 31       		.uleb128 0x31
 814 00f4 13       		.uleb128 0x13
 815 00f5 00       		.byte	0
 816 00f6 00       		.byte	0
 817 00f7 13       		.uleb128 0x13
 818 00f8 8A8201   		.uleb128 0x410a
 819 00fb 00       		.byte	0
 820 00fc 02       		.uleb128 0x2
 821 00fd 18       		.uleb128 0x18
 822 00fe 9142     		.uleb128 0x2111
 823 0100 18       		.uleb128 0x18
 824 0101 00       		.byte	0
 825 0102 00       		.byte	0
 826 0103 14       		.uleb128 0x14
 827 0104 2E       		.uleb128 0x2e
 828 0105 01       		.byte	0x1
 829 0106 03       		.uleb128 0x3
 830 0107 0E       		.uleb128 0xe
 831 0108 34       		.uleb128 0x34
 832 0109 19       		.uleb128 0x19
 833 010a 11       		.uleb128 0x11
 834 010b 01       		.uleb128 0x1
 835 010c 12       		.uleb128 0x12
 836 010d 06       		.uleb128 0x6
 837 010e 40       		.uleb128 0x40
 838 010f 18       		.uleb128 0x18
 839 0110 9742     		.uleb128 0x2117
 840 0112 19       		.uleb128 0x19
 841 0113 01       		.uleb128 0x1
 842 0114 13       		.uleb128 0x13
 843 0115 00       		.byte	0
ARM GAS  C:\Users\Mathias\AppData\Local\Temp\ccWhpLUl.s 			page 17


 844 0116 00       		.byte	0
 845 0117 15       		.uleb128 0x15
 846 0118 05       		.uleb128 0x5
 847 0119 00       		.byte	0
 848 011a 03       		.uleb128 0x3
 849 011b 0E       		.uleb128 0xe
 850 011c 3A       		.uleb128 0x3a
 851 011d 0B       		.uleb128 0xb
 852 011e 3B       		.uleb128 0x3b
 853 011f 0B       		.uleb128 0xb
 854 0120 49       		.uleb128 0x49
 855 0121 13       		.uleb128 0x13
 856 0122 02       		.uleb128 0x2
 857 0123 17       		.uleb128 0x17
 858 0124 00       		.byte	0
 859 0125 00       		.byte	0
 860 0126 16       		.uleb128 0x16
 861 0127 898201   		.uleb128 0x4109
 862 012a 01       		.byte	0x1
 863 012b 11       		.uleb128 0x11
 864 012c 01       		.uleb128 0x1
 865 012d 00       		.byte	0
 866 012e 00       		.byte	0
 867 012f 17       		.uleb128 0x17
 868 0130 2E       		.uleb128 0x2e
 869 0131 01       		.byte	0x1
 870 0132 3F       		.uleb128 0x3f
 871 0133 19       		.uleb128 0x19
 872 0134 03       		.uleb128 0x3
 873 0135 0E       		.uleb128 0xe
 874 0136 3A       		.uleb128 0x3a
 875 0137 0B       		.uleb128 0xb
 876 0138 3B       		.uleb128 0x3b
 877 0139 0B       		.uleb128 0xb
 878 013a 49       		.uleb128 0x49
 879 013b 13       		.uleb128 0x13
 880 013c 8701     		.uleb128 0x87
 881 013e 19       		.uleb128 0x19
 882 013f 11       		.uleb128 0x11
 883 0140 01       		.uleb128 0x1
 884 0141 12       		.uleb128 0x12
 885 0142 06       		.uleb128 0x6
 886 0143 40       		.uleb128 0x40
 887 0144 18       		.uleb128 0x18
 888 0145 9742     		.uleb128 0x2117
 889 0147 19       		.uleb128 0x19
 890 0148 01       		.uleb128 0x1
 891 0149 13       		.uleb128 0x13
 892 014a 00       		.byte	0
 893 014b 00       		.byte	0
 894 014c 18       		.uleb128 0x18
 895 014d 898201   		.uleb128 0x4109
 896 0150 01       		.byte	0x1
 897 0151 11       		.uleb128 0x11
 898 0152 01       		.uleb128 0x1
 899 0153 31       		.uleb128 0x31
 900 0154 13       		.uleb128 0x13
ARM GAS  C:\Users\Mathias\AppData\Local\Temp\ccWhpLUl.s 			page 18


 901 0155 01       		.uleb128 0x1
 902 0156 13       		.uleb128 0x13
 903 0157 00       		.byte	0
 904 0158 00       		.byte	0
 905 0159 19       		.uleb128 0x19
 906 015a 34       		.uleb128 0x34
 907 015b 00       		.byte	0
 908 015c 03       		.uleb128 0x3
 909 015d 0E       		.uleb128 0xe
 910 015e 3A       		.uleb128 0x3a
 911 015f 0B       		.uleb128 0xb
 912 0160 3B       		.uleb128 0x3b
 913 0161 05       		.uleb128 0x5
 914 0162 49       		.uleb128 0x49
 915 0163 13       		.uleb128 0x13
 916 0164 3F       		.uleb128 0x3f
 917 0165 19       		.uleb128 0x19
 918 0166 3C       		.uleb128 0x3c
 919 0167 19       		.uleb128 0x19
 920 0168 00       		.byte	0
 921 0169 00       		.byte	0
 922 016a 1A       		.uleb128 0x1a
 923 016b 35       		.uleb128 0x35
 924 016c 00       		.byte	0
 925 016d 49       		.uleb128 0x49
 926 016e 13       		.uleb128 0x13
 927 016f 00       		.byte	0
 928 0170 00       		.byte	0
 929 0171 1B       		.uleb128 0x1b
 930 0172 34       		.uleb128 0x34
 931 0173 00       		.byte	0
 932 0174 03       		.uleb128 0x3
 933 0175 0E       		.uleb128 0xe
 934 0176 3A       		.uleb128 0x3a
 935 0177 0B       		.uleb128 0xb
 936 0178 3B       		.uleb128 0x3b
 937 0179 0B       		.uleb128 0xb
 938 017a 49       		.uleb128 0x49
 939 017b 13       		.uleb128 0x13
 940 017c 3F       		.uleb128 0x3f
 941 017d 19       		.uleb128 0x19
 942 017e 02       		.uleb128 0x2
 943 017f 18       		.uleb128 0x18
 944 0180 00       		.byte	0
 945 0181 00       		.byte	0
 946 0182 1C       		.uleb128 0x1c
 947 0183 34       		.uleb128 0x34
 948 0184 00       		.byte	0
 949 0185 03       		.uleb128 0x3
 950 0186 08       		.uleb128 0x8
 951 0187 3A       		.uleb128 0x3a
 952 0188 0B       		.uleb128 0xb
 953 0189 3B       		.uleb128 0x3b
 954 018a 0B       		.uleb128 0xb
 955 018b 49       		.uleb128 0x49
 956 018c 13       		.uleb128 0x13
 957 018d 3F       		.uleb128 0x3f
ARM GAS  C:\Users\Mathias\AppData\Local\Temp\ccWhpLUl.s 			page 19


 958 018e 19       		.uleb128 0x19
 959 018f 02       		.uleb128 0x2
 960 0190 18       		.uleb128 0x18
 961 0191 00       		.byte	0
 962 0192 00       		.byte	0
 963 0193 1D       		.uleb128 0x1d
 964 0194 2E       		.uleb128 0x2e
 965 0195 00       		.byte	0
 966 0196 3F       		.uleb128 0x3f
 967 0197 19       		.uleb128 0x19
 968 0198 3C       		.uleb128 0x3c
 969 0199 19       		.uleb128 0x19
 970 019a 6E       		.uleb128 0x6e
 971 019b 0E       		.uleb128 0xe
 972 019c 03       		.uleb128 0x3
 973 019d 0E       		.uleb128 0xe
 974 019e 3A       		.uleb128 0x3a
 975 019f 0B       		.uleb128 0xb
 976 01a0 3B       		.uleb128 0x3b
 977 01a1 0B       		.uleb128 0xb
 978 01a2 00       		.byte	0
 979 01a3 00       		.byte	0
 980 01a4 00       		.byte	0
 981              		.section	.debug_loc,"",%progbits
 982              	.Ldebug_loc0:
 983              	.LLST0:
 984 0000 00000000 		.4byte	.LVL2
 985 0004 10000000 		.4byte	.LVL3
 986 0008 0100     		.2byte	0x1
 987 000a 50       		.byte	0x50
 988 000b 10000000 		.4byte	.LVL3
 989 000f 16000000 		.4byte	.LVL5
 990 0013 0400     		.2byte	0x4
 991 0015 F3       		.byte	0xf3
 992 0016 01       		.uleb128 0x1
 993 0017 50       		.byte	0x50
 994 0018 9F       		.byte	0x9f
 995 0019 16000000 		.4byte	.LVL5
 996 001d 1C000000 		.4byte	.LFE66
 997 0021 0100     		.2byte	0x1
 998 0023 50       		.byte	0x50
 999 0024 00000000 		.4byte	0
 1000 0028 00000000 		.4byte	0
 1001              	.LLST1:
 1002 002c 00000000 		.4byte	.LVL2
 1003 0030 13000000 		.4byte	.LVL4-1
 1004 0034 0100     		.2byte	0x1
 1005 0036 51       		.byte	0x51
 1006 0037 13000000 		.4byte	.LVL4-1
 1007 003b 16000000 		.4byte	.LVL5
 1008 003f 0400     		.2byte	0x4
 1009 0041 F3       		.byte	0xf3
 1010 0042 01       		.uleb128 0x1
 1011 0043 51       		.byte	0x51
 1012 0044 9F       		.byte	0x9f
 1013 0045 16000000 		.4byte	.LVL5
 1014 0049 1C000000 		.4byte	.LFE66
ARM GAS  C:\Users\Mathias\AppData\Local\Temp\ccWhpLUl.s 			page 20


 1015 004d 0100     		.2byte	0x1
 1016 004f 51       		.byte	0x51
 1017 0050 00000000 		.4byte	0
 1018 0054 00000000 		.4byte	0
 1019              		.section	.debug_aranges,"",%progbits
 1020 0000 34000000 		.4byte	0x34
 1021 0004 0200     		.2byte	0x2
 1022 0006 00000000 		.4byte	.Ldebug_info0
 1023 000a 04       		.byte	0x4
 1024 000b 00       		.byte	0
 1025 000c 0000     		.2byte	0
 1026 000e 0000     		.2byte	0
 1027 0010 00000000 		.4byte	.LFB64
 1028 0014 18000000 		.4byte	.LFE64-.LFB64
 1029 0018 00000000 		.4byte	.LFB66
 1030 001c 1C000000 		.4byte	.LFE66-.LFB66
 1031 0020 00000000 		.4byte	.LFB65
 1032 0024 2C000000 		.4byte	.LFE65-.LFB65
 1033 0028 00000000 		.4byte	.LFB67
 1034 002c 0E000000 		.4byte	.LFE67-.LFB67
 1035 0030 00000000 		.4byte	0
 1036 0034 00000000 		.4byte	0
 1037              		.section	.debug_ranges,"",%progbits
 1038              	.Ldebug_ranges0:
 1039 0000 00000000 		.4byte	.LFB64
 1040 0004 18000000 		.4byte	.LFE64
 1041 0008 00000000 		.4byte	.LFB66
 1042 000c 1C000000 		.4byte	.LFE66
 1043 0010 00000000 		.4byte	.LFB65
 1044 0014 2C000000 		.4byte	.LFE65
 1045 0018 00000000 		.4byte	.LFB67
 1046 001c 0E000000 		.4byte	.LFE67
 1047 0020 00000000 		.4byte	0
 1048 0024 00000000 		.4byte	0
 1049              		.section	.debug_line,"",%progbits
 1050              	.Ldebug_line0:
 1051 0000 CE010000 		.section	.debug_str,"MS",%progbits,1
 1051      02007401 
 1051      00000201 
 1051      FB0E0D00 
 1051      01010101 
 1052              	.LASF27:
 1053 0000 5F5F7072 		.ascii	"__priority\000"
 1053      696F7269 
 1053      747900
 1054              	.LASF32:
 1055 000b 53504953 		.ascii	"SPIS_Start\000"
 1055      5F537461 
 1055      727400
 1056              	.LASF35:
 1057 0016 55415254 		.ascii	"UART_1_PutString\000"
 1057      5F315F50 
 1057      75745374 
 1057      72696E67 
 1057      00
 1058              	.LASF3:
 1059 0027 5F5F7569 		.ascii	"__uint8_t\000"
ARM GAS  C:\Users\Mathias\AppData\Local\Temp\ccWhpLUl.s 			page 21


 1059      6E74385F 
 1059      7400
 1060              	.LASF6:
 1061 0031 5F5F696E 		.ascii	"__int32_t\000"
 1061      7433325F 
 1061      7400
 1062              	.LASF40:
 1063 003b 6465636C 		.ascii	"decltype(nullptr)\000"
 1063      74797065 
 1063      286E756C 
 1063      6C707472 
 1063      2900
 1064              	.LASF31:
 1065 004d 53504953 		.ascii	"SPIS_ReadRxData\000"
 1065      5F526561 
 1065      64527844 
 1065      61746100 
 1066              	.LASF16:
 1067 005d 646F7562 		.ascii	"double\000"
 1067      6C6500
 1068              	.LASF44:
 1069 0064 5F5A3131 		.ascii	"_Z11isr_handlerv\000"
 1069      6973725F 
 1069      68616E64 
 1069      6C657276 
 1069      00
 1070              	.LASF24:
 1071 0075 73747269 		.ascii	"string\000"
 1071      6E6700
 1072              	.LASF41:
 1073 007c 5F5A4E33 		.ascii	"_ZN3ToFC4Ev\000"
 1073      546F4643 
 1073      34457600 
 1074              	.LASF14:
 1075 0088 696E7433 		.ascii	"int32_t\000"
 1075      325F7400 
 1076              	.LASF15:
 1077 0090 666C6F61 		.ascii	"float\000"
 1077      7400
 1078              	.LASF0:
 1079 0096 7369676E 		.ascii	"signed char\000"
 1079      65642063 
 1079      68617200 
 1080              	.LASF1:
 1081 00a2 756E7369 		.ascii	"unsigned char\000"
 1081      676E6564 
 1081      20636861 
 1081      7200
 1082              	.LASF21:
 1083 00b0 73656E73 		.ascii	"sensorRight\000"
 1083      6F725269 
 1083      67687400 
 1084              	.LASF8:
 1085 00bc 6C6F6E67 		.ascii	"long unsigned int\000"
 1085      20756E73 
 1085      69676E65 
 1085      6420696E 
ARM GAS  C:\Users\Mathias\AppData\Local\Temp\ccWhpLUl.s 			page 22


 1085      7400
 1086              	.LASF5:
 1087 00ce 73686F72 		.ascii	"short unsigned int\000"
 1087      7420756E 
 1087      7369676E 
 1087      65642069 
 1087      6E7400
 1088              	.LASF42:
 1089 00e1 68616E64 		.ascii	"handleByte\000"
 1089      6C654279 
 1089      746500
 1090              	.LASF4:
 1091 00ec 5F5F7569 		.ascii	"__uint16_t\000"
 1091      6E743136 
 1091      5F7400
 1092              	.LASF22:
 1093 00f7 73656E73 		.ascii	"sensorMid\000"
 1093      6F724D69 
 1093      6400
 1094              	.LASF45:
 1095 0101 6D61696E 		.ascii	"main\000"
 1095      00
 1096              	.LASF30:
 1097 0106 49544D5F 		.ascii	"ITM_RxBuffer\000"
 1097      52784275 
 1097      66666572 
 1097      00
 1098              	.LASF11:
 1099 0113 756E7369 		.ascii	"unsigned int\000"
 1099      676E6564 
 1099      20696E74 
 1099      00
 1100              	.LASF43:
 1101 0120 5F5A4E33 		.ascii	"_ZN3ToF10handleByteEh\000"
 1101      546F4631 
 1101      3068616E 
 1101      646C6542 
 1101      79746545 
 1102              	.LASF10:
 1103 0136 6C6F6E67 		.ascii	"long long unsigned int\000"
 1103      206C6F6E 
 1103      6720756E 
 1103      7369676E 
 1103      65642069 
 1104              	.LASF12:
 1105 014d 75696E74 		.ascii	"uint8_t\000"
 1105      385F7400 
 1106              	.LASF23:
 1107 0155 62797465 		.ascii	"byteR\000"
 1107      5200
 1108              	.LASF25:
 1109 015b 6973725F 		.ascii	"isr_handler\000"
 1109      68616E64 
 1109      6C657200 
 1110              	.LASF19:
 1111 0167 73697A65 		.ascii	"sizetype\000"
 1111      74797065 
ARM GAS  C:\Users\Mathias\AppData\Local\Temp\ccWhpLUl.s 			page 23


 1111      00
 1112              	.LASF9:
 1113 0170 6C6F6E67 		.ascii	"long long int\000"
 1113      206C6F6E 
 1113      6720696E 
 1113      7400
 1114              	.LASF38:
 1115 017e 6D61696E 		.ascii	"main.c\000"
 1115      2E6300
 1116              	.LASF17:
 1117 0185 63686172 		.ascii	"char\000"
 1117      00
 1118              	.LASF37:
 1119 018a 474E5520 		.ascii	"GNU C++14 5.4.1 20160609 (release) [ARM/embedded-5-"
 1119      432B2B31 
 1119      3420352E 
 1119      342E3120 
 1119      32303136 
 1120 01bd 6272616E 		.ascii	"branch revision 237715] -mcpu=cortex-m3 -mthumb -g "
 1120      63682072 
 1120      65766973 
 1120      696F6E20 
 1120      32333737 
 1121 01f0 2D4F6720 		.ascii	"-Og -std=c++1z -ffunction-sections -ffat-lto-object"
 1121      2D737464 
 1121      3D632B2B 
 1121      317A202D 
 1121      6666756E 
 1122 0223 73202D66 		.ascii	"s -fno-exceptions\000"
 1122      6E6F2D65 
 1122      78636570 
 1122      74696F6E 
 1122      7300
 1123              	.LASF20:
 1124 0235 73656E73 		.ascii	"sensorLeft\000"
 1124      6F724C65 
 1124      667400
 1125              	.LASF2:
 1126 0240 73686F72 		.ascii	"short int\000"
 1126      7420696E 
 1126      7400
 1127              	.LASF13:
 1128 024a 75696E74 		.ascii	"uint16_t\000"
 1128      31365F74 
 1128      00
 1129              	.LASF7:
 1130 0253 6C6F6E67 		.ascii	"long int\000"
 1130      20696E74 
 1130      00
 1131              	.LASF18:
 1132 025c 6C6F6E67 		.ascii	"long double\000"
 1132      20646F75 
 1132      626C6500 
 1133              	.LASF26:
 1134 0268 5F5F696E 		.ascii	"__initialize_p\000"
 1134      69746961 
 1134      6C697A65 
ARM GAS  C:\Users\Mathias\AppData\Local\Temp\ccWhpLUl.s 			page 24


 1134      5F7000
 1135              	.LASF29:
 1136 0277 5F474C4F 		.ascii	"_GLOBAL__sub_I_byteR\000"
 1136      42414C5F 
 1136      5F737562 
 1136      5F495F62 
 1136      79746552 
 1137              	.LASF33:
 1138 028c 6973725F 		.ascii	"isr_1_StartEx\000"
 1138      315F5374 
 1138      61727445 
 1138      7800
 1139              	.LASF28:
 1140 029a 5F5F7374 		.ascii	"__static_initialization_and_destruction_0\000"
 1140      61746963 
 1140      5F696E69 
 1140      7469616C 
 1140      697A6174 
 1141              	.LASF36:
 1142 02c4 53504953 		.ascii	"SPIS_Stop\000"
 1142      5F53746F 
 1142      7000
 1143              	.LASF34:
 1144 02ce 43794465 		.ascii	"CyDelay\000"
 1144      6C617900 
 1145              	.LASF39:
 1146 02d6 433A5C55 		.ascii	"C:\\Users\\Mathias\\Desktop\\Uni\\4. Semester\\Proj"
 1146      73657273 
 1146      5C4D6174 
 1146      68696173 
 1146      5C446573 
 1147 0303 656B7420 		.ascii	"ekt 4\\iFollow\\Software\\PSOC\\ToF\\Design01.cydsn"
 1147      345C6946 
 1147      6F6C6C6F 
 1147      775C536F 
 1147      66747761 
 1148 0331 00       		.ascii	"\000"
 1149              		.ident	"GCC: (GNU Tools for ARM Embedded Processors) 5.4.1 20160609 (release) [ARM/embedded-5-bran
