#***************************************************************************

#sjplacer

#Version:            1.1

#Build Date:         Dec  5 2017 15:35:27

#File Generated:     Apr 28 2019 15:22:44

#Purpose:            

#Copyright (C) 2010-2011 by Softjin Technologies Pvt Ltd. All rights reserved.

#***************************************************************************

Executing : C:\Program Files (x86)\Cypress\PSoC Creator\4.2\PSoC Creator\bin/sjplacer.exe --proj-name Projekt_PSoC_Kode --netlist-vh2 Projekt_PSoC_Kode_p.vh2 --arch p35_udb4x6 --arch-file C:\Program Files (x86)\Cypress\PSoC Creator\4.2\PSoC Creator\dev\arch/udbdsi_4x6_24.cydata --ip-file C:\Program Files (x86)\Cypress\PSoC Creator\4.2\PSoC Creator\dev\psoc5/psoc5lp/ip_blocks.cydata --rrg-file C:\Program Files (x86)\Cypress\PSoC Creator\4.2\PSoC Creator\dev\psoc5/psoc5lp/route_arch-rrg.cydata --irq-file C:\Program Files (x86)\Cypress\PSoC Creator\4.2\PSoC Creator\dev\psoc5/psoc5lp/irqconn.cydata --drq-file C:\Program Files (x86)\Cypress\PSoC Creator\4.2\PSoC Creator\dev\psoc5/psoc5lp/dmaconn.cydata --dsi-conn-file C:\Program Files (x86)\Cypress\PSoC Creator\4.2\PSoC Creator\dev\psoc5/psoc5lp/dsiconn.cydata --pins-file pins_68-QFN.xml --lib-file Projekt_PSoC_Kode_p.lib --sdc-file Projekt_PSoC_Kode.sdc --io-pcf Projekt_PSoC_Kode.pci --outdir .

		Softjin Techologies Placer, Version 1.1

Build Date : Dec  5 2017	15:33:41

D2004: Option and Settings Summary
=============================================================
Netlist vh2 file          - Projekt_PSoC_Kode_p.vh2
Architecture file         - C:\Program Files (x86)\Cypress\PSoC Creator\4.2\PSoC Creator\dev\arch/udbdsi_4x6_24.cydata
Package                   - 
Defparam file             - 
SDC file                  - Projekt_PSoC_Kode.sdc
Output directory          - .
Timing library            - Projekt_PSoC_Kode_p.lib
IO Placement file         - Projekt_PSoC_Kode.pci

D2050: Starting reading inputs for placer
=============================================================
D2065: Reading netlist file : "Projekt_PSoC_Kode_p.vh2"
D2065: Reading arch file : "C:\Program Files (x86)\Cypress\PSoC Creator\4.2\PSoC Creator\dev\arch/udbdsi_4x6_24.cydata"
D2051: Reading of inputs for placer completed successfully

D2053: Starting placement of the design
=============================================================

Phase 2
Phase 3

Design Statistics after Packing
    Number of Combinational MCs 	:	30
    Number of Sequential MCs    	:	58
    Number of DPs               	:	9
    Number of Controls          	:	5
    Number of Status            	:	7
    Number of SyncCells         	:	4
    Number of count7cells       	:	2

Device Utilization Summary after Packing
    Macrocells                  :	88/192
    UDBS                        :	17/24
    IOs                         :	17/72


D2088: Phase 3, elapsed time : 0.0 (sec)

Phase 4
D2088: Phase 4, elapsed time : 0.0 (sec)

Phase 5
D2088: Phase 5, elapsed time : 0.0 (sec)

Phase 6

######################################################################
Placement Timing Summary

The timing summary is based on estimated routing delays after
placement. For final timing report, please carry out the timing
analysis after routing.
======================================================================

######################################################################
                     Clock Summary 
======================================================================
Number of clocks: 13
Clock: Clock_1              | Frequency:  85.3 MHz | Target:   0.0 MHz
Clock: Clock_3              | Frequency:  38.1 MHz | Target:   1.6 MHz
Clock: Clock_4              | Frequency: N/A       | Target:   0.0 MHz
Clock: CyBUS_CLK            | Frequency:  50.8 MHz | Target:  24.0 MHz
Clock: CyILO                | Frequency: N/A       | Target:   0.0 MHz
Clock: CyIMO                | Frequency: N/A       | Target:   3.0 MHz
Clock: CyMASTER_CLK         | Frequency: N/A       | Target:  24.0 MHz
Clock: CyPLL_OUT            | Frequency: N/A       | Target:  24.0 MHz
Clock: SPIS_IntClock        | Frequency:  67.1 MHz | Target:  24.0 MHz
Clock: UART_1_IntClock      | Frequency:  44.6 MHz | Target:   0.9 MHz
Clock: sclk(0)_PAD          | Frequency:  45.2 MHz | Target:   0.1 MHz
Clock: timer_clock          | Frequency: N/A       | Target:   0.1 MHz
Clock: timer_clock(fixed-function) | Frequency: N/A       | Target:   0.1 MHz

======================================================================
                     End of Clock Summary
######################################################################

D2088: Phase 6, elapsed time : 0.1 (sec)

Phase 7
######################################################################
                     Clock Summary 
======================================================================
Number of clocks: 13
Clock: Clock_1              | Frequency:  85.3 MHz | Target:   0.0 MHz
Clock: Clock_3              | Frequency:   1.5 MHz | Target:   1.6 MHz
Clock: Clock_4              | Frequency: N/A       | Target:   0.0 MHz
Clock: CyBUS_CLK            | Frequency:   1.3 MHz | Target:  24.0 MHz
Clock: CyILO                | Frequency: N/A       | Target:   0.0 MHz
Clock: CyIMO                | Frequency: N/A       | Target:   3.0 MHz
Clock: CyMASTER_CLK         | Frequency: N/A       | Target:  24.0 MHz
Clock: CyPLL_OUT            | Frequency: N/A       | Target:  24.0 MHz
Clock: SPIS_IntClock        | Frequency:  70.0 MHz | Target:  24.0 MHz
Clock: UART_1_IntClock      | Frequency:   1.3 MHz | Target:   0.9 MHz
Clock: sclk(0)_PAD          | Frequency:  32.4 MHz | Target:   0.1 MHz
Clock: timer_clock          | Frequency: N/A       | Target:   0.1 MHz
Clock: timer_clock(fixed-function) | Frequency: N/A       | Target:   0.1 MHz

======================================================================
                     End of Clock Summary
######################################################################
D2088: Phase 7, elapsed time : 0.6 (sec)

Final Design Statistics
    Number of Combinational MCs 	:	30
    Number of Sequential MCs    	:	58
    Number of DPs               	:	9
    Number of Controls          	:	5
    Number of Status            	:	7
    Number of SyncCells         	:	4
    Number of count7cells       	:	2
    Number of IOs       	:	17

Device Utilization Summary
    Macrocells                  :	88/192
    IOs                         :	17/72



######################################################################
Placement Timing Summary

The timing summary is based on estimated routing delays after
placement. For final timing report, please carry out the timing
analysis after routing.
======================================================================


######################################################################
                     Clock Summary 
======================================================================
Number of clocks: 13
Clock: Clock_1              | Frequency:  85.3 MHz | Target:   0.0 MHz
Clock: Clock_3              | Frequency:   1.6 MHz | Target:   1.6 MHz
Clock: Clock_4              | Frequency: N/A       | Target:   0.0 MHz
Clock: CyBUS_CLK            | Frequency:   1.3 MHz | Target:  24.0 MHz
Clock: CyILO                | Frequency: N/A       | Target:   0.0 MHz
Clock: CyIMO                | Frequency: N/A       | Target:   3.0 MHz
Clock: CyMASTER_CLK         | Frequency: N/A       | Target:  24.0 MHz
Clock: CyPLL_OUT            | Frequency: N/A       | Target:  24.0 MHz
Clock: SPIS_IntClock        | Frequency:  70.0 MHz | Target:  24.0 MHz
Clock: UART_1_IntClock      | Frequency:   1.3 MHz | Target:   0.9 MHz
Clock: sclk(0)_PAD          | Frequency:  32.4 MHz | Target:   0.1 MHz
Clock: timer_clock          | Frequency: N/A       | Target:   0.1 MHz
Clock: timer_clock(fixed-function) | Frequency: N/A       | Target:   0.1 MHz

======================================================================
                     End of Clock Summary
######################################################################

Phase 6

######################################################################
Placement Timing Summary

The timing summary is based on estimated routing delays after
placement. For final timing report, please carry out the timing
analysis after routing.
======================================================================

######################################################################
                     Clock Summary 
======================================================================
Number of clocks: 13
Clock: Clock_1              | Frequency:  85.3 MHz | Target:   0.0 MHz
Clock: Clock_3              | Frequency:   1.5 MHz | Target:   1.6 MHz
Clock: Clock_4              | Frequency: N/A       | Target:   0.0 MHz
Clock: CyBUS_CLK            | Frequency:   1.4 MHz | Target:  24.0 MHz
Clock: CyILO                | Frequency: N/A       | Target:   0.0 MHz
Clock: CyIMO                | Frequency: N/A       | Target:   3.0 MHz
Clock: CyMASTER_CLK         | Frequency: N/A       | Target:  24.0 MHz
Clock: CyPLL_OUT            | Frequency: N/A       | Target:  24.0 MHz
Clock: SPIS_IntClock        | Frequency:  54.2 MHz | Target:  24.0 MHz
Clock: UART_1_IntClock      | Frequency:   1.4 MHz | Target:   0.9 MHz
Clock: sclk(0)_PAD          | Frequency:  40.1 MHz | Target:   0.1 MHz
Clock: timer_clock          | Frequency: N/A       | Target:   0.1 MHz
Clock: timer_clock(fixed-function) | Frequency: N/A       | Target:   0.1 MHz

======================================================================
                     End of Clock Summary
######################################################################

D2088: Phase 6, elapsed time : 0.1 (sec)

Phase 7
######################################################################
                     Clock Summary 
======================================================================
Number of clocks: 13
Clock: Clock_1              | Frequency:  85.3 MHz | Target:   0.0 MHz
Clock: Clock_3              | Frequency:   1.5 MHz | Target:   1.6 MHz
Clock: Clock_4              | Frequency: N/A       | Target:   0.0 MHz
Clock: CyBUS_CLK            | Frequency:   1.4 MHz | Target:  24.0 MHz
Clock: CyILO                | Frequency: N/A       | Target:   0.0 MHz
Clock: CyIMO                | Frequency: N/A       | Target:   3.0 MHz
Clock: CyMASTER_CLK         | Frequency: N/A       | Target:  24.0 MHz
Clock: CyPLL_OUT            | Frequency: N/A       | Target:  24.0 MHz
Clock: SPIS_IntClock        | Frequency:  90.3 MHz | Target:  24.0 MHz
Clock: UART_1_IntClock      | Frequency:   1.4 MHz | Target:   0.9 MHz
Clock: sclk(0)_PAD          | Frequency:  39.5 MHz | Target:   0.1 MHz
Clock: timer_clock          | Frequency: N/A       | Target:   0.1 MHz
Clock: timer_clock(fixed-function) | Frequency: N/A       | Target:   0.1 MHz

======================================================================
                     End of Clock Summary
######################################################################
D2088: Phase 7, elapsed time : 1.2 (sec)

Final Design Statistics
    Number of Combinational MCs 	:	30
    Number of Sequential MCs    	:	58
    Number of DPs               	:	9
    Number of Controls          	:	5
    Number of Status            	:	7
    Number of SyncCells         	:	4
    Number of count7cells       	:	2
    Number of IOs       	:	17

Device Utilization Summary
    Macrocells                  :	88/192
    IOs                         :	17/72



######################################################################
Placement Timing Summary

The timing summary is based on estimated routing delays after
placement. For final timing report, please carry out the timing
analysis after routing.
======================================================================


######################################################################
                     Clock Summary 
======================================================================
Number of clocks: 13
Clock: Clock_1              | Frequency:  85.3 MHz | Target:   0.0 MHz
Clock: Clock_3              | Frequency:   1.7 MHz | Target:   1.6 MHz
Clock: Clock_4              | Frequency: N/A       | Target:   0.0 MHz
Clock: CyBUS_CLK            | Frequency:   1.5 MHz | Target:  24.0 MHz
Clock: CyILO                | Frequency: N/A       | Target:   0.0 MHz
Clock: CyIMO                | Frequency: N/A       | Target:   3.0 MHz
Clock: CyMASTER_CLK         | Frequency: N/A       | Target:  24.0 MHz
Clock: CyPLL_OUT            | Frequency: N/A       | Target:  24.0 MHz
Clock: SPIS_IntClock        | Frequency:  54.2 MHz | Target:  24.0 MHz
Clock: UART_1_IntClock      | Frequency:   1.5 MHz | Target:   0.9 MHz
Clock: sclk(0)_PAD          | Frequency:  28.7 MHz | Target:   0.1 MHz
Clock: timer_clock          | Frequency: N/A       | Target:   0.1 MHz
Clock: timer_clock(fixed-function) | Frequency: N/A       | Target:   0.1 MHz

======================================================================
                     End of Clock Summary
######################################################################

Phase 8
D2088: Phase 8, elapsed time : 0.0 (sec)

D2054: Placement of the design completed successfully

I2076: Total run-time: 2.8 sec.

