ARM GAS  C:\Users\hejmi\AppData\Local\Temp\ccxIJKaB.s 			page 1


   1              		.syntax unified
   2              		.cpu cortex-m3
   3              		.fpu softvfp
   4              		.eabi_attribute 20, 1
   5              		.eabi_attribute 21, 1
   6              		.eabi_attribute 23, 3
   7              		.eabi_attribute 24, 1
   8              		.eabi_attribute 25, 1
   9              		.eabi_attribute 26, 1
  10              		.eabi_attribute 30, 1
  11              		.eabi_attribute 34, 1
  12              		.eabi_attribute 18, 4
  13              		.thumb
  14              		.syntax unified
  15              		.file	"cymetadata.c"
  16              		.text
  17              	.Ltext0:
  18              		.cfi_sections	.debug_frame
  19              		.global	cy_metadata
  20              		.global	cy_meta_flashprotect
  21              		.global	cy_meta_wonvl
  22              		.global	cy_meta_custnvl
  23              		.global	cy_meta_configecc
  24              		.section	.cyconfigecc,"a",%progbits
  25              		.align	2
  26              		.type	cy_meta_configecc, %object
  27              		.size	cy_meta_configecc, 864
  28              	cy_meta_configecc:
  29 0000 04       		.byte	4
  30 0001 52       		.byte	82
  31 0002 00       		.byte	0
  32 0003 40       		.byte	64
  33 0004 03       		.byte	3
  34 0005 65       		.byte	101
  35 0006 00       		.byte	0
  36 0007 40       		.byte	64
  37 0008 01       		.byte	1
  38 0009 15       		.byte	21
  39 000a 01       		.byte	1
  40 000b 40       		.byte	64
  41 000c 14       		.byte	20
  42 000d 18       		.byte	24
  43 000e 01       		.byte	1
  44 000f 40       		.byte	64
  45 0010 44       		.byte	68
  46 0011 19       		.byte	25
  47 0012 01       		.byte	1
  48 0013 40       		.byte	64
  49 0014 71       		.byte	113
  50 0015 1A       		.byte	26
  51 0016 01       		.byte	1
  52 0017 40       		.byte	64
  53 0018 54       		.byte	84
  54 0019 1B       		.byte	27
  55 001a 01       		.byte	1
  56 001b 40       		.byte	64
  57 001c 02       		.byte	2
ARM GAS  C:\Users\hejmi\AppData\Local\Temp\ccxIJKaB.s 			page 2


  58 001d 42       		.byte	66
  59 001e 01       		.byte	1
  60 001f 40       		.byte	64
  61 0020 01       		.byte	1
  62 0021 43       		.byte	67
  63 0022 01       		.byte	1
  64 0023 40       		.byte	64
  65 0024 01       		.byte	1
  66 0025 48       		.byte	72
  67 0026 01       		.byte	1
  68 0027 40       		.byte	64
  69 0028 02       		.byte	2
  70 0029 49       		.byte	73
  71 002a 01       		.byte	1
  72 002b 40       		.byte	64
  73 002c 0F       		.byte	15
  74 002d 4C       		.byte	76
  75 002e 01       		.byte	1
  76 002f 40       		.byte	64
  77 0030 08       		.byte	8
  78 0031 4D       		.byte	77
  79 0032 01       		.byte	1
  80 0033 40       		.byte	64
  81 0034 02       		.byte	2
  82 0035 50       		.byte	80
  83 0036 01       		.byte	1
  84 0037 40       		.byte	64
  85 0038 01       		.byte	1
  86 0039 51       		.byte	81
  87 003a 01       		.byte	1
  88 003b 40       		.byte	64
  89 003c 09       		.byte	9
  90 003d 80       		.byte	-128
  91 003e 0C       		.byte	12
  92 003f C0       		.byte	-64
  93 0040 61       		.byte	97
  94 0041 80       		.byte	-128
  95 0042 64       		.byte	100
  96 0043 40       		.byte	64
  97 0044 88       		.byte	-120
  98 0045 72       		.byte	114
  99 0046 89       		.byte	-119
 100 0047 38       		.byte	56
 101 0048 8B       		.byte	-117
 102 0049 0F       		.byte	15
 103 004a EA       		.byte	-22
 104 004b 01       		.byte	1
 105 004c 86       		.byte	-122
 106 004d 02       		.byte	2
 107 004e 88       		.byte	-120
 108 004f 04       		.byte	4
 109 0050 95       		.byte	-107
 110 0051 01       		.byte	1
 111 0052 9A       		.byte	-102
 112 0053 08       		.byte	8
 113 0054 A2       		.byte	-94
 114 0055 02       		.byte	2
ARM GAS  C:\Users\hejmi\AppData\Local\Temp\ccxIJKaB.s 			page 3


 115 0056 A4       		.byte	-92
 116 0057 01       		.byte	1
 117 0058 A8       		.byte	-88
 118 0059 01       		.byte	1
 119 005a AC       		.byte	-84
 120 005b 01       		.byte	1
 121 005c B0       		.byte	-80
 122 005d 02       		.byte	2
 123 005e B2       		.byte	-78
 124 005f 08       		.byte	8
 125 0060 B4       		.byte	-76
 126 0061 01       		.byte	1
 127 0062 B5       		.byte	-75
 128 0063 01       		.byte	1
 129 0064 B6       		.byte	-74
 130 0065 04       		.byte	4
 131 0066 BE       		.byte	-66
 132 0067 41       		.byte	65
 133 0068 BF       		.byte	-65
 134 0069 10       		.byte	16
 135 006a D4       		.byte	-44
 136 006b 18       		.byte	24
 137 006c D8       		.byte	-40
 138 006d 04       		.byte	4
 139 006e D9       		.byte	-39
 140 006f 04       		.byte	4
 141 0070 DB       		.byte	-37
 142 0071 04       		.byte	4
 143 0072 DF       		.byte	-33
 144 0073 01       		.byte	1
 145 0074 01       		.byte	1
 146 0075 20       		.byte	32
 147 0076 02       		.byte	2
 148 0077 20       		.byte	32
 149 0078 05       		.byte	5
 150 0079 01       		.byte	1
 151 007a 06       		.byte	6
 152 007b 06       		.byte	6
 153 007c 07       		.byte	7
 154 007d 10       		.byte	16
 155 007e 08       		.byte	8
 156 007f 20       		.byte	32
 157 0080 0C       		.byte	12
 158 0081 40       		.byte	64
 159 0082 0E       		.byte	14
 160 0083 0A       		.byte	10
 161 0084 0F       		.byte	15
 162 0085 20       		.byte	32
 163 0086 10       		.byte	16
 164 0087 A2       		.byte	-94
 165 0088 11       		.byte	17
 166 0089 10       		.byte	16
 167 008a 14       		.byte	20
 168 008b 80       		.byte	-128
 169 008c 16       		.byte	22
 170 008d 01       		.byte	1
 171 008e 17       		.byte	23
ARM GAS  C:\Users\hejmi\AppData\Local\Temp\ccxIJKaB.s 			page 4


 172 008f 28       		.byte	40
 173 0090 19       		.byte	25
 174 0091 08       		.byte	8
 175 0092 1A       		.byte	26
 176 0093 01       		.byte	1
 177 0094 1B       		.byte	27
 178 0095 11       		.byte	17
 179 0096 1C       		.byte	28
 180 0097 10       		.byte	16
 181 0098 1D       		.byte	29
 182 0099 21       		.byte	33
 183 009a 1E       		.byte	30
 184 009b 0A       		.byte	10
 185 009c 1F       		.byte	31
 186 009d 02       		.byte	2
 187 009e 23       		.byte	35
 188 009f 04       		.byte	4
 189 00a0 26       		.byte	38
 190 00a1 20       		.byte	32
 191 00a2 27       		.byte	39
 192 00a3 11       		.byte	17
 193 00a4 2D       		.byte	45
 194 00a5 08       		.byte	8
 195 00a6 2E       		.byte	46
 196 00a7 02       		.byte	2
 197 00a8 2F       		.byte	47
 198 00a9 05       		.byte	5
 199 00aa 30       		.byte	48
 200 00ab 08       		.byte	8
 201 00ac 34       		.byte	52
 202 00ad 80       		.byte	-128
 203 00ae 35       		.byte	53
 204 00af 05       		.byte	5
 205 00b0 37       		.byte	55
 206 00b1 10       		.byte	16
 207 00b2 3A       		.byte	58
 208 00b3 05       		.byte	5
 209 00b4 3B       		.byte	59
 210 00b5 09       		.byte	9
 211 00b6 3E       		.byte	62
 212 00b7 88       		.byte	-120
 213 00b8 3F       		.byte	63
 214 00b9 21       		.byte	33
 215 00ba 44       		.byte	68
 216 00bb 40       		.byte	64
 217 00bc 45       		.byte	69
 218 00bd 20       		.byte	32
 219 00be 46       		.byte	70
 220 00bf 80       		.byte	-128
 221 00c0 47       		.byte	71
 222 00c1 40       		.byte	64
 223 00c2 4C       		.byte	76
 224 00c3 80       		.byte	-128
 225 00c4 4F       		.byte	79
 226 00c5 60       		.byte	96
 227 00c6 57       		.byte	87
 228 00c7 40       		.byte	64
ARM GAS  C:\Users\hejmi\AppData\Local\Temp\ccxIJKaB.s 			page 5


 229 00c8 5B       		.byte	91
 230 00c9 01       		.byte	1
 231 00ca 5C       		.byte	92
 232 00cb 10       		.byte	16
 233 00cc 60       		.byte	96
 234 00cd 04       		.byte	4
 235 00ce 63       		.byte	99
 236 00cf 02       		.byte	2
 237 00d0 6C       		.byte	108
 238 00d1 22       		.byte	34
 239 00d2 6D       		.byte	109
 240 00d3 10       		.byte	16
 241 00d4 6E       		.byte	110
 242 00d5 04       		.byte	4
 243 00d6 75       		.byte	117
 244 00d7 04       		.byte	4
 245 00d8 76       		.byte	118
 246 00d9 09       		.byte	9
 247 00da 77       		.byte	119
 248 00db 28       		.byte	40
 249 00dc 86       		.byte	-122
 250 00dd 01       		.byte	1
 251 00de 8A       		.byte	-118
 252 00df 20       		.byte	32
 253 00e0 8B       		.byte	-117
 254 00e1 40       		.byte	64
 255 00e2 8E       		.byte	-114
 256 00e3 04       		.byte	4
 257 00e4 8F       		.byte	-113
 258 00e5 01       		.byte	1
 259 00e6 C0       		.byte	-64
 260 00e7 F6       		.byte	-10
 261 00e8 C2       		.byte	-62
 262 00e9 E2       		.byte	-30
 263 00ea C4       		.byte	-60
 264 00eb FF       		.byte	-1
 265 00ec CA       		.byte	-54
 266 00ed F0       		.byte	-16
 267 00ee CC       		.byte	-52
 268 00ef F2       		.byte	-14
 269 00f0 CE       		.byte	-50
 270 00f1 F0       		.byte	-16
 271 00f2 D0       		.byte	-48
 272 00f3 B0       		.byte	-80
 273 00f4 D2       		.byte	-46
 274 00f5 30       		.byte	48
 275 00f6 D6       		.byte	-42
 276 00f7 21       		.byte	33
 277 00f8 D8       		.byte	-40
 278 00f9 0C       		.byte	12
 279 00fa E0       		.byte	-32
 280 00fb 08       		.byte	8
 281 00fc 00       		.byte	0
 282 00fd 0C       		.byte	12
 283 00fe 02       		.byte	2
 284 00ff 71       		.byte	113
 285 0100 05       		.byte	5
ARM GAS  C:\Users\hejmi\AppData\Local\Temp\ccxIJKaB.s 			page 6


 286 0101 80       		.byte	-128
 287 0102 06       		.byte	6
 288 0103 03       		.byte	3
 289 0104 07       		.byte	7
 290 0105 13       		.byte	19
 291 0106 0F       		.byte	15
 292 0107 0C       		.byte	12
 293 0108 10       		.byte	16
 294 0109 09       		.byte	9
 295 010a 12       		.byte	18
 296 010b D0       		.byte	-48
 297 010c 14       		.byte	20
 298 010d 14       		.byte	20
 299 010e 15       		.byte	21
 300 010f 2C       		.byte	44
 301 0110 17       		.byte	23
 302 0111 43       		.byte	67
 303 0112 18       		.byte	24
 304 0113 10       		.byte	16
 305 0114 19       		.byte	25
 306 0115 71       		.byte	113
 307 0116 1A       		.byte	26
 308 0117 AC       		.byte	-84
 309 0118 1B       		.byte	27
 310 0119 06       		.byte	6
 311 011a 1F       		.byte	31
 312 011b 08       		.byte	8
 313 011c 20       		.byte	32
 314 011d 10       		.byte	16
 315 011e 21       		.byte	33
 316 011f 71       		.byte	113
 317 0120 22       		.byte	34
 318 0121 40       		.byte	64
 319 0122 23       		.byte	35
 320 0123 0E       		.byte	14
 321 0124 26       		.byte	38
 322 0125 20       		.byte	32
 323 0126 28       		.byte	40
 324 0127 DC       		.byte	-36
 325 0128 2A       		.byte	42
 326 0129 22       		.byte	34
 327 012a 30       		.byte	48
 328 012b E0       		.byte	-32
 329 012c 31       		.byte	49
 330 012d C0       		.byte	-64
 331 012e 33       		.byte	51
 332 012f 0F       		.byte	15
 333 0130 34       		.byte	52
 334 0131 1F       		.byte	31
 335 0132 35       		.byte	53
 336 0133 30       		.byte	48
 337 0134 39       		.byte	57
 338 0135 22       		.byte	34
 339 0136 3A       		.byte	58
 340 0137 02       		.byte	2
 341 0138 3B       		.byte	59
 342 0139 08       		.byte	8
ARM GAS  C:\Users\hejmi\AppData\Local\Temp\ccxIJKaB.s 			page 7


 343 013a 3F       		.byte	63
 344 013b 10       		.byte	16
 345 013c 40       		.byte	64
 346 013d 02       		.byte	2
 347 013e 46       		.byte	70
 348 013f 04       		.byte	4
 349 0140 49       		.byte	73
 350 0141 FF       		.byte	-1
 351 0142 4A       		.byte	74
 352 0143 07       		.byte	7
 353 0144 4B       		.byte	75
 354 0145 FF       		.byte	-1
 355 0146 4C       		.byte	76
 356 0147 40       		.byte	64
 357 0148 4D       		.byte	77
 358 0149 20       		.byte	32
 359 014a 4E       		.byte	78
 360 014b F0       		.byte	-16
 361 014c 4F       		.byte	79
 362 014d 05       		.byte	5
 363 014e 50       		.byte	80
 364 014f 08       		.byte	8
 365 0150 58       		.byte	88
 366 0151 04       		.byte	4
 367 0152 59       		.byte	89
 368 0153 04       		.byte	4
 369 0154 5A       		.byte	90
 370 0155 04       		.byte	4
 371 0156 5F       		.byte	95
 372 0157 01       		.byte	1
 373 0158 60       		.byte	96
 374 0159 40       		.byte	64
 375 015a 61       		.byte	97
 376 015b A8       		.byte	-88
 377 015c 62       		.byte	98
 378 015d 40       		.byte	64
 379 015e 63       		.byte	99
 380 015f 20       		.byte	32
 381 0160 80       		.byte	-128
 382 0161 13       		.byte	19
 383 0162 81       		.byte	-127
 384 0163 08       		.byte	8
 385 0164 82       		.byte	-126
 386 0165 04       		.byte	4
 387 0166 83       		.byte	-125
 388 0167 14       		.byte	20
 389 0168 84       		.byte	-124
 390 0169 20       		.byte	32
 391 016a 86       		.byte	-122
 392 016b C0       		.byte	-64
 393 016c 87       		.byte	-121
 394 016d 20       		.byte	32
 395 016e 88       		.byte	-120
 396 016f 13       		.byte	19
 397 0170 89       		.byte	-119
 398 0171 18       		.byte	24
 399 0172 8A       		.byte	-118
ARM GAS  C:\Users\hejmi\AppData\Local\Temp\ccxIJKaB.s 			page 8


 400 0173 0C       		.byte	12
 401 0174 8F       		.byte	-113
 402 0175 20       		.byte	32
 403 0176 92       		.byte	-110
 404 0177 08       		.byte	8
 405 0178 94       		.byte	-108
 406 0179 0A       		.byte	10
 407 017a 95       		.byte	-107
 408 017b 01       		.byte	1
 409 017c 96       		.byte	-106
 410 017d 14       		.byte	20
 411 017e 98       		.byte	-104
 412 017f E0       		.byte	-32
 413 0180 9B       		.byte	-101
 414 0181 01       		.byte	1
 415 0182 9C       		.byte	-100
 416 0183 03       		.byte	3
 417 0184 9D       		.byte	-99
 418 0185 10       		.byte	16
 419 0186 9E       		.byte	-98
 420 0187 14       		.byte	20
 421 0188 9F       		.byte	-97
 422 0189 0C       		.byte	12
 423 018a A0       		.byte	-96
 424 018b 80       		.byte	-128
 425 018c A1       		.byte	-95
 426 018d 01       		.byte	1
 427 018e A2       		.byte	-94
 428 018f 20       		.byte	32
 429 0190 A5       		.byte	-91
 430 0191 18       		.byte	24
 431 0192 A6       		.byte	-90
 432 0193 15       		.byte	21
 433 0194 A8       		.byte	-88
 434 0195 E0       		.byte	-32
 435 0196 AB       		.byte	-85
 436 0197 02       		.byte	2
 437 0198 AC       		.byte	-84
 438 0199 40       		.byte	64
 439 019a AE       		.byte	-82
 440 019b 20       		.byte	32
 441 019c AF       		.byte	-81
 442 019d 01       		.byte	1
 443 019e B0       		.byte	-80
 444 019f 10       		.byte	16
 445 01a0 B1       		.byte	-79
 446 01a1 06       		.byte	6
 447 01a2 B2       		.byte	-78
 448 01a3 E0       		.byte	-32
 449 01a4 B3       		.byte	-77
 450 01a5 01       		.byte	1
 451 01a6 B4       		.byte	-76
 452 01a7 0F       		.byte	15
 453 01a8 B5       		.byte	-75
 454 01a9 20       		.byte	32
 455 01aa B7       		.byte	-73
 456 01ab 18       		.byte	24
ARM GAS  C:\Users\hejmi\AppData\Local\Temp\ccxIJKaB.s 			page 9


 457 01ac B9       		.byte	-71
 458 01ad 08       		.byte	8
 459 01ae BA       		.byte	-70
 460 01af 20       		.byte	32
 461 01b0 BE       		.byte	-66
 462 01b1 01       		.byte	1
 463 01b2 BF       		.byte	-65
 464 01b3 11       		.byte	17
 465 01b4 C0       		.byte	-64
 466 01b5 36       		.byte	54
 467 01b6 C1       		.byte	-63
 468 01b7 01       		.byte	1
 469 01b8 C5       		.byte	-59
 470 01b9 0B       		.byte	11
 471 01ba C6       		.byte	-58
 472 01bb 0C       		.byte	12
 473 01bc C7       		.byte	-57
 474 01bd 0E       		.byte	14
 475 01be C8       		.byte	-56
 476 01bf 15       		.byte	21
 477 01c0 C9       		.byte	-55
 478 01c1 FF       		.byte	-1
 479 01c2 CA       		.byte	-54
 480 01c3 FF       		.byte	-1
 481 01c4 CB       		.byte	-53
 482 01c5 FF       		.byte	-1
 483 01c6 CE       		.byte	-50
 484 01c7 F0       		.byte	-16
 485 01c8 CF       		.byte	-49
 486 01c9 44       		.byte	68
 487 01ca D0       		.byte	-48
 488 01cb 0C       		.byte	12
 489 01cc D4       		.byte	-44
 490 01cd 01       		.byte	1
 491 01ce D8       		.byte	-40
 492 01cf 04       		.byte	4
 493 01d0 D9       		.byte	-39
 494 01d1 04       		.byte	4
 495 01d2 DA       		.byte	-38
 496 01d3 04       		.byte	4
 497 01d4 DB       		.byte	-37
 498 01d5 04       		.byte	4
 499 01d6 DF       		.byte	-33
 500 01d7 01       		.byte	1
 501 01d8 E6       		.byte	-26
 502 01d9 C0       		.byte	-64
 503 01da EA       		.byte	-22
 504 01db 40       		.byte	64
 505 01dc EB       		.byte	-21
 506 01dd 02       		.byte	2
 507 01de 01       		.byte	1
 508 01df 02       		.byte	2
 509 01e0 03       		.byte	3
 510 01e1 20       		.byte	32
 511 01e2 05       		.byte	5
 512 01e3 16       		.byte	22
 513 01e4 08       		.byte	8
ARM GAS  C:\Users\hejmi\AppData\Local\Temp\ccxIJKaB.s 			page 10


 514 01e5 10       		.byte	16
 515 01e6 0A       		.byte	10
 516 01e7 20       		.byte	32
 517 01e8 0B       		.byte	11
 518 01e9 40       		.byte	64
 519 01ea 0D       		.byte	13
 520 01eb 88       		.byte	-120
 521 01ec 0E       		.byte	14
 522 01ed 04       		.byte	4
 523 01ee 0F       		.byte	15
 524 01ef 40       		.byte	64
 525 01f0 10       		.byte	16
 526 01f1 80       		.byte	-128
 527 01f2 11       		.byte	17
 528 01f3 04       		.byte	4
 529 01f4 12       		.byte	18
 530 01f5 08       		.byte	8
 531 01f6 14       		.byte	20
 532 01f7 80       		.byte	-128
 533 01f8 15       		.byte	21
 534 01f9 14       		.byte	20
 535 01fa 16       		.byte	22
 536 01fb 02       		.byte	2
 537 01fc 19       		.byte	25
 538 01fd 22       		.byte	34
 539 01fe 1B       		.byte	27
 540 01ff 20       		.byte	32
 541 0200 1D       		.byte	29
 542 0201 14       		.byte	20
 543 0202 1E       		.byte	30
 544 0203 40       		.byte	64
 545 0204 1F       		.byte	31
 546 0205 04       		.byte	4
 547 0206 21       		.byte	33
 548 0207 18       		.byte	24
 549 0208 22       		.byte	34
 550 0209 08       		.byte	8
 551 020a 23       		.byte	35
 552 020b 40       		.byte	64
 553 020c 24       		.byte	36
 554 020d 04       		.byte	4
 555 020e 25       		.byte	37
 556 020f 04       		.byte	4
 557 0210 26       		.byte	38
 558 0211 80       		.byte	-128
 559 0212 27       		.byte	39
 560 0213 40       		.byte	64
 561 0214 29       		.byte	41
 562 0215 02       		.byte	2
 563 0216 2A       		.byte	42
 564 0217 01       		.byte	1
 565 0218 2C       		.byte	44
 566 0219 40       		.byte	64
 567 021a 2E       		.byte	46
 568 021b 04       		.byte	4
 569 021c 2F       		.byte	47
 570 021d 06       		.byte	6
ARM GAS  C:\Users\hejmi\AppData\Local\Temp\ccxIJKaB.s 			page 11


 571 021e 30       		.byte	48
 572 021f 90       		.byte	-112
 573 0220 31       		.byte	49
 574 0221 18       		.byte	24
 575 0222 34       		.byte	52
 576 0223 80       		.byte	-128
 577 0224 36       		.byte	54
 578 0225 84       		.byte	-124
 579 0226 37       		.byte	55
 580 0227 10       		.byte	16
 581 0228 38       		.byte	56
 582 0229 08       		.byte	8
 583 022a 39       		.byte	57
 584 022b 04       		.byte	4
 585 022c 3B       		.byte	59
 586 022d 40       		.byte	64
 587 022e 3D       		.byte	61
 588 022f 18       		.byte	24
 589 0230 3E       		.byte	62
 590 0231 02       		.byte	2
 591 0232 3F       		.byte	63
 592 0233 80       		.byte	-128
 593 0234 41       		.byte	65
 594 0235 10       		.byte	16
 595 0236 44       		.byte	68
 596 0237 10       		.byte	16
 597 0238 46       		.byte	70
 598 0239 01       		.byte	1
 599 023a 4C       		.byte	76
 600 023b 04       		.byte	4
 601 023c 4E       		.byte	78
 602 023d 10       		.byte	16
 603 023e 50       		.byte	80
 604 023f 84       		.byte	-124
 605 0240 54       		.byte	84
 606 0241 08       		.byte	8
 607 0242 55       		.byte	85
 608 0243 80       		.byte	-128
 609 0244 56       		.byte	86
 610 0245 40       		.byte	64
 611 0246 5E       		.byte	94
 612 0247 40       		.byte	64
 613 0248 5F       		.byte	95
 614 0249 15       		.byte	21
 615 024a 86       		.byte	-122
 616 024b 40       		.byte	64
 617 024c 87       		.byte	-121
 618 024d 10       		.byte	16
 619 024e 88       		.byte	-120
 620 024f 20       		.byte	32
 621 0250 8A       		.byte	-118
 622 0251 02       		.byte	2
 623 0252 8C       		.byte	-116
 624 0253 08       		.byte	8
 625 0254 8F       		.byte	-113
 626 0255 01       		.byte	1
 627 0256 91       		.byte	-111
ARM GAS  C:\Users\hejmi\AppData\Local\Temp\ccxIJKaB.s 			page 12


 628 0257 10       		.byte	16
 629 0258 92       		.byte	-110
 630 0259 04       		.byte	4
 631 025a 93       		.byte	-109
 632 025b 04       		.byte	4
 633 025c 94       		.byte	-108
 634 025d 04       		.byte	4
 635 025e 97       		.byte	-105
 636 025f 08       		.byte	8
 637 0260 98       		.byte	-104
 638 0261 40       		.byte	64
 639 0262 9B       		.byte	-101
 640 0263 10       		.byte	16
 641 0264 9C       		.byte	-100
 642 0265 A0       		.byte	-96
 643 0266 9D       		.byte	-99
 644 0267 20       		.byte	32
 645 0268 9E       		.byte	-98
 646 0269 02       		.byte	2
 647 026a 9F       		.byte	-97
 648 026b 40       		.byte	64
 649 026c A2       		.byte	-94
 650 026d 04       		.byte	4
 651 026e A3       		.byte	-93
 652 026f 42       		.byte	66
 653 0270 A4       		.byte	-92
 654 0271 08       		.byte	8
 655 0272 C0       		.byte	-64
 656 0273 7C       		.byte	124
 657 0274 C2       		.byte	-62
 658 0275 FE       		.byte	-2
 659 0276 C4       		.byte	-60
 660 0277 FE       		.byte	-2
 661 0278 CA       		.byte	-54
 662 0279 F1       		.byte	-15
 663 027a CC       		.byte	-52
 664 027b 7E       		.byte	126
 665 027c CE       		.byte	-50
 666 027d FA       		.byte	-6
 667 027e D0       		.byte	-48
 668 027f 54       		.byte	84
 669 0280 D2       		.byte	-46
 670 0281 20       		.byte	32
 671 0282 D6       		.byte	-42
 672 0283 F0       		.byte	-16
 673 0284 EA       		.byte	-22
 674 0285 01       		.byte	1
 675 0286 3E       		.byte	62
 676 0287 10       		.byte	16
 677 0288 CE       		.byte	-50
 678 0289 20       		.byte	32
 679 028a 96       		.byte	-106
 680 028b 10       		.byte	16
 681 028c 96       		.byte	-106
 682 028d 10       		.byte	16
 683 028e AA       		.byte	-86
 684 028f 10       		.byte	16
ARM GAS  C:\Users\hejmi\AppData\Local\Temp\ccxIJKaB.s 			page 13


 685 0290 EA       		.byte	-22
 686 0291 80       		.byte	-128
 687 0292 08       		.byte	8
 688 0293 20       		.byte	32
 689 0294 0C       		.byte	12
 690 0295 10       		.byte	16
 691 0296 12       		.byte	18
 692 0297 20       		.byte	32
 693 0298 13       		.byte	19
 694 0299 20       		.byte	32
 695 029a 17       		.byte	23
 696 029b 01       		.byte	1
 697 029c 5B       		.byte	91
 698 029d 01       		.byte	1
 699 029e 62       		.byte	98
 700 029f 20       		.byte	32
 701 02a0 78       		.byte	120
 702 02a1 10       		.byte	16
 703 02a2 7C       		.byte	124
 704 02a3 20       		.byte	32
 705 02a4 87       		.byte	-121
 706 02a5 10       		.byte	16
 707 02a6 C2       		.byte	-62
 708 02a7 03       		.byte	3
 709 02a8 C4       		.byte	-60
 710 02a9 0E       		.byte	14
 711 02aa D6       		.byte	-42
 712 02ab 02       		.byte	2
 713 02ac D8       		.byte	-40
 714 02ad 02       		.byte	2
 715 02ae DE       		.byte	-34
 716 02af 03       		.byte	3
 717 02b0 10       		.byte	16
 718 02b1 40       		.byte	64
 719 02b2 73       		.byte	115
 720 02b3 10       		.byte	16
 721 02b4 88       		.byte	-120
 722 02b5 40       		.byte	64
 723 02b6 93       		.byte	-109
 724 02b7 10       		.byte	16
 725 02b8 AB       		.byte	-85
 726 02b9 20       		.byte	32
 727 02ba C4       		.byte	-60
 728 02bb 08       		.byte	8
 729 02bc DC       		.byte	-36
 730 02bd 01       		.byte	1
 731 02be E2       		.byte	-30
 732 02bf 01       		.byte	1
 733 02c0 10       		.byte	16
 734 02c1 01       		.byte	1
 735 02c2 1C       		.byte	28
 736 02c3 01       		.byte	1
 737 02c4 03       		.byte	3
 738 02c5 C0       		.byte	-64
 739 02c6 00       		.byte	0
 740 02c7 00       		.byte	0
 741 02c8 1F       		.byte	31
ARM GAS  C:\Users\hejmi\AppData\Local\Temp\ccxIJKaB.s 			page 14


 742 02c9 10       		.byte	16
 743 02ca 20       		.byte	32
 744 02cb 00       		.byte	0
 745 02cc 1C       		.byte	28
 746 02cd 08       		.byte	8
 747 02ce 23       		.byte	35
 748 02cf 00       		.byte	0
 749 02d0 03       		.byte	3
 750 02d1 00       		.byte	0
 751 02d2 00       		.byte	0
 752 02d3 E3       		.byte	-29
 753 02d4 01       		.byte	1
 754 02d5 FF       		.byte	-1
 755 02d6 00       		.byte	0
 756 02d7 00       		.byte	0
 757 02d8 00       		.byte	0
 758 02d9 1C       		.byte	28
 759 02da 00       		.byte	0
 760 02db E1       		.byte	-31
 761 02dc 00       		.byte	0
 762 02dd 18       		.byte	24
 763 02de 23       		.byte	35
 764 02df 00       		.byte	0
 765 02e0 33       		.byte	51
 766 02e1 3C       		.byte	60
 767 02e2 0C       		.byte	12
 768 02e3 C2       		.byte	-62
 769 02e4 3F       		.byte	63
 770 02e5 80       		.byte	-128
 771 02e6 00       		.byte	0
 772 02e7 00       		.byte	0
 773 02e8 02       		.byte	2
 774 02e9 44       		.byte	68
 775 02ea 00       		.byte	0
 776 02eb 00       		.byte	0
 777 02ec 04       		.byte	4
 778 02ed 00       		.byte	0
 779 02ee 00       		.byte	0
 780 02ef 04       		.byte	4
 781 02f0 0C       		.byte	12
 782 02f1 C0       		.byte	-64
 783 02f2 00       		.byte	0
 784 02f3 00       		.byte	0
 785 02f4 08       		.byte	8
 786 02f5 E7       		.byte	-25
 787 02f6 00       		.byte	0
 788 02f7 18       		.byte	24
 789 02f8 2C       		.byte	44
 790 02f9 00       		.byte	0
 791 02fa 10       		.byte	16
 792 02fb 1F       		.byte	31
 793 02fc 0F       		.byte	15
 794 02fd 38       		.byte	56
 795 02fe 00       		.byte	0
 796 02ff C0       		.byte	-64
 797 0300 00       		.byte	0
 798 0301 00       		.byte	0
ARM GAS  C:\Users\hejmi\AppData\Local\Temp\ccxIJKaB.s 			page 15


 799 0302 A2       		.byte	-94
 800 0303 08       		.byte	8
 801 0304 00       		.byte	0
 802 0305 00       		.byte	0
 803 0306 04       		.byte	4
 804 0307 00       		.byte	0
 805 0308 26       		.byte	38
 806 0309 04       		.byte	4
 807 030a 05       		.byte	5
 808 030b 00       		.byte	0
 809 030c 01       		.byte	1
 810 030d C0       		.byte	-64
 811 030e 0E       		.byte	14
 812 030f 00       		.byte	0
 813 0310 06       		.byte	6
 814 0311 FF       		.byte	-1
 815 0312 FF       		.byte	-1
 816 0313 FF       		.byte	-1
 817 0314 62       		.byte	98
 818 0315 A0       		.byte	-96
 819 0316 F0       		.byte	-16
 820 0317 41       		.byte	65
 821 0318 0C       		.byte	12
 822 0319 00       		.byte	0
 823 031a 00       		.byte	0
 824 031b 00       		.byte	0
 825 031c 00       		.byte	0
 826 031d 00       		.byte	0
 827 031e 02       		.byte	2
 828 031f 11       		.byte	17
 829 0320 04       		.byte	4
 830 0321 04       		.byte	4
 831 0322 04       		.byte	4
 832 0323 04       		.byte	4
 833 0324 00       		.byte	0
 834 0325 00       		.byte	0
 835 0326 00       		.byte	0
 836 0327 01       		.byte	1
 837 0328 00       		.byte	0
 838 0329 00       		.byte	0
 839 032a 00       		.byte	0
 840 032b 00       		.byte	0
 841 032c 00       		.byte	0
 842 032d 00       		.byte	0
 843 032e 40       		.byte	64
 844 032f 02       		.byte	2
 845 0330 00       		.byte	0
 846 0331 10       		.byte	16
 847 0332 30       		.byte	48
 848 0333 10       		.byte	16
 849 0334 00       		.byte	0
 850 0335 10       		.byte	16
 851 0336 10       		.byte	16
 852 0337 12       		.byte	18
 853 0338 00       		.byte	0
 854 0339 00       		.byte	0
 855 033a 00       		.byte	0
ARM GAS  C:\Users\hejmi\AppData\Local\Temp\ccxIJKaB.s 			page 16


 856 033b 00       		.byte	0
 857 033c 00       		.byte	0
 858 033d 00       		.byte	0
 859 033e 00       		.byte	0
 860 033f 00       		.byte	0
 861 0340 00       		.byte	0
 862 0341 00       		.byte	0
 863 0342 00       		.byte	0
 864 0343 00       		.byte	0
 865 0344 00       		.byte	0
 866 0345 00       		.byte	0
 867 0346 00       		.byte	0
 868 0347 00       		.byte	0
 869 0348 80       		.byte	-128
 870 0349 00       		.byte	0
 871 034a 40       		.byte	64
 872 034b 80       		.byte	-128
 873 034c 80       		.byte	-128
 874 034d 00       		.byte	0
 875 034e 80       		.byte	-128
 876 034f 00       		.byte	0
 877 0350 00       		.byte	0
 878 0351 00       		.byte	0
 879 0352 00       		.byte	0
 880 0353 00       		.byte	0
 881 0354 C0       		.byte	-64
 882 0355 00       		.byte	0
 883 0356 00       		.byte	0
 884 0357 0B       		.byte	11
 885 0358 CB       		.byte	-53
 886 0359 00       		.byte	0
 887 035a C0       		.byte	-64
 888 035b 00       		.byte	0
 889 035c 00       		.byte	0
 890 035d 00       		.byte	0
 891 035e 00       		.byte	0
 892 035f 00       		.byte	0
 893              		.section	.cywolatch,"a",%progbits
 894              		.align	2
 895              		.type	cy_meta_wonvl, %object
 896              		.size	cy_meta_wonvl, 4
 897              	cy_meta_wonvl:
 898 0000 BC       		.byte	-68
 899 0001 90       		.byte	-112
 900 0002 AC       		.byte	-84
 901 0003 AF       		.byte	-81
 902              		.section	.cycustnvl,"a",%progbits
 903              		.align	2
 904              		.type	cy_meta_custnvl, %object
 905              		.size	cy_meta_custnvl, 4
 906              	cy_meta_custnvl:
 907 0000 00       		.byte	0
 908 0001 00       		.byte	0
 909 0002 40       		.byte	64
 910 0003 05       		.byte	5
 911              		.section	.cymeta,"a",%progbits
 912              		.align	2
ARM GAS  C:\Users\hejmi\AppData\Local\Temp\ccxIJKaB.s 			page 17


 913              		.type	cy_metadata, %object
 914              		.size	cy_metadata, 12
 915              	cy_metadata:
 916 0000 00       		.byte	0
 917 0001 01       		.byte	1
 918 0002 2E       		.byte	46
 919 0003 16       		.byte	22
 920 0004 10       		.byte	16
 921 0005 69       		.byte	105
 922 0006 00       		.byte	0
 923 0007 01       		.byte	1
 924 0008 00       		.byte	0
 925 0009 00       		.byte	0
 926 000a 00       		.byte	0
 927 000b 00       		.byte	0
 928              		.section	.cyflashprotect,"a",%progbits
 929              		.align	2
 930              		.type	cy_meta_flashprotect, %object
 931              		.size	cy_meta_flashprotect, 256
 932              	cy_meta_flashprotect:
 933 0000 00000000 		.space	256
 933      00000000 
 933      00000000 
 933      00000000 
 933      00000000 
 934              		.text
 935              	.Letext0:
 936              		.file 1 "c:\\program files (x86)\\cypress\\psoc creator\\4.2\\psoc creator\\import\\gnu\\arm\\5.4.
 937              		.file 2 "c:\\program files (x86)\\cypress\\psoc creator\\4.2\\psoc creator\\import\\gnu\\arm\\5.4.
 938              		.file 3 "Generated_Source\\PSoC5\\cymetadata.c"
 939              		.section	.debug_info,"",%progbits
 940              	.Ldebug_info0:
 941 0000 31010000 		.4byte	0x131
 942 0004 0400     		.2byte	0x4
 943 0006 00000000 		.4byte	.Ldebug_abbrev0
 944 000a 04       		.byte	0x4
 945 000b 01       		.uleb128 0x1
 946 000c 24000000 		.4byte	.LASF17
 947 0010 0C       		.byte	0xc
 948 0011 C7010000 		.4byte	.LASF18
 949 0015 D7000000 		.4byte	.LASF19
 950 0019 00000000 		.4byte	.Ldebug_line0
 951 001d 02       		.uleb128 0x2
 952 001e 01       		.byte	0x1
 953 001f 06       		.byte	0x6
 954 0020 BB010000 		.4byte	.LASF0
 955 0024 03       		.uleb128 0x3
 956 0025 00000000 		.4byte	.LASF9
 957 0029 01       		.byte	0x1
 958 002a 1D       		.byte	0x1d
 959 002b 2F000000 		.4byte	0x2f
 960 002f 02       		.uleb128 0x2
 961 0030 01       		.byte	0x1
 962 0031 08       		.byte	0x8
 963 0032 16000000 		.4byte	.LASF1
 964 0036 02       		.uleb128 0x2
 965 0037 02       		.byte	0x2
ARM GAS  C:\Users\hejmi\AppData\Local\Temp\ccxIJKaB.s 			page 18


 966 0038 05       		.byte	0x5
 967 0039 A8010000 		.4byte	.LASF2
 968 003d 02       		.uleb128 0x2
 969 003e 02       		.byte	0x2
 970 003f 07       		.byte	0x7
 971 0040 C4000000 		.4byte	.LASF3
 972 0044 02       		.uleb128 0x2
 973 0045 04       		.byte	0x4
 974 0046 05       		.byte	0x5
 975 0047 B2010000 		.4byte	.LASF4
 976 004b 02       		.uleb128 0x2
 977 004c 04       		.byte	0x4
 978 004d 07       		.byte	0x7
 979 004e B2000000 		.4byte	.LASF5
 980 0052 02       		.uleb128 0x2
 981 0053 08       		.byte	0x8
 982 0054 05       		.byte	0x5
 983 0055 9A010000 		.4byte	.LASF6
 984 0059 02       		.uleb128 0x2
 985 005a 08       		.byte	0x8
 986 005b 07       		.byte	0x7
 987 005c 4F010000 		.4byte	.LASF7
 988 0060 04       		.uleb128 0x4
 989 0061 04       		.byte	0x4
 990 0062 05       		.byte	0x5
 991 0063 696E7400 		.ascii	"int\000"
 992 0067 02       		.uleb128 0x2
 993 0068 04       		.byte	0x4
 994 0069 07       		.byte	0x7
 995 006a 42010000 		.4byte	.LASF8
 996 006e 03       		.uleb128 0x3
 997 006f 66010000 		.4byte	.LASF10
 998 0073 02       		.byte	0x2
 999 0074 18       		.byte	0x18
 1000 0075 24000000 		.4byte	0x24
 1001 0079 05       		.uleb128 0x5
 1002 007a 91000000 		.4byte	0x91
 1003 007e 8A000000 		.4byte	0x8a
 1004 0082 06       		.uleb128 0x6
 1005 0083 8A000000 		.4byte	0x8a
 1006 0087 5F03     		.2byte	0x35f
 1007 0089 00       		.byte	0
 1008 008a 02       		.uleb128 0x2
 1009 008b 04       		.byte	0x4
 1010 008c 07       		.byte	0x7
 1011 008d 91010000 		.4byte	.LASF11
 1012 0091 07       		.uleb128 0x7
 1013 0092 6E000000 		.4byte	0x6e
 1014 0096 08       		.uleb128 0x8
 1015 0097 30010000 		.4byte	.LASF12
 1016 009b 03       		.byte	0x3
 1017 009c 1F       		.byte	0x1f
 1018 009d A7000000 		.4byte	0xa7
 1019 00a1 05       		.uleb128 0x5
 1020 00a2 03       		.byte	0x3
 1021 00a3 00000000 		.4byte	cy_meta_configecc
 1022 00a7 07       		.uleb128 0x7
ARM GAS  C:\Users\hejmi\AppData\Local\Temp\ccxIJKaB.s 			page 19


 1023 00a8 79000000 		.4byte	0x79
 1024 00ac 05       		.uleb128 0x5
 1025 00ad 91000000 		.4byte	0x91
 1026 00b1 BC000000 		.4byte	0xbc
 1027 00b5 09       		.uleb128 0x9
 1028 00b6 8A000000 		.4byte	0x8a
 1029 00ba 03       		.byte	0x3
 1030 00bb 00       		.byte	0
 1031 00bc 08       		.uleb128 0x8
 1032 00bd 20010000 		.4byte	.LASF13
 1033 00c1 03       		.byte	0x3
 1034 00c2 98       		.byte	0x98
 1035 00c3 CD000000 		.4byte	0xcd
 1036 00c7 05       		.uleb128 0x5
 1037 00c8 03       		.byte	0x3
 1038 00c9 00000000 		.4byte	cy_meta_custnvl
 1039 00cd 07       		.uleb128 0x7
 1040 00ce AC000000 		.4byte	0xac
 1041 00d2 08       		.uleb128 0x8
 1042 00d3 83010000 		.4byte	.LASF14
 1043 00d7 03       		.byte	0x3
 1044 00d8 A6       		.byte	0xa6
 1045 00d9 E3000000 		.4byte	0xe3
 1046 00dd 05       		.uleb128 0x5
 1047 00de 03       		.byte	0x3
 1048 00df 00000000 		.4byte	cy_meta_wonvl
 1049 00e3 07       		.uleb128 0x7
 1050 00e4 AC000000 		.4byte	0xac
 1051 00e8 05       		.uleb128 0x5
 1052 00e9 91000000 		.4byte	0x91
 1053 00ed F8000000 		.4byte	0xf8
 1054 00f1 09       		.uleb128 0x9
 1055 00f2 8A000000 		.4byte	0x8a
 1056 00f6 FF       		.byte	0xff
 1057 00f7 00       		.byte	0
 1058 00f8 08       		.uleb128 0x8
 1059 00f9 6E010000 		.4byte	.LASF15
 1060 00fd 03       		.byte	0x3
 1061 00fe B4       		.byte	0xb4
 1062 00ff 09010000 		.4byte	0x109
 1063 0103 05       		.uleb128 0x5
 1064 0104 03       		.byte	0x3
 1065 0105 00000000 		.4byte	cy_meta_flashprotect
 1066 0109 07       		.uleb128 0x7
 1067 010a E8000000 		.4byte	0xe8
 1068 010e 05       		.uleb128 0x5
 1069 010f 91000000 		.4byte	0x91
 1070 0113 1E010000 		.4byte	0x11e
 1071 0117 09       		.uleb128 0x9
 1072 0118 8A000000 		.4byte	0x8a
 1073 011c 0B       		.byte	0xb
 1074 011d 00       		.byte	0
 1075 011e 08       		.uleb128 0x8
 1076 011f 0A000000 		.4byte	.LASF16
 1077 0123 03       		.byte	0x3
 1078 0124 E1       		.byte	0xe1
 1079 0125 2F010000 		.4byte	0x12f
ARM GAS  C:\Users\hejmi\AppData\Local\Temp\ccxIJKaB.s 			page 20


 1080 0129 05       		.uleb128 0x5
 1081 012a 03       		.byte	0x3
 1082 012b 00000000 		.4byte	cy_metadata
 1083 012f 07       		.uleb128 0x7
 1084 0130 0E010000 		.4byte	0x10e
 1085 0134 00       		.byte	0
 1086              		.section	.debug_abbrev,"",%progbits
 1087              	.Ldebug_abbrev0:
 1088 0000 01       		.uleb128 0x1
 1089 0001 11       		.uleb128 0x11
 1090 0002 01       		.byte	0x1
 1091 0003 25       		.uleb128 0x25
 1092 0004 0E       		.uleb128 0xe
 1093 0005 13       		.uleb128 0x13
 1094 0006 0B       		.uleb128 0xb
 1095 0007 03       		.uleb128 0x3
 1096 0008 0E       		.uleb128 0xe
 1097 0009 1B       		.uleb128 0x1b
 1098 000a 0E       		.uleb128 0xe
 1099 000b 10       		.uleb128 0x10
 1100 000c 17       		.uleb128 0x17
 1101 000d 00       		.byte	0
 1102 000e 00       		.byte	0
 1103 000f 02       		.uleb128 0x2
 1104 0010 24       		.uleb128 0x24
 1105 0011 00       		.byte	0
 1106 0012 0B       		.uleb128 0xb
 1107 0013 0B       		.uleb128 0xb
 1108 0014 3E       		.uleb128 0x3e
 1109 0015 0B       		.uleb128 0xb
 1110 0016 03       		.uleb128 0x3
 1111 0017 0E       		.uleb128 0xe
 1112 0018 00       		.byte	0
 1113 0019 00       		.byte	0
 1114 001a 03       		.uleb128 0x3
 1115 001b 16       		.uleb128 0x16
 1116 001c 00       		.byte	0
 1117 001d 03       		.uleb128 0x3
 1118 001e 0E       		.uleb128 0xe
 1119 001f 3A       		.uleb128 0x3a
 1120 0020 0B       		.uleb128 0xb
 1121 0021 3B       		.uleb128 0x3b
 1122 0022 0B       		.uleb128 0xb
 1123 0023 49       		.uleb128 0x49
 1124 0024 13       		.uleb128 0x13
 1125 0025 00       		.byte	0
 1126 0026 00       		.byte	0
 1127 0027 04       		.uleb128 0x4
 1128 0028 24       		.uleb128 0x24
 1129 0029 00       		.byte	0
 1130 002a 0B       		.uleb128 0xb
 1131 002b 0B       		.uleb128 0xb
 1132 002c 3E       		.uleb128 0x3e
 1133 002d 0B       		.uleb128 0xb
 1134 002e 03       		.uleb128 0x3
 1135 002f 08       		.uleb128 0x8
 1136 0030 00       		.byte	0
ARM GAS  C:\Users\hejmi\AppData\Local\Temp\ccxIJKaB.s 			page 21


 1137 0031 00       		.byte	0
 1138 0032 05       		.uleb128 0x5
 1139 0033 01       		.uleb128 0x1
 1140 0034 01       		.byte	0x1
 1141 0035 49       		.uleb128 0x49
 1142 0036 13       		.uleb128 0x13
 1143 0037 01       		.uleb128 0x1
 1144 0038 13       		.uleb128 0x13
 1145 0039 00       		.byte	0
 1146 003a 00       		.byte	0
 1147 003b 06       		.uleb128 0x6
 1148 003c 21       		.uleb128 0x21
 1149 003d 00       		.byte	0
 1150 003e 49       		.uleb128 0x49
 1151 003f 13       		.uleb128 0x13
 1152 0040 2F       		.uleb128 0x2f
 1153 0041 05       		.uleb128 0x5
 1154 0042 00       		.byte	0
 1155 0043 00       		.byte	0
 1156 0044 07       		.uleb128 0x7
 1157 0045 26       		.uleb128 0x26
 1158 0046 00       		.byte	0
 1159 0047 49       		.uleb128 0x49
 1160 0048 13       		.uleb128 0x13
 1161 0049 00       		.byte	0
 1162 004a 00       		.byte	0
 1163 004b 08       		.uleb128 0x8
 1164 004c 34       		.uleb128 0x34
 1165 004d 00       		.byte	0
 1166 004e 03       		.uleb128 0x3
 1167 004f 0E       		.uleb128 0xe
 1168 0050 3A       		.uleb128 0x3a
 1169 0051 0B       		.uleb128 0xb
 1170 0052 3B       		.uleb128 0x3b
 1171 0053 0B       		.uleb128 0xb
 1172 0054 49       		.uleb128 0x49
 1173 0055 13       		.uleb128 0x13
 1174 0056 3F       		.uleb128 0x3f
 1175 0057 19       		.uleb128 0x19
 1176 0058 02       		.uleb128 0x2
 1177 0059 18       		.uleb128 0x18
 1178 005a 00       		.byte	0
 1179 005b 00       		.byte	0
 1180 005c 09       		.uleb128 0x9
 1181 005d 21       		.uleb128 0x21
 1182 005e 00       		.byte	0
 1183 005f 49       		.uleb128 0x49
 1184 0060 13       		.uleb128 0x13
 1185 0061 2F       		.uleb128 0x2f
 1186 0062 0B       		.uleb128 0xb
 1187 0063 00       		.byte	0
 1188 0064 00       		.byte	0
 1189 0065 00       		.byte	0
 1190              		.section	.debug_aranges,"",%progbits
 1191 0000 14000000 		.4byte	0x14
 1192 0004 0200     		.2byte	0x2
 1193 0006 00000000 		.4byte	.Ldebug_info0
ARM GAS  C:\Users\hejmi\AppData\Local\Temp\ccxIJKaB.s 			page 22


 1194 000a 04       		.byte	0x4
 1195 000b 00       		.byte	0
 1196 000c 0000     		.2byte	0
 1197 000e 0000     		.2byte	0
 1198 0010 00000000 		.4byte	0
 1199 0014 00000000 		.4byte	0
 1200              		.section	.debug_line,"",%progbits
 1201              	.Ldebug_line0:
 1202 0000 3D010000 		.section	.debug_str,"MS",%progbits,1
 1202      02003701 
 1202      00000201 
 1202      FB0E0D00 
 1202      01010101 
 1203              	.LASF9:
 1204 0000 5F5F7569 		.ascii	"__uint8_t\000"
 1204      6E74385F 
 1204      7400
 1205              	.LASF16:
 1206 000a 63795F6D 		.ascii	"cy_metadata\000"
 1206      65746164 
 1206      61746100 
 1207              	.LASF1:
 1208 0016 756E7369 		.ascii	"unsigned char\000"
 1208      676E6564 
 1208      20636861 
 1208      7200
 1209              	.LASF17:
 1210 0024 474E5520 		.ascii	"GNU C11 5.4.1 20160609 (release) [ARM/embedded-5-br"
 1210      43313120 
 1210      352E342E 
 1210      31203230 
 1210      31363036 
 1211 0057 616E6368 		.ascii	"anch revision 237715] -mcpu=cortex-m3 -mthumb -g -O"
 1211      20726576 
 1211      6973696F 
 1211      6E203233 
 1211      37373135 
 1212 008a 67202D66 		.ascii	"g -ffunction-sections -ffat-lto-objects\000"
 1212      66756E63 
 1212      74696F6E 
 1212      2D736563 
 1212      74696F6E 
 1213              	.LASF5:
 1214 00b2 6C6F6E67 		.ascii	"long unsigned int\000"
 1214      20756E73 
 1214      69676E65 
 1214      6420696E 
 1214      7400
 1215              	.LASF3:
 1216 00c4 73686F72 		.ascii	"short unsigned int\000"
 1216      7420756E 
 1216      7369676E 
 1216      65642069 
 1216      6E7400
 1217              	.LASF19:
 1218 00d7 433A5C55 		.ascii	"C:\\Users\\hejmi\\Documents\\PSoC Creator\\Gyrosens"
 1218      73657273 
ARM GAS  C:\Users\hejmi\AppData\Local\Temp\ccxIJKaB.s 			page 23


 1218      5C68656A 
 1218      6D695C44 
 1218      6F63756D 
 1219 0105 6F725C47 		.ascii	"or\\GyrosensorProject.cydsn\000"
 1219      79726F73 
 1219      656E736F 
 1219      7250726F 
 1219      6A656374 
 1220              	.LASF13:
 1221 0120 63795F6D 		.ascii	"cy_meta_custnvl\000"
 1221      6574615F 
 1221      63757374 
 1221      6E766C00 
 1222              	.LASF12:
 1223 0130 63795F6D 		.ascii	"cy_meta_configecc\000"
 1223      6574615F 
 1223      636F6E66 
 1223      69676563 
 1223      6300
 1224              	.LASF8:
 1225 0142 756E7369 		.ascii	"unsigned int\000"
 1225      676E6564 
 1225      20696E74 
 1225      00
 1226              	.LASF7:
 1227 014f 6C6F6E67 		.ascii	"long long unsigned int\000"
 1227      206C6F6E 
 1227      6720756E 
 1227      7369676E 
 1227      65642069 
 1228              	.LASF10:
 1229 0166 75696E74 		.ascii	"uint8_t\000"
 1229      385F7400 
 1230              	.LASF15:
 1231 016e 63795F6D 		.ascii	"cy_meta_flashprotect\000"
 1231      6574615F 
 1231      666C6173 
 1231      6870726F 
 1231      74656374 
 1232              	.LASF14:
 1233 0183 63795F6D 		.ascii	"cy_meta_wonvl\000"
 1233      6574615F 
 1233      776F6E76 
 1233      6C00
 1234              	.LASF11:
 1235 0191 73697A65 		.ascii	"sizetype\000"
 1235      74797065 
 1235      00
 1236              	.LASF6:
 1237 019a 6C6F6E67 		.ascii	"long long int\000"
 1237      206C6F6E 
 1237      6720696E 
 1237      7400
 1238              	.LASF2:
 1239 01a8 73686F72 		.ascii	"short int\000"
 1239      7420696E 
 1239      7400
ARM GAS  C:\Users\hejmi\AppData\Local\Temp\ccxIJKaB.s 			page 24


 1240              	.LASF4:
 1241 01b2 6C6F6E67 		.ascii	"long int\000"
 1241      20696E74 
 1241      00
 1242              	.LASF0:
 1243 01bb 7369676E 		.ascii	"signed char\000"
 1243      65642063 
 1243      68617200 
 1244              	.LASF18:
 1245 01c7 47656E65 		.ascii	"Generated_Source\\PSoC5\\cymetadata.c\000"
 1245      72617465 
 1245      645F536F 
 1245      75726365 
 1245      5C50536F 
 1246              		.ident	"GCC: (GNU Tools for ARM Embedded Processors) 5.4.1 20160609 (release) [ARM/embedded-5-bran
