ARM GAS  C:\Users\jespe\AppData\Local\Temp\cc8TnEbo.s 			page 1


   1              		.syntax unified
   2              		.cpu cortex-m3
   3              		.fpu softvfp
   4              		.eabi_attribute 20, 1
   5              		.eabi_attribute 21, 1
   6              		.eabi_attribute 23, 3
   7              		.eabi_attribute 24, 1
   8              		.eabi_attribute 25, 1
   9              		.eabi_attribute 26, 1
  10              		.eabi_attribute 30, 1
  11              		.eabi_attribute 34, 1
  12              		.eabi_attribute 18, 4
  13              		.thumb
  14              		.syntax unified
  15              		.file	"cymetadata.c"
  16              		.text
  17              	.Ltext0:
  18              		.cfi_sections	.debug_frame
  19              		.global	cy_metadata
  20              		.global	cy_meta_flashprotect
  21              		.global	cy_meta_wonvl
  22              		.global	cy_meta_custnvl
  23              		.global	cy_meta_configecc
  24              		.section	.cyconfigecc,"a",%progbits
  25              		.align	2
  26              		.type	cy_meta_configecc, %object
  27              		.size	cy_meta_configecc, 2292
  28              	cy_meta_configecc:
  29 0000 02       		.byte	2
  30 0001 4F       		.byte	79
  31 0002 00       		.byte	0
  32 0003 40       		.byte	64
  33 0004 04       		.byte	4
  34 0005 52       		.byte	82
  35 0006 00       		.byte	0
  36 0007 40       		.byte	64
  37 0008 05       		.byte	5
  38 0009 64       		.byte	100
  39 000a 00       		.byte	0
  40 000b 40       		.byte	64
  41 000c 03       		.byte	3
  42 000d 65       		.byte	101
  43 000e 00       		.byte	0
  44 000f 40       		.byte	64
  45 0010 50       		.byte	80
  46 0011 06       		.byte	6
  47 0012 01       		.byte	1
  48 0013 40       		.byte	64
  49 0014 41       		.byte	65
  50 0015 07       		.byte	7
  51 0016 01       		.byte	1
  52 0017 40       		.byte	64
  53 0018 47       		.byte	71
  54 0019 08       		.byte	8
  55 001a 01       		.byte	1
  56 001b 40       		.byte	64
  57 001c 4C       		.byte	76
ARM GAS  C:\Users\jespe\AppData\Local\Temp\cc8TnEbo.s 			page 2


  58 001d 09       		.byte	9
  59 001e 01       		.byte	1
  60 001f 40       		.byte	64
  61 0020 0D       		.byte	13
  62 0021 0B       		.byte	11
  63 0022 01       		.byte	1
  64 0023 40       		.byte	64
  65 0024 4C       		.byte	76
  66 0025 0C       		.byte	12
  67 0026 01       		.byte	1
  68 0027 40       		.byte	64
  69 0028 30       		.byte	48
  70 0029 0D       		.byte	13
  71 002a 01       		.byte	1
  72 002b 40       		.byte	64
  73 002c 4A       		.byte	74
  74 002d 14       		.byte	20
  75 002e 01       		.byte	1
  76 002f 40       		.byte	64
  77 0030 57       		.byte	87
  78 0031 15       		.byte	21
  79 0032 01       		.byte	1
  80 0033 40       		.byte	64
  81 0034 18       		.byte	24
  82 0035 17       		.byte	23
  83 0036 01       		.byte	1
  84 0037 40       		.byte	64
  85 0038 5F       		.byte	95
  86 0039 18       		.byte	24
  87 003a 01       		.byte	1
  88 003b 40       		.byte	64
  89 003c 4E       		.byte	78
  90 003d 19       		.byte	25
  91 003e 01       		.byte	1
  92 003f 40       		.byte	64
  93 0040 4E       		.byte	78
  94 0041 1A       		.byte	26
  95 0042 01       		.byte	1
  96 0043 40       		.byte	64
  97 0044 51       		.byte	81
  98 0045 1B       		.byte	27
  99 0046 01       		.byte	1
 100 0047 40       		.byte	64
 101 0048 06       		.byte	6
 102 0049 40       		.byte	64
 103 004a 01       		.byte	1
 104 004b 40       		.byte	64
 105 004c 0A       		.byte	10
 106 004d 41       		.byte	65
 107 004e 01       		.byte	1
 108 004f 40       		.byte	64
 109 0050 0B       		.byte	11
 110 0051 42       		.byte	66
 111 0052 01       		.byte	1
 112 0053 40       		.byte	64
 113 0054 0D       		.byte	13
 114 0055 43       		.byte	67
ARM GAS  C:\Users\jespe\AppData\Local\Temp\cc8TnEbo.s 			page 3


 115 0056 01       		.byte	1
 116 0057 40       		.byte	64
 117 0058 07       		.byte	7
 118 0059 45       		.byte	69
 119 005a 01       		.byte	1
 120 005b 40       		.byte	64
 121 005c 04       		.byte	4
 122 005d 46       		.byte	70
 123 005e 01       		.byte	1
 124 005f 40       		.byte	64
 125 0060 03       		.byte	3
 126 0061 47       		.byte	71
 127 0062 01       		.byte	1
 128 0063 40       		.byte	64
 129 0064 09       		.byte	9
 130 0065 48       		.byte	72
 131 0066 01       		.byte	1
 132 0067 40       		.byte	64
 133 0068 06       		.byte	6
 134 0069 49       		.byte	73
 135 006a 01       		.byte	1
 136 006b 40       		.byte	64
 137 006c 08       		.byte	8
 138 006d 4C       		.byte	76
 139 006e 01       		.byte	1
 140 006f 40       		.byte	64
 141 0070 0A       		.byte	10
 142 0071 4D       		.byte	77
 143 0072 01       		.byte	1
 144 0073 40       		.byte	64
 145 0074 0C       		.byte	12
 146 0075 50       		.byte	80
 147 0076 01       		.byte	1
 148 0077 40       		.byte	64
 149 0078 02       		.byte	2
 150 0079 51       		.byte	81
 151 007a 01       		.byte	1
 152 007b 40       		.byte	64
 153 007c 01       		.byte	1
 154 007d 10       		.byte	16
 155 007e 0A       		.byte	10
 156 007f 4B       		.byte	75
 157 0080 08       		.byte	8
 158 0081 80       		.byte	-128
 159 0082 09       		.byte	9
 160 0083 C0       		.byte	-64
 161 0084 10       		.byte	16
 162 0085 10       		.byte	16
 163 0086 11       		.byte	17
 164 0087 10       		.byte	16
 165 0088 86       		.byte	-122
 166 0089 0F       		.byte	15
 167 008a 87       		.byte	-121
 168 008b 47       		.byte	71
 169 008c 88       		.byte	-120
 170 008d 72       		.byte	114
 171 008e 8C       		.byte	-116
ARM GAS  C:\Users\jespe\AppData\Local\Temp\cc8TnEbo.s 			page 4


 172 008f 0F       		.byte	15
 173 0090 8D       		.byte	-115
 174 0091 0F       		.byte	15
 175 0092 85       		.byte	-123
 176 0093 38       		.byte	56
 177 0094 89       		.byte	-119
 178 0095 78       		.byte	120
 179 0096 8B       		.byte	-117
 180 0097 07       		.byte	7
 181 0098 01       		.byte	1
 182 0099 10       		.byte	16
 183 009a 02       		.byte	2
 184 009b 03       		.byte	3
 185 009c 04       		.byte	4
 186 009d 0C       		.byte	12
 187 009e 06       		.byte	6
 188 009f 71       		.byte	113
 189 00a0 07       		.byte	7
 190 00a1 08       		.byte	8
 191 00a2 08       		.byte	8
 192 00a3 14       		.byte	20
 193 00a4 11       		.byte	17
 194 00a5 0C       		.byte	12
 195 00a6 13       		.byte	19
 196 00a7 03       		.byte	3
 197 00a8 17       		.byte	23
 198 00a9 0C       		.byte	12
 199 00aa 19       		.byte	25
 200 00ab 01       		.byte	1
 201 00ac 1B       		.byte	27
 202 00ad 0E       		.byte	14
 203 00ae 1E       		.byte	30
 204 00af 20       		.byte	32
 205 00b0 20       		.byte	32
 206 00b1 DC       		.byte	-36
 207 00b2 21       		.byte	33
 208 00b3 01       		.byte	1
 209 00b4 22       		.byte	34
 210 00b5 22       		.byte	34
 211 00b6 23       		.byte	35
 212 00b7 06       		.byte	6
 213 00b8 24       		.byte	36
 214 00b9 09       		.byte	9
 215 00ba 26       		.byte	38
 216 00bb D0       		.byte	-48
 217 00bc 28       		.byte	40
 218 00bd 10       		.byte	16
 219 00be 2A       		.byte	42
 220 00bf 40       		.byte	64
 221 00c0 2C       		.byte	44
 222 00c1 10       		.byte	16
 223 00c2 2E       		.byte	46
 224 00c3 AC       		.byte	-84
 225 00c4 2F       		.byte	47
 226 00c5 03       		.byte	3
 227 00c6 30       		.byte	48
 228 00c7 1F       		.byte	31
ARM GAS  C:\Users\jespe\AppData\Local\Temp\cc8TnEbo.s 			page 5


 229 00c8 34       		.byte	52
 230 00c9 E0       		.byte	-32
 231 00ca 35       		.byte	53
 232 00cb 10       		.byte	16
 233 00cc 37       		.byte	55
 234 00cd 0F       		.byte	15
 235 00ce 3A       		.byte	58
 236 00cf 20       		.byte	32
 237 00d0 3B       		.byte	59
 238 00d1 80       		.byte	-128
 239 00d2 3F       		.byte	63
 240 00d3 10       		.byte	16
 241 00d4 40       		.byte	64
 242 00d5 05       		.byte	5
 243 00d6 47       		.byte	71
 244 00d7 04       		.byte	4
 245 00d8 49       		.byte	73
 246 00d9 FF       		.byte	-1
 247 00da 4A       		.byte	74
 248 00db 07       		.byte	7
 249 00dc 4B       		.byte	75
 250 00dd FF       		.byte	-1
 251 00de 4C       		.byte	76
 252 00df 40       		.byte	64
 253 00e0 4D       		.byte	77
 254 00e1 20       		.byte	32
 255 00e2 4E       		.byte	78
 256 00e3 F0       		.byte	-16
 257 00e4 4F       		.byte	79
 258 00e5 05       		.byte	5
 259 00e6 50       		.byte	80
 260 00e7 08       		.byte	8
 261 00e8 54       		.byte	84
 262 00e9 01       		.byte	1
 263 00ea 58       		.byte	88
 264 00eb 04       		.byte	4
 265 00ec 59       		.byte	89
 266 00ed 04       		.byte	4
 267 00ee 5A       		.byte	90
 268 00ef 04       		.byte	4
 269 00f0 5B       		.byte	91
 270 00f1 04       		.byte	4
 271 00f2 5C       		.byte	92
 272 00f3 22       		.byte	34
 273 00f4 5D       		.byte	93
 274 00f5 22       		.byte	34
 275 00f6 5F       		.byte	95
 276 00f7 01       		.byte	1
 277 00f8 60       		.byte	96
 278 00f9 40       		.byte	64
 279 00fa 61       		.byte	97
 280 00fb A8       		.byte	-88
 281 00fc 62       		.byte	98
 282 00fd 40       		.byte	64
 283 00fe 63       		.byte	99
 284 00ff 20       		.byte	32
 285 0100 86       		.byte	-122
ARM GAS  C:\Users\jespe\AppData\Local\Temp\cc8TnEbo.s 			page 6


 286 0101 01       		.byte	1
 287 0102 88       		.byte	-120
 288 0103 01       		.byte	1
 289 0104 8B       		.byte	-117
 290 0105 01       		.byte	1
 291 0106 8D       		.byte	-115
 292 0107 08       		.byte	8
 293 0108 8E       		.byte	-114
 294 0109 02       		.byte	2
 295 010a 91       		.byte	-111
 296 010b 04       		.byte	4
 297 010c 96       		.byte	-106
 298 010d 01       		.byte	1
 299 010e 99       		.byte	-103
 300 010f 06       		.byte	6
 301 0110 9C       		.byte	-100
 302 0111 08       		.byte	8
 303 0112 A1       		.byte	-95
 304 0113 06       		.byte	6
 305 0114 A4       		.byte	-92
 306 0115 04       		.byte	4
 307 0116 AF       		.byte	-81
 308 0117 02       		.byte	2
 309 0118 B0       		.byte	-80
 310 0119 01       		.byte	1
 311 011a B1       		.byte	-79
 312 011b 06       		.byte	6
 313 011c B2       		.byte	-78
 314 011d 02       		.byte	2
 315 011e B3       		.byte	-77
 316 011f 08       		.byte	8
 317 0120 B4       		.byte	-76
 318 0121 08       		.byte	8
 319 0122 B6       		.byte	-74
 320 0123 04       		.byte	4
 321 0124 B7       		.byte	-73
 322 0125 01       		.byte	1
 323 0126 B9       		.byte	-71
 324 0127 02       		.byte	2
 325 0128 BE       		.byte	-66
 326 0129 51       		.byte	81
 327 012a BF       		.byte	-65
 328 012b 05       		.byte	5
 329 012c D4       		.byte	-44
 330 012d 41       		.byte	65
 331 012e D8       		.byte	-40
 332 012f 04       		.byte	4
 333 0130 D9       		.byte	-39
 334 0131 04       		.byte	4
 335 0132 DB       		.byte	-37
 336 0133 04       		.byte	4
 337 0134 DC       		.byte	-36
 338 0135 48       		.byte	72
 339 0136 DF       		.byte	-33
 340 0137 31       		.byte	49
 341 0138 00       		.byte	0
 342 0139 24       		.byte	36
ARM GAS  C:\Users\jespe\AppData\Local\Temp\cc8TnEbo.s 			page 7


 343 013a 01       		.byte	1
 344 013b 40       		.byte	64
 345 013c 05       		.byte	5
 346 013d 21       		.byte	33
 347 013e 07       		.byte	7
 348 013f 20       		.byte	32
 349 0140 08       		.byte	8
 350 0141 08       		.byte	8
 351 0142 09       		.byte	9
 352 0143 08       		.byte	8
 353 0144 0B       		.byte	11
 354 0145 02       		.byte	2
 355 0146 0F       		.byte	15
 356 0147 02       		.byte	2
 357 0148 10       		.byte	16
 358 0149 20       		.byte	32
 359 014a 16       		.byte	22
 360 014b 05       		.byte	5
 361 014c 17       		.byte	23
 362 014d 05       		.byte	5
 363 014e 18       		.byte	24
 364 014f 02       		.byte	2
 365 0150 1A       		.byte	26
 366 0151 44       		.byte	68
 367 0152 1B       		.byte	27
 368 0153 08       		.byte	8
 369 0154 1D       		.byte	29
 370 0155 11       		.byte	17
 371 0156 1F       		.byte	31
 372 0157 01       		.byte	1
 373 0158 21       		.byte	33
 374 0159 40       		.byte	64
 375 015a 22       		.byte	34
 376 015b 09       		.byte	9
 377 015c 27       		.byte	39
 378 015d 09       		.byte	9
 379 015e 2A       		.byte	42
 380 015f 01       		.byte	1
 381 0160 2B       		.byte	43
 382 0161 82       		.byte	-126
 383 0162 2F       		.byte	47
 384 0163 82       		.byte	-126
 385 0164 31       		.byte	49
 386 0165 10       		.byte	16
 387 0166 33       		.byte	51
 388 0167 01       		.byte	1
 389 0168 35       		.byte	53
 390 0169 10       		.byte	16
 391 016a 37       		.byte	55
 392 016b 25       		.byte	37
 393 016c 3A       		.byte	58
 394 016d A0       		.byte	-96
 395 016e 3D       		.byte	61
 396 016f 08       		.byte	8
 397 0170 3E       		.byte	62
 398 0171 01       		.byte	1
 399 0172 4E       		.byte	78
ARM GAS  C:\Users\jespe\AppData\Local\Temp\cc8TnEbo.s 			page 8


 400 0173 01       		.byte	1
 401 0174 55       		.byte	85
 402 0175 04       		.byte	4
 403 0176 56       		.byte	86
 404 0177 04       		.byte	4
 405 0178 57       		.byte	87
 406 0179 03       		.byte	3
 407 017a 58       		.byte	88
 408 017b 08       		.byte	8
 409 017c 5A       		.byte	90
 410 017d 40       		.byte	64
 411 017e 5B       		.byte	91
 412 017f 10       		.byte	16
 413 0180 5C       		.byte	92
 414 0181 A0       		.byte	-96
 415 0182 5E       		.byte	94
 416 0183 01       		.byte	1
 417 0184 5F       		.byte	95
 418 0185 08       		.byte	8
 419 0186 63       		.byte	99
 420 0187 20       		.byte	32
 421 0188 78       		.byte	120
 422 0189 20       		.byte	32
 423 018a 79       		.byte	121
 424 018b 02       		.byte	2
 425 018c 7A       		.byte	122
 426 018d 04       		.byte	4
 427 018e 80       		.byte	-128
 428 018f 01       		.byte	1
 429 0190 82       		.byte	-126
 430 0191 80       		.byte	-128
 431 0192 85       		.byte	-123
 432 0193 20       		.byte	32
 433 0194 86       		.byte	-122
 434 0195 20       		.byte	32
 435 0196 87       		.byte	-121
 436 0197 01       		.byte	1
 437 0198 8B       		.byte	-117
 438 0199 02       		.byte	2
 439 019a 8D       		.byte	-115
 440 019b 12       		.byte	18
 441 019c C0       		.byte	-64
 442 019d 77       		.byte	119
 443 019e C2       		.byte	-62
 444 019f 85       		.byte	-123
 445 01a0 C4       		.byte	-60
 446 01a1 F4       		.byte	-12
 447 01a2 CA       		.byte	-54
 448 01a3 99       		.byte	-103
 449 01a4 CC       		.byte	-52
 450 01a5 E5       		.byte	-27
 451 01a6 CE       		.byte	-50
 452 01a7 CC       		.byte	-52
 453 01a8 D2       		.byte	-46
 454 01a9 10       		.byte	16
 455 01aa D6       		.byte	-42
 456 01ab FE       		.byte	-2
ARM GAS  C:\Users\jespe\AppData\Local\Temp\cc8TnEbo.s 			page 9


 457 01ac D8       		.byte	-40
 458 01ad 02       		.byte	2
 459 01ae DE       		.byte	-34
 460 01af 01       		.byte	1
 461 01b0 E0       		.byte	-32
 462 01b1 02       		.byte	2
 463 01b2 E2       		.byte	-30
 464 01b3 08       		.byte	8
 465 01b4 E4       		.byte	-28
 466 01b5 04       		.byte	4
 467 01b6 E6       		.byte	-26
 468 01b7 0A       		.byte	10
 469 01b8 EA       		.byte	-22
 470 01b9 04       		.byte	4
 471 01ba 00       		.byte	0
 472 01bb 1A       		.byte	26
 473 01bc 01       		.byte	1
 474 01bd 1C       		.byte	28
 475 01be 02       		.byte	2
 476 01bf 04       		.byte	4
 477 01c0 03       		.byte	3
 478 01c1 03       		.byte	3
 479 01c2 04       		.byte	4
 480 01c3 18       		.byte	24
 481 01c4 05       		.byte	5
 482 01c5 04       		.byte	4
 483 01c6 09       		.byte	9
 484 01c7 02       		.byte	2
 485 01c8 0A       		.byte	10
 486 01c9 01       		.byte	1
 487 01ca 0D       		.byte	13
 488 01cb 0F       		.byte	15
 489 01cc 0E       		.byte	14
 490 01cd 04       		.byte	4
 491 01ce 0F       		.byte	15
 492 01cf 10       		.byte	16
 493 01d0 11       		.byte	17
 494 01d1 13       		.byte	19
 495 01d2 13       		.byte	19
 496 01d3 0C       		.byte	12
 497 01d4 14       		.byte	20
 498 01d5 1E       		.byte	30
 499 01d6 15       		.byte	21
 500 01d7 1F       		.byte	31
 501 01d8 19       		.byte	25
 502 01d9 0C       		.byte	12
 503 01da 1A       		.byte	26
 504 01db 01       		.byte	1
 505 01dc 1C       		.byte	28
 506 01dd 06       		.byte	6
 507 01de 1D       		.byte	29
 508 01df 08       		.byte	8
 509 01e0 1E       		.byte	30
 510 01e1 18       		.byte	24
 511 01e2 20       		.byte	32
 512 01e3 1A       		.byte	26
 513 01e4 22       		.byte	34
ARM GAS  C:\Users\jespe\AppData\Local\Temp\cc8TnEbo.s 			page 10


 514 01e5 04       		.byte	4
 515 01e6 23       		.byte	35
 516 01e7 13       		.byte	19
 517 01e8 24       		.byte	36
 518 01e9 08       		.byte	8
 519 01ea 25       		.byte	37
 520 01eb 03       		.byte	3
 521 01ec 29       		.byte	41
 522 01ed 01       		.byte	1
 523 01ee 2C       		.byte	44
 524 01ef 10       		.byte	16
 525 01f0 30       		.byte	48
 526 01f1 1C       		.byte	28
 527 01f2 31       		.byte	49
 528 01f3 0F       		.byte	15
 529 01f4 34       		.byte	52
 530 01f5 02       		.byte	2
 531 01f6 35       		.byte	53
 532 01f7 1C       		.byte	28
 533 01f8 36       		.byte	54
 534 01f9 01       		.byte	1
 535 01fa 3A       		.byte	58
 536 01fb 0A       		.byte	10
 537 01fc 3B       		.byte	59
 538 01fd 02       		.byte	2
 539 01fe 3E       		.byte	62
 540 01ff 50       		.byte	80
 541 0200 40       		.byte	64
 542 0201 43       		.byte	67
 543 0202 41       		.byte	65
 544 0203 05       		.byte	5
 545 0204 45       		.byte	69
 546 0205 EC       		.byte	-20
 547 0206 47       		.byte	71
 548 0207 0B       		.byte	11
 549 0208 48       		.byte	72
 550 0209 13       		.byte	19
 551 020a 49       		.byte	73
 552 020b FF       		.byte	-1
 553 020c 4A       		.byte	74
 554 020d FF       		.byte	-1
 555 020e 4B       		.byte	75
 556 020f FF       		.byte	-1
 557 0210 4E       		.byte	78
 558 0211 F0       		.byte	-16
 559 0212 4F       		.byte	79
 560 0213 44       		.byte	68
 561 0214 50       		.byte	80
 562 0215 0C       		.byte	12
 563 0216 56       		.byte	86
 564 0217 02       		.byte	2
 565 0218 57       		.byte	87
 566 0219 12       		.byte	18
 567 021a 58       		.byte	88
 568 021b 04       		.byte	4
 569 021c 59       		.byte	89
 570 021d 04       		.byte	4
ARM GAS  C:\Users\jespe\AppData\Local\Temp\cc8TnEbo.s 			page 11


 571 021e 5A       		.byte	90
 572 021f 04       		.byte	4
 573 0220 5B       		.byte	91
 574 0221 04       		.byte	4
 575 0222 5C       		.byte	92
 576 0223 22       		.byte	34
 577 0224 5D       		.byte	93
 578 0225 22       		.byte	34
 579 0226 5F       		.byte	95
 580 0227 01       		.byte	1
 581 0228 66       		.byte	102
 582 0229 C0       		.byte	-64
 583 022a 6A       		.byte	106
 584 022b 40       		.byte	64
 585 022c 6B       		.byte	107
 586 022d 02       		.byte	2
 587 022e 92       		.byte	-110
 588 022f 01       		.byte	1
 589 0230 97       		.byte	-105
 590 0231 04       		.byte	4
 591 0232 99       		.byte	-103
 592 0233 02       		.byte	2
 593 0234 A5       		.byte	-91
 594 0235 04       		.byte	4
 595 0236 AF       		.byte	-81
 596 0237 03       		.byte	3
 597 0238 B1       		.byte	-79
 598 0239 02       		.byte	2
 599 023a B2       		.byte	-78
 600 023b 01       		.byte	1
 601 023c B3       		.byte	-77
 602 023d 04       		.byte	4
 603 023e B5       		.byte	-75
 604 023f 01       		.byte	1
 605 0240 D8       		.byte	-40
 606 0241 04       		.byte	4
 607 0242 D9       		.byte	-39
 608 0243 04       		.byte	4
 609 0244 DC       		.byte	-36
 610 0245 90       		.byte	-112
 611 0246 DF       		.byte	-33
 612 0247 01       		.byte	1
 613 0248 05       		.byte	5
 614 0249 01       		.byte	1
 615 024a 06       		.byte	6
 616 024b 06       		.byte	6
 617 024c 07       		.byte	7
 618 024d 10       		.byte	16
 619 024e 08       		.byte	8
 620 024f 02       		.byte	2
 621 0250 0C       		.byte	12
 622 0251 04       		.byte	4
 623 0252 0D       		.byte	13
 624 0253 20       		.byte	32
 625 0254 0E       		.byte	14
 626 0255 22       		.byte	34
 627 0256 15       		.byte	21
ARM GAS  C:\Users\jespe\AppData\Local\Temp\cc8TnEbo.s 			page 12


 628 0257 05       		.byte	5
 629 0258 16       		.byte	22
 630 0259 01       		.byte	1
 631 025a 17       		.byte	23
 632 025b 01       		.byte	1
 633 025c 18       		.byte	24
 634 025d 20       		.byte	32
 635 025e 1C       		.byte	28
 636 025f 20       		.byte	32
 637 0260 1D       		.byte	29
 638 0261 09       		.byte	9
 639 0262 1E       		.byte	30
 640 0263 E9       		.byte	-23
 641 0264 20       		.byte	32
 642 0265 40       		.byte	64
 643 0266 22       		.byte	34
 644 0267 10       		.byte	16
 645 0268 23       		.byte	35
 646 0269 10       		.byte	16
 647 026a 25       		.byte	37
 648 026b 03       		.byte	3
 649 026c 26       		.byte	38
 650 026d 21       		.byte	33
 651 026e 29       		.byte	41
 652 026f 08       		.byte	8
 653 0270 2A       		.byte	42
 654 0271 40       		.byte	64
 655 0272 2D       		.byte	45
 656 0273 20       		.byte	32
 657 0274 2E       		.byte	46
 658 0275 02       		.byte	2
 659 0276 2F       		.byte	47
 660 0277 50       		.byte	80
 661 0278 31       		.byte	49
 662 0279 04       		.byte	4
 663 027a 32       		.byte	50
 664 027b 10       		.byte	16
 665 027c 34       		.byte	52
 666 027d 04       		.byte	4
 667 027e 35       		.byte	53
 668 027f 40       		.byte	64
 669 0280 36       		.byte	54
 670 0281 01       		.byte	1
 671 0282 37       		.byte	55
 672 0283 10       		.byte	16
 673 0284 3D       		.byte	61
 674 0285 25       		.byte	37
 675 0286 3E       		.byte	62
 676 0287 48       		.byte	72
 677 0288 44       		.byte	68
 678 0289 40       		.byte	64
 679 028a 46       		.byte	70
 680 028b 20       		.byte	32
 681 028c 4C       		.byte	76
 682 028d 80       		.byte	-128
 683 028e 4D       		.byte	77
 684 028f 40       		.byte	64
ARM GAS  C:\Users\jespe\AppData\Local\Temp\cc8TnEbo.s 			page 13


 685 0290 4F       		.byte	79
 686 0291 08       		.byte	8
 687 0292 57       		.byte	87
 688 0293 08       		.byte	8
 689 0294 5E       		.byte	94
 690 0295 08       		.byte	8
 691 0296 6C       		.byte	108
 692 0297 0A       		.byte	10
 693 0298 6D       		.byte	109
 694 0299 08       		.byte	8
 695 029a 6F       		.byte	111
 696 029b 04       		.byte	4
 697 029c 74       		.byte	116
 698 029d 40       		.byte	64
 699 029e 75       		.byte	117
 700 029f 40       		.byte	64
 701 02a0 76       		.byte	118
 702 02a1 09       		.byte	9
 703 02a2 77       		.byte	119
 704 02a3 10       		.byte	16
 705 02a4 82       		.byte	-126
 706 02a5 80       		.byte	-128
 707 02a6 86       		.byte	-122
 708 02a7 14       		.byte	20
 709 02a8 87       		.byte	-121
 710 02a9 08       		.byte	8
 711 02aa 8A       		.byte	-118
 712 02ab 20       		.byte	32
 713 02ac 8D       		.byte	-115
 714 02ad 40       		.byte	64
 715 02ae 94       		.byte	-108
 716 02af 40       		.byte	64
 717 02b0 96       		.byte	-106
 718 02b1 01       		.byte	1
 719 02b2 97       		.byte	-105
 720 02b3 91       		.byte	-111
 721 02b4 9B       		.byte	-101
 722 02b5 01       		.byte	1
 723 02b6 9D       		.byte	-99
 724 02b7 22       		.byte	34
 725 02b8 9E       		.byte	-98
 726 02b9 08       		.byte	8
 727 02ba 9F       		.byte	-97
 728 02bb 10       		.byte	16
 729 02bc A4       		.byte	-92
 730 02bd 50       		.byte	80
 731 02be A5       		.byte	-91
 732 02bf 01       		.byte	1
 733 02c0 A6       		.byte	-90
 734 02c1 40       		.byte	64
 735 02c2 A8       		.byte	-88
 736 02c3 04       		.byte	4
 737 02c4 B2       		.byte	-78
 738 02c5 01       		.byte	1
 739 02c6 B3       		.byte	-77
 740 02c7 08       		.byte	8
 741 02c8 C0       		.byte	-64
ARM GAS  C:\Users\jespe\AppData\Local\Temp\cc8TnEbo.s 			page 14


 742 02c9 F0       		.byte	-16
 743 02ca C2       		.byte	-62
 744 02cb E8       		.byte	-24
 745 02cc C4       		.byte	-60
 746 02cd B0       		.byte	-80
 747 02ce CA       		.byte	-54
 748 02cf EA       		.byte	-22
 749 02d0 CC       		.byte	-52
 750 02d1 F6       		.byte	-10
 751 02d2 CE       		.byte	-50
 752 02d3 F0       		.byte	-16
 753 02d4 D0       		.byte	-48
 754 02d5 C0       		.byte	-64
 755 02d6 D2       		.byte	-46
 756 02d7 10       		.byte	16
 757 02d8 D6       		.byte	-42
 758 02d9 40       		.byte	64
 759 02da E0       		.byte	-32
 760 02db 40       		.byte	64
 761 02dc E2       		.byte	-30
 762 02dd 08       		.byte	8
 763 02de E4       		.byte	-28
 764 02df 80       		.byte	-128
 765 02e0 90       		.byte	-112
 766 02e1 04       		.byte	4
 767 02e2 94       		.byte	-108
 768 02e3 40       		.byte	64
 769 02e4 97       		.byte	-105
 770 02e5 91       		.byte	-111
 771 02e6 9B       		.byte	-101
 772 02e7 01       		.byte	1
 773 02e8 9D       		.byte	-99
 774 02e9 22       		.byte	34
 775 02ea 9E       		.byte	-98
 776 02eb 08       		.byte	8
 777 02ec 9F       		.byte	-97
 778 02ed 18       		.byte	24
 779 02ee A4       		.byte	-92
 780 02ef 50       		.byte	80
 781 02f0 A5       		.byte	-91
 782 02f1 01       		.byte	1
 783 02f2 A6       		.byte	-90
 784 02f3 40       		.byte	64
 785 02f4 AB       		.byte	-85
 786 02f5 04       		.byte	4
 787 02f6 AC       		.byte	-84
 788 02f7 04       		.byte	4
 789 02f8 EC       		.byte	-20
 790 02f9 06       		.byte	6
 791 02fa 01       		.byte	1
 792 02fb 07       		.byte	7
 793 02fc 03       		.byte	3
 794 02fd 18       		.byte	24
 795 02fe 05       		.byte	5
 796 02ff 08       		.byte	8
 797 0300 06       		.byte	6
 798 0301 01       		.byte	1
ARM GAS  C:\Users\jespe\AppData\Local\Temp\cc8TnEbo.s 			page 15


 799 0302 09       		.byte	9
 800 0303 1F       		.byte	31
 801 0304 0D       		.byte	13
 802 0305 10       		.byte	16
 803 0306 13       		.byte	19
 804 0307 04       		.byte	4
 805 0308 19       		.byte	25
 806 0309 18       		.byte	24
 807 030a 1D       		.byte	29
 808 030b 1C       		.byte	28
 809 030c 1E       		.byte	30
 810 030d 02       		.byte	2
 811 030e 1F       		.byte	31
 812 030f 01       		.byte	1
 813 0310 23       		.byte	35
 814 0311 03       		.byte	3
 815 0312 25       		.byte	37
 816 0313 1C       		.byte	28
 817 0314 26       		.byte	38
 818 0315 02       		.byte	2
 819 0316 27       		.byte	39
 820 0317 02       		.byte	2
 821 0318 29       		.byte	41
 822 0319 04       		.byte	4
 823 031a 32       		.byte	50
 824 031b 01       		.byte	1
 825 031c 34       		.byte	52
 826 031d 02       		.byte	2
 827 031e 37       		.byte	55
 828 031f 1F       		.byte	31
 829 0320 39       		.byte	57
 830 0321 20       		.byte	32
 831 0322 3B       		.byte	59
 832 0323 80       		.byte	-128
 833 0324 3F       		.byte	63
 834 0325 10       		.byte	16
 835 0326 54       		.byte	84
 836 0327 07       		.byte	7
 837 0328 58       		.byte	88
 838 0329 04       		.byte	4
 839 032a 59       		.byte	89
 840 032b 04       		.byte	4
 841 032c 5B       		.byte	91
 842 032d 04       		.byte	4
 843 032e 5C       		.byte	92
 844 032f 23       		.byte	35
 845 0330 5D       		.byte	93
 846 0331 90       		.byte	-112
 847 0332 5F       		.byte	95
 848 0333 01       		.byte	1
 849 0334 8B       		.byte	-117
 850 0335 04       		.byte	4
 851 0336 8E       		.byte	-114
 852 0337 01       		.byte	1
 853 0338 92       		.byte	-110
 854 0339 02       		.byte	2
 855 033a 93       		.byte	-109
ARM GAS  C:\Users\jespe\AppData\Local\Temp\cc8TnEbo.s 			page 16


 856 033b 01       		.byte	1
 857 033c 96       		.byte	-106
 858 033d 04       		.byte	4
 859 033e 97       		.byte	-105
 860 033f 01       		.byte	1
 861 0340 99       		.byte	-103
 862 0341 04       		.byte	4
 863 0342 9A       		.byte	-102
 864 0343 01       		.byte	1
 865 0344 A7       		.byte	-89
 866 0345 02       		.byte	2
 867 0346 A9       		.byte	-87
 868 0347 02       		.byte	2
 869 0348 B0       		.byte	-80
 870 0349 02       		.byte	2
 871 034a B2       		.byte	-78
 872 034b 01       		.byte	1
 873 034c B3       		.byte	-77
 874 034d 01       		.byte	1
 875 034e B4       		.byte	-76
 876 034f 04       		.byte	4
 877 0350 B5       		.byte	-75
 878 0351 02       		.byte	2
 879 0352 B7       		.byte	-73
 880 0353 04       		.byte	4
 881 0354 BF       		.byte	-65
 882 0355 04       		.byte	4
 883 0356 C0       		.byte	-64
 884 0357 40       		.byte	64
 885 0358 C1       		.byte	-63
 886 0359 06       		.byte	6
 887 035a C5       		.byte	-59
 888 035b D5       		.byte	-43
 889 035c C6       		.byte	-58
 890 035d 10       		.byte	16
 891 035e C7       		.byte	-57
 892 035f 02       		.byte	2
 893 0360 C8       		.byte	-56
 894 0361 1B       		.byte	27
 895 0362 C9       		.byte	-55
 896 0363 FF       		.byte	-1
 897 0364 CA       		.byte	-54
 898 0365 FF       		.byte	-1
 899 0366 CB       		.byte	-53
 900 0367 FF       		.byte	-1
 901 0368 CD       		.byte	-51
 902 0369 A0       		.byte	-96
 903 036a CF       		.byte	-49
 904 036b 04       		.byte	4
 905 036c D0       		.byte	-48
 906 036d 18       		.byte	24
 907 036e D2       		.byte	-46
 908 036f 80       		.byte	-128
 909 0370 D4       		.byte	-44
 910 0371 07       		.byte	7
 911 0372 D8       		.byte	-40
 912 0373 04       		.byte	4
ARM GAS  C:\Users\jespe\AppData\Local\Temp\cc8TnEbo.s 			page 17


 913 0374 D9       		.byte	-39
 914 0375 04       		.byte	4
 915 0376 DA       		.byte	-38
 916 0377 04       		.byte	4
 917 0378 DB       		.byte	-37
 918 0379 04       		.byte	4
 919 037a DC       		.byte	-36
 920 037b 33       		.byte	51
 921 037c DD       		.byte	-35
 922 037d 33       		.byte	51
 923 037e DF       		.byte	-33
 924 037f 01       		.byte	1
 925 0380 E0       		.byte	-32
 926 0381 40       		.byte	64
 927 0382 E2       		.byte	-30
 928 0383 C0       		.byte	-64
 929 0384 E4       		.byte	-28
 930 0385 40       		.byte	64
 931 0386 E5       		.byte	-27
 932 0387 40       		.byte	64
 933 0388 E6       		.byte	-26
 934 0389 C0       		.byte	-64
 935 038a E8       		.byte	-24
 936 038b C0       		.byte	-64
 937 038c EA       		.byte	-22
 938 038d C0       		.byte	-64
 939 038e EC       		.byte	-20
 940 038f C0       		.byte	-64
 941 0390 EE       		.byte	-18
 942 0391 C0       		.byte	-64
 943 0392 03       		.byte	3
 944 0393 02       		.byte	2
 945 0394 05       		.byte	5
 946 0395 04       		.byte	4
 947 0396 09       		.byte	9
 948 0397 02       		.byte	2
 949 0398 0B       		.byte	11
 950 0399 28       		.byte	40
 951 039a 0F       		.byte	15
 952 039b 02       		.byte	2
 953 039c 16       		.byte	22
 954 039d 10       		.byte	16
 955 039e 1B       		.byte	27
 956 039f 27       		.byte	39
 957 03a0 1C       		.byte	28
 958 03a1 08       		.byte	8
 959 03a2 1F       		.byte	31
 960 03a3 08       		.byte	8
 961 03a4 22       		.byte	34
 962 03a5 54       		.byte	84
 963 03a6 24       		.byte	36
 964 03a7 04       		.byte	4
 965 03a8 27       		.byte	39
 966 03a9 01       		.byte	1
 967 03aa 29       		.byte	41
 968 03ab 04       		.byte	4
 969 03ac 2B       		.byte	43
ARM GAS  C:\Users\jespe\AppData\Local\Temp\cc8TnEbo.s 			page 18


 970 03ad 08       		.byte	8
 971 03ae 2D       		.byte	45
 972 03af 20       		.byte	32
 973 03b0 2E       		.byte	46
 974 03b1 04       		.byte	4
 975 03b2 2F       		.byte	47
 976 03b3 40       		.byte	64
 977 03b4 32       		.byte	50
 978 03b5 08       		.byte	8
 979 03b6 33       		.byte	51
 980 03b7 22       		.byte	34
 981 03b8 35       		.byte	53
 982 03b9 02       		.byte	2
 983 03ba 36       		.byte	54
 984 03bb 40       		.byte	64
 985 03bc 37       		.byte	55
 986 03bd 10       		.byte	16
 987 03be 3B       		.byte	59
 988 03bf 20       		.byte	32
 989 03c0 3C       		.byte	60
 990 03c1 A0       		.byte	-96
 991 03c2 3D       		.byte	61
 992 03c3 02       		.byte	2
 993 03c4 3E       		.byte	62
 994 03c5 08       		.byte	8
 995 03c6 43       		.byte	67
 996 03c7 02       		.byte	2
 997 03c8 49       		.byte	73
 998 03c9 05       		.byte	5
 999 03ca 4A       		.byte	74
 1000 03cb 08       		.byte	8
 1001 03cc 4B       		.byte	75
 1002 03cd 08       		.byte	8
 1003 03ce 52       		.byte	82
 1004 03cf 18       		.byte	24
 1005 03d0 53       		.byte	83
 1006 03d1 10       		.byte	16
 1007 03d2 59       		.byte	89
 1008 03d3 01       		.byte	1
 1009 03d4 5A       		.byte	90
 1010 03d5 A8       		.byte	-88
 1011 03d6 5C       		.byte	92
 1012 03d7 40       		.byte	64
 1013 03d8 5F       		.byte	95
 1014 03d9 19       		.byte	25
 1015 03da 71       		.byte	113
 1016 03db 02       		.byte	2
 1017 03dc 8A       		.byte	-118
 1018 03dd 04       		.byte	4
 1019 03de 8B       		.byte	-117
 1020 03df 01       		.byte	1
 1021 03e0 C0       		.byte	-64
 1022 03e1 21       		.byte	33
 1023 03e2 C2       		.byte	-62
 1024 03e3 8E       		.byte	-114
 1025 03e4 C4       		.byte	-60
 1026 03e5 20       		.byte	32
ARM GAS  C:\Users\jespe\AppData\Local\Temp\cc8TnEbo.s 			page 19


 1027 03e6 CA       		.byte	-54
 1028 03e7 E6       		.byte	-26
 1029 03e8 CC       		.byte	-52
 1030 03e9 B7       		.byte	-73
 1031 03ea CE       		.byte	-50
 1032 03eb F4       		.byte	-12
 1033 03ec D0       		.byte	-48
 1034 03ed 01       		.byte	1
 1035 03ee D2       		.byte	-46
 1036 03ef 04       		.byte	4
 1037 03f0 D6       		.byte	-42
 1038 03f1 FF       		.byte	-1
 1039 03f2 04       		.byte	4
 1040 03f3 02       		.byte	2
 1041 03f4 06       		.byte	6
 1042 03f5 08       		.byte	8
 1043 03f6 07       		.byte	7
 1044 03f7 01       		.byte	1
 1045 03f8 0A       		.byte	10
 1046 03f9 3C       		.byte	60
 1047 03fa 0C       		.byte	12
 1048 03fb 20       		.byte	32
 1049 03fc 0E       		.byte	14
 1050 03fd 02       		.byte	2
 1051 03fe 10       		.byte	16
 1052 03ff 02       		.byte	2
 1053 0400 12       		.byte	18
 1054 0401 10       		.byte	16
 1055 0402 16       		.byte	22
 1056 0403 02       		.byte	2
 1057 0404 18       		.byte	24
 1058 0405 01       		.byte	1
 1059 0406 20       		.byte	32
 1060 0407 02       		.byte	2
 1061 0408 22       		.byte	34
 1062 0409 04       		.byte	4
 1063 040a 26       		.byte	38
 1064 040b 01       		.byte	1
 1065 040c 33       		.byte	51
 1066 040d 01       		.byte	1
 1067 040e 34       		.byte	52
 1068 040f 01       		.byte	1
 1069 0410 36       		.byte	54
 1070 0411 3E       		.byte	62
 1071 0412 3E       		.byte	62
 1072 0413 50       		.byte	80
 1073 0414 40       		.byte	64
 1074 0415 06       		.byte	6
 1075 0416 41       		.byte	65
 1076 0417 02       		.byte	2
 1077 0418 42       		.byte	66
 1078 0419 60       		.byte	96
 1079 041a 44       		.byte	68
 1080 041b 01       		.byte	1
 1081 041c 45       		.byte	69
 1082 041d BC       		.byte	-68
 1083 041e 46       		.byte	70
ARM GAS  C:\Users\jespe\AppData\Local\Temp\cc8TnEbo.s 			page 20


 1084 041f FD       		.byte	-3
 1085 0420 47       		.byte	71
 1086 0421 0E       		.byte	14
 1087 0422 48       		.byte	72
 1088 0423 1F       		.byte	31
 1089 0424 49       		.byte	73
 1090 0425 FF       		.byte	-1
 1091 0426 4A       		.byte	74
 1092 0427 FF       		.byte	-1
 1093 0428 4B       		.byte	75
 1094 0429 FF       		.byte	-1
 1095 042a 4C       		.byte	76
 1096 042b 22       		.byte	34
 1097 042c 4E       		.byte	78
 1098 042d F0       		.byte	-16
 1099 042e 4F       		.byte	79
 1100 042f 0C       		.byte	12
 1101 0430 50       		.byte	80
 1102 0431 8C       		.byte	-116
 1103 0432 51       		.byte	81
 1104 0433 10       		.byte	16
 1105 0434 56       		.byte	86
 1106 0435 08       		.byte	8
 1107 0436 58       		.byte	88
 1108 0437 04       		.byte	4
 1109 0438 59       		.byte	89
 1110 0439 04       		.byte	4
 1111 043a 5A       		.byte	90
 1112 043b 24       		.byte	36
 1113 043c 5B       		.byte	91
 1114 043d 04       		.byte	4
 1115 043e 5D       		.byte	93
 1116 043f 08       		.byte	8
 1117 0440 5F       		.byte	95
 1118 0441 31       		.byte	49
 1119 0442 68       		.byte	104
 1120 0443 40       		.byte	64
 1121 0444 69       		.byte	105
 1122 0445 01       		.byte	1
 1123 0446 6A       		.byte	106
 1124 0447 C0       		.byte	-64
 1125 0448 6B       		.byte	107
 1126 0449 01       		.byte	1
 1127 044a 80       		.byte	-128
 1128 044b 03       		.byte	3
 1129 044c 81       		.byte	-127
 1130 044d 02       		.byte	2
 1131 044e 82       		.byte	-126
 1132 044f 04       		.byte	4
 1133 0450 88       		.byte	-120
 1134 0451 03       		.byte	3
 1135 0452 8A       		.byte	-118
 1136 0453 0C       		.byte	12
 1137 0454 8C       		.byte	-116
 1138 0455 0A       		.byte	10
 1139 0456 8E       		.byte	-114
 1140 0457 04       		.byte	4
ARM GAS  C:\Users\jespe\AppData\Local\Temp\cc8TnEbo.s 			page 21


 1141 0458 93       		.byte	-109
 1142 0459 01       		.byte	1
 1143 045a 98       		.byte	-104
 1144 045b 03       		.byte	3
 1145 045c 9A       		.byte	-102
 1146 045d 04       		.byte	4
 1147 045e 9E       		.byte	-98
 1148 045f 05       		.byte	5
 1149 0460 9F       		.byte	-97
 1150 0461 04       		.byte	4
 1151 0462 A1       		.byte	-95
 1152 0463 01       		.byte	1
 1153 0464 A6       		.byte	-90
 1154 0465 08       		.byte	8
 1155 0466 A9       		.byte	-87
 1156 0467 01       		.byte	1
 1157 0468 AD       		.byte	-83
 1158 0469 04       		.byte	4
 1159 046a B1       		.byte	-79
 1160 046b 04       		.byte	4
 1161 046c B2       		.byte	-78
 1162 046d 0F       		.byte	15
 1163 046e B5       		.byte	-75
 1164 046f 03       		.byte	3
 1165 0470 B9       		.byte	-71
 1166 0471 20       		.byte	32
 1167 0472 BA       		.byte	-70
 1168 0473 08       		.byte	8
 1169 0474 BF       		.byte	-65
 1170 0475 01       		.byte	1
 1171 0476 D4       		.byte	-44
 1172 0477 18       		.byte	24
 1173 0478 D6       		.byte	-42
 1174 0479 04       		.byte	4
 1175 047a D8       		.byte	-40
 1176 047b 04       		.byte	4
 1177 047c D9       		.byte	-39
 1178 047d 04       		.byte	4
 1179 047e DB       		.byte	-37
 1180 047f 04       		.byte	4
 1181 0480 DC       		.byte	-36
 1182 0481 22       		.byte	34
 1183 0482 DD       		.byte	-35
 1184 0483 20       		.byte	32
 1185 0484 DF       		.byte	-33
 1186 0485 01       		.byte	1
 1187 0486 00       		.byte	0
 1188 0487 40       		.byte	64
 1189 0488 01       		.byte	1
 1190 0489 08       		.byte	8
 1191 048a 03       		.byte	3
 1192 048b 08       		.byte	8
 1193 048c 04       		.byte	4
 1194 048d 18       		.byte	24
 1195 048e 05       		.byte	5
 1196 048f 02       		.byte	2
 1197 0490 07       		.byte	7
ARM GAS  C:\Users\jespe\AppData\Local\Temp\cc8TnEbo.s 			page 22


 1198 0491 11       		.byte	17
 1199 0492 08       		.byte	8
 1200 0493 02       		.byte	2
 1201 0494 0A       		.byte	10
 1202 0495 28       		.byte	40
 1203 0496 0E       		.byte	14
 1204 0497 08       		.byte	8
 1205 0498 0F       		.byte	15
 1206 0499 02       		.byte	2
 1207 049a 10       		.byte	16
 1208 049b 80       		.byte	-128
 1209 049c 12       		.byte	18
 1210 049d 10       		.byte	16
 1211 049e 17       		.byte	23
 1212 049f 04       		.byte	4
 1213 04a0 1A       		.byte	26
 1214 04a1 01       		.byte	1
 1215 04a2 1B       		.byte	27
 1216 04a3 10       		.byte	16
 1217 04a4 1C       		.byte	28
 1218 04a5 10       		.byte	16
 1219 04a6 1F       		.byte	31
 1220 04a7 04       		.byte	4
 1221 04a8 20       		.byte	32
 1222 04a9 20       		.byte	32
 1223 04aa 22       		.byte	34
 1224 04ab 04       		.byte	4
 1225 04ac 24       		.byte	36
 1226 04ad 80       		.byte	-128
 1227 04ae 27       		.byte	39
 1228 04af 04       		.byte	4
 1229 04b0 2D       		.byte	45
 1230 04b1 02       		.byte	2
 1231 04b2 2E       		.byte	46
 1232 04b3 80       		.byte	-128
 1233 04b4 2F       		.byte	47
 1234 04b5 04       		.byte	4
 1235 04b6 36       		.byte	54
 1236 04b7 80       		.byte	-128
 1237 04b8 37       		.byte	55
 1238 04b9 01       		.byte	1
 1239 04ba 38       		.byte	56
 1240 04bb 04       		.byte	4
 1241 04bc 3F       		.byte	63
 1242 04bd 02       		.byte	2
 1243 04be 41       		.byte	65
 1244 04bf 20       		.byte	32
 1245 04c0 42       		.byte	66
 1246 04c1 01       		.byte	1
 1247 04c2 48       		.byte	72
 1248 04c3 08       		.byte	8
 1249 04c4 49       		.byte	73
 1250 04c5 24       		.byte	36
 1251 04c6 4A       		.byte	74
 1252 04c7 80       		.byte	-128
 1253 04c8 50       		.byte	80
 1254 04c9 24       		.byte	36
ARM GAS  C:\Users\jespe\AppData\Local\Temp\cc8TnEbo.s 			page 23


 1255 04ca 51       		.byte	81
 1256 04cb 40       		.byte	64
 1257 04cc 59       		.byte	89
 1258 04cd 24       		.byte	36
 1259 04ce 5B       		.byte	91
 1260 04cf 80       		.byte	-128
 1261 04d0 5C       		.byte	92
 1262 04d1 01       		.byte	1
 1263 04d2 60       		.byte	96
 1264 04d3 04       		.byte	4
 1265 04d4 61       		.byte	97
 1266 04d5 88       		.byte	-120
 1267 04d6 62       		.byte	98
 1268 04d7 10       		.byte	16
 1269 04d8 64       		.byte	100
 1270 04d9 09       		.byte	9
 1271 04da 67       		.byte	103
 1272 04db 80       		.byte	-128
 1273 04dc 79       		.byte	121
 1274 04dd 02       		.byte	2
 1275 04de 80       		.byte	-128
 1276 04df 08       		.byte	8
 1277 04e0 85       		.byte	-123
 1278 04e1 09       		.byte	9
 1279 04e2 86       		.byte	-122
 1280 04e3 80       		.byte	-128
 1281 04e4 87       		.byte	-121
 1282 04e5 40       		.byte	64
 1283 04e6 88       		.byte	-120
 1284 04e7 89       		.byte	-119
 1285 04e8 8C       		.byte	-116
 1286 04e9 42       		.byte	66
 1287 04ea 8D       		.byte	-115
 1288 04eb 40       		.byte	64
 1289 04ec 8F       		.byte	-113
 1290 04ed 80       		.byte	-128
 1291 04ee 90       		.byte	-112
 1292 04ef 01       		.byte	1
 1293 04f0 92       		.byte	-110
 1294 04f1 20       		.byte	32
 1295 04f2 94       		.byte	-108
 1296 04f3 84       		.byte	-124
 1297 04f4 95       		.byte	-107
 1298 04f5 02       		.byte	2
 1299 04f6 97       		.byte	-105
 1300 04f7 08       		.byte	8
 1301 04f8 99       		.byte	-103
 1302 04f9 02       		.byte	2
 1303 04fa 9A       		.byte	-102
 1304 04fb 80       		.byte	-128
 1305 04fc 9B       		.byte	-101
 1306 04fd 01       		.byte	1
 1307 04fe 9F       		.byte	-97
 1308 04ff 14       		.byte	20
 1309 0500 A1       		.byte	-95
 1310 0501 20       		.byte	32
 1311 0502 A2       		.byte	-94
ARM GAS  C:\Users\jespe\AppData\Local\Temp\cc8TnEbo.s 			page 24


 1312 0503 04       		.byte	4
 1313 0504 A3       		.byte	-93
 1314 0505 09       		.byte	9
 1315 0506 A4       		.byte	-92
 1316 0507 30       		.byte	48
 1317 0508 A5       		.byte	-91
 1318 0509 88       		.byte	-120
 1319 050a A7       		.byte	-89
 1320 050b 10       		.byte	16
 1321 050c AC       		.byte	-84
 1322 050d 80       		.byte	-128
 1323 050e B0       		.byte	-80
 1324 050f 20       		.byte	32
 1325 0510 B5       		.byte	-75
 1326 0511 A0       		.byte	-96
 1327 0512 B6       		.byte	-74
 1328 0513 08       		.byte	8
 1329 0514 C0       		.byte	-64
 1330 0515 D7       		.byte	-41
 1331 0516 C2       		.byte	-62
 1332 0517 CE       		.byte	-50
 1333 0518 C4       		.byte	-60
 1334 0519 2C       		.byte	44
 1335 051a CA       		.byte	-54
 1336 051b B0       		.byte	-80
 1337 051c CC       		.byte	-52
 1338 051d 90       		.byte	-112
 1339 051e CE       		.byte	-50
 1340 051f 82       		.byte	-126
 1341 0520 D0       		.byte	-48
 1342 0521 0C       		.byte	12
 1343 0522 D2       		.byte	-46
 1344 0523 04       		.byte	4
 1345 0524 D6       		.byte	-42
 1346 0525 8E       		.byte	-114
 1347 0526 D8       		.byte	-40
 1348 0527 BE       		.byte	-66
 1349 0528 DE       		.byte	-34
 1350 0529 01       		.byte	1
 1351 052a E0       		.byte	-32
 1352 052b 02       		.byte	2
 1353 052c E2       		.byte	-30
 1354 052d 01       		.byte	1
 1355 052e E4       		.byte	-28
 1356 052f 02       		.byte	2
 1357 0530 E6       		.byte	-26
 1358 0531 08       		.byte	8
 1359 0532 EE       		.byte	-18
 1360 0533 02       		.byte	2
 1361 0534 80       		.byte	-128
 1362 0535 01       		.byte	1
 1363 0536 82       		.byte	-126
 1364 0537 04       		.byte	4
 1365 0538 8B       		.byte	-117
 1366 0539 84       		.byte	-124
 1367 053a 8C       		.byte	-116
 1368 053b 40       		.byte	64
ARM GAS  C:\Users\jespe\AppData\Local\Temp\cc8TnEbo.s 			page 25


 1369 053c 8D       		.byte	-115
 1370 053d 40       		.byte	64
 1371 053e 8E       		.byte	-114
 1372 053f 10       		.byte	16
 1373 0540 94       		.byte	-108
 1374 0541 04       		.byte	4
 1375 0542 95       		.byte	-107
 1376 0543 42       		.byte	66
 1377 0544 99       		.byte	-103
 1378 0545 02       		.byte	2
 1379 0546 9A       		.byte	-102
 1380 0547 80       		.byte	-128
 1381 0548 9B       		.byte	-101
 1382 0549 01       		.byte	1
 1383 054a 9C       		.byte	-100
 1384 054b 80       		.byte	-128
 1385 054c 9F       		.byte	-97
 1386 054d 14       		.byte	20
 1387 054e A2       		.byte	-94
 1388 054f 08       		.byte	8
 1389 0550 A3       		.byte	-93
 1390 0551 09       		.byte	9
 1391 0552 A4       		.byte	-92
 1392 0553 30       		.byte	48
 1393 0554 A5       		.byte	-91
 1394 0555 08       		.byte	8
 1395 0556 A6       		.byte	-90
 1396 0557 04       		.byte	4
 1397 0558 A7       		.byte	-89
 1398 0559 90       		.byte	-112
 1399 055a A9       		.byte	-87
 1400 055b 40       		.byte	64
 1401 055c B2       		.byte	-78
 1402 055d 05       		.byte	5
 1403 055e E0       		.byte	-32
 1404 055f 40       		.byte	64
 1405 0560 E2       		.byte	-30
 1406 0561 05       		.byte	5
 1407 0562 E6       		.byte	-26
 1408 0563 14       		.byte	20
 1409 0564 02       		.byte	2
 1410 0565 01       		.byte	1
 1411 0566 03       		.byte	3
 1412 0567 03       		.byte	3
 1413 0568 05       		.byte	5
 1414 0569 0C       		.byte	12
 1415 056a 06       		.byte	6
 1416 056b 04       		.byte	4
 1417 056c 08       		.byte	8
 1418 056d 02       		.byte	2
 1419 056e 0E       		.byte	14
 1420 056f 01       		.byte	1
 1421 0570 10       		.byte	16
 1422 0571 02       		.byte	2
 1423 0572 11       		.byte	17
 1424 0573 03       		.byte	3
 1425 0574 14       		.byte	20
ARM GAS  C:\Users\jespe\AppData\Local\Temp\cc8TnEbo.s 			page 26


 1426 0575 01       		.byte	1
 1427 0576 15       		.byte	21
 1428 0577 0C       		.byte	12
 1429 0578 19       		.byte	25
 1430 0579 05       		.byte	5
 1431 057a 1A       		.byte	26
 1432 057b 04       		.byte	4
 1433 057c 1B       		.byte	27
 1434 057d 08       		.byte	8
 1435 057e 1C       		.byte	28
 1436 057f 01       		.byte	1
 1437 0580 1F       		.byte	31
 1438 0581 03       		.byte	3
 1439 0582 20       		.byte	32
 1440 0583 04       		.byte	4
 1441 0584 23       		.byte	35
 1442 0585 03       		.byte	3
 1443 0586 25       		.byte	37
 1444 0587 03       		.byte	3
 1445 0588 26       		.byte	38
 1446 0589 04       		.byte	4
 1447 058a 28       		.byte	40
 1448 058b 02       		.byte	2
 1449 058c 29       		.byte	41
 1450 058d 0A       		.byte	10
 1451 058e 2B       		.byte	43
 1452 058f 04       		.byte	4
 1453 0590 2C       		.byte	44
 1454 0591 04       		.byte	4
 1455 0592 2D       		.byte	45
 1456 0593 03       		.byte	3
 1457 0594 30       		.byte	48
 1458 0595 01       		.byte	1
 1459 0596 32       		.byte	50
 1460 0597 04       		.byte	4
 1461 0598 33       		.byte	51
 1462 0599 03       		.byte	3
 1463 059a 35       		.byte	53
 1464 059b 0C       		.byte	12
 1465 059c 36       		.byte	54
 1466 059d 02       		.byte	2
 1467 059e 38       		.byte	56
 1468 059f 02       		.byte	2
 1469 05a0 3E       		.byte	62
 1470 05a1 04       		.byte	4
 1471 05a2 40       		.byte	64
 1472 05a3 20       		.byte	32
 1473 05a4 41       		.byte	65
 1474 05a5 06       		.byte	6
 1475 05a6 49       		.byte	73
 1476 05a7 FF       		.byte	-1
 1477 05a8 4A       		.byte	74
 1478 05a9 FF       		.byte	-1
 1479 05aa 4B       		.byte	75
 1480 05ab FF       		.byte	-1
 1481 05ac 4D       		.byte	77
 1482 05ad A0       		.byte	-96
ARM GAS  C:\Users\jespe\AppData\Local\Temp\cc8TnEbo.s 			page 27


 1483 05ae 4F       		.byte	79
 1484 05af 04       		.byte	4
 1485 05b0 50       		.byte	80
 1486 05b1 18       		.byte	24
 1487 05b2 52       		.byte	82
 1488 05b3 80       		.byte	-128
 1489 05b4 58       		.byte	88
 1490 05b5 04       		.byte	4
 1491 05b6 59       		.byte	89
 1492 05b7 04       		.byte	4
 1493 05b8 5A       		.byte	90
 1494 05b9 04       		.byte	4
 1495 05ba 5B       		.byte	91
 1496 05bb 04       		.byte	4
 1497 05bc 5C       		.byte	92
 1498 05bd 22       		.byte	34
 1499 05be 5D       		.byte	93
 1500 05bf 99       		.byte	-103
 1501 05c0 5F       		.byte	95
 1502 05c1 01       		.byte	1
 1503 05c2 60       		.byte	96
 1504 05c3 40       		.byte	64
 1505 05c4 62       		.byte	98
 1506 05c5 C0       		.byte	-64
 1507 05c6 64       		.byte	100
 1508 05c7 40       		.byte	64
 1509 05c8 65       		.byte	101
 1510 05c9 40       		.byte	64
 1511 05ca 66       		.byte	102
 1512 05cb C0       		.byte	-64
 1513 05cc 68       		.byte	104
 1514 05cd C0       		.byte	-64
 1515 05ce 6A       		.byte	106
 1516 05cf C0       		.byte	-64
 1517 05d0 6C       		.byte	108
 1518 05d1 C0       		.byte	-64
 1519 05d2 6E       		.byte	110
 1520 05d3 C0       		.byte	-64
 1521 05d4 82       		.byte	-126
 1522 05d5 01       		.byte	1
 1523 05d6 87       		.byte	-121
 1524 05d7 01       		.byte	1
 1525 05d8 9A       		.byte	-102
 1526 05d9 01       		.byte	1
 1527 05da 9B       		.byte	-101
 1528 05db 01       		.byte	1
 1529 05dc A6       		.byte	-90
 1530 05dd 02       		.byte	2
 1531 05de B2       		.byte	-78
 1532 05df 02       		.byte	2
 1533 05e0 B4       		.byte	-76
 1534 05e1 01       		.byte	1
 1535 05e2 B5       		.byte	-75
 1536 05e3 01       		.byte	1
 1537 05e4 C0       		.byte	-64
 1538 05e5 20       		.byte	32
 1539 05e6 C1       		.byte	-63
ARM GAS  C:\Users\jespe\AppData\Local\Temp\cc8TnEbo.s 			page 28


 1540 05e7 06       		.byte	6
 1541 05e8 C5       		.byte	-59
 1542 05e9 D5       		.byte	-43
 1543 05ea C6       		.byte	-58
 1544 05eb 01       		.byte	1
 1545 05ec C7       		.byte	-57
 1546 05ed 02       		.byte	2
 1547 05ee C8       		.byte	-56
 1548 05ef 17       		.byte	23
 1549 05f0 C9       		.byte	-55
 1550 05f1 FF       		.byte	-1
 1551 05f2 CA       		.byte	-54
 1552 05f3 FF       		.byte	-1
 1553 05f4 CB       		.byte	-53
 1554 05f5 FF       		.byte	-1
 1555 05f6 CD       		.byte	-51
 1556 05f7 AF       		.byte	-81
 1557 05f8 CE       		.byte	-50
 1558 05f9 0F       		.byte	15
 1559 05fa CF       		.byte	-49
 1560 05fb 04       		.byte	4
 1561 05fc D0       		.byte	-48
 1562 05fd 18       		.byte	24
 1563 05fe D4       		.byte	-44
 1564 05ff 20       		.byte	32
 1565 0600 D6       		.byte	-42
 1566 0601 04       		.byte	4
 1567 0602 D8       		.byte	-40
 1568 0603 04       		.byte	4
 1569 0604 D9       		.byte	-39
 1570 0605 04       		.byte	4
 1571 0606 DA       		.byte	-38
 1572 0607 04       		.byte	4
 1573 0608 DB       		.byte	-37
 1574 0609 04       		.byte	4
 1575 060a DC       		.byte	-36
 1576 060b 99       		.byte	-103
 1577 060c DD       		.byte	-35
 1578 060d 09       		.byte	9
 1579 060e DF       		.byte	-33
 1580 060f 01       		.byte	1
 1581 0610 E0       		.byte	-32
 1582 0611 40       		.byte	64
 1583 0612 E2       		.byte	-30
 1584 0613 C0       		.byte	-64
 1585 0614 E4       		.byte	-28
 1586 0615 40       		.byte	64
 1587 0616 E5       		.byte	-27
 1588 0617 40       		.byte	64
 1589 0618 E6       		.byte	-26
 1590 0619 C0       		.byte	-64
 1591 061a E8       		.byte	-24
 1592 061b C0       		.byte	-64
 1593 061c EA       		.byte	-22
 1594 061d C0       		.byte	-64
 1595 061e EC       		.byte	-20
 1596 061f C0       		.byte	-64
ARM GAS  C:\Users\jespe\AppData\Local\Temp\cc8TnEbo.s 			page 29


 1597 0620 EE       		.byte	-18
 1598 0621 C0       		.byte	-64
 1599 0622 02       		.byte	2
 1600 0623 40       		.byte	64
 1601 0624 05       		.byte	5
 1602 0625 01       		.byte	1
 1603 0626 06       		.byte	6
 1604 0627 12       		.byte	18
 1605 0628 07       		.byte	7
 1606 0629 44       		.byte	68
 1607 062a 09       		.byte	9
 1608 062b 20       		.byte	32
 1609 062c 0C       		.byte	12
 1610 062d 02       		.byte	2
 1611 062e 0D       		.byte	13
 1612 062f 08       		.byte	8
 1613 0630 0E       		.byte	14
 1614 0631 02       		.byte	2
 1615 0632 0F       		.byte	15
 1616 0633 08       		.byte	8
 1617 0634 11       		.byte	17
 1618 0635 30       		.byte	48
 1619 0636 13       		.byte	19
 1620 0637 04       		.byte	4
 1621 0638 14       		.byte	20
 1622 0639 40       		.byte	64
 1623 063a 15       		.byte	21
 1624 063b 40       		.byte	64
 1625 063c 16       		.byte	22
 1626 063d 28       		.byte	40
 1627 063e 19       		.byte	25
 1628 063f 08       		.byte	8
 1629 0640 1B       		.byte	27
 1630 0641 20       		.byte	32
 1631 0642 1C       		.byte	28
 1632 0643 40       		.byte	64
 1633 0644 1D       		.byte	29
 1634 0645 80       		.byte	-128
 1635 0646 1F       		.byte	31
 1636 0647 48       		.byte	72
 1637 0648 21       		.byte	33
 1638 0649 10       		.byte	16
 1639 064a 25       		.byte	37
 1640 064b 10       		.byte	16
 1641 064c 27       		.byte	39
 1642 064d 20       		.byte	32
 1643 064e 2C       		.byte	44
 1644 064f 01       		.byte	1
 1645 0650 2D       		.byte	45
 1646 0651 10       		.byte	16
 1647 0652 2F       		.byte	47
 1648 0653 50       		.byte	80
 1649 0654 31       		.byte	49
 1650 0655 20       		.byte	32
 1651 0656 35       		.byte	53
 1652 0657 20       		.byte	32
 1653 0658 36       		.byte	54
ARM GAS  C:\Users\jespe\AppData\Local\Temp\cc8TnEbo.s 			page 30


 1654 0659 01       		.byte	1
 1655 065a 37       		.byte	55
 1656 065b 44       		.byte	68
 1657 065c 38       		.byte	56
 1658 065d 10       		.byte	16
 1659 065e 3B       		.byte	59
 1660 065f 24       		.byte	36
 1661 0660 3D       		.byte	61
 1662 0661 09       		.byte	9
 1663 0662 3E       		.byte	62
 1664 0663 0A       		.byte	10
 1665 0664 41       		.byte	65
 1666 0665 20       		.byte	32
 1667 0666 45       		.byte	69
 1668 0667 20       		.byte	32
 1669 0668 49       		.byte	73
 1670 0669 04       		.byte	4
 1671 066a 4A       		.byte	74
 1672 066b 08       		.byte	8
 1673 066c 4B       		.byte	75
 1674 066d 05       		.byte	5
 1675 066e 4E       		.byte	78
 1676 066f 08       		.byte	8
 1677 0670 52       		.byte	82
 1678 0671 4C       		.byte	76
 1679 0672 5B       		.byte	91
 1680 0673 01       		.byte	1
 1681 0674 60       		.byte	96
 1682 0675 04       		.byte	4
 1683 0676 62       		.byte	98
 1684 0677 80       		.byte	-128
 1685 0678 63       		.byte	99
 1686 0679 A0       		.byte	-96
 1687 067a 76       		.byte	118
 1688 067b 80       		.byte	-128
 1689 067c 83       		.byte	-125
 1690 067d 64       		.byte	100
 1691 067e 85       		.byte	-123
 1692 067f 10       		.byte	16
 1693 0680 88       		.byte	-120
 1694 0681 41       		.byte	65
 1695 0682 89       		.byte	-119
 1696 0683 08       		.byte	8
 1697 0684 90       		.byte	-112
 1698 0685 20       		.byte	32
 1699 0686 91       		.byte	-111
 1700 0687 41       		.byte	65
 1701 0688 96       		.byte	-106
 1702 0689 08       		.byte	8
 1703 068a 97       		.byte	-105
 1704 068b A1       		.byte	-95
 1705 068c 99       		.byte	-103
 1706 068d 01       		.byte	1
 1707 068e 9A       		.byte	-102
 1708 068f 30       		.byte	48
 1709 0690 9B       		.byte	-101
 1710 0691 04       		.byte	4
ARM GAS  C:\Users\jespe\AppData\Local\Temp\cc8TnEbo.s 			page 31


 1711 0692 9C       		.byte	-100
 1712 0693 42       		.byte	66
 1713 0694 9D       		.byte	-99
 1714 0695 2E       		.byte	46
 1715 0696 9E       		.byte	-98
 1716 0697 44       		.byte	68
 1717 0698 A0       		.byte	-96
 1718 0699 0A       		.byte	10
 1719 069a A1       		.byte	-95
 1720 069b 0E       		.byte	14
 1721 069c A2       		.byte	-94
 1722 069d A1       		.byte	-95
 1723 069e A3       		.byte	-93
 1724 069f 04       		.byte	4
 1725 06a0 A5       		.byte	-91
 1726 06a1 30       		.byte	48
 1727 06a2 B0       		.byte	-80
 1728 06a3 80       		.byte	-128
 1729 06a4 C0       		.byte	-64
 1730 06a5 F8       		.byte	-8
 1731 06a6 C2       		.byte	-62
 1732 06a7 F2       		.byte	-14
 1733 06a8 C4       		.byte	-60
 1734 06a9 F4       		.byte	-12
 1735 06aa CA       		.byte	-54
 1736 06ab F0       		.byte	-16
 1737 06ac CC       		.byte	-52
 1738 06ad F4       		.byte	-12
 1739 06ae CE       		.byte	-50
 1740 06af C2       		.byte	-62
 1741 06b0 D0       		.byte	-48
 1742 06b1 24       		.byte	36
 1743 06b2 D2       		.byte	-46
 1744 06b3 24       		.byte	36
 1745 06b4 D6       		.byte	-42
 1746 06b5 01       		.byte	1
 1747 06b6 D8       		.byte	-40
 1748 06b7 0F       		.byte	15
 1749 06b8 E0       		.byte	-32
 1750 06b9 82       		.byte	-126
 1751 06ba EC       		.byte	-20
 1752 06bb 20       		.byte	32
 1753 06bc EE       		.byte	-18
 1754 06bd 80       		.byte	-128
 1755 06be 08       		.byte	8
 1756 06bf 01       		.byte	1
 1757 06c0 09       		.byte	9
 1758 06c1 01       		.byte	1
 1759 06c2 0A       		.byte	10
 1760 06c3 16       		.byte	22
 1761 06c4 18       		.byte	24
 1762 06c5 04       		.byte	4
 1763 06c6 1A       		.byte	26
 1764 06c7 21       		.byte	33
 1765 06c8 1C       		.byte	28
 1766 06c9 02       		.byte	2
 1767 06ca 1E       		.byte	30
ARM GAS  C:\Users\jespe\AppData\Local\Temp\cc8TnEbo.s 			page 32


 1768 06cb 29       		.byte	41
 1769 06cc 24       		.byte	36
 1770 06cd 07       		.byte	7
 1771 06ce 27       		.byte	39
 1772 06cf 02       		.byte	2
 1773 06d0 28       		.byte	40
 1774 06d1 07       		.byte	7
 1775 06d2 2F       		.byte	47
 1776 06d3 01       		.byte	1
 1777 06d4 30       		.byte	48
 1778 06d5 08       		.byte	8
 1779 06d6 32       		.byte	50
 1780 06d7 07       		.byte	7
 1781 06d8 33       		.byte	51
 1782 06d9 02       		.byte	2
 1783 06da 34       		.byte	52
 1784 06db 30       		.byte	48
 1785 06dc 35       		.byte	53
 1786 06dd 01       		.byte	1
 1787 06de 3E       		.byte	62
 1788 06df 10       		.byte	16
 1789 06e0 3F       		.byte	63
 1790 06e1 10       		.byte	16
 1791 06e2 56       		.byte	86
 1792 06e3 08       		.byte	8
 1793 06e4 58       		.byte	88
 1794 06e5 04       		.byte	4
 1795 06e6 59       		.byte	89
 1796 06e7 04       		.byte	4
 1797 06e8 5B       		.byte	91
 1798 06e9 04       		.byte	4
 1799 06ea 5C       		.byte	92
 1800 06eb 42       		.byte	66
 1801 06ec 5F       		.byte	95
 1802 06ed 01       		.byte	1
 1803 06ee 81       		.byte	-127
 1804 06ef 01       		.byte	1
 1805 06f0 82       		.byte	-126
 1806 06f1 02       		.byte	2
 1807 06f2 84       		.byte	-124
 1808 06f3 01       		.byte	1
 1809 06f4 85       		.byte	-123
 1810 06f5 01       		.byte	1
 1811 06f6 89       		.byte	-119
 1812 06f7 01       		.byte	1
 1813 06f8 8A       		.byte	-118
 1814 06f9 01       		.byte	1
 1815 06fa 8E       		.byte	-114
 1816 06fb 04       		.byte	4
 1817 06fc 8F       		.byte	-113
 1818 06fd 02       		.byte	2
 1819 06fe 93       		.byte	-109
 1820 06ff 01       		.byte	1
 1821 0700 9B       		.byte	-101
 1822 0701 02       		.byte	2
 1823 0702 9C       		.byte	-100
 1824 0703 01       		.byte	1
ARM GAS  C:\Users\jespe\AppData\Local\Temp\cc8TnEbo.s 			page 33


 1825 0704 A2       		.byte	-94
 1826 0705 01       		.byte	1
 1827 0706 A4       		.byte	-92
 1828 0707 01       		.byte	1
 1829 0708 AA       		.byte	-86
 1830 0709 04       		.byte	4
 1831 070a B0       		.byte	-80
 1832 070b 01       		.byte	1
 1833 070c B1       		.byte	-79
 1834 070d 01       		.byte	1
 1835 070e B2       		.byte	-78
 1836 070f 04       		.byte	4
 1837 0710 B3       		.byte	-77
 1838 0711 02       		.byte	2
 1839 0712 B4       		.byte	-76
 1840 0713 02       		.byte	2
 1841 0714 BE       		.byte	-66
 1842 0715 05       		.byte	5
 1843 0716 BF       		.byte	-65
 1844 0717 05       		.byte	5
 1845 0718 C0       		.byte	-64
 1846 0719 41       		.byte	65
 1847 071a C1       		.byte	-63
 1848 071b 03       		.byte	3
 1849 071c C2       		.byte	-62
 1850 071d 02       		.byte	2
 1851 071e C4       		.byte	-60
 1852 071f 06       		.byte	6
 1853 0720 C6       		.byte	-58
 1854 0721 0C       		.byte	12
 1855 0722 C7       		.byte	-57
 1856 0723 0E       		.byte	14
 1857 0724 C8       		.byte	-56
 1858 0725 14       		.byte	20
 1859 0726 C9       		.byte	-55
 1860 0727 FF       		.byte	-1
 1861 0728 CA       		.byte	-54
 1862 0729 FF       		.byte	-1
 1863 072a CB       		.byte	-53
 1864 072b FF       		.byte	-1
 1865 072c CC       		.byte	-52
 1866 072d 62       		.byte	98
 1867 072e CD       		.byte	-51
 1868 072f A0       		.byte	-96
 1869 0730 CE       		.byte	-50
 1870 0731 F0       		.byte	-16
 1871 0732 CF       		.byte	-49
 1872 0733 41       		.byte	65
 1873 0734 D0       		.byte	-48
 1874 0735 0C       		.byte	12
 1875 0736 D6       		.byte	-42
 1876 0737 02       		.byte	2
 1877 0738 D7       		.byte	-41
 1878 0739 2C       		.byte	44
 1879 073a D8       		.byte	-40
 1880 073b 04       		.byte	4
 1881 073c D9       		.byte	-39
ARM GAS  C:\Users\jespe\AppData\Local\Temp\cc8TnEbo.s 			page 34


 1882 073d 04       		.byte	4
 1883 073e DA       		.byte	-38
 1884 073f 04       		.byte	4
 1885 0740 DB       		.byte	-37
 1886 0741 24       		.byte	36
 1887 0742 DC       		.byte	-36
 1888 0743 09       		.byte	9
 1889 0744 DD       		.byte	-35
 1890 0745 82       		.byte	-126
 1891 0746 DE       		.byte	-34
 1892 0747 08       		.byte	8
 1893 0748 DF       		.byte	-33
 1894 0749 11       		.byte	17
 1895 074a E6       		.byte	-26
 1896 074b 40       		.byte	64
 1897 074c E7       		.byte	-25
 1898 074d 02       		.byte	2
 1899 074e E9       		.byte	-23
 1900 074f 10       		.byte	16
 1901 0750 EA       		.byte	-22
 1902 0751 30       		.byte	48
 1903 0752 EB       		.byte	-21
 1904 0753 10       		.byte	16
 1905 0754 ED       		.byte	-19
 1906 0755 10       		.byte	16
 1907 0756 EE       		.byte	-18
 1908 0757 10       		.byte	16
 1909 0758 EF       		.byte	-17
 1910 0759 12       		.byte	18
 1911 075a 00       		.byte	0
 1912 075b 10       		.byte	16
 1913 075c 04       		.byte	4
 1914 075d 48       		.byte	72
 1915 075e 06       		.byte	6
 1916 075f 84       		.byte	-124
 1917 0760 08       		.byte	8
 1918 0761 80       		.byte	-128
 1919 0762 09       		.byte	9
 1920 0763 10       		.byte	16
 1921 0764 0E       		.byte	14
 1922 0765 01       		.byte	1
 1923 0766 10       		.byte	16
 1924 0767 08       		.byte	8
 1925 0768 11       		.byte	17
 1926 0769 08       		.byte	8
 1927 076a 15       		.byte	21
 1928 076b 04       		.byte	4
 1929 076c 16       		.byte	22
 1930 076d 08       		.byte	8
 1931 076e 17       		.byte	23
 1932 076f 01       		.byte	1
 1933 0770 18       		.byte	24
 1934 0771 10       		.byte	16
 1935 0772 19       		.byte	25
 1936 0773 02       		.byte	2
 1937 0774 1B       		.byte	27
 1938 0775 10       		.byte	16
ARM GAS  C:\Users\jespe\AppData\Local\Temp\cc8TnEbo.s 			page 35


 1939 0776 1D       		.byte	29
 1940 0777 20       		.byte	32
 1941 0778 1E       		.byte	30
 1942 0779 60       		.byte	96
 1943 077a 20       		.byte	32
 1944 077b 04       		.byte	4
 1945 077c 22       		.byte	34
 1946 077d 04       		.byte	4
 1947 077e 27       		.byte	39
 1948 077f A0       		.byte	-96
 1949 0780 28       		.byte	40
 1950 0781 22       		.byte	34
 1951 0782 36       		.byte	54
 1952 0783 20       		.byte	32
 1953 0784 37       		.byte	55
 1954 0785 11       		.byte	17
 1955 0786 38       		.byte	56
 1956 0787 20       		.byte	32
 1957 0788 3E       		.byte	62
 1958 0789 15       		.byte	21
 1959 078a 3F       		.byte	63
 1960 078b 80       		.byte	-128
 1961 078c 45       		.byte	69
 1962 078d 8A       		.byte	-118
 1963 078e 47       		.byte	71
 1964 078f 10       		.byte	16
 1965 0790 4F       		.byte	79
 1966 0791 20       		.byte	32
 1967 0792 56       		.byte	86
 1968 0793 08       		.byte	8
 1969 0794 57       		.byte	87
 1970 0795 40       		.byte	64
 1971 0796 5A       		.byte	90
 1972 0797 40       		.byte	64
 1973 0798 60       		.byte	96
 1974 0799 02       		.byte	2
 1975 079a 66       		.byte	102
 1976 079b 01       		.byte	1
 1977 079c 6C       		.byte	108
 1978 079d 04       		.byte	4
 1979 079e 6D       		.byte	109
 1980 079f 44       		.byte	68
 1981 07a0 6E       		.byte	110
 1982 07a1 15       		.byte	21
 1983 07a2 6F       		.byte	111
 1984 07a3 21       		.byte	33
 1985 07a4 7D       		.byte	125
 1986 07a5 80       		.byte	-128
 1987 07a6 7F       		.byte	127
 1988 07a7 08       		.byte	8
 1989 07a8 83       		.byte	-125
 1990 07a9 80       		.byte	-128
 1991 07aa 85       		.byte	-123
 1992 07ab 40       		.byte	64
 1993 07ac 87       		.byte	-121
 1994 07ad 28       		.byte	40
 1995 07ae 88       		.byte	-120
ARM GAS  C:\Users\jespe\AppData\Local\Temp\cc8TnEbo.s 			page 36


 1996 07af 80       		.byte	-128
 1997 07b0 89       		.byte	-119
 1998 07b1 20       		.byte	32
 1999 07b2 8A       		.byte	-118
 2000 07b3 11       		.byte	17
 2001 07b4 8B       		.byte	-117
 2002 07b5 20       		.byte	32
 2003 07b6 8C       		.byte	-116
 2004 07b7 04       		.byte	4
 2005 07b8 8D       		.byte	-115
 2006 07b9 40       		.byte	64
 2007 07ba 8E       		.byte	-114
 2008 07bb 04       		.byte	4
 2009 07bc 90       		.byte	-112
 2010 07bd 60       		.byte	96
 2011 07be 94       		.byte	-108
 2012 07bf 14       		.byte	20
 2013 07c0 96       		.byte	-106
 2014 07c1 08       		.byte	8
 2015 07c2 98       		.byte	-104
 2016 07c3 20       		.byte	32
 2017 07c4 9A       		.byte	-102
 2018 07c5 81       		.byte	-127
 2019 07c6 9C       		.byte	-100
 2020 07c7 02       		.byte	2
 2021 07c8 9D       		.byte	-99
 2022 07c9 22       		.byte	34
 2023 07ca A0       		.byte	-96
 2024 07cb 08       		.byte	8
 2025 07cc A1       		.byte	-95
 2026 07cd 9E       		.byte	-98
 2027 07ce A2       		.byte	-94
 2028 07cf 20       		.byte	32
 2029 07d0 A5       		.byte	-91
 2030 07d1 20       		.byte	32
 2031 07d2 AF       		.byte	-81
 2032 07d3 28       		.byte	40
 2033 07d4 B0       		.byte	-80
 2034 07d5 20       		.byte	32
 2035 07d6 B3       		.byte	-77
 2036 07d7 01       		.byte	1
 2037 07d8 B6       		.byte	-74
 2038 07d9 01       		.byte	1
 2039 07da B7       		.byte	-73
 2040 07db 10       		.byte	16
 2041 07dc C0       		.byte	-64
 2042 07dd F2       		.byte	-14
 2043 07de C2       		.byte	-62
 2044 07df 83       		.byte	-125
 2045 07e0 C4       		.byte	-60
 2046 07e1 76       		.byte	118
 2047 07e2 CA       		.byte	-54
 2048 07e3 0A       		.byte	10
 2049 07e4 CC       		.byte	-52
 2050 07e5 A0       		.byte	-96
 2051 07e6 CE       		.byte	-50
 2052 07e7 F4       		.byte	-12
ARM GAS  C:\Users\jespe\AppData\Local\Temp\cc8TnEbo.s 			page 37


 2053 07e8 D0       		.byte	-48
 2054 07e9 F0       		.byte	-16
 2055 07ea D2       		.byte	-46
 2056 07eb 20       		.byte	32
 2057 07ec D6       		.byte	-42
 2058 07ed 08       		.byte	8
 2059 07ee D8       		.byte	-40
 2060 07ef 88       		.byte	-120
 2061 07f0 DE       		.byte	-34
 2062 07f1 30       		.byte	48
 2063 07f2 E2       		.byte	-30
 2064 07f3 D0       		.byte	-48
 2065 07f4 E4       		.byte	-28
 2066 07f5 10       		.byte	16
 2067 07f6 E6       		.byte	-26
 2068 07f7 A0       		.byte	-96
 2069 07f8 E8       		.byte	-24
 2070 07f9 10       		.byte	16
 2071 07fa EC       		.byte	-20
 2072 07fb 68       		.byte	104
 2073 07fc 30       		.byte	48
 2074 07fd 40       		.byte	64
 2075 07fe 31       		.byte	49
 2076 07ff 02       		.byte	2
 2077 0800 36       		.byte	54
 2078 0801 88       		.byte	-120
 2079 0802 3A       		.byte	58
 2080 0803 20       		.byte	32
 2081 0804 CC       		.byte	-52
 2082 0805 F0       		.byte	-16
 2083 0806 CE       		.byte	-50
 2084 0807 10       		.byte	16
 2085 0808 0A       		.byte	10
 2086 0809 10       		.byte	16
 2087 080a 0B       		.byte	11
 2088 080b 02       		.byte	2
 2089 080c 0F       		.byte	15
 2090 080d 40       		.byte	64
 2091 080e 5B       		.byte	91
 2092 080f 04       		.byte	4
 2093 0810 9C       		.byte	-100
 2094 0811 40       		.byte	64
 2095 0812 9E       		.byte	-98
 2096 0813 20       		.byte	32
 2097 0814 A5       		.byte	-91
 2098 0815 02       		.byte	2
 2099 0816 A6       		.byte	-90
 2100 0817 88       		.byte	-120
 2101 0818 C2       		.byte	-62
 2102 0819 70       		.byte	112
 2103 081a D6       		.byte	-42
 2104 081b 40       		.byte	64
 2105 081c 12       		.byte	18
 2106 081d 80       		.byte	-128
 2107 081e 59       		.byte	89
 2108 081f 01       		.byte	1
 2109 0820 92       		.byte	-110
ARM GAS  C:\Users\jespe\AppData\Local\Temp\cc8TnEbo.s 			page 38


 2110 0821 10       		.byte	16
 2111 0822 93       		.byte	-109
 2112 0823 42       		.byte	66
 2113 0824 9C       		.byte	-100
 2114 0825 40       		.byte	64
 2115 0826 9E       		.byte	-98
 2116 0827 20       		.byte	32
 2117 0828 9F       		.byte	-97
 2118 0829 04       		.byte	4
 2119 082a A5       		.byte	-91
 2120 082b 02       		.byte	2
 2121 082c A6       		.byte	-90
 2122 082d 88       		.byte	-120
 2123 082e C4       		.byte	-60
 2124 082f 10       		.byte	16
 2125 0830 D6       		.byte	-42
 2126 0831 40       		.byte	64
 2127 0832 82       		.byte	-126
 2128 0833 10       		.byte	16
 2129 0834 84       		.byte	-124
 2130 0835 40       		.byte	64
 2131 0836 92       		.byte	-110
 2132 0837 10       		.byte	16
 2133 0838 93       		.byte	-109
 2134 0839 42       		.byte	66
 2135 083a 9C       		.byte	-100
 2136 083b 40       		.byte	64
 2137 083c 9E       		.byte	-98
 2138 083d 20       		.byte	32
 2139 083e 9F       		.byte	-97
 2140 083f 04       		.byte	4
 2141 0840 A5       		.byte	-91
 2142 0841 02       		.byte	2
 2143 0842 A6       		.byte	-90
 2144 0843 08       		.byte	8
 2145 0844 A9       		.byte	-87
 2146 0845 01       		.byte	1
 2147 0846 E0       		.byte	-32
 2148 0847 80       		.byte	-128
 2149 0848 E6       		.byte	-26
 2150 0849 10       		.byte	16
 2151 084a EA       		.byte	-22
 2152 084b 20       		.byte	32
 2153 084c 0A       		.byte	10
 2154 084d 01       		.byte	1
 2155 084e 0C       		.byte	12
 2156 084f 40       		.byte	64
 2157 0850 58       		.byte	88
 2158 0851 08       		.byte	8
 2159 0852 64       		.byte	100
 2160 0853 10       		.byte	16
 2161 0854 C2       		.byte	-62
 2162 0855 03       		.byte	3
 2163 0856 D6       		.byte	-42
 2164 0857 02       		.byte	2
 2165 0858 D8       		.byte	-40
 2166 0859 01       		.byte	1
ARM GAS  C:\Users\jespe\AppData\Local\Temp\cc8TnEbo.s 			page 39


 2167 085a 92       		.byte	-110
 2168 085b 01       		.byte	1
 2169 085c 98       		.byte	-104
 2170 085d 40       		.byte	64
 2171 085e A8       		.byte	-88
 2172 085f 08       		.byte	8
 2173 0860 AC       		.byte	-84
 2174 0861 10       		.byte	16
 2175 0862 86       		.byte	-122
 2176 0863 01       		.byte	1
 2177 0864 92       		.byte	-110
 2178 0865 01       		.byte	1
 2179 0866 98       		.byte	-104
 2180 0867 40       		.byte	64
 2181 0868 82       		.byte	-126
 2182 0869 20       		.byte	32
 2183 086a 8F       		.byte	-113
 2184 086b 05       		.byte	5
 2185 086c 93       		.byte	-109
 2186 086d 42       		.byte	66
 2187 086e 9E       		.byte	-98
 2188 086f 20       		.byte	32
 2189 0870 9F       		.byte	-97
 2190 0871 04       		.byte	4
 2191 0872 A6       		.byte	-90
 2192 0873 08       		.byte	8
 2193 0874 A9       		.byte	-87
 2194 0875 02       		.byte	2
 2195 0876 E2       		.byte	-30
 2196 0877 20       		.byte	32
 2197 0878 EA       		.byte	-22
 2198 0879 80       		.byte	-128
 2199 087a 86       		.byte	-122
 2200 087b 08       		.byte	8
 2201 087c 87       		.byte	-121
 2202 087d 40       		.byte	64
 2203 087e 93       		.byte	-109
 2204 087f 40       		.byte	64
 2205 0880 A6       		.byte	-90
 2206 0881 08       		.byte	8
 2207 0882 E2       		.byte	-30
 2208 0883 10       		.byte	16
 2209 0884 E4       		.byte	-28
 2210 0885 40       		.byte	64
 2211 0886 62       		.byte	98
 2212 0887 02       		.byte	2
 2213 0888 67       		.byte	103
 2214 0889 08       		.byte	8
 2215 088a 86       		.byte	-122
 2216 088b 02       		.byte	2
 2217 088c 98       		.byte	-104
 2218 088d 40       		.byte	64
 2219 088e 9B       		.byte	-101
 2220 088f 20       		.byte	32
 2221 0890 B3       		.byte	-77
 2222 0891 20       		.byte	32
 2223 0892 D8       		.byte	-40
ARM GAS  C:\Users\jespe\AppData\Local\Temp\cc8TnEbo.s 			page 40


 2224 0893 03       		.byte	3
 2225 0894 EC       		.byte	-20
 2226 0895 04       		.byte	4
 2227 0896 10       		.byte	16
 2228 0897 10       		.byte	16
 2229 0898 77       		.byte	119
 2230 0899 20       		.byte	32
 2231 089a 88       		.byte	-120
 2232 089b 10       		.byte	16
 2233 089c 9B       		.byte	-101
 2234 089d 20       		.byte	32
 2235 089e AF       		.byte	-81
 2236 089f 04       		.byte	4
 2237 08a0 B0       		.byte	-80
 2238 08a1 40       		.byte	64
 2239 08a2 C4       		.byte	-60
 2240 08a3 08       		.byte	8
 2241 08a4 DE       		.byte	-34
 2242 08a5 04       		.byte	4
 2243 08a6 E2       		.byte	-30
 2244 08a7 04       		.byte	4
 2245 08a8 EA       		.byte	-22
 2246 08a9 01       		.byte	1
 2247 08aa 00       		.byte	0
 2248 08ab 1D       		.byte	29
 2249 08ac 01       		.byte	1
 2250 08ad 01       		.byte	1
 2251 08ae 0A       		.byte	10
 2252 08af 15       		.byte	21
 2253 08b0 0C       		.byte	12
 2254 08b1 05       		.byte	5
 2255 08b2 0D       		.byte	13
 2256 08b3 01       		.byte	1
 2257 08b4 0E       		.byte	14
 2258 08b5 0C       		.byte	12
 2259 08b6 0F       		.byte	15
 2260 08b7 01       		.byte	1
 2261 08b8 10       		.byte	16
 2262 08b9 15       		.byte	21
 2263 08ba 11       		.byte	17
 2264 08bb 01       		.byte	1
 2265 08bc 1A       		.byte	26
 2266 08bd 05       		.byte	5
 2267 08be 1C       		.byte	28
 2268 08bf 15       		.byte	21
 2269 08c0 1D       		.byte	29
 2270 08c1 01       		.byte	1
 2271 08c2 00       		.byte	0
 2272 08c3 FF       		.byte	-1
 2273 08c4 01       		.byte	1
 2274 08c5 03       		.byte	3
 2275 08c6 00       		.byte	0
 2276 08c7 00       		.byte	0
 2277 08c8 80       		.byte	-128
 2278 08c9 80       		.byte	-128
 2279 08ca 00       		.byte	0
 2280 08cb 00       		.byte	0
ARM GAS  C:\Users\jespe\AppData\Local\Temp\cc8TnEbo.s 			page 41


 2281 08cc 40       		.byte	64
 2282 08cd 00       		.byte	0
 2283 08ce 00       		.byte	0
 2284 08cf 00       		.byte	0
 2285 08d0 70       		.byte	112
 2286 08d1 80       		.byte	-128
 2287 08d2 80       		.byte	-128
 2288 08d3 00       		.byte	0
 2289 08d4 80       		.byte	-128
 2290 08d5 00       		.byte	0
 2291 08d6 00       		.byte	0
 2292 08d7 00       		.byte	0
 2293 08d8 C0       		.byte	-64
 2294 08d9 00       		.byte	0
 2295 08da 00       		.byte	0
 2296 08db C0       		.byte	-64
 2297 08dc 80       		.byte	-128
 2298 08dd 00       		.byte	0
 2299 08de 80       		.byte	-128
 2300 08df 00       		.byte	0
 2301 08e0 00       		.byte	0
 2302 08e1 00       		.byte	0
 2303 08e2 00       		.byte	0
 2304 08e3 00       		.byte	0
 2305 08e4 F0       		.byte	-16
 2306 08e5 FB       		.byte	-5
 2307 08e6 0B       		.byte	11
 2308 08e7 00       		.byte	0
 2309 08e8 C0       		.byte	-64
 2310 08e9 00       		.byte	0
 2311 08ea 00       		.byte	0
 2312 08eb 00       		.byte	0
 2313 08ec C0       		.byte	-64
 2314 08ed F0       		.byte	-16
 2315 08ee 30       		.byte	48
 2316 08ef 00       		.byte	0
 2317 08f0 30       		.byte	48
 2318 08f1 00       		.byte	0
 2319 08f2 00       		.byte	0
 2320 08f3 00       		.byte	0
 2321              		.section	.cywolatch,"a",%progbits
 2322              		.align	2
 2323              		.type	cy_meta_wonvl, %object
 2324              		.size	cy_meta_wonvl, 4
 2325              	cy_meta_wonvl:
 2326 0000 BC       		.byte	-68
 2327 0001 90       		.byte	-112
 2328 0002 AC       		.byte	-84
 2329 0003 AF       		.byte	-81
 2330              		.section	.cycustnvl,"a",%progbits
 2331              		.align	2
 2332              		.type	cy_meta_custnvl, %object
 2333              		.size	cy_meta_custnvl, 4
 2334              	cy_meta_custnvl:
 2335 0000 00       		.byte	0
 2336 0001 00       		.byte	0
 2337 0002 40       		.byte	64
ARM GAS  C:\Users\jespe\AppData\Local\Temp\cc8TnEbo.s 			page 42


 2338 0003 05       		.byte	5
 2339              		.section	.cymeta,"a",%progbits
 2340              		.align	2
 2341              		.type	cy_metadata, %object
 2342              		.size	cy_metadata, 12
 2343              	cy_metadata:
 2344 0000 00       		.byte	0
 2345 0001 01       		.byte	1
 2346 0002 2E       		.byte	46
 2347 0003 16       		.byte	22
 2348 0004 10       		.byte	16
 2349 0005 69       		.byte	105
 2350 0006 00       		.byte	0
 2351 0007 01       		.byte	1
 2352 0008 00       		.byte	0
 2353 0009 00       		.byte	0
 2354 000a 00       		.byte	0
 2355 000b 00       		.byte	0
 2356              		.section	.cyflashprotect,"a",%progbits
 2357              		.align	2
 2358              		.type	cy_meta_flashprotect, %object
 2359              		.size	cy_meta_flashprotect, 256
 2360              	cy_meta_flashprotect:
 2361 0000 00000000 		.space	256
 2361      00000000 
 2361      00000000 
 2361      00000000 
 2361      00000000 
 2362              		.text
 2363              	.Letext0:
 2364              		.file 1 "c:\\program files (x86)\\cypress\\psoc creator\\4.2\\psoc creator\\import\\gnu\\arm\\5.4.
 2365              		.file 2 "c:\\program files (x86)\\cypress\\psoc creator\\4.2\\psoc creator\\import\\gnu\\arm\\5.4.
 2366              		.file 3 "Generated_Source\\PSoC5\\cymetadata.c"
 2367              		.section	.debug_info,"",%progbits
 2368              	.Ldebug_info0:
 2369 0000 35010000 		.4byte	0x135
 2370 0004 0400     		.2byte	0x4
 2371 0006 00000000 		.4byte	.Ldebug_abbrev0
 2372 000a 04       		.byte	0x4
 2373 000b 01       		.uleb128 0x1
 2374 000c 7F000000 		.4byte	.LASF17
 2375 0010 0C       		.byte	0xc
 2376 0011 D9010000 		.4byte	.LASF18
 2377 0015 0A000000 		.4byte	.LASF19
 2378 0019 00000000 		.4byte	.Ldebug_line0
 2379 001d 02       		.uleb128 0x2
 2380 001e 01       		.byte	0x1
 2381 001f 06       		.byte	0x6
 2382 0020 CD010000 		.4byte	.LASF0
 2383 0024 03       		.uleb128 0x3
 2384 0025 00000000 		.4byte	.LASF9
 2385 0029 01       		.byte	0x1
 2386 002a 1D       		.byte	0x1d
 2387 002b 2F000000 		.4byte	0x2f
 2388 002f 02       		.uleb128 0x2
 2389 0030 01       		.byte	0x1
 2390 0031 08       		.byte	0x8
ARM GAS  C:\Users\jespe\AppData\Local\Temp\cc8TnEbo.s 			page 43


 2391 0032 71000000 		.4byte	.LASF1
 2392 0036 02       		.uleb128 0x2
 2393 0037 02       		.byte	0x2
 2394 0038 05       		.byte	0x5
 2395 0039 BA010000 		.4byte	.LASF2
 2396 003d 02       		.uleb128 0x2
 2397 003e 02       		.byte	0x2
 2398 003f 07       		.byte	0x7
 2399 0040 1F010000 		.4byte	.LASF3
 2400 0044 02       		.uleb128 0x2
 2401 0045 04       		.byte	0x4
 2402 0046 05       		.byte	0x5
 2403 0047 C4010000 		.4byte	.LASF4
 2404 004b 02       		.uleb128 0x2
 2405 004c 04       		.byte	0x4
 2406 004d 07       		.byte	0x7
 2407 004e 0D010000 		.4byte	.LASF5
 2408 0052 02       		.uleb128 0x2
 2409 0053 08       		.byte	0x8
 2410 0054 05       		.byte	0x5
 2411 0055 AC010000 		.4byte	.LASF6
 2412 0059 02       		.uleb128 0x2
 2413 005a 08       		.byte	0x8
 2414 005b 07       		.byte	0x7
 2415 005c 61010000 		.4byte	.LASF7
 2416 0060 04       		.uleb128 0x4
 2417 0061 04       		.byte	0x4
 2418 0062 05       		.byte	0x5
 2419 0063 696E7400 		.ascii	"int\000"
 2420 0067 02       		.uleb128 0x2
 2421 0068 04       		.byte	0x4
 2422 0069 07       		.byte	0x7
 2423 006a 54010000 		.4byte	.LASF8
 2424 006e 03       		.uleb128 0x3
 2425 006f 78010000 		.4byte	.LASF10
 2426 0073 02       		.byte	0x2
 2427 0074 18       		.byte	0x18
 2428 0075 24000000 		.4byte	0x24
 2429 0079 05       		.uleb128 0x5
 2430 007a 91000000 		.4byte	0x91
 2431 007e 8A000000 		.4byte	0x8a
 2432 0082 06       		.uleb128 0x6
 2433 0083 8A000000 		.4byte	0x8a
 2434 0087 F308     		.2byte	0x8f3
 2435 0089 00       		.byte	0
 2436 008a 02       		.uleb128 0x2
 2437 008b 04       		.byte	0x4
 2438 008c 07       		.byte	0x7
 2439 008d A3010000 		.4byte	.LASF11
 2440 0091 07       		.uleb128 0x7
 2441 0092 6E000000 		.4byte	0x6e
 2442 0096 08       		.uleb128 0x8
 2443 0097 42010000 		.4byte	.LASF12
 2444 009b 03       		.byte	0x3
 2445 009c 1F       		.byte	0x1f
 2446 009d A7000000 		.4byte	0xa7
 2447 00a1 05       		.uleb128 0x5
ARM GAS  C:\Users\jespe\AppData\Local\Temp\cc8TnEbo.s 			page 44


 2448 00a2 03       		.byte	0x3
 2449 00a3 00000000 		.4byte	cy_meta_configecc
 2450 00a7 07       		.uleb128 0x7
 2451 00a8 79000000 		.4byte	0x79
 2452 00ac 05       		.uleb128 0x5
 2453 00ad 91000000 		.4byte	0x91
 2454 00b1 BC000000 		.4byte	0xbc
 2455 00b5 09       		.uleb128 0x9
 2456 00b6 8A000000 		.4byte	0x8a
 2457 00ba 03       		.byte	0x3
 2458 00bb 00       		.byte	0
 2459 00bc 0A       		.uleb128 0xa
 2460 00bd 32010000 		.4byte	.LASF13
 2461 00c1 03       		.byte	0x3
 2462 00c2 4B01     		.2byte	0x14b
 2463 00c4 CE000000 		.4byte	0xce
 2464 00c8 05       		.uleb128 0x5
 2465 00c9 03       		.byte	0x3
 2466 00ca 00000000 		.4byte	cy_meta_custnvl
 2467 00ce 07       		.uleb128 0x7
 2468 00cf AC000000 		.4byte	0xac
 2469 00d3 0A       		.uleb128 0xa
 2470 00d4 95010000 		.4byte	.LASF14
 2471 00d8 03       		.byte	0x3
 2472 00d9 5901     		.2byte	0x159
 2473 00db E5000000 		.4byte	0xe5
 2474 00df 05       		.uleb128 0x5
 2475 00e0 03       		.byte	0x3
 2476 00e1 00000000 		.4byte	cy_meta_wonvl
 2477 00e5 07       		.uleb128 0x7
 2478 00e6 AC000000 		.4byte	0xac
 2479 00ea 05       		.uleb128 0x5
 2480 00eb 91000000 		.4byte	0x91
 2481 00ef FA000000 		.4byte	0xfa
 2482 00f3 09       		.uleb128 0x9
 2483 00f4 8A000000 		.4byte	0x8a
 2484 00f8 FF       		.byte	0xff
 2485 00f9 00       		.byte	0
 2486 00fa 0A       		.uleb128 0xa
 2487 00fb 80010000 		.4byte	.LASF15
 2488 00ff 03       		.byte	0x3
 2489 0100 6701     		.2byte	0x167
 2490 0102 0C010000 		.4byte	0x10c
 2491 0106 05       		.uleb128 0x5
 2492 0107 03       		.byte	0x3
 2493 0108 00000000 		.4byte	cy_meta_flashprotect
 2494 010c 07       		.uleb128 0x7
 2495 010d EA000000 		.4byte	0xea
 2496 0111 05       		.uleb128 0x5
 2497 0112 91000000 		.4byte	0x91
 2498 0116 21010000 		.4byte	0x121
 2499 011a 09       		.uleb128 0x9
 2500 011b 8A000000 		.4byte	0x8a
 2501 011f 0B       		.byte	0xb
 2502 0120 00       		.byte	0
 2503 0121 0A       		.uleb128 0xa
 2504 0122 65000000 		.4byte	.LASF16
ARM GAS  C:\Users\jespe\AppData\Local\Temp\cc8TnEbo.s 			page 45


 2505 0126 03       		.byte	0x3
 2506 0127 9401     		.2byte	0x194
 2507 0129 33010000 		.4byte	0x133
 2508 012d 05       		.uleb128 0x5
 2509 012e 03       		.byte	0x3
 2510 012f 00000000 		.4byte	cy_metadata
 2511 0133 07       		.uleb128 0x7
 2512 0134 11010000 		.4byte	0x111
 2513 0138 00       		.byte	0
 2514              		.section	.debug_abbrev,"",%progbits
 2515              	.Ldebug_abbrev0:
 2516 0000 01       		.uleb128 0x1
 2517 0001 11       		.uleb128 0x11
 2518 0002 01       		.byte	0x1
 2519 0003 25       		.uleb128 0x25
 2520 0004 0E       		.uleb128 0xe
 2521 0005 13       		.uleb128 0x13
 2522 0006 0B       		.uleb128 0xb
 2523 0007 03       		.uleb128 0x3
 2524 0008 0E       		.uleb128 0xe
 2525 0009 1B       		.uleb128 0x1b
 2526 000a 0E       		.uleb128 0xe
 2527 000b 10       		.uleb128 0x10
 2528 000c 17       		.uleb128 0x17
 2529 000d 00       		.byte	0
 2530 000e 00       		.byte	0
 2531 000f 02       		.uleb128 0x2
 2532 0010 24       		.uleb128 0x24
 2533 0011 00       		.byte	0
 2534 0012 0B       		.uleb128 0xb
 2535 0013 0B       		.uleb128 0xb
 2536 0014 3E       		.uleb128 0x3e
 2537 0015 0B       		.uleb128 0xb
 2538 0016 03       		.uleb128 0x3
 2539 0017 0E       		.uleb128 0xe
 2540 0018 00       		.byte	0
 2541 0019 00       		.byte	0
 2542 001a 03       		.uleb128 0x3
 2543 001b 16       		.uleb128 0x16
 2544 001c 00       		.byte	0
 2545 001d 03       		.uleb128 0x3
 2546 001e 0E       		.uleb128 0xe
 2547 001f 3A       		.uleb128 0x3a
 2548 0020 0B       		.uleb128 0xb
 2549 0021 3B       		.uleb128 0x3b
 2550 0022 0B       		.uleb128 0xb
 2551 0023 49       		.uleb128 0x49
 2552 0024 13       		.uleb128 0x13
 2553 0025 00       		.byte	0
 2554 0026 00       		.byte	0
 2555 0027 04       		.uleb128 0x4
 2556 0028 24       		.uleb128 0x24
 2557 0029 00       		.byte	0
 2558 002a 0B       		.uleb128 0xb
 2559 002b 0B       		.uleb128 0xb
 2560 002c 3E       		.uleb128 0x3e
 2561 002d 0B       		.uleb128 0xb
ARM GAS  C:\Users\jespe\AppData\Local\Temp\cc8TnEbo.s 			page 46


 2562 002e 03       		.uleb128 0x3
 2563 002f 08       		.uleb128 0x8
 2564 0030 00       		.byte	0
 2565 0031 00       		.byte	0
 2566 0032 05       		.uleb128 0x5
 2567 0033 01       		.uleb128 0x1
 2568 0034 01       		.byte	0x1
 2569 0035 49       		.uleb128 0x49
 2570 0036 13       		.uleb128 0x13
 2571 0037 01       		.uleb128 0x1
 2572 0038 13       		.uleb128 0x13
 2573 0039 00       		.byte	0
 2574 003a 00       		.byte	0
 2575 003b 06       		.uleb128 0x6
 2576 003c 21       		.uleb128 0x21
 2577 003d 00       		.byte	0
 2578 003e 49       		.uleb128 0x49
 2579 003f 13       		.uleb128 0x13
 2580 0040 2F       		.uleb128 0x2f
 2581 0041 05       		.uleb128 0x5
 2582 0042 00       		.byte	0
 2583 0043 00       		.byte	0
 2584 0044 07       		.uleb128 0x7
 2585 0045 26       		.uleb128 0x26
 2586 0046 00       		.byte	0
 2587 0047 49       		.uleb128 0x49
 2588 0048 13       		.uleb128 0x13
 2589 0049 00       		.byte	0
 2590 004a 00       		.byte	0
 2591 004b 08       		.uleb128 0x8
 2592 004c 34       		.uleb128 0x34
 2593 004d 00       		.byte	0
 2594 004e 03       		.uleb128 0x3
 2595 004f 0E       		.uleb128 0xe
 2596 0050 3A       		.uleb128 0x3a
 2597 0051 0B       		.uleb128 0xb
 2598 0052 3B       		.uleb128 0x3b
 2599 0053 0B       		.uleb128 0xb
 2600 0054 49       		.uleb128 0x49
 2601 0055 13       		.uleb128 0x13
 2602 0056 3F       		.uleb128 0x3f
 2603 0057 19       		.uleb128 0x19
 2604 0058 02       		.uleb128 0x2
 2605 0059 18       		.uleb128 0x18
 2606 005a 00       		.byte	0
 2607 005b 00       		.byte	0
 2608 005c 09       		.uleb128 0x9
 2609 005d 21       		.uleb128 0x21
 2610 005e 00       		.byte	0
 2611 005f 49       		.uleb128 0x49
 2612 0060 13       		.uleb128 0x13
 2613 0061 2F       		.uleb128 0x2f
 2614 0062 0B       		.uleb128 0xb
 2615 0063 00       		.byte	0
 2616 0064 00       		.byte	0
 2617 0065 0A       		.uleb128 0xa
 2618 0066 34       		.uleb128 0x34
ARM GAS  C:\Users\jespe\AppData\Local\Temp\cc8TnEbo.s 			page 47


 2619 0067 00       		.byte	0
 2620 0068 03       		.uleb128 0x3
 2621 0069 0E       		.uleb128 0xe
 2622 006a 3A       		.uleb128 0x3a
 2623 006b 0B       		.uleb128 0xb
 2624 006c 3B       		.uleb128 0x3b
 2625 006d 05       		.uleb128 0x5
 2626 006e 49       		.uleb128 0x49
 2627 006f 13       		.uleb128 0x13
 2628 0070 3F       		.uleb128 0x3f
 2629 0071 19       		.uleb128 0x19
 2630 0072 02       		.uleb128 0x2
 2631 0073 18       		.uleb128 0x18
 2632 0074 00       		.byte	0
 2633 0075 00       		.byte	0
 2634 0076 00       		.byte	0
 2635              		.section	.debug_aranges,"",%progbits
 2636 0000 14000000 		.4byte	0x14
 2637 0004 0200     		.2byte	0x2
 2638 0006 00000000 		.4byte	.Ldebug_info0
 2639 000a 04       		.byte	0x4
 2640 000b 00       		.byte	0
 2641 000c 0000     		.2byte	0
 2642 000e 0000     		.2byte	0
 2643 0010 00000000 		.4byte	0
 2644 0014 00000000 		.4byte	0
 2645              		.section	.debug_line,"",%progbits
 2646              	.Ldebug_line0:
 2647 0000 3D010000 		.section	.debug_str,"MS",%progbits,1
 2647      02003701 
 2647      00000201 
 2647      FB0E0D00 
 2647      01010101 
 2648              	.LASF9:
 2649 0000 5F5F7569 		.ascii	"__uint8_t\000"
 2649      6E74385F 
 2649      7400
 2650              	.LASF19:
 2651 000a 433A5C55 		.ascii	"C:\\Users\\jespe\\Desktop\\GIT\\iFollow\\Software\\"
 2651      73657273 
 2651      5C6A6573 
 2651      70655C44 
 2651      65736B74 
 2652 0036 50534F43 		.ascii	"PSOC\\Projekt_PSoC_Kode\\Projekt_PSoC_Kode.cydsn\000"
 2652      5C50726F 
 2652      6A656B74 
 2652      5F50536F 
 2652      435F4B6F 
 2653              	.LASF16:
 2654 0065 63795F6D 		.ascii	"cy_metadata\000"
 2654      65746164 
 2654      61746100 
 2655              	.LASF1:
 2656 0071 756E7369 		.ascii	"unsigned char\000"
 2656      676E6564 
 2656      20636861 
 2656      7200
ARM GAS  C:\Users\jespe\AppData\Local\Temp\cc8TnEbo.s 			page 48


 2657              	.LASF17:
 2658 007f 474E5520 		.ascii	"GNU C11 5.4.1 20160609 (release) [ARM/embedded-5-br"
 2658      43313120 
 2658      352E342E 
 2658      31203230 
 2658      31363036 
 2659 00b2 616E6368 		.ascii	"anch revision 237715] -mcpu=cortex-m3 -mthumb -g -O"
 2659      20726576 
 2659      6973696F 
 2659      6E203233 
 2659      37373135 
 2660 00e5 67202D66 		.ascii	"g -ffunction-sections -ffat-lto-objects\000"
 2660      66756E63 
 2660      74696F6E 
 2660      2D736563 
 2660      74696F6E 
 2661              	.LASF5:
 2662 010d 6C6F6E67 		.ascii	"long unsigned int\000"
 2662      20756E73 
 2662      69676E65 
 2662      6420696E 
 2662      7400
 2663              	.LASF3:
 2664 011f 73686F72 		.ascii	"short unsigned int\000"
 2664      7420756E 
 2664      7369676E 
 2664      65642069 
 2664      6E7400
 2665              	.LASF13:
 2666 0132 63795F6D 		.ascii	"cy_meta_custnvl\000"
 2666      6574615F 
 2666      63757374 
 2666      6E766C00 
 2667              	.LASF12:
 2668 0142 63795F6D 		.ascii	"cy_meta_configecc\000"
 2668      6574615F 
 2668      636F6E66 
 2668      69676563 
 2668      6300
 2669              	.LASF8:
 2670 0154 756E7369 		.ascii	"unsigned int\000"
 2670      676E6564 
 2670      20696E74 
 2670      00
 2671              	.LASF7:
 2672 0161 6C6F6E67 		.ascii	"long long unsigned int\000"
 2672      206C6F6E 
 2672      6720756E 
 2672      7369676E 
 2672      65642069 
 2673              	.LASF10:
 2674 0178 75696E74 		.ascii	"uint8_t\000"
 2674      385F7400 
 2675              	.LASF15:
 2676 0180 63795F6D 		.ascii	"cy_meta_flashprotect\000"
 2676      6574615F 
 2676      666C6173 
ARM GAS  C:\Users\jespe\AppData\Local\Temp\cc8TnEbo.s 			page 49


 2676      6870726F 
 2676      74656374 
 2677              	.LASF14:
 2678 0195 63795F6D 		.ascii	"cy_meta_wonvl\000"
 2678      6574615F 
 2678      776F6E76 
 2678      6C00
 2679              	.LASF11:
 2680 01a3 73697A65 		.ascii	"sizetype\000"
 2680      74797065 
 2680      00
 2681              	.LASF6:
 2682 01ac 6C6F6E67 		.ascii	"long long int\000"
 2682      206C6F6E 
 2682      6720696E 
 2682      7400
 2683              	.LASF2:
 2684 01ba 73686F72 		.ascii	"short int\000"
 2684      7420696E 
 2684      7400
 2685              	.LASF4:
 2686 01c4 6C6F6E67 		.ascii	"long int\000"
 2686      20696E74 
 2686      00
 2687              	.LASF0:
 2688 01cd 7369676E 		.ascii	"signed char\000"
 2688      65642063 
 2688      68617200 
 2689              	.LASF18:
 2690 01d9 47656E65 		.ascii	"Generated_Source\\PSoC5\\cymetadata.c\000"
 2690      72617465 
 2690      645F536F 
 2690      75726365 
 2690      5C50536F 
 2691              		.ident	"GCC: (GNU Tools for ARM Embedded Processors) 5.4.1 20160609 (release) [ARM/embedded-5-bran
