ARM GAS  C:\Users\jespe\AppData\Local\Temp\ccpqel91.s 			page 1


   1              		.syntax unified
   2              		.cpu cortex-m3
   3              		.fpu softvfp
   4              		.eabi_attribute 20, 1
   5              		.eabi_attribute 21, 1
   6              		.eabi_attribute 23, 3
   7              		.eabi_attribute 24, 1
   8              		.eabi_attribute 25, 1
   9              		.eabi_attribute 26, 1
  10              		.eabi_attribute 30, 1
  11              		.eabi_attribute 34, 1
  12              		.eabi_attribute 18, 4
  13              		.thumb
  14              		.syntax unified
  15              		.file	"LED.c"
  16              		.text
  17              	.Ltext0:
  18              		.cfi_sections	.debug_frame
  19              		.section	.text._ZN3LEDC2Ev,"ax",%progbits
  20              		.align	2
  21              		.global	_ZN3LEDC2Ev
  22              		.thumb
  23              		.thumb_func
  24              		.type	_ZN3LEDC2Ev, %function
  25              	_ZN3LEDC2Ev:
  26              	.LFB64:
  27              		.file 1 "LED.c"
   1:LED.c         **** /* ========================================
   2:LED.c         ****  *
   3:LED.c         ****  * Copyright YOUR COMPANY, THE YEAR
   4:LED.c         ****  * All Rights Reserved
   5:LED.c         ****  * UNPUBLISHED, LICENSED SOFTWARE.
   6:LED.c         ****  *
   7:LED.c         ****  * CONFIDENTIAL AND PROPRIETARY INFORMATION
   8:LED.c         ****  * WHICH IS THE PROPERTY OF your company.
   9:LED.c         ****  *
  10:LED.c         ****  * ========================================
  11:LED.c         **** */
  12:LED.c         **** 
  13:LED.c         **** /* [] END OF FILE */
  14:LED.c         **** 
  15:LED.c         **** #include "LED.h"
  16:LED.c         **** 
  17:LED.c         **** LED::LED()
  28              		.loc 1 17 0
  29              		.cfi_startproc
  30              		@ args = 0, pretend = 0, frame = 0
  31              		@ frame_needed = 0, uses_anonymous_args = 0
  32              	.LVL0:
  33 0000 10B5     		push	{r4, lr}
  34              		.cfi_def_cfa_offset 8
  35              		.cfi_offset 4, -8
  36              		.cfi_offset 14, -4
  37 0002 0446     		mov	r4, r0
  38              	.LBB2:
  18:LED.c         **** {
  19:LED.c         ****     LED_PWM_Start();
ARM GAS  C:\Users\jespe\AppData\Local\Temp\ccpqel91.s 			page 2


  39              		.loc 1 19 0
  40 0004 FFF7FEFF 		bl	LED_PWM_Start
  41              	.LVL1:
  42              	.LBE2:
  20:LED.c         **** }
  43              		.loc 1 20 0
  44 0008 2046     		mov	r0, r4
  45 000a 10BD     		pop	{r4, pc}
  46              		.cfi_endproc
  47              	.LFE64:
  48              		.size	_ZN3LEDC2Ev, .-_ZN3LEDC2Ev
  49              		.global	_ZN3LEDC1Ev
  50              		.thumb_set _ZN3LEDC1Ev,_ZN3LEDC2Ev
  51              		.section	.text._ZN3LEDD2Ev,"ax",%progbits
  52              		.align	2
  53              		.global	_ZN3LEDD2Ev
  54              		.thumb
  55              		.thumb_func
  56              		.type	_ZN3LEDD2Ev, %function
  57              	_ZN3LEDD2Ev:
  58              	.LFB67:
  21:LED.c         **** 
  22:LED.c         **** LED::~LED()
  59              		.loc 1 22 0
  60              		.cfi_startproc
  61              		@ args = 0, pretend = 0, frame = 0
  62              		@ frame_needed = 0, uses_anonymous_args = 0
  63              		@ link register save eliminated.
  64              	.LVL2:
  23:LED.c         **** {
  24:LED.c         **** }
  65              		.loc 1 24 0
  66 0000 7047     		bx	lr
  67              		.cfi_endproc
  68              	.LFE67:
  69              		.size	_ZN3LEDD2Ev, .-_ZN3LEDD2Ev
  70              		.global	_ZN3LEDD1Ev
  71              		.thumb_set _ZN3LEDD1Ev,_ZN3LEDD2Ev
  72 0002 00BF     		.section	.text._ZN3LED9turnOnLedEc,"ax",%progbits
  73              		.align	2
  74              		.global	_ZN3LED9turnOnLedEc
  75              		.thumb
  76              		.thumb_func
  77              		.type	_ZN3LED9turnOnLedEc, %function
  78              	_ZN3LED9turnOnLedEc:
  79              	.LFB69:
  25:LED.c         **** 
  26:LED.c         **** void LED::turnOnLed(char Color)
  27:LED.c         **** {
  80              		.loc 1 27 0
  81              		.cfi_startproc
  82              		@ args = 0, pretend = 0, frame = 0
  83              		@ frame_needed = 0, uses_anonymous_args = 0
  84              	.LVL3:
  85 0000 08B5     		push	{r3, lr}
  86              		.cfi_def_cfa_offset 8
  87              		.cfi_offset 3, -8
ARM GAS  C:\Users\jespe\AppData\Local\Temp\ccpqel91.s 			page 3


  88              		.cfi_offset 14, -4
  28:LED.c         ****     if (Color == 'g' || Color == 'G')
  89              		.loc 1 28 0
  90 0002 6729     		cmp	r1, #103
  91 0004 01D0     		beq	.L5
  92              		.loc 1 28 0 is_stmt 0 discriminator 1
  93 0006 4729     		cmp	r1, #71
  94 0008 03D1     		bne	.L6
  95              	.L5:
  29:LED.c         ****     {
  30:LED.c         ****         LED_PWM_WriteCompare2(100);
  96              		.loc 1 30 0 is_stmt 1
  97 000a 6420     		movs	r0, #100
  98              	.LVL4:
  99 000c FFF7FEFF 		bl	LED_PWM_WriteCompare2
 100              	.LVL5:
 101 0010 08BD     		pop	{r3, pc}
 102              	.LVL6:
 103              	.L6:
  31:LED.c         ****     }
  32:LED.c         ****     else if(Color == 'r' || Color == 'R')
 104              		.loc 1 32 0
 105 0012 7229     		cmp	r1, #114
 106 0014 01D0     		beq	.L8
 107              		.loc 1 32 0 is_stmt 0 discriminator 1
 108 0016 5229     		cmp	r1, #82
 109 0018 02D1     		bne	.L4
 110              	.L8:
  33:LED.c         ****     {
  34:LED.c         ****         LED_PWM_WriteCompare1(100);
 111              		.loc 1 34 0 is_stmt 1
 112 001a 6420     		movs	r0, #100
 113              	.LVL7:
 114 001c FFF7FEFF 		bl	LED_PWM_WriteCompare1
 115              	.LVL8:
 116              	.L4:
 117 0020 08BD     		pop	{r3, pc}
 118              		.cfi_endproc
 119              	.LFE69:
 120              		.size	_ZN3LED9turnOnLedEc, .-_ZN3LED9turnOnLedEc
 121 0022 00BF     		.section	.text._ZN3LED10turnOffLedEc,"ax",%progbits
 122              		.align	2
 123              		.global	_ZN3LED10turnOffLedEc
 124              		.thumb
 125              		.thumb_func
 126              		.type	_ZN3LED10turnOffLedEc, %function
 127              	_ZN3LED10turnOffLedEc:
 128              	.LFB70:
  35:LED.c         ****     }
  36:LED.c         **** }
  37:LED.c         **** 
  38:LED.c         **** void LED::turnOffLed(char Color)
  39:LED.c         **** {
 129              		.loc 1 39 0
 130              		.cfi_startproc
 131              		@ args = 0, pretend = 0, frame = 0
 132              		@ frame_needed = 0, uses_anonymous_args = 0
ARM GAS  C:\Users\jespe\AppData\Local\Temp\ccpqel91.s 			page 4


 133              	.LVL9:
 134 0000 08B5     		push	{r3, lr}
 135              		.cfi_def_cfa_offset 8
 136              		.cfi_offset 3, -8
 137              		.cfi_offset 14, -4
  40:LED.c         ****     if (Color == 'g' || Color == 'G')
 138              		.loc 1 40 0
 139 0002 6729     		cmp	r1, #103
 140 0004 01D0     		beq	.L11
 141              		.loc 1 40 0 is_stmt 0 discriminator 1
 142 0006 4729     		cmp	r1, #71
 143 0008 03D1     		bne	.L12
 144              	.L11:
  41:LED.c         ****     {
  42:LED.c         ****         LED_PWM_WriteCompare2(0);
 145              		.loc 1 42 0 is_stmt 1
 146 000a 0020     		movs	r0, #0
 147              	.LVL10:
 148 000c FFF7FEFF 		bl	LED_PWM_WriteCompare2
 149              	.LVL11:
 150 0010 08BD     		pop	{r3, pc}
 151              	.LVL12:
 152              	.L12:
  43:LED.c         ****     }
  44:LED.c         ****     else if(Color == 'r' || Color == 'R')
 153              		.loc 1 44 0
 154 0012 7229     		cmp	r1, #114
 155 0014 01D0     		beq	.L14
 156              		.loc 1 44 0 is_stmt 0 discriminator 1
 157 0016 5229     		cmp	r1, #82
 158 0018 02D1     		bne	.L10
 159              	.L14:
  45:LED.c         ****     {
  46:LED.c         ****         LED_PWM_WriteCompare1(0);
 160              		.loc 1 46 0 is_stmt 1
 161 001a 0020     		movs	r0, #0
 162              	.LVL13:
 163 001c FFF7FEFF 		bl	LED_PWM_WriteCompare1
 164              	.LVL14:
 165              	.L10:
 166 0020 08BD     		pop	{r3, pc}
 167              		.cfi_endproc
 168              	.LFE70:
 169              		.size	_ZN3LED10turnOffLedEc, .-_ZN3LED10turnOffLedEc
 170 0022 00BF     		.section	.text._ZN3LED8blinkLedEc,"ax",%progbits
 171              		.align	2
 172              		.global	_ZN3LED8blinkLedEc
 173              		.thumb
 174              		.thumb_func
 175              		.type	_ZN3LED8blinkLedEc, %function
 176              	_ZN3LED8blinkLedEc:
 177              	.LFB71:
  47:LED.c         ****     }
  48:LED.c         **** }
  49:LED.c         **** 
  50:LED.c         **** void LED::blinkLed(char Color)
  51:LED.c         **** {
ARM GAS  C:\Users\jespe\AppData\Local\Temp\ccpqel91.s 			page 5


 178              		.loc 1 51 0
 179              		.cfi_startproc
 180              		@ args = 0, pretend = 0, frame = 0
 181              		@ frame_needed = 0, uses_anonymous_args = 0
 182              	.LVL15:
 183 0000 08B5     		push	{r3, lr}
 184              		.cfi_def_cfa_offset 8
 185              		.cfi_offset 3, -8
 186              		.cfi_offset 14, -4
  52:LED.c         ****     if (Color == 'g' || Color == 'G')
 187              		.loc 1 52 0
 188 0002 6729     		cmp	r1, #103
 189 0004 01D0     		beq	.L17
 190              		.loc 1 52 0 is_stmt 0 discriminator 1
 191 0006 4729     		cmp	r1, #71
 192 0008 03D1     		bne	.L18
 193              	.L17:
  53:LED.c         ****     {
  54:LED.c         ****         LED_PWM_WriteCompare2(50);
 194              		.loc 1 54 0 is_stmt 1
 195 000a 3220     		movs	r0, #50
 196              	.LVL16:
 197 000c FFF7FEFF 		bl	LED_PWM_WriteCompare2
 198              	.LVL17:
 199 0010 08BD     		pop	{r3, pc}
 200              	.LVL18:
 201              	.L18:
  55:LED.c         ****     }
  56:LED.c         ****     else if(Color == 'r' || Color == 'R')
 202              		.loc 1 56 0
 203 0012 7229     		cmp	r1, #114
 204 0014 01D0     		beq	.L20
 205              		.loc 1 56 0 is_stmt 0 discriminator 1
 206 0016 5229     		cmp	r1, #82
 207 0018 02D1     		bne	.L16
 208              	.L20:
  57:LED.c         ****     {
  58:LED.c         ****         LED_PWM_WriteCompare1(50);        
 209              		.loc 1 58 0 is_stmt 1
 210 001a 3220     		movs	r0, #50
 211              	.LVL19:
 212 001c FFF7FEFF 		bl	LED_PWM_WriteCompare1
 213              	.LVL20:
 214              	.L16:
 215 0020 08BD     		pop	{r3, pc}
 216              		.cfi_endproc
 217              	.LFE71:
 218              		.size	_ZN3LED8blinkLedEc, .-_ZN3LED8blinkLedEc
 219 0022 00BF     		.text
 220              	.Letext0:
 221              		.file 2 "c:\\program files (x86)\\cypress\\psoc creator\\4.2\\psoc creator\\import\\gnu\\arm\\5.4.
 222              		.file 3 "c:\\program files (x86)\\cypress\\psoc creator\\4.2\\psoc creator\\import\\gnu\\arm\\5.4.
 223              		.file 4 "LED.h"
 224              		.file 5 "Generated_Source\\PSoC5/LED_PWM.h"
 225              		.file 6 "Generated_Source\\PSoC5/core_cm3.h"
 226              		.section	.debug_info,"",%progbits
 227              	.Ldebug_info0:
ARM GAS  C:\Users\jespe\AppData\Local\Temp\ccpqel91.s 			page 6


 228 0000 2B030000 		.4byte	0x32b
 229 0004 0400     		.2byte	0x4
 230 0006 00000000 		.4byte	.Ldebug_abbrev0
 231 000a 04       		.byte	0x4
 232 000b 01       		.uleb128 0x1
 233 000c 1C020000 		.4byte	.LASF29
 234 0010 04       		.byte	0x4
 235 0011 83010000 		.4byte	.LASF30
 236 0015 00000000 		.4byte	.LASF31
 237 0019 00000000 		.4byte	.Ldebug_ranges0+0
 238 001d 00000000 		.4byte	0
 239 0021 00000000 		.4byte	.Ldebug_line0
 240 0025 02       		.uleb128 0x2
 241 0026 01       		.byte	0x1
 242 0027 06       		.byte	0x6
 243 0028 10020000 		.4byte	.LASF0
 244 002c 02       		.uleb128 0x2
 245 002d 01       		.byte	0x1
 246 002e 08       		.byte	0x8
 247 002f 2C010000 		.4byte	.LASF1
 248 0033 02       		.uleb128 0x2
 249 0034 02       		.byte	0x2
 250 0035 05       		.byte	0x5
 251 0036 BD010000 		.4byte	.LASF2
 252 003a 02       		.uleb128 0x2
 253 003b 02       		.byte	0x2
 254 003c 07       		.byte	0x7
 255 003d DC000000 		.4byte	.LASF3
 256 0041 03       		.uleb128 0x3
 257 0042 67000000 		.4byte	.LASF9
 258 0046 02       		.byte	0x2
 259 0047 3F       		.byte	0x3f
 260 0048 4C000000 		.4byte	0x4c
 261 004c 02       		.uleb128 0x2
 262 004d 04       		.byte	0x4
 263 004e 05       		.byte	0x5
 264 004f FB010000 		.4byte	.LASF4
 265 0053 02       		.uleb128 0x2
 266 0054 04       		.byte	0x4
 267 0055 07       		.byte	0x7
 268 0056 B4000000 		.4byte	.LASF5
 269 005a 02       		.uleb128 0x2
 270 005b 08       		.byte	0x8
 271 005c 05       		.byte	0x5
 272 005d 92010000 		.4byte	.LASF6
 273 0061 02       		.uleb128 0x2
 274 0062 08       		.byte	0x8
 275 0063 07       		.byte	0x7
 276 0064 5B010000 		.4byte	.LASF7
 277 0068 04       		.uleb128 0x4
 278 0069 04       		.byte	0x4
 279 006a 05       		.byte	0x5
 280 006b 696E7400 		.ascii	"int\000"
 281 006f 02       		.uleb128 0x2
 282 0070 04       		.byte	0x4
 283 0071 07       		.byte	0x7
 284 0072 3A010000 		.4byte	.LASF8
ARM GAS  C:\Users\jespe\AppData\Local\Temp\ccpqel91.s 			page 7


 285 0076 03       		.uleb128 0x3
 286 0077 7B010000 		.4byte	.LASF10
 287 007b 03       		.byte	0x3
 288 007c 2C       		.byte	0x2c
 289 007d 41000000 		.4byte	0x41
 290 0081 02       		.uleb128 0x2
 291 0082 04       		.byte	0x4
 292 0083 04       		.byte	0x4
 293 0084 93000000 		.4byte	.LASF11
 294 0088 02       		.uleb128 0x2
 295 0089 08       		.byte	0x8
 296 008a 04       		.byte	0x4
 297 008b 25010000 		.4byte	.LASF12
 298 008f 02       		.uleb128 0x2
 299 0090 01       		.byte	0x1
 300 0091 08       		.byte	0x8
 301 0092 A6010000 		.4byte	.LASF13
 302 0096 02       		.uleb128 0x2
 303 0097 08       		.byte	0x8
 304 0098 04       		.byte	0x4
 305 0099 04020000 		.4byte	.LASF14
 306 009d 05       		.uleb128 0x5
 307 009e AB010000 		.4byte	.LASF32
 308 00a2 02       		.uleb128 0x2
 309 00a3 04       		.byte	0x4
 310 00a4 07       		.byte	0x7
 311 00a5 89010000 		.4byte	.LASF15
 312 00a9 06       		.uleb128 0x6
 313 00aa 04       		.byte	0x4
 314 00ab 07       		.uleb128 0x7
 315 00ac 4C454400 		.ascii	"LED\000"
 316 00b0 01       		.byte	0x1
 317 00b1 04       		.byte	0x4
 318 00b2 1A       		.byte	0x1a
 319 00b3 52010000 		.4byte	0x152
 320 00b7 08       		.uleb128 0x8
 321 00b8 4C454400 		.ascii	"LED\000"
 322 00bc 04       		.byte	0x4
 323 00bd 1D       		.byte	0x1d
 324 00be EF010000 		.4byte	.LASF33
 325 00c2 52010000 		.4byte	0x152
 326 00c6 01       		.byte	0x1
 327 00c7 CF000000 		.4byte	0xcf
 328 00cb D5000000 		.4byte	0xd5
 329 00cf 09       		.uleb128 0x9
 330 00d0 52010000 		.4byte	0x152
 331 00d4 00       		.byte	0
 332 00d5 0A       		.uleb128 0xa
 333 00d6 EF000000 		.4byte	.LASF16
 334 00da 04       		.byte	0x4
 335 00db 1E       		.byte	0x1e
 336 00dc 5B000000 		.4byte	.LASF34
 337 00e0 A9000000 		.4byte	0xa9
 338 00e4 01       		.byte	0x1
 339 00e5 ED000000 		.4byte	0xed
 340 00e9 F8000000 		.4byte	0xf8
 341 00ed 09       		.uleb128 0x9
ARM GAS  C:\Users\jespe\AppData\Local\Temp\ccpqel91.s 			page 8


 342 00ee 52010000 		.4byte	0x152
 343 00f2 09       		.uleb128 0x9
 344 00f3 68000000 		.4byte	0x68
 345 00f7 00       		.byte	0
 346 00f8 0B       		.uleb128 0xb
 347 00f9 1B010000 		.4byte	.LASF17
 348 00fd 04       		.byte	0x4
 349 00fe 1F       		.byte	0x1f
 350 00ff 47010000 		.4byte	.LASF19
 351 0103 01       		.byte	0x1
 352 0104 0C010000 		.4byte	0x10c
 353 0108 17010000 		.4byte	0x117
 354 010c 09       		.uleb128 0x9
 355 010d 52010000 		.4byte	0x152
 356 0111 0C       		.uleb128 0xc
 357 0112 8F000000 		.4byte	0x8f
 358 0116 00       		.byte	0
 359 0117 0B       		.uleb128 0xb
 360 0118 D1010000 		.4byte	.LASF18
 361 011c 04       		.byte	0x4
 362 011d 20       		.byte	0x20
 363 011e 99000000 		.4byte	.LASF20
 364 0122 01       		.byte	0x1
 365 0123 2B010000 		.4byte	0x12b
 366 0127 36010000 		.4byte	0x136
 367 012b 09       		.uleb128 0x9
 368 012c 52010000 		.4byte	0x152
 369 0130 0C       		.uleb128 0xc
 370 0131 8F000000 		.4byte	0x8f
 371 0135 00       		.byte	0
 372 0136 0D       		.uleb128 0xd
 373 0137 72010000 		.4byte	.LASF35
 374 013b 04       		.byte	0x4
 375 013c 21       		.byte	0x21
 376 013d DC010000 		.4byte	.LASF36
 377 0141 01       		.byte	0x1
 378 0142 46010000 		.4byte	0x146
 379 0146 09       		.uleb128 0x9
 380 0147 52010000 		.4byte	0x152
 381 014b 0C       		.uleb128 0xc
 382 014c 8F000000 		.4byte	0x8f
 383 0150 00       		.byte	0
 384 0151 00       		.byte	0
 385 0152 0E       		.uleb128 0xe
 386 0153 04       		.byte	0x4
 387 0154 AB000000 		.4byte	0xab
 388 0158 0F       		.uleb128 0xf
 389 0159 B7000000 		.4byte	0xb7
 390 015d 01       		.byte	0x1
 391 015e 11       		.byte	0x11
 392 015f 00       		.byte	0
 393 0160 68010000 		.4byte	0x168
 394 0164 72010000 		.4byte	0x172
 395 0168 10       		.uleb128 0x10
 396 0169 AF000000 		.4byte	.LASF21
 397 016d 72010000 		.4byte	0x172
 398 0171 00       		.byte	0
ARM GAS  C:\Users\jespe\AppData\Local\Temp\ccpqel91.s 			page 9


 399 0172 11       		.uleb128 0x11
 400 0173 52010000 		.4byte	0x152
 401 0177 12       		.uleb128 0x12
 402 0178 58010000 		.4byte	0x158
 403 017c 71000000 		.4byte	.LASF23
 404 0180 00000000 		.4byte	.LFB64
 405 0184 0C000000 		.4byte	.LFE64-.LFB64
 406 0188 01       		.uleb128 0x1
 407 0189 9C       		.byte	0x9c
 408 018a 92010000 		.4byte	0x192
 409 018e A5010000 		.4byte	0x1a5
 410 0192 13       		.uleb128 0x13
 411 0193 68010000 		.4byte	0x168
 412 0197 00000000 		.4byte	.LLST0
 413 019b 14       		.uleb128 0x14
 414 019c 08000000 		.4byte	.LVL1
 415 01a0 0D030000 		.4byte	0x30d
 416 01a4 00       		.byte	0
 417 01a5 0F       		.uleb128 0xf
 418 01a6 D5000000 		.4byte	0xd5
 419 01aa 01       		.byte	0x1
 420 01ab 16       		.byte	0x16
 421 01ac 00       		.byte	0
 422 01ad B5010000 		.4byte	0x1b5
 423 01b1 C8010000 		.4byte	0x1c8
 424 01b5 10       		.uleb128 0x10
 425 01b6 AF000000 		.4byte	.LASF21
 426 01ba 72010000 		.4byte	0x172
 427 01be 10       		.uleb128 0x10
 428 01bf C7010000 		.4byte	.LASF22
 429 01c3 C8010000 		.4byte	0x1c8
 430 01c7 00       		.byte	0
 431 01c8 11       		.uleb128 0x11
 432 01c9 68000000 		.4byte	0x68
 433 01cd 12       		.uleb128 0x12
 434 01ce A5010000 		.4byte	0x1a5
 435 01d2 F4000000 		.4byte	.LASF24
 436 01d6 00000000 		.4byte	.LFB67
 437 01da 02000000 		.4byte	.LFE67-.LFB67
 438 01de 01       		.uleb128 0x1
 439 01df 9C       		.byte	0x9c
 440 01e0 E8010000 		.4byte	0x1e8
 441 01e4 F0010000 		.4byte	0x1f0
 442 01e8 15       		.uleb128 0x15
 443 01e9 B5010000 		.4byte	0x1b5
 444 01ed 01       		.uleb128 0x1
 445 01ee 50       		.byte	0x50
 446 01ef 00       		.byte	0
 447 01f0 16       		.uleb128 0x16
 448 01f1 F8000000 		.4byte	0xf8
 449 01f5 01       		.byte	0x1
 450 01f6 1A       		.byte	0x1a
 451 01f7 00000000 		.4byte	.LFB69
 452 01fb 22000000 		.4byte	.LFE69-.LFB69
 453 01ff 01       		.uleb128 0x1
 454 0200 9C       		.byte	0x9c
 455 0201 09020000 		.4byte	0x209
ARM GAS  C:\Users\jespe\AppData\Local\Temp\ccpqel91.s 			page 10


 456 0205 4A020000 		.4byte	0x24a
 457 0209 17       		.uleb128 0x17
 458 020a AF000000 		.4byte	.LASF21
 459 020e 72010000 		.4byte	0x172
 460 0212 1E000000 		.4byte	.LLST1
 461 0216 18       		.uleb128 0x18
 462 0217 A0010000 		.4byte	.LASF25
 463 021b 01       		.byte	0x1
 464 021c 1A       		.byte	0x1a
 465 021d 8F000000 		.4byte	0x8f
 466 0221 58000000 		.4byte	.LLST2
 467 0225 19       		.uleb128 0x19
 468 0226 10000000 		.4byte	.LVL5
 469 022a 18030000 		.4byte	0x318
 470 022e 39020000 		.4byte	0x239
 471 0232 1A       		.uleb128 0x1a
 472 0233 01       		.uleb128 0x1
 473 0234 50       		.byte	0x50
 474 0235 02       		.uleb128 0x2
 475 0236 08       		.byte	0x8
 476 0237 64       		.byte	0x64
 477 0238 00       		.byte	0
 478 0239 1B       		.uleb128 0x1b
 479 023a 20000000 		.4byte	.LVL8
 480 023e 23030000 		.4byte	0x323
 481 0242 1A       		.uleb128 0x1a
 482 0243 01       		.uleb128 0x1
 483 0244 50       		.byte	0x50
 484 0245 02       		.uleb128 0x2
 485 0246 08       		.byte	0x8
 486 0247 64       		.byte	0x64
 487 0248 00       		.byte	0
 488 0249 00       		.byte	0
 489 024a 16       		.uleb128 0x16
 490 024b 17010000 		.4byte	0x117
 491 024f 01       		.byte	0x1
 492 0250 26       		.byte	0x26
 493 0251 00000000 		.4byte	.LFB70
 494 0255 22000000 		.4byte	.LFE70-.LFB70
 495 0259 01       		.uleb128 0x1
 496 025a 9C       		.byte	0x9c
 497 025b 63020000 		.4byte	0x263
 498 025f A2020000 		.4byte	0x2a2
 499 0263 17       		.uleb128 0x17
 500 0264 AF000000 		.4byte	.LASF21
 501 0268 72010000 		.4byte	0x172
 502 026c 92000000 		.4byte	.LLST3
 503 0270 18       		.uleb128 0x18
 504 0271 A0010000 		.4byte	.LASF25
 505 0275 01       		.byte	0x1
 506 0276 26       		.byte	0x26
 507 0277 8F000000 		.4byte	0x8f
 508 027b CC000000 		.4byte	.LLST4
 509 027f 19       		.uleb128 0x19
 510 0280 10000000 		.4byte	.LVL11
 511 0284 18030000 		.4byte	0x318
 512 0288 92020000 		.4byte	0x292
ARM GAS  C:\Users\jespe\AppData\Local\Temp\ccpqel91.s 			page 11


 513 028c 1A       		.uleb128 0x1a
 514 028d 01       		.uleb128 0x1
 515 028e 50       		.byte	0x50
 516 028f 01       		.uleb128 0x1
 517 0290 30       		.byte	0x30
 518 0291 00       		.byte	0
 519 0292 1B       		.uleb128 0x1b
 520 0293 20000000 		.4byte	.LVL14
 521 0297 23030000 		.4byte	0x323
 522 029b 1A       		.uleb128 0x1a
 523 029c 01       		.uleb128 0x1
 524 029d 50       		.byte	0x50
 525 029e 01       		.uleb128 0x1
 526 029f 30       		.byte	0x30
 527 02a0 00       		.byte	0
 528 02a1 00       		.byte	0
 529 02a2 16       		.uleb128 0x16
 530 02a3 36010000 		.4byte	0x136
 531 02a7 01       		.byte	0x1
 532 02a8 32       		.byte	0x32
 533 02a9 00000000 		.4byte	.LFB71
 534 02ad 22000000 		.4byte	.LFE71-.LFB71
 535 02b1 01       		.uleb128 0x1
 536 02b2 9C       		.byte	0x9c
 537 02b3 BB020000 		.4byte	0x2bb
 538 02b7 FC020000 		.4byte	0x2fc
 539 02bb 17       		.uleb128 0x17
 540 02bc AF000000 		.4byte	.LASF21
 541 02c0 72010000 		.4byte	0x172
 542 02c4 06010000 		.4byte	.LLST5
 543 02c8 18       		.uleb128 0x18
 544 02c9 A0010000 		.4byte	.LASF25
 545 02cd 01       		.byte	0x1
 546 02ce 32       		.byte	0x32
 547 02cf 8F000000 		.4byte	0x8f
 548 02d3 40010000 		.4byte	.LLST6
 549 02d7 19       		.uleb128 0x19
 550 02d8 10000000 		.4byte	.LVL17
 551 02dc 18030000 		.4byte	0x318
 552 02e0 EB020000 		.4byte	0x2eb
 553 02e4 1A       		.uleb128 0x1a
 554 02e5 01       		.uleb128 0x1
 555 02e6 50       		.byte	0x50
 556 02e7 02       		.uleb128 0x2
 557 02e8 08       		.byte	0x8
 558 02e9 32       		.byte	0x32
 559 02ea 00       		.byte	0
 560 02eb 1B       		.uleb128 0x1b
 561 02ec 20000000 		.4byte	.LVL20
 562 02f0 23030000 		.4byte	0x323
 563 02f4 1A       		.uleb128 0x1a
 564 02f5 01       		.uleb128 0x1
 565 02f6 50       		.byte	0x50
 566 02f7 02       		.uleb128 0x2
 567 02f8 08       		.byte	0x8
 568 02f9 32       		.byte	0x32
 569 02fa 00       		.byte	0
ARM GAS  C:\Users\jespe\AppData\Local\Temp\ccpqel91.s 			page 12


 570 02fb 00       		.byte	0
 571 02fc 1C       		.uleb128 0x1c
 572 02fd 00010000 		.4byte	.LASF37
 573 0301 06       		.byte	0x6
 574 0302 1207     		.2byte	0x712
 575 0304 08030000 		.4byte	0x308
 576 0308 1D       		.uleb128 0x1d
 577 0309 76000000 		.4byte	0x76
 578 030d 1E       		.uleb128 0x1e
 579 030e 0D010000 		.4byte	.LASF26
 580 0312 0D010000 		.4byte	.LASF26
 581 0316 05       		.byte	0x5
 582 0317 92       		.byte	0x92
 583 0318 1E       		.uleb128 0x1e
 584 0319 7D000000 		.4byte	.LASF27
 585 031d 7D000000 		.4byte	.LASF27
 586 0321 05       		.byte	0x5
 587 0322 CA       		.byte	0xca
 588 0323 1E       		.uleb128 0x1e
 589 0324 C6000000 		.4byte	.LASF28
 590 0328 C6000000 		.4byte	.LASF28
 591 032c 05       		.byte	0x5
 592 032d C7       		.byte	0xc7
 593 032e 00       		.byte	0
 594              		.section	.debug_abbrev,"",%progbits
 595              	.Ldebug_abbrev0:
 596 0000 01       		.uleb128 0x1
 597 0001 11       		.uleb128 0x11
 598 0002 01       		.byte	0x1
 599 0003 25       		.uleb128 0x25
 600 0004 0E       		.uleb128 0xe
 601 0005 13       		.uleb128 0x13
 602 0006 0B       		.uleb128 0xb
 603 0007 03       		.uleb128 0x3
 604 0008 0E       		.uleb128 0xe
 605 0009 1B       		.uleb128 0x1b
 606 000a 0E       		.uleb128 0xe
 607 000b 55       		.uleb128 0x55
 608 000c 17       		.uleb128 0x17
 609 000d 11       		.uleb128 0x11
 610 000e 01       		.uleb128 0x1
 611 000f 10       		.uleb128 0x10
 612 0010 17       		.uleb128 0x17
 613 0011 00       		.byte	0
 614 0012 00       		.byte	0
 615 0013 02       		.uleb128 0x2
 616 0014 24       		.uleb128 0x24
 617 0015 00       		.byte	0
 618 0016 0B       		.uleb128 0xb
 619 0017 0B       		.uleb128 0xb
 620 0018 3E       		.uleb128 0x3e
 621 0019 0B       		.uleb128 0xb
 622 001a 03       		.uleb128 0x3
 623 001b 0E       		.uleb128 0xe
 624 001c 00       		.byte	0
 625 001d 00       		.byte	0
 626 001e 03       		.uleb128 0x3
ARM GAS  C:\Users\jespe\AppData\Local\Temp\ccpqel91.s 			page 13


 627 001f 16       		.uleb128 0x16
 628 0020 00       		.byte	0
 629 0021 03       		.uleb128 0x3
 630 0022 0E       		.uleb128 0xe
 631 0023 3A       		.uleb128 0x3a
 632 0024 0B       		.uleb128 0xb
 633 0025 3B       		.uleb128 0x3b
 634 0026 0B       		.uleb128 0xb
 635 0027 49       		.uleb128 0x49
 636 0028 13       		.uleb128 0x13
 637 0029 00       		.byte	0
 638 002a 00       		.byte	0
 639 002b 04       		.uleb128 0x4
 640 002c 24       		.uleb128 0x24
 641 002d 00       		.byte	0
 642 002e 0B       		.uleb128 0xb
 643 002f 0B       		.uleb128 0xb
 644 0030 3E       		.uleb128 0x3e
 645 0031 0B       		.uleb128 0xb
 646 0032 03       		.uleb128 0x3
 647 0033 08       		.uleb128 0x8
 648 0034 00       		.byte	0
 649 0035 00       		.byte	0
 650 0036 05       		.uleb128 0x5
 651 0037 3B       		.uleb128 0x3b
 652 0038 00       		.byte	0
 653 0039 03       		.uleb128 0x3
 654 003a 0E       		.uleb128 0xe
 655 003b 00       		.byte	0
 656 003c 00       		.byte	0
 657 003d 06       		.uleb128 0x6
 658 003e 0F       		.uleb128 0xf
 659 003f 00       		.byte	0
 660 0040 0B       		.uleb128 0xb
 661 0041 0B       		.uleb128 0xb
 662 0042 00       		.byte	0
 663 0043 00       		.byte	0
 664 0044 07       		.uleb128 0x7
 665 0045 02       		.uleb128 0x2
 666 0046 01       		.byte	0x1
 667 0047 03       		.uleb128 0x3
 668 0048 08       		.uleb128 0x8
 669 0049 0B       		.uleb128 0xb
 670 004a 0B       		.uleb128 0xb
 671 004b 3A       		.uleb128 0x3a
 672 004c 0B       		.uleb128 0xb
 673 004d 3B       		.uleb128 0x3b
 674 004e 0B       		.uleb128 0xb
 675 004f 01       		.uleb128 0x1
 676 0050 13       		.uleb128 0x13
 677 0051 00       		.byte	0
 678 0052 00       		.byte	0
 679 0053 08       		.uleb128 0x8
 680 0054 2E       		.uleb128 0x2e
 681 0055 01       		.byte	0x1
 682 0056 3F       		.uleb128 0x3f
 683 0057 19       		.uleb128 0x19
ARM GAS  C:\Users\jespe\AppData\Local\Temp\ccpqel91.s 			page 14


 684 0058 03       		.uleb128 0x3
 685 0059 08       		.uleb128 0x8
 686 005a 3A       		.uleb128 0x3a
 687 005b 0B       		.uleb128 0xb
 688 005c 3B       		.uleb128 0x3b
 689 005d 0B       		.uleb128 0xb
 690 005e 6E       		.uleb128 0x6e
 691 005f 0E       		.uleb128 0xe
 692 0060 49       		.uleb128 0x49
 693 0061 13       		.uleb128 0x13
 694 0062 32       		.uleb128 0x32
 695 0063 0B       		.uleb128 0xb
 696 0064 3C       		.uleb128 0x3c
 697 0065 19       		.uleb128 0x19
 698 0066 64       		.uleb128 0x64
 699 0067 13       		.uleb128 0x13
 700 0068 01       		.uleb128 0x1
 701 0069 13       		.uleb128 0x13
 702 006a 00       		.byte	0
 703 006b 00       		.byte	0
 704 006c 09       		.uleb128 0x9
 705 006d 05       		.uleb128 0x5
 706 006e 00       		.byte	0
 707 006f 49       		.uleb128 0x49
 708 0070 13       		.uleb128 0x13
 709 0071 34       		.uleb128 0x34
 710 0072 19       		.uleb128 0x19
 711 0073 00       		.byte	0
 712 0074 00       		.byte	0
 713 0075 0A       		.uleb128 0xa
 714 0076 2E       		.uleb128 0x2e
 715 0077 01       		.byte	0x1
 716 0078 3F       		.uleb128 0x3f
 717 0079 19       		.uleb128 0x19
 718 007a 03       		.uleb128 0x3
 719 007b 0E       		.uleb128 0xe
 720 007c 3A       		.uleb128 0x3a
 721 007d 0B       		.uleb128 0xb
 722 007e 3B       		.uleb128 0x3b
 723 007f 0B       		.uleb128 0xb
 724 0080 6E       		.uleb128 0x6e
 725 0081 0E       		.uleb128 0xe
 726 0082 49       		.uleb128 0x49
 727 0083 13       		.uleb128 0x13
 728 0084 32       		.uleb128 0x32
 729 0085 0B       		.uleb128 0xb
 730 0086 3C       		.uleb128 0x3c
 731 0087 19       		.uleb128 0x19
 732 0088 64       		.uleb128 0x64
 733 0089 13       		.uleb128 0x13
 734 008a 01       		.uleb128 0x1
 735 008b 13       		.uleb128 0x13
 736 008c 00       		.byte	0
 737 008d 00       		.byte	0
 738 008e 0B       		.uleb128 0xb
 739 008f 2E       		.uleb128 0x2e
 740 0090 01       		.byte	0x1
ARM GAS  C:\Users\jespe\AppData\Local\Temp\ccpqel91.s 			page 15


 741 0091 3F       		.uleb128 0x3f
 742 0092 19       		.uleb128 0x19
 743 0093 03       		.uleb128 0x3
 744 0094 0E       		.uleb128 0xe
 745 0095 3A       		.uleb128 0x3a
 746 0096 0B       		.uleb128 0xb
 747 0097 3B       		.uleb128 0x3b
 748 0098 0B       		.uleb128 0xb
 749 0099 6E       		.uleb128 0x6e
 750 009a 0E       		.uleb128 0xe
 751 009b 32       		.uleb128 0x32
 752 009c 0B       		.uleb128 0xb
 753 009d 3C       		.uleb128 0x3c
 754 009e 19       		.uleb128 0x19
 755 009f 64       		.uleb128 0x64
 756 00a0 13       		.uleb128 0x13
 757 00a1 01       		.uleb128 0x1
 758 00a2 13       		.uleb128 0x13
 759 00a3 00       		.byte	0
 760 00a4 00       		.byte	0
 761 00a5 0C       		.uleb128 0xc
 762 00a6 05       		.uleb128 0x5
 763 00a7 00       		.byte	0
 764 00a8 49       		.uleb128 0x49
 765 00a9 13       		.uleb128 0x13
 766 00aa 00       		.byte	0
 767 00ab 00       		.byte	0
 768 00ac 0D       		.uleb128 0xd
 769 00ad 2E       		.uleb128 0x2e
 770 00ae 01       		.byte	0x1
 771 00af 3F       		.uleb128 0x3f
 772 00b0 19       		.uleb128 0x19
 773 00b1 03       		.uleb128 0x3
 774 00b2 0E       		.uleb128 0xe
 775 00b3 3A       		.uleb128 0x3a
 776 00b4 0B       		.uleb128 0xb
 777 00b5 3B       		.uleb128 0x3b
 778 00b6 0B       		.uleb128 0xb
 779 00b7 6E       		.uleb128 0x6e
 780 00b8 0E       		.uleb128 0xe
 781 00b9 32       		.uleb128 0x32
 782 00ba 0B       		.uleb128 0xb
 783 00bb 3C       		.uleb128 0x3c
 784 00bc 19       		.uleb128 0x19
 785 00bd 64       		.uleb128 0x64
 786 00be 13       		.uleb128 0x13
 787 00bf 00       		.byte	0
 788 00c0 00       		.byte	0
 789 00c1 0E       		.uleb128 0xe
 790 00c2 0F       		.uleb128 0xf
 791 00c3 00       		.byte	0
 792 00c4 0B       		.uleb128 0xb
 793 00c5 0B       		.uleb128 0xb
 794 00c6 49       		.uleb128 0x49
 795 00c7 13       		.uleb128 0x13
 796 00c8 00       		.byte	0
 797 00c9 00       		.byte	0
ARM GAS  C:\Users\jespe\AppData\Local\Temp\ccpqel91.s 			page 16


 798 00ca 0F       		.uleb128 0xf
 799 00cb 2E       		.uleb128 0x2e
 800 00cc 01       		.byte	0x1
 801 00cd 47       		.uleb128 0x47
 802 00ce 13       		.uleb128 0x13
 803 00cf 3A       		.uleb128 0x3a
 804 00d0 0B       		.uleb128 0xb
 805 00d1 3B       		.uleb128 0x3b
 806 00d2 0B       		.uleb128 0xb
 807 00d3 20       		.uleb128 0x20
 808 00d4 0B       		.uleb128 0xb
 809 00d5 64       		.uleb128 0x64
 810 00d6 13       		.uleb128 0x13
 811 00d7 01       		.uleb128 0x1
 812 00d8 13       		.uleb128 0x13
 813 00d9 00       		.byte	0
 814 00da 00       		.byte	0
 815 00db 10       		.uleb128 0x10
 816 00dc 05       		.uleb128 0x5
 817 00dd 00       		.byte	0
 818 00de 03       		.uleb128 0x3
 819 00df 0E       		.uleb128 0xe
 820 00e0 49       		.uleb128 0x49
 821 00e1 13       		.uleb128 0x13
 822 00e2 34       		.uleb128 0x34
 823 00e3 19       		.uleb128 0x19
 824 00e4 00       		.byte	0
 825 00e5 00       		.byte	0
 826 00e6 11       		.uleb128 0x11
 827 00e7 26       		.uleb128 0x26
 828 00e8 00       		.byte	0
 829 00e9 49       		.uleb128 0x49
 830 00ea 13       		.uleb128 0x13
 831 00eb 00       		.byte	0
 832 00ec 00       		.byte	0
 833 00ed 12       		.uleb128 0x12
 834 00ee 2E       		.uleb128 0x2e
 835 00ef 01       		.byte	0x1
 836 00f0 31       		.uleb128 0x31
 837 00f1 13       		.uleb128 0x13
 838 00f2 6E       		.uleb128 0x6e
 839 00f3 0E       		.uleb128 0xe
 840 00f4 11       		.uleb128 0x11
 841 00f5 01       		.uleb128 0x1
 842 00f6 12       		.uleb128 0x12
 843 00f7 06       		.uleb128 0x6
 844 00f8 40       		.uleb128 0x40
 845 00f9 18       		.uleb128 0x18
 846 00fa 64       		.uleb128 0x64
 847 00fb 13       		.uleb128 0x13
 848 00fc 9742     		.uleb128 0x2117
 849 00fe 19       		.uleb128 0x19
 850 00ff 01       		.uleb128 0x1
 851 0100 13       		.uleb128 0x13
 852 0101 00       		.byte	0
 853 0102 00       		.byte	0
 854 0103 13       		.uleb128 0x13
ARM GAS  C:\Users\jespe\AppData\Local\Temp\ccpqel91.s 			page 17


 855 0104 05       		.uleb128 0x5
 856 0105 00       		.byte	0
 857 0106 31       		.uleb128 0x31
 858 0107 13       		.uleb128 0x13
 859 0108 02       		.uleb128 0x2
 860 0109 17       		.uleb128 0x17
 861 010a 00       		.byte	0
 862 010b 00       		.byte	0
 863 010c 14       		.uleb128 0x14
 864 010d 898201   		.uleb128 0x4109
 865 0110 00       		.byte	0
 866 0111 11       		.uleb128 0x11
 867 0112 01       		.uleb128 0x1
 868 0113 31       		.uleb128 0x31
 869 0114 13       		.uleb128 0x13
 870 0115 00       		.byte	0
 871 0116 00       		.byte	0
 872 0117 15       		.uleb128 0x15
 873 0118 05       		.uleb128 0x5
 874 0119 00       		.byte	0
 875 011a 31       		.uleb128 0x31
 876 011b 13       		.uleb128 0x13
 877 011c 02       		.uleb128 0x2
 878 011d 18       		.uleb128 0x18
 879 011e 00       		.byte	0
 880 011f 00       		.byte	0
 881 0120 16       		.uleb128 0x16
 882 0121 2E       		.uleb128 0x2e
 883 0122 01       		.byte	0x1
 884 0123 47       		.uleb128 0x47
 885 0124 13       		.uleb128 0x13
 886 0125 3A       		.uleb128 0x3a
 887 0126 0B       		.uleb128 0xb
 888 0127 3B       		.uleb128 0x3b
 889 0128 0B       		.uleb128 0xb
 890 0129 11       		.uleb128 0x11
 891 012a 01       		.uleb128 0x1
 892 012b 12       		.uleb128 0x12
 893 012c 06       		.uleb128 0x6
 894 012d 40       		.uleb128 0x40
 895 012e 18       		.uleb128 0x18
 896 012f 64       		.uleb128 0x64
 897 0130 13       		.uleb128 0x13
 898 0131 9742     		.uleb128 0x2117
 899 0133 19       		.uleb128 0x19
 900 0134 01       		.uleb128 0x1
 901 0135 13       		.uleb128 0x13
 902 0136 00       		.byte	0
 903 0137 00       		.byte	0
 904 0138 17       		.uleb128 0x17
 905 0139 05       		.uleb128 0x5
 906 013a 00       		.byte	0
 907 013b 03       		.uleb128 0x3
 908 013c 0E       		.uleb128 0xe
 909 013d 49       		.uleb128 0x49
 910 013e 13       		.uleb128 0x13
 911 013f 34       		.uleb128 0x34
ARM GAS  C:\Users\jespe\AppData\Local\Temp\ccpqel91.s 			page 18


 912 0140 19       		.uleb128 0x19
 913 0141 02       		.uleb128 0x2
 914 0142 17       		.uleb128 0x17
 915 0143 00       		.byte	0
 916 0144 00       		.byte	0
 917 0145 18       		.uleb128 0x18
 918 0146 05       		.uleb128 0x5
 919 0147 00       		.byte	0
 920 0148 03       		.uleb128 0x3
 921 0149 0E       		.uleb128 0xe
 922 014a 3A       		.uleb128 0x3a
 923 014b 0B       		.uleb128 0xb
 924 014c 3B       		.uleb128 0x3b
 925 014d 0B       		.uleb128 0xb
 926 014e 49       		.uleb128 0x49
 927 014f 13       		.uleb128 0x13
 928 0150 02       		.uleb128 0x2
 929 0151 17       		.uleb128 0x17
 930 0152 00       		.byte	0
 931 0153 00       		.byte	0
 932 0154 19       		.uleb128 0x19
 933 0155 898201   		.uleb128 0x4109
 934 0158 01       		.byte	0x1
 935 0159 11       		.uleb128 0x11
 936 015a 01       		.uleb128 0x1
 937 015b 31       		.uleb128 0x31
 938 015c 13       		.uleb128 0x13
 939 015d 01       		.uleb128 0x1
 940 015e 13       		.uleb128 0x13
 941 015f 00       		.byte	0
 942 0160 00       		.byte	0
 943 0161 1A       		.uleb128 0x1a
 944 0162 8A8201   		.uleb128 0x410a
 945 0165 00       		.byte	0
 946 0166 02       		.uleb128 0x2
 947 0167 18       		.uleb128 0x18
 948 0168 9142     		.uleb128 0x2111
 949 016a 18       		.uleb128 0x18
 950 016b 00       		.byte	0
 951 016c 00       		.byte	0
 952 016d 1B       		.uleb128 0x1b
 953 016e 898201   		.uleb128 0x4109
 954 0171 01       		.byte	0x1
 955 0172 11       		.uleb128 0x11
 956 0173 01       		.uleb128 0x1
 957 0174 31       		.uleb128 0x31
 958 0175 13       		.uleb128 0x13
 959 0176 00       		.byte	0
 960 0177 00       		.byte	0
 961 0178 1C       		.uleb128 0x1c
 962 0179 34       		.uleb128 0x34
 963 017a 00       		.byte	0
 964 017b 03       		.uleb128 0x3
 965 017c 0E       		.uleb128 0xe
 966 017d 3A       		.uleb128 0x3a
 967 017e 0B       		.uleb128 0xb
 968 017f 3B       		.uleb128 0x3b
ARM GAS  C:\Users\jespe\AppData\Local\Temp\ccpqel91.s 			page 19


 969 0180 05       		.uleb128 0x5
 970 0181 49       		.uleb128 0x49
 971 0182 13       		.uleb128 0x13
 972 0183 3F       		.uleb128 0x3f
 973 0184 19       		.uleb128 0x19
 974 0185 3C       		.uleb128 0x3c
 975 0186 19       		.uleb128 0x19
 976 0187 00       		.byte	0
 977 0188 00       		.byte	0
 978 0189 1D       		.uleb128 0x1d
 979 018a 35       		.uleb128 0x35
 980 018b 00       		.byte	0
 981 018c 49       		.uleb128 0x49
 982 018d 13       		.uleb128 0x13
 983 018e 00       		.byte	0
 984 018f 00       		.byte	0
 985 0190 1E       		.uleb128 0x1e
 986 0191 2E       		.uleb128 0x2e
 987 0192 00       		.byte	0
 988 0193 3F       		.uleb128 0x3f
 989 0194 19       		.uleb128 0x19
 990 0195 3C       		.uleb128 0x3c
 991 0196 19       		.uleb128 0x19
 992 0197 6E       		.uleb128 0x6e
 993 0198 0E       		.uleb128 0xe
 994 0199 03       		.uleb128 0x3
 995 019a 0E       		.uleb128 0xe
 996 019b 3A       		.uleb128 0x3a
 997 019c 0B       		.uleb128 0xb
 998 019d 3B       		.uleb128 0x3b
 999 019e 0B       		.uleb128 0xb
 1000 019f 00       		.byte	0
 1001 01a0 00       		.byte	0
 1002 01a1 00       		.byte	0
 1003              		.section	.debug_loc,"",%progbits
 1004              	.Ldebug_loc0:
 1005              	.LLST0:
 1006 0000 00000000 		.4byte	.LVL0
 1007 0004 07000000 		.4byte	.LVL1-1
 1008 0008 0100     		.2byte	0x1
 1009 000a 50       		.byte	0x50
 1010 000b 07000000 		.4byte	.LVL1-1
 1011 000f 0C000000 		.4byte	.LFE64
 1012 0013 0100     		.2byte	0x1
 1013 0015 54       		.byte	0x54
 1014 0016 00000000 		.4byte	0
 1015 001a 00000000 		.4byte	0
 1016              	.LLST1:
 1017 001e 00000000 		.4byte	.LVL3
 1018 0022 0C000000 		.4byte	.LVL4
 1019 0026 0100     		.2byte	0x1
 1020 0028 50       		.byte	0x50
 1021 0029 0C000000 		.4byte	.LVL4
 1022 002d 12000000 		.4byte	.LVL6
 1023 0031 0400     		.2byte	0x4
 1024 0033 F3       		.byte	0xf3
 1025 0034 01       		.uleb128 0x1
ARM GAS  C:\Users\jespe\AppData\Local\Temp\ccpqel91.s 			page 20


 1026 0035 50       		.byte	0x50
 1027 0036 9F       		.byte	0x9f
 1028 0037 12000000 		.4byte	.LVL6
 1029 003b 1C000000 		.4byte	.LVL7
 1030 003f 0100     		.2byte	0x1
 1031 0041 50       		.byte	0x50
 1032 0042 1C000000 		.4byte	.LVL7
 1033 0046 22000000 		.4byte	.LFE69
 1034 004a 0400     		.2byte	0x4
 1035 004c F3       		.byte	0xf3
 1036 004d 01       		.uleb128 0x1
 1037 004e 50       		.byte	0x50
 1038 004f 9F       		.byte	0x9f
 1039 0050 00000000 		.4byte	0
 1040 0054 00000000 		.4byte	0
 1041              	.LLST2:
 1042 0058 00000000 		.4byte	.LVL3
 1043 005c 0F000000 		.4byte	.LVL5-1
 1044 0060 0100     		.2byte	0x1
 1045 0062 51       		.byte	0x51
 1046 0063 0F000000 		.4byte	.LVL5-1
 1047 0067 12000000 		.4byte	.LVL6
 1048 006b 0400     		.2byte	0x4
 1049 006d F3       		.byte	0xf3
 1050 006e 01       		.uleb128 0x1
 1051 006f 51       		.byte	0x51
 1052 0070 9F       		.byte	0x9f
 1053 0071 12000000 		.4byte	.LVL6
 1054 0075 1F000000 		.4byte	.LVL8-1
 1055 0079 0100     		.2byte	0x1
 1056 007b 51       		.byte	0x51
 1057 007c 1F000000 		.4byte	.LVL8-1
 1058 0080 22000000 		.4byte	.LFE69
 1059 0084 0400     		.2byte	0x4
 1060 0086 F3       		.byte	0xf3
 1061 0087 01       		.uleb128 0x1
 1062 0088 51       		.byte	0x51
 1063 0089 9F       		.byte	0x9f
 1064 008a 00000000 		.4byte	0
 1065 008e 00000000 		.4byte	0
 1066              	.LLST3:
 1067 0092 00000000 		.4byte	.LVL9
 1068 0096 0C000000 		.4byte	.LVL10
 1069 009a 0100     		.2byte	0x1
 1070 009c 50       		.byte	0x50
 1071 009d 0C000000 		.4byte	.LVL10
 1072 00a1 12000000 		.4byte	.LVL12
 1073 00a5 0400     		.2byte	0x4
 1074 00a7 F3       		.byte	0xf3
 1075 00a8 01       		.uleb128 0x1
 1076 00a9 50       		.byte	0x50
 1077 00aa 9F       		.byte	0x9f
 1078 00ab 12000000 		.4byte	.LVL12
 1079 00af 1C000000 		.4byte	.LVL13
 1080 00b3 0100     		.2byte	0x1
 1081 00b5 50       		.byte	0x50
 1082 00b6 1C000000 		.4byte	.LVL13
ARM GAS  C:\Users\jespe\AppData\Local\Temp\ccpqel91.s 			page 21


 1083 00ba 22000000 		.4byte	.LFE70
 1084 00be 0400     		.2byte	0x4
 1085 00c0 F3       		.byte	0xf3
 1086 00c1 01       		.uleb128 0x1
 1087 00c2 50       		.byte	0x50
 1088 00c3 9F       		.byte	0x9f
 1089 00c4 00000000 		.4byte	0
 1090 00c8 00000000 		.4byte	0
 1091              	.LLST4:
 1092 00cc 00000000 		.4byte	.LVL9
 1093 00d0 0F000000 		.4byte	.LVL11-1
 1094 00d4 0100     		.2byte	0x1
 1095 00d6 51       		.byte	0x51
 1096 00d7 0F000000 		.4byte	.LVL11-1
 1097 00db 12000000 		.4byte	.LVL12
 1098 00df 0400     		.2byte	0x4
 1099 00e1 F3       		.byte	0xf3
 1100 00e2 01       		.uleb128 0x1
 1101 00e3 51       		.byte	0x51
 1102 00e4 9F       		.byte	0x9f
 1103 00e5 12000000 		.4byte	.LVL12
 1104 00e9 1F000000 		.4byte	.LVL14-1
 1105 00ed 0100     		.2byte	0x1
 1106 00ef 51       		.byte	0x51
 1107 00f0 1F000000 		.4byte	.LVL14-1
 1108 00f4 22000000 		.4byte	.LFE70
 1109 00f8 0400     		.2byte	0x4
 1110 00fa F3       		.byte	0xf3
 1111 00fb 01       		.uleb128 0x1
 1112 00fc 51       		.byte	0x51
 1113 00fd 9F       		.byte	0x9f
 1114 00fe 00000000 		.4byte	0
 1115 0102 00000000 		.4byte	0
 1116              	.LLST5:
 1117 0106 00000000 		.4byte	.LVL15
 1118 010a 0C000000 		.4byte	.LVL16
 1119 010e 0100     		.2byte	0x1
 1120 0110 50       		.byte	0x50
 1121 0111 0C000000 		.4byte	.LVL16
 1122 0115 12000000 		.4byte	.LVL18
 1123 0119 0400     		.2byte	0x4
 1124 011b F3       		.byte	0xf3
 1125 011c 01       		.uleb128 0x1
 1126 011d 50       		.byte	0x50
 1127 011e 9F       		.byte	0x9f
 1128 011f 12000000 		.4byte	.LVL18
 1129 0123 1C000000 		.4byte	.LVL19
 1130 0127 0100     		.2byte	0x1
 1131 0129 50       		.byte	0x50
 1132 012a 1C000000 		.4byte	.LVL19
 1133 012e 22000000 		.4byte	.LFE71
 1134 0132 0400     		.2byte	0x4
 1135 0134 F3       		.byte	0xf3
 1136 0135 01       		.uleb128 0x1
 1137 0136 50       		.byte	0x50
 1138 0137 9F       		.byte	0x9f
 1139 0138 00000000 		.4byte	0
ARM GAS  C:\Users\jespe\AppData\Local\Temp\ccpqel91.s 			page 22


 1140 013c 00000000 		.4byte	0
 1141              	.LLST6:
 1142 0140 00000000 		.4byte	.LVL15
 1143 0144 0F000000 		.4byte	.LVL17-1
 1144 0148 0100     		.2byte	0x1
 1145 014a 51       		.byte	0x51
 1146 014b 0F000000 		.4byte	.LVL17-1
 1147 014f 12000000 		.4byte	.LVL18
 1148 0153 0400     		.2byte	0x4
 1149 0155 F3       		.byte	0xf3
 1150 0156 01       		.uleb128 0x1
 1151 0157 51       		.byte	0x51
 1152 0158 9F       		.byte	0x9f
 1153 0159 12000000 		.4byte	.LVL18
 1154 015d 1F000000 		.4byte	.LVL20-1
 1155 0161 0100     		.2byte	0x1
 1156 0163 51       		.byte	0x51
 1157 0164 1F000000 		.4byte	.LVL20-1
 1158 0168 22000000 		.4byte	.LFE71
 1159 016c 0400     		.2byte	0x4
 1160 016e F3       		.byte	0xf3
 1161 016f 01       		.uleb128 0x1
 1162 0170 51       		.byte	0x51
 1163 0171 9F       		.byte	0x9f
 1164 0172 00000000 		.4byte	0
 1165 0176 00000000 		.4byte	0
 1166              		.section	.debug_aranges,"",%progbits
 1167 0000 3C000000 		.4byte	0x3c
 1168 0004 0200     		.2byte	0x2
 1169 0006 00000000 		.4byte	.Ldebug_info0
 1170 000a 04       		.byte	0x4
 1171 000b 00       		.byte	0
 1172 000c 0000     		.2byte	0
 1173 000e 0000     		.2byte	0
 1174 0010 00000000 		.4byte	.LFB64
 1175 0014 0C000000 		.4byte	.LFE64-.LFB64
 1176 0018 00000000 		.4byte	.LFB67
 1177 001c 02000000 		.4byte	.LFE67-.LFB67
 1178 0020 00000000 		.4byte	.LFB69
 1179 0024 22000000 		.4byte	.LFE69-.LFB69
 1180 0028 00000000 		.4byte	.LFB70
 1181 002c 22000000 		.4byte	.LFE70-.LFB70
 1182 0030 00000000 		.4byte	.LFB71
 1183 0034 22000000 		.4byte	.LFE71-.LFB71
 1184 0038 00000000 		.4byte	0
 1185 003c 00000000 		.4byte	0
 1186              		.section	.debug_ranges,"",%progbits
 1187              	.Ldebug_ranges0:
 1188 0000 00000000 		.4byte	.LFB64
 1189 0004 0C000000 		.4byte	.LFE64
 1190 0008 00000000 		.4byte	.LFB67
 1191 000c 02000000 		.4byte	.LFE67
 1192 0010 00000000 		.4byte	.LFB69
 1193 0014 22000000 		.4byte	.LFE69
 1194 0018 00000000 		.4byte	.LFB70
 1195 001c 22000000 		.4byte	.LFE70
 1196 0020 00000000 		.4byte	.LFB71
ARM GAS  C:\Users\jespe\AppData\Local\Temp\ccpqel91.s 			page 23


 1197 0024 22000000 		.4byte	.LFE71
 1198 0028 00000000 		.4byte	0
 1199 002c 00000000 		.4byte	0
 1200              		.section	.debug_line,"",%progbits
 1201              	.Ldebug_line0:
 1202 0000 DE010000 		.section	.debug_str,"MS",%progbits,1
 1202      02005401 
 1202      00000201 
 1202      FB0E0D00 
 1202      01010101 
 1203              	.LASF31:
 1204 0000 433A5C55 		.ascii	"C:\\Users\\jespe\\Desktop\\GIT\\iFollow\\Software\\"
 1204      73657273 
 1204      5C6A6573 
 1204      70655C44 
 1204      65736B74 
 1205 002c 50534F43 		.ascii	"PSOC\\Projekt_PSoC_Kode\\Projekt_PSoC_Kode.cydsn\000"
 1205      5C50726F 
 1205      6A656B74 
 1205      5F50536F 
 1205      435F4B6F 
 1206              	.LASF34:
 1207 005b 5F5A4E33 		.ascii	"_ZN3LEDD4Ev\000"
 1207      4C454444 
 1207      34457600 
 1208              	.LASF9:
 1209 0067 5F5F696E 		.ascii	"__int32_t\000"
 1209      7433325F 
 1209      7400
 1210              	.LASF23:
 1211 0071 5F5A4E33 		.ascii	"_ZN3LEDC2Ev\000"
 1211      4C454443 
 1211      32457600 
 1212              	.LASF27:
 1213 007d 4C45445F 		.ascii	"LED_PWM_WriteCompare2\000"
 1213      50574D5F 
 1213      57726974 
 1213      65436F6D 
 1213      70617265 
 1214              	.LASF11:
 1215 0093 666C6F61 		.ascii	"float\000"
 1215      7400
 1216              	.LASF20:
 1217 0099 5F5A4E33 		.ascii	"_ZN3LED10turnOffLedEc\000"
 1217      4C454431 
 1217      30747572 
 1217      6E4F6666 
 1217      4C656445 
 1218              	.LASF21:
 1219 00af 74686973 		.ascii	"this\000"
 1219      00
 1220              	.LASF5:
 1221 00b4 6C6F6E67 		.ascii	"long unsigned int\000"
 1221      20756E73 
 1221      69676E65 
 1221      6420696E 
 1221      7400
ARM GAS  C:\Users\jespe\AppData\Local\Temp\ccpqel91.s 			page 24


 1222              	.LASF28:
 1223 00c6 4C45445F 		.ascii	"LED_PWM_WriteCompare1\000"
 1223      50574D5F 
 1223      57726974 
 1223      65436F6D 
 1223      70617265 
 1224              	.LASF3:
 1225 00dc 73686F72 		.ascii	"short unsigned int\000"
 1225      7420756E 
 1225      7369676E 
 1225      65642069 
 1225      6E7400
 1226              	.LASF16:
 1227 00ef 7E4C4544 		.ascii	"~LED\000"
 1227      00
 1228              	.LASF24:
 1229 00f4 5F5A4E33 		.ascii	"_ZN3LEDD2Ev\000"
 1229      4C454444 
 1229      32457600 
 1230              	.LASF37:
 1231 0100 49544D5F 		.ascii	"ITM_RxBuffer\000"
 1231      52784275 
 1231      66666572 
 1231      00
 1232              	.LASF26:
 1233 010d 4C45445F 		.ascii	"LED_PWM_Start\000"
 1233      50574D5F 
 1233      53746172 
 1233      7400
 1234              	.LASF17:
 1235 011b 7475726E 		.ascii	"turnOnLed\000"
 1235      4F6E4C65 
 1235      6400
 1236              	.LASF12:
 1237 0125 646F7562 		.ascii	"double\000"
 1237      6C6500
 1238              	.LASF1:
 1239 012c 756E7369 		.ascii	"unsigned char\000"
 1239      676E6564 
 1239      20636861 
 1239      7200
 1240              	.LASF8:
 1241 013a 756E7369 		.ascii	"unsigned int\000"
 1241      676E6564 
 1241      20696E74 
 1241      00
 1242              	.LASF19:
 1243 0147 5F5A4E33 		.ascii	"_ZN3LED9turnOnLedEc\000"
 1243      4C454439 
 1243      7475726E 
 1243      4F6E4C65 
 1243      64456300 
 1244              	.LASF7:
 1245 015b 6C6F6E67 		.ascii	"long long unsigned int\000"
 1245      206C6F6E 
 1245      6720756E 
 1245      7369676E 
ARM GAS  C:\Users\jespe\AppData\Local\Temp\ccpqel91.s 			page 25


 1245      65642069 
 1246              	.LASF35:
 1247 0172 626C696E 		.ascii	"blinkLed\000"
 1247      6B4C6564 
 1247      00
 1248              	.LASF10:
 1249 017b 696E7433 		.ascii	"int32_t\000"
 1249      325F7400 
 1250              	.LASF30:
 1251 0183 4C45442E 		.ascii	"LED.c\000"
 1251      6300
 1252              	.LASF15:
 1253 0189 73697A65 		.ascii	"sizetype\000"
 1253      74797065 
 1253      00
 1254              	.LASF6:
 1255 0192 6C6F6E67 		.ascii	"long long int\000"
 1255      206C6F6E 
 1255      6720696E 
 1255      7400
 1256              	.LASF25:
 1257 01a0 436F6C6F 		.ascii	"Color\000"
 1257      7200
 1258              	.LASF13:
 1259 01a6 63686172 		.ascii	"char\000"
 1259      00
 1260              	.LASF32:
 1261 01ab 6465636C 		.ascii	"decltype(nullptr)\000"
 1261      74797065 
 1261      286E756C 
 1261      6C707472 
 1261      2900
 1262              	.LASF2:
 1263 01bd 73686F72 		.ascii	"short int\000"
 1263      7420696E 
 1263      7400
 1264              	.LASF22:
 1265 01c7 5F5F696E 		.ascii	"__in_chrg\000"
 1265      5F636872 
 1265      6700
 1266              	.LASF18:
 1267 01d1 7475726E 		.ascii	"turnOffLed\000"
 1267      4F66664C 
 1267      656400
 1268              	.LASF36:
 1269 01dc 5F5A4E33 		.ascii	"_ZN3LED8blinkLedEc\000"
 1269      4C454438 
 1269      626C696E 
 1269      6B4C6564 
 1269      456300
 1270              	.LASF33:
 1271 01ef 5F5A4E33 		.ascii	"_ZN3LEDC4Ev\000"
 1271      4C454443 
 1271      34457600 
 1272              	.LASF4:
 1273 01fb 6C6F6E67 		.ascii	"long int\000"
 1273      20696E74 
ARM GAS  C:\Users\jespe\AppData\Local\Temp\ccpqel91.s 			page 26


 1273      00
 1274              	.LASF14:
 1275 0204 6C6F6E67 		.ascii	"long double\000"
 1275      20646F75 
 1275      626C6500 
 1276              	.LASF0:
 1277 0210 7369676E 		.ascii	"signed char\000"
 1277      65642063 
 1277      68617200 
 1278              	.LASF29:
 1279 021c 474E5520 		.ascii	"GNU C++14 5.4.1 20160609 (release) [ARM/embedded-5-"
 1279      432B2B31 
 1279      3420352E 
 1279      342E3120 
 1279      32303136 
 1280 024f 6272616E 		.ascii	"branch revision 237715] -mcpu=cortex-m3 -mthumb -g "
 1280      63682072 
 1280      65766973 
 1280      696F6E20 
 1280      32333737 
 1281 0282 2D4F6720 		.ascii	"-Og -std=c++1z -ffunction-sections -ffat-lto-object"
 1281      2D737464 
 1281      3D632B2B 
 1281      317A202D 
 1281      6666756E 
 1282 02b5 73202D66 		.ascii	"s -fno-exceptions\000"
 1282      6E6F2D65 
 1282      78636570 
 1282      74696F6E 
 1282      7300
 1283              		.ident	"GCC: (GNU Tools for ARM Embedded Processors) 5.4.1 20160609 (release) [ARM/embedded-5-bran
