ARM GAS  C:\Users\jespe\AppData\Local\Temp\ccHBJIwq.s 			page 1


   1              		.syntax unified
   2              		.cpu cortex-m3
   3              		.fpu softvfp
   4              		.eabi_attribute 20, 1
   5              		.eabi_attribute 21, 1
   6              		.eabi_attribute 23, 3
   7              		.eabi_attribute 24, 1
   8              		.eabi_attribute 25, 1
   9              		.eabi_attribute 26, 1
  10              		.eabi_attribute 30, 1
  11              		.eabi_attribute 34, 1
  12              		.eabi_attribute 18, 4
  13              		.thumb
  14              		.syntax unified
  15              		.file	"MotorController.c"
  16              		.text
  17              	.Ltext0:
  18              		.cfi_sections	.debug_frame
  19              		.section	.text._ZN15MotorControllerC2Ev,"ax",%progbits
  20              		.align	2
  21              		.global	_ZN15MotorControllerC2Ev
  22              		.thumb
  23              		.thumb_func
  24              		.type	_ZN15MotorControllerC2Ev, %function
  25              	_ZN15MotorControllerC2Ev:
  26              	.LFB64:
  27              		.file 1 "MotorController.c"
   1:MotorController.c **** /* ========================================
   2:MotorController.c ****  *
   3:MotorController.c ****  * Copyright YOUR COMPANY, THE YEAR
   4:MotorController.c ****  * All Rights Reserved
   5:MotorController.c ****  * UNPUBLISHED, LICENSED SOFTWARE.
   6:MotorController.c ****  *
   7:MotorController.c ****  * CONFIDENTIAL AND PROPRIETARY INFORMATION
   8:MotorController.c ****  * WHICH IS THE PROPERTY OF your company.
   9:MotorController.c ****  *
  10:MotorController.c ****  * ========================================
  11:MotorController.c **** */
  12:MotorController.c **** 
  13:MotorController.c **** /* [] END OF FILE */
  14:MotorController.c **** 
  15:MotorController.c **** #include "MotorController.h"
  16:MotorController.c **** 
  17:MotorController.c **** MotorController::MotorController()
  28              		.loc 1 17 0
  29              		.cfi_startproc
  30              		@ args = 0, pretend = 0, frame = 0
  31              		@ frame_needed = 0, uses_anonymous_args = 0
  32              	.LVL0:
  33 0000 10B5     		push	{r4, lr}
  34              		.cfi_def_cfa_offset 8
  35              		.cfi_offset 4, -8
  36              		.cfi_offset 14, -4
  37 0002 0446     		mov	r4, r0
  38              	.LBB2:
  39              		.loc 1 17 0
  40 0004 0023     		movs	r3, #0
ARM GAS  C:\Users\jespe\AppData\Local\Temp\ccHBJIwq.s 			page 2


  41 0006 0360     		str	r3, [r0]
  42 0008 4360     		str	r3, [r0, #4]
  43 000a 0123     		movs	r3, #1
  44 000c 0372     		strb	r3, [r0, #8]
  18:MotorController.c **** {
  19:MotorController.c ****     PWM_1_Start();
  45              		.loc 1 19 0
  46 000e FFF7FEFF 		bl	PWM_1_Start
  47              	.LVL1:
  48              	.LBE2:
  20:MotorController.c **** }
  49              		.loc 1 20 0
  50 0012 2046     		mov	r0, r4
  51 0014 10BD     		pop	{r4, pc}
  52              		.cfi_endproc
  53              	.LFE64:
  54              		.size	_ZN15MotorControllerC2Ev, .-_ZN15MotorControllerC2Ev
  55              		.global	_ZN15MotorControllerC1Ev
  56              		.thumb_set _ZN15MotorControllerC1Ev,_ZN15MotorControllerC2Ev
  57 0016 00BF     		.section	.text._ZN15MotorControllerD2Ev,"ax",%progbits
  58              		.align	2
  59              		.global	_ZN15MotorControllerD2Ev
  60              		.thumb
  61              		.thumb_func
  62              		.type	_ZN15MotorControllerD2Ev, %function
  63              	_ZN15MotorControllerD2Ev:
  64              	.LFB67:
  21:MotorController.c **** 
  22:MotorController.c **** MotorController::~MotorController()
  65              		.loc 1 22 0
  66              		.cfi_startproc
  67              		@ args = 0, pretend = 0, frame = 0
  68              		@ frame_needed = 0, uses_anonymous_args = 0
  69              		@ link register save eliminated.
  70              	.LVL2:
  23:MotorController.c **** {
  24:MotorController.c **** }
  71              		.loc 1 24 0
  72 0000 7047     		bx	lr
  73              		.cfi_endproc
  74              	.LFE67:
  75              		.size	_ZN15MotorControllerD2Ev, .-_ZN15MotorControllerD2Ev
  76              		.global	_ZN15MotorControllerD1Ev
  77              		.thumb_set _ZN15MotorControllerD1Ev,_ZN15MotorControllerD2Ev
  78 0002 00BF     		.section	.text._ZN15MotorController10setLeftPWMEi,"ax",%progbits
  79              		.align	2
  80              		.global	_ZN15MotorController10setLeftPWMEi
  81              		.thumb
  82              		.thumb_func
  83              		.type	_ZN15MotorController10setLeftPWMEi, %function
  84              	_ZN15MotorController10setLeftPWMEi:
  85              	.LFB72:
  25:MotorController.c **** 
  26:MotorController.c **** void MotorController::GoForward(int pwm)
  27:MotorController.c **** {
  28:MotorController.c ****     if (pwm == 0)
  29:MotorController.c ****     {
ARM GAS  C:\Users\jespe\AppData\Local\Temp\ccHBJIwq.s 			page 3


  30:MotorController.c ****         setLeftPWM(0);
  31:MotorController.c ****         setRightPWM(0);
  32:MotorController.c ****     }
  33:MotorController.c ****     else
  34:MotorController.c ****     {
  35:MotorController.c ****         setLeftPWM(500+(4*pwm));
  36:MotorController.c ****         setRightPWM(500+(4*pwm));
  37:MotorController.c ****     }
  38:MotorController.c ****     setDir(FORWARD);
  39:MotorController.c **** }
  40:MotorController.c ****     
  41:MotorController.c **** void MotorController::GoBackward(int pwm)
  42:MotorController.c **** {
  43:MotorController.c ****      if (pwm == 0)
  44:MotorController.c ****     {
  45:MotorController.c ****         setLeftPWM(0);
  46:MotorController.c ****         setRightPWM(0);
  47:MotorController.c ****     }
  48:MotorController.c ****     else
  49:MotorController.c ****     {
  50:MotorController.c ****         setLeftPWM(500+(4*pwm));
  51:MotorController.c ****         setRightPWM(500+(4*pwm));
  52:MotorController.c ****     }
  53:MotorController.c ****     setDir(BARCKWARD);
  54:MotorController.c **** }
  55:MotorController.c ****       
  56:MotorController.c **** void MotorController::Turn(int pwm, char dir)
  57:MotorController.c **** {
  58:MotorController.c ****     int CMP = 500+(4*pwm);
  59:MotorController.c ****     if (dir == 'l')
  60:MotorController.c ****     {
  61:MotorController.c ****         if ((Rightpwm_ - CMP) < 0)
  62:MotorController.c ****         {
  63:MotorController.c ****             setRightPWM(CMP+(CMP-Rightpwm_));
  64:MotorController.c ****             setLeftPWM(0);
  65:MotorController.c ****         }
  66:MotorController.c ****         else 
  67:MotorController.c ****         {
  68:MotorController.c ****             setRightPWM(Rightpwm_-CMP);
  69:MotorController.c ****         }
  70:MotorController.c ****         setDir(FORWARD);
  71:MotorController.c ****     }
  72:MotorController.c ****     else if (dir == 'r')
  73:MotorController.c ****     {
  74:MotorController.c ****         if ((CMP + Leftpwm_) > 100)
  75:MotorController.c ****         {
  76:MotorController.c ****             setLeftPWM(100);
  77:MotorController.c ****             setRightPWM(100-CMP);
  78:MotorController.c ****         }
  79:MotorController.c ****         else 
  80:MotorController.c ****         {
  81:MotorController.c ****             setLeftPWM(Leftpwm_+CMP);
  82:MotorController.c ****         }
  83:MotorController.c ****         setDir(FORWARD);
  84:MotorController.c ****         /*
  85:MotorController.c ****         if (Leftpwm_ > (100-pwm))
  86:MotorController.c ****         {
ARM GAS  C:\Users\jespe\AppData\Local\Temp\ccHBJIwq.s 			page 4


  87:MotorController.c ****             setRightPWM(100-pwm);
  88:MotorController.c ****         }
  89:MotorController.c ****         setLeftPWM(pwm+Leftpwm_);
  90:MotorController.c ****         setDir(FORWARD); 
  91:MotorController.c ****         */
  92:MotorController.c ****     }
  93:MotorController.c **** }
  94:MotorController.c ****       
  95:MotorController.c **** void MotorController::setLeftPWM(int pwm)
  96:MotorController.c **** {
  86              		.loc 1 96 0
  87              		.cfi_startproc
  88              		@ args = 0, pretend = 0, frame = 0
  89              		@ frame_needed = 0, uses_anonymous_args = 0
  90              	.LVL3:
  91 0000 08B5     		push	{r3, lr}
  92              		.cfi_def_cfa_offset 8
  93              		.cfi_offset 3, -8
  94              		.cfi_offset 14, -4
  97:MotorController.c ****     Leftpwm_ = pwm;
  95              		.loc 1 97 0
  96 0002 0160     		str	r1, [r0]
  98:MotorController.c ****     PWM_1_WriteCompare1(pwm);
  97              		.loc 1 98 0
  98 0004 88B2     		uxth	r0, r1
  99              	.LVL4:
 100 0006 FFF7FEFF 		bl	PWM_1_WriteCompare1
 101              	.LVL5:
 102 000a 08BD     		pop	{r3, pc}
 103              		.cfi_endproc
 104              	.LFE72:
 105              		.size	_ZN15MotorController10setLeftPWMEi, .-_ZN15MotorController10setLeftPWMEi
 106              		.section	.text._ZNK15MotorController10getLeftPWMEv,"ax",%progbits
 107              		.align	2
 108              		.global	_ZNK15MotorController10getLeftPWMEv
 109              		.thumb
 110              		.thumb_func
 111              		.type	_ZNK15MotorController10getLeftPWMEv, %function
 112              	_ZNK15MotorController10getLeftPWMEv:
 113              	.LFB73:
  99:MotorController.c **** }
 100:MotorController.c ****       
 101:MotorController.c **** int MotorController::getLeftPWM(void) const
 102:MotorController.c **** {
 114              		.loc 1 102 0
 115              		.cfi_startproc
 116              		@ args = 0, pretend = 0, frame = 0
 117              		@ frame_needed = 0, uses_anonymous_args = 0
 118              		@ link register save eliminated.
 119              	.LVL6:
 103:MotorController.c ****     return Leftpwm_;
 104:MotorController.c **** }
 120              		.loc 1 104 0
 121 0000 0068     		ldr	r0, [r0]
 122              	.LVL7:
 123 0002 7047     		bx	lr
 124              		.cfi_endproc
ARM GAS  C:\Users\jespe\AppData\Local\Temp\ccHBJIwq.s 			page 5


 125              	.LFE73:
 126              		.size	_ZNK15MotorController10getLeftPWMEv, .-_ZNK15MotorController10getLeftPWMEv
 127              		.section	.text._ZN15MotorController11setRightPWMEi,"ax",%progbits
 128              		.align	2
 129              		.global	_ZN15MotorController11setRightPWMEi
 130              		.thumb
 131              		.thumb_func
 132              		.type	_ZN15MotorController11setRightPWMEi, %function
 133              	_ZN15MotorController11setRightPWMEi:
 134              	.LFB74:
 105:MotorController.c ****     
 106:MotorController.c **** void MotorController::setRightPWM(int pwm)
 107:MotorController.c **** {
 135              		.loc 1 107 0
 136              		.cfi_startproc
 137              		@ args = 0, pretend = 0, frame = 0
 138              		@ frame_needed = 0, uses_anonymous_args = 0
 139              	.LVL8:
 140 0000 08B5     		push	{r3, lr}
 141              		.cfi_def_cfa_offset 8
 142              		.cfi_offset 3, -8
 143              		.cfi_offset 14, -4
 108:MotorController.c ****     Rightpwm_ = pwm;
 144              		.loc 1 108 0
 145 0002 4160     		str	r1, [r0, #4]
 109:MotorController.c ****     PWM_1_WriteCompare2(pwm);
 146              		.loc 1 109 0
 147 0004 88B2     		uxth	r0, r1
 148              	.LVL9:
 149 0006 FFF7FEFF 		bl	PWM_1_WriteCompare2
 150              	.LVL10:
 151 000a 08BD     		pop	{r3, pc}
 152              		.cfi_endproc
 153              	.LFE74:
 154              		.size	_ZN15MotorController11setRightPWMEi, .-_ZN15MotorController11setRightPWMEi
 155              		.section	.text._ZNK15MotorController11getRightPWMEv,"ax",%progbits
 156              		.align	2
 157              		.global	_ZNK15MotorController11getRightPWMEv
 158              		.thumb
 159              		.thumb_func
 160              		.type	_ZNK15MotorController11getRightPWMEv, %function
 161              	_ZNK15MotorController11getRightPWMEv:
 162              	.LFB75:
 110:MotorController.c **** }
 111:MotorController.c ****       
 112:MotorController.c **** int MotorController::getRightPWM(void) const
 113:MotorController.c **** {
 163              		.loc 1 113 0
 164              		.cfi_startproc
 165              		@ args = 0, pretend = 0, frame = 0
 166              		@ frame_needed = 0, uses_anonymous_args = 0
 167              		@ link register save eliminated.
 168              	.LVL11:
 114:MotorController.c ****     return Rightpwm_;
 115:MotorController.c **** }
 169              		.loc 1 115 0
 170 0000 4068     		ldr	r0, [r0, #4]
ARM GAS  C:\Users\jespe\AppData\Local\Temp\ccHBJIwq.s 			page 6


 171              	.LVL12:
 172 0002 7047     		bx	lr
 173              		.cfi_endproc
 174              	.LFE75:
 175              		.size	_ZNK15MotorController11getRightPWMEv, .-_ZNK15MotorController11getRightPWMEv
 176              		.section	.text._ZN15MotorController6setDirEb,"ax",%progbits
 177              		.align	2
 178              		.global	_ZN15MotorController6setDirEb
 179              		.thumb
 180              		.thumb_func
 181              		.type	_ZN15MotorController6setDirEb, %function
 182              	_ZN15MotorController6setDirEb:
 183              	.LFB76:
 116:MotorController.c ****       
 117:MotorController.c **** void MotorController::setDir(bool dir)
 118:MotorController.c **** {
 184              		.loc 1 118 0
 185              		.cfi_startproc
 186              		@ args = 0, pretend = 0, frame = 0
 187              		@ frame_needed = 0, uses_anonymous_args = 0
 188              	.LVL13:
 189 0000 10B5     		push	{r4, lr}
 190              		.cfi_def_cfa_offset 8
 191              		.cfi_offset 4, -8
 192              		.cfi_offset 14, -4
 193 0002 0C46     		mov	r4, r1
 119:MotorController.c ****     direction_ = dir;
 194              		.loc 1 119 0
 195 0004 0172     		strb	r1, [r0, #8]
 120:MotorController.c ****     Forward_ORANGE_Write(dir);
 196              		.loc 1 120 0
 197 0006 0846     		mov	r0, r1
 198              	.LVL14:
 199 0008 FFF7FEFF 		bl	Forward_ORANGE_Write
 200              	.LVL15:
 121:MotorController.c ****     Backward_GUL_Write(!dir);
 201              		.loc 1 121 0
 202 000c 84F00100 		eor	r0, r4, #1
 203 0010 FFF7FEFF 		bl	Backward_GUL_Write
 204              	.LVL16:
 205 0014 10BD     		pop	{r4, pc}
 206              		.cfi_endproc
 207              	.LFE76:
 208              		.size	_ZN15MotorController6setDirEb, .-_ZN15MotorController6setDirEb
 209 0016 00BF     		.section	.text._ZN15MotorController9GoForwardEi,"ax",%progbits
 210              		.align	2
 211              		.global	_ZN15MotorController9GoForwardEi
 212              		.thumb
 213              		.thumb_func
 214              		.type	_ZN15MotorController9GoForwardEi, %function
 215              	_ZN15MotorController9GoForwardEi:
 216              	.LFB69:
  27:MotorController.c ****     if (pwm == 0)
 217              		.loc 1 27 0
 218              		.cfi_startproc
 219              		@ args = 0, pretend = 0, frame = 0
 220              		@ frame_needed = 0, uses_anonymous_args = 0
ARM GAS  C:\Users\jespe\AppData\Local\Temp\ccHBJIwq.s 			page 7


 221              	.LVL17:
 222 0000 38B5     		push	{r3, r4, r5, lr}
 223              		.cfi_def_cfa_offset 16
 224              		.cfi_offset 3, -16
 225              		.cfi_offset 4, -12
 226              		.cfi_offset 5, -8
 227              		.cfi_offset 14, -4
 228 0002 0546     		mov	r5, r0
  28:MotorController.c ****     {
 229              		.loc 1 28 0
 230 0004 31B9     		cbnz	r1, .L13
  30:MotorController.c ****         setRightPWM(0);
 231              		.loc 1 30 0
 232 0006 FFF7FEFF 		bl	_ZN15MotorController10setLeftPWMEi
 233              	.LVL18:
  31:MotorController.c ****     }
 234              		.loc 1 31 0
 235 000a 0021     		movs	r1, #0
 236 000c 2846     		mov	r0, r5
 237 000e FFF7FEFF 		bl	_ZN15MotorController11setRightPWMEi
 238              	.LVL19:
 239 0012 09E0     		b	.L14
 240              	.LVL20:
 241              	.L13:
 242 0014 0C46     		mov	r4, r1
  35:MotorController.c ****         setRightPWM(500+(4*pwm));
 243              		.loc 1 35 0
 244 0016 7D34     		adds	r4, r4, #125
 245 0018 A400     		lsls	r4, r4, #2
 246 001a 2146     		mov	r1, r4
 247              	.LVL21:
 248 001c FFF7FEFF 		bl	_ZN15MotorController10setLeftPWMEi
 249              	.LVL22:
  36:MotorController.c ****     }
 250              		.loc 1 36 0
 251 0020 2146     		mov	r1, r4
 252 0022 2846     		mov	r0, r5
 253 0024 FFF7FEFF 		bl	_ZN15MotorController11setRightPWMEi
 254              	.LVL23:
 255              	.L14:
  38:MotorController.c **** }
 256              		.loc 1 38 0
 257 0028 0121     		movs	r1, #1
 258 002a 2846     		mov	r0, r5
 259 002c FFF7FEFF 		bl	_ZN15MotorController6setDirEb
 260              	.LVL24:
 261 0030 38BD     		pop	{r3, r4, r5, pc}
 262              		.cfi_endproc
 263              	.LFE69:
 264              		.size	_ZN15MotorController9GoForwardEi, .-_ZN15MotorController9GoForwardEi
 265 0032 00BF     		.section	.text._ZN15MotorController10GoBackwardEi,"ax",%progbits
 266              		.align	2
 267              		.global	_ZN15MotorController10GoBackwardEi
 268              		.thumb
 269              		.thumb_func
 270              		.type	_ZN15MotorController10GoBackwardEi, %function
 271              	_ZN15MotorController10GoBackwardEi:
ARM GAS  C:\Users\jespe\AppData\Local\Temp\ccHBJIwq.s 			page 8


 272              	.LFB70:
  42:MotorController.c ****      if (pwm == 0)
 273              		.loc 1 42 0
 274              		.cfi_startproc
 275              		@ args = 0, pretend = 0, frame = 0
 276              		@ frame_needed = 0, uses_anonymous_args = 0
 277              	.LVL25:
 278 0000 38B5     		push	{r3, r4, r5, lr}
 279              		.cfi_def_cfa_offset 16
 280              		.cfi_offset 3, -16
 281              		.cfi_offset 4, -12
 282              		.cfi_offset 5, -8
 283              		.cfi_offset 14, -4
 284 0002 0546     		mov	r5, r0
  43:MotorController.c ****     {
 285              		.loc 1 43 0
 286 0004 31B9     		cbnz	r1, .L17
  45:MotorController.c ****         setRightPWM(0);
 287              		.loc 1 45 0
 288 0006 FFF7FEFF 		bl	_ZN15MotorController10setLeftPWMEi
 289              	.LVL26:
  46:MotorController.c ****     }
 290              		.loc 1 46 0
 291 000a 0021     		movs	r1, #0
 292 000c 2846     		mov	r0, r5
 293 000e FFF7FEFF 		bl	_ZN15MotorController11setRightPWMEi
 294              	.LVL27:
 295 0012 09E0     		b	.L18
 296              	.LVL28:
 297              	.L17:
 298 0014 0C46     		mov	r4, r1
  50:MotorController.c ****         setRightPWM(500+(4*pwm));
 299              		.loc 1 50 0
 300 0016 7D34     		adds	r4, r4, #125
 301 0018 A400     		lsls	r4, r4, #2
 302 001a 2146     		mov	r1, r4
 303              	.LVL29:
 304 001c FFF7FEFF 		bl	_ZN15MotorController10setLeftPWMEi
 305              	.LVL30:
  51:MotorController.c ****     }
 306              		.loc 1 51 0
 307 0020 2146     		mov	r1, r4
 308 0022 2846     		mov	r0, r5
 309 0024 FFF7FEFF 		bl	_ZN15MotorController11setRightPWMEi
 310              	.LVL31:
 311              	.L18:
  53:MotorController.c **** }
 312              		.loc 1 53 0
 313 0028 0021     		movs	r1, #0
 314 002a 2846     		mov	r0, r5
 315 002c FFF7FEFF 		bl	_ZN15MotorController6setDirEb
 316              	.LVL32:
 317 0030 38BD     		pop	{r3, r4, r5, pc}
 318              		.cfi_endproc
 319              	.LFE70:
 320              		.size	_ZN15MotorController10GoBackwardEi, .-_ZN15MotorController10GoBackwardEi
 321 0032 00BF     		.section	.text._ZN15MotorController4TurnEic,"ax",%progbits
ARM GAS  C:\Users\jespe\AppData\Local\Temp\ccHBJIwq.s 			page 9


 322              		.align	2
 323              		.global	_ZN15MotorController4TurnEic
 324              		.thumb
 325              		.thumb_func
 326              		.type	_ZN15MotorController4TurnEic, %function
 327              	_ZN15MotorController4TurnEic:
 328              	.LFB71:
  57:MotorController.c ****     int CMP = 500+(4*pwm);
 329              		.loc 1 57 0
 330              		.cfi_startproc
 331              		@ args = 0, pretend = 0, frame = 0
 332              		@ frame_needed = 0, uses_anonymous_args = 0
 333              	.LVL33:
 334 0000 38B5     		push	{r3, r4, r5, lr}
 335              		.cfi_def_cfa_offset 16
 336              		.cfi_offset 3, -16
 337              		.cfi_offset 4, -12
 338              		.cfi_offset 5, -8
 339              		.cfi_offset 14, -4
 340 0002 0546     		mov	r5, r0
  58:MotorController.c ****     if (dir == 'l')
 341              		.loc 1 58 0
 342 0004 7D31     		adds	r1, r1, #125
 343              	.LVL34:
 344 0006 8C00     		lsls	r4, r1, #2
 345              	.LVL35:
  59:MotorController.c ****     {
 346              		.loc 1 59 0
 347 0008 6C2A     		cmp	r2, #108
 348 000a 12D1     		bne	.L21
  61:MotorController.c ****         {
 349              		.loc 1 61 0
 350 000c 4368     		ldr	r3, [r0, #4]
 351 000e 191B     		subs	r1, r3, r4
 352              	.LVL36:
 353 0010 08D5     		bpl	.L22
  63:MotorController.c ****             setLeftPWM(0);
 354              		.loc 1 63 0
 355 0012 C3EB4401 		rsb	r1, r3, r4, lsl #1
 356 0016 FFF7FEFF 		bl	_ZN15MotorController11setRightPWMEi
 357              	.LVL37:
  64:MotorController.c ****         }
 358              		.loc 1 64 0
 359 001a 0021     		movs	r1, #0
 360 001c 2846     		mov	r0, r5
 361 001e FFF7FEFF 		bl	_ZN15MotorController10setLeftPWMEi
 362              	.LVL38:
 363 0022 01E0     		b	.L23
 364              	.LVL39:
 365              	.L22:
  68:MotorController.c ****         }
 366              		.loc 1 68 0
 367 0024 FFF7FEFF 		bl	_ZN15MotorController11setRightPWMEi
 368              	.LVL40:
 369              	.L23:
  70:MotorController.c ****     }
 370              		.loc 1 70 0
ARM GAS  C:\Users\jespe\AppData\Local\Temp\ccHBJIwq.s 			page 10


 371 0028 0121     		movs	r1, #1
 372 002a 2846     		mov	r0, r5
 373 002c FFF7FEFF 		bl	_ZN15MotorController6setDirEb
 374              	.LVL41:
 375 0030 38BD     		pop	{r3, r4, r5, pc}
 376              	.LVL42:
 377              	.L21:
  72:MotorController.c ****     {
 378              		.loc 1 72 0
 379 0032 722A     		cmp	r2, #114
 380 0034 12D1     		bne	.L20
  74:MotorController.c ****         {
 381              		.loc 1 74 0
 382 0036 0168     		ldr	r1, [r0]
 383 0038 2144     		add	r1, r1, r4
 384 003a 6429     		cmp	r1, #100
 385 003c 08DD     		ble	.L25
  76:MotorController.c ****             setRightPWM(100-CMP);
 386              		.loc 1 76 0
 387 003e 6421     		movs	r1, #100
 388 0040 FFF7FEFF 		bl	_ZN15MotorController10setLeftPWMEi
 389              	.LVL43:
  77:MotorController.c ****         }
 390              		.loc 1 77 0
 391 0044 C4F16401 		rsb	r1, r4, #100
 392 0048 2846     		mov	r0, r5
 393 004a FFF7FEFF 		bl	_ZN15MotorController11setRightPWMEi
 394              	.LVL44:
 395 004e 01E0     		b	.L26
 396              	.LVL45:
 397              	.L25:
  81:MotorController.c ****         }
 398              		.loc 1 81 0
 399 0050 FFF7FEFF 		bl	_ZN15MotorController10setLeftPWMEi
 400              	.LVL46:
 401              	.L26:
  83:MotorController.c ****         /*
 402              		.loc 1 83 0
 403 0054 0121     		movs	r1, #1
 404 0056 2846     		mov	r0, r5
 405 0058 FFF7FEFF 		bl	_ZN15MotorController6setDirEb
 406              	.LVL47:
 407              	.L20:
 408 005c 38BD     		pop	{r3, r4, r5, pc}
 409              		.cfi_endproc
 410              	.LFE71:
 411              		.size	_ZN15MotorController4TurnEic, .-_ZN15MotorController4TurnEic
 412 005e 00BF     		.section	.text._ZNK15MotorController6getDirEv,"ax",%progbits
 413              		.align	2
 414              		.global	_ZNK15MotorController6getDirEv
 415              		.thumb
 416              		.thumb_func
 417              		.type	_ZNK15MotorController6getDirEv, %function
 418              	_ZNK15MotorController6getDirEv:
 419              	.LFB77:
 122:MotorController.c **** }
 123:MotorController.c ****       
ARM GAS  C:\Users\jespe\AppData\Local\Temp\ccHBJIwq.s 			page 11


 124:MotorController.c **** bool MotorController::getDir(void) const
 125:MotorController.c **** {
 420              		.loc 1 125 0
 421              		.cfi_startproc
 422              		@ args = 0, pretend = 0, frame = 0
 423              		@ frame_needed = 0, uses_anonymous_args = 0
 424              		@ link register save eliminated.
 425              	.LVL48:
 126:MotorController.c ****     return direction_;
 127:MotorController.c **** }...
 426              		.loc 1 127 0
 427 0000 007A     		ldrb	r0, [r0, #8]	@ zero_extendqisi2
 428              	.LVL49:
 429 0002 7047     		bx	lr
 430              		.cfi_endproc
 431              	.LFE77:
 432              		.size	_ZNK15MotorController6getDirEv, .-_ZNK15MotorController6getDirEv
 433              		.text
 434              	.Letext0:
 435              		.file 2 "c:\\program files (x86)\\cypress\\psoc creator\\4.2\\psoc creator\\import\\gnu\\arm\\5.4.
 436              		.file 3 "c:\\program files (x86)\\cypress\\psoc creator\\4.2\\psoc creator\\import\\gnu\\arm\\5.4.
 437              		.file 4 "MotorController.h"
 438              		.file 5 "Generated_Source\\PSoC5/PWM_1.h"
 439              		.file 6 "Generated_Source\\PSoC5/Forward_ORANGE.h"
 440              		.file 7 "Generated_Source\\PSoC5/Backward_GUL.h"
 441              		.file 8 "Generated_Source\\PSoC5/core_cm3.h"
 442              		.section	.debug_info,"",%progbits
 443              	.Ldebug_info0:
 444 0000 DB060000 		.4byte	0x6db
 445 0004 0400     		.2byte	0x4
 446 0006 00000000 		.4byte	.Ldebug_abbrev0
 447 000a 04       		.byte	0x4
 448 000b 01       		.uleb128 0x1
 449 000c B4030000 		.4byte	.LASF51
 450 0010 04       		.byte	0x4
 451 0011 65010000 		.4byte	.LASF52
 452 0015 00000000 		.4byte	.LASF53
 453 0019 00000000 		.4byte	.Ldebug_ranges0+0
 454 001d 00000000 		.4byte	0
 455 0021 00000000 		.4byte	.Ldebug_line0
 456 0025 02       		.uleb128 0x2
 457 0026 01       		.byte	0x1
 458 0027 06       		.byte	0x6
 459 0028 46010000 		.4byte	.LASF0
 460 002c 02       		.uleb128 0x2
 461 002d 01       		.byte	0x1
 462 002e 08       		.byte	0x8
 463 002f 52010000 		.4byte	.LASF1
 464 0033 02       		.uleb128 0x2
 465 0034 02       		.byte	0x2
 466 0035 05       		.byte	0x5
 467 0036 07030000 		.4byte	.LASF2
 468 003a 02       		.uleb128 0x2
 469 003b 02       		.byte	0x2
 470 003c 07       		.byte	0x7
 471 003d A1030000 		.4byte	.LASF3
 472 0041 03       		.uleb128 0x3
ARM GAS  C:\Users\jespe\AppData\Local\Temp\ccHBJIwq.s 			page 12


 473 0042 85000000 		.4byte	.LASF9
 474 0046 02       		.byte	0x2
 475 0047 3F       		.byte	0x3f
 476 0048 4C000000 		.4byte	0x4c
 477 004c 02       		.uleb128 0x2
 478 004d 04       		.byte	0x4
 479 004e 05       		.byte	0x5
 480 004f 64030000 		.4byte	.LASF4
 481 0053 02       		.uleb128 0x2
 482 0054 04       		.byte	0x4
 483 0055 07       		.byte	0x7
 484 0056 77010000 		.4byte	.LASF5
 485 005a 02       		.uleb128 0x2
 486 005b 08       		.byte	0x8
 487 005c 05       		.byte	0x5
 488 005d A7020000 		.4byte	.LASF6
 489 0061 02       		.uleb128 0x2
 490 0062 08       		.byte	0x8
 491 0063 07       		.byte	0x7
 492 0064 40020000 		.4byte	.LASF7
 493 0068 04       		.uleb128 0x4
 494 0069 04       		.byte	0x4
 495 006a 05       		.byte	0x5
 496 006b 696E7400 		.ascii	"int\000"
 497 006f 02       		.uleb128 0x2
 498 0070 04       		.byte	0x4
 499 0071 07       		.byte	0x7
 500 0072 33020000 		.4byte	.LASF8
 501 0076 03       		.uleb128 0x3
 502 0077 8B020000 		.4byte	.LASF10
 503 007b 03       		.byte	0x3
 504 007c 2C       		.byte	0x2c
 505 007d 41000000 		.4byte	0x41
 506 0081 02       		.uleb128 0x2
 507 0082 04       		.byte	0x4
 508 0083 04       		.byte	0x4
 509 0084 7F000000 		.4byte	.LASF11
 510 0088 02       		.uleb128 0x2
 511 0089 08       		.byte	0x8
 512 008a 04       		.byte	0x4
 513 008b C4010000 		.4byte	.LASF12
 514 008f 02       		.uleb128 0x2
 515 0090 01       		.byte	0x1
 516 0091 08       		.byte	0x8
 517 0092 B5020000 		.4byte	.LASF13
 518 0096 02       		.uleb128 0x2
 519 0097 08       		.byte	0x8
 520 0098 04       		.byte	0x4
 521 0099 95030000 		.4byte	.LASF14
 522 009d 05       		.uleb128 0x5
 523 009e A8010000 		.4byte	.LASF54
 524 00a2 02       		.uleb128 0x2
 525 00a3 04       		.byte	0x4
 526 00a4 07       		.byte	0x7
 527 00a5 93020000 		.4byte	.LASF15
 528 00a9 06       		.uleb128 0x6
 529 00aa 04       		.byte	0x4
ARM GAS  C:\Users\jespe\AppData\Local\Temp\ccHBJIwq.s 			page 13


 530 00ab 07       		.uleb128 0x7
 531 00ac 4D030000 		.4byte	.LASF19
 532 00b0 0C       		.byte	0xc
 533 00b1 04       		.byte	0x4
 534 00b2 1D       		.byte	0x1d
 535 00b3 32020000 		.4byte	0x232
 536 00b7 08       		.uleb128 0x8
 537 00b8 11030000 		.4byte	.LASF16
 538 00bc 04       		.byte	0x4
 539 00bd 2D       		.byte	0x2d
 540 00be 68000000 		.4byte	0x68
 541 00c2 00       		.byte	0
 542 00c3 08       		.uleb128 0x8
 543 00c4 BA010000 		.4byte	.LASF17
 544 00c8 04       		.byte	0x4
 545 00c9 2D       		.byte	0x2d
 546 00ca 68000000 		.4byte	0x68
 547 00ce 04       		.byte	0x4
 548 00cf 08       		.uleb128 0x8
 549 00d0 9C020000 		.4byte	.LASF18
 550 00d4 04       		.byte	0x4
 551 00d5 2E       		.byte	0x2e
 552 00d6 32020000 		.4byte	0x232
 553 00da 08       		.byte	0x8
 554 00db 09       		.uleb128 0x9
 555 00dc 4D030000 		.4byte	.LASF19
 556 00e0 04       		.byte	0x4
 557 00e1 20       		.byte	0x20
 558 00e2 1A020000 		.4byte	.LASF21
 559 00e6 39020000 		.4byte	0x239
 560 00ea 01       		.byte	0x1
 561 00eb F3000000 		.4byte	0xf3
 562 00ef F9000000 		.4byte	0xf9
 563 00f3 0A       		.uleb128 0xa
 564 00f4 39020000 		.4byte	0x239
 565 00f8 00       		.byte	0
 566 00f9 09       		.uleb128 0x9
 567 00fa 7A020000 		.4byte	.LASF20
 568 00fe 04       		.byte	0x4
 569 00ff 21       		.byte	0x21
 570 0100 5F040000 		.4byte	.LASF22
 571 0104 A9000000 		.4byte	0xa9
 572 0108 01       		.byte	0x1
 573 0109 11010000 		.4byte	0x111
 574 010d 1C010000 		.4byte	0x11c
 575 0111 0A       		.uleb128 0xa
 576 0112 39020000 		.4byte	0x239
 577 0116 0A       		.uleb128 0xa
 578 0117 68000000 		.4byte	0x68
 579 011b 00       		.byte	0
 580 011c 0B       		.uleb128 0xb
 581 011d 3C010000 		.4byte	.LASF23
 582 0121 04       		.byte	0x4
 583 0122 22       		.byte	0x22
 584 0123 BC000000 		.4byte	.LASF25
 585 0127 01       		.byte	0x1
 586 0128 30010000 		.4byte	0x130
ARM GAS  C:\Users\jespe\AppData\Local\Temp\ccHBJIwq.s 			page 14


 587 012c 3B010000 		.4byte	0x13b
 588 0130 0A       		.uleb128 0xa
 589 0131 39020000 		.4byte	0x239
 590 0135 0C       		.uleb128 0xc
 591 0136 68000000 		.4byte	0x68
 592 013a 00       		.byte	0
 593 013b 0B       		.uleb128 0xb
 594 013c 6D030000 		.4byte	.LASF24
 595 0140 04       		.byte	0x4
 596 0141 23       		.byte	0x23
 597 0142 C5020000 		.4byte	.LASF26
 598 0146 01       		.byte	0x1
 599 0147 4F010000 		.4byte	0x14f
 600 014b 5A010000 		.4byte	0x15a
 601 014f 0A       		.uleb128 0xa
 602 0150 39020000 		.4byte	0x239
 603 0154 0C       		.uleb128 0xc
 604 0155 68000000 		.4byte	0x68
 605 0159 00       		.byte	0
 606 015a 0B       		.uleb128 0xb
 607 015b 48030000 		.4byte	.LASF27
 608 015f 04       		.byte	0x4
 609 0160 24       		.byte	0x24
 610 0161 78030000 		.4byte	.LASF28
 611 0165 01       		.byte	0x1
 612 0166 6E010000 		.4byte	0x16e
 613 016a 7E010000 		.4byte	0x17e
 614 016e 0A       		.uleb128 0xa
 615 016f 39020000 		.4byte	0x239
 616 0173 0C       		.uleb128 0xc
 617 0174 68000000 		.4byte	0x68
 618 0178 0C       		.uleb128 0xc
 619 0179 8F000000 		.4byte	0x8f
 620 017d 00       		.byte	0
 621 017e 0B       		.uleb128 0xb
 622 017f 74000000 		.4byte	.LASF29
 623 0183 04       		.byte	0x4
 624 0184 25       		.byte	0x25
 625 0185 57020000 		.4byte	.LASF30
 626 0189 01       		.byte	0x1
 627 018a 92010000 		.4byte	0x192
 628 018e 9D010000 		.4byte	0x19d
 629 0192 0A       		.uleb128 0xa
 630 0193 39020000 		.4byte	0x239
 631 0197 0C       		.uleb128 0xc
 632 0198 68000000 		.4byte	0x68
 633 019c 00       		.byte	0
 634 019d 09       		.uleb128 0x9
 635 019e BA020000 		.4byte	.LASF31
 636 01a2 04       		.byte	0x4
 637 01a3 26       		.byte	0x26
 638 01a4 E9010000 		.4byte	.LASF32
 639 01a8 68000000 		.4byte	0x68
 640 01ac 01       		.byte	0x1
 641 01ad B5010000 		.4byte	0x1b5
 642 01b1 BB010000 		.4byte	0x1bb
 643 01b5 0A       		.uleb128 0xa
ARM GAS  C:\Users\jespe\AppData\Local\Temp\ccHBJIwq.s 			page 15


 644 01b6 3F020000 		.4byte	0x23f
 645 01ba 00       		.byte	0
 646 01bb 0B       		.uleb128 0xb
 647 01bc 17010000 		.4byte	.LASF33
 648 01c0 04       		.byte	0x4
 649 01c1 27       		.byte	0x27
 650 01c2 24030000 		.4byte	.LASF34
 651 01c6 01       		.byte	0x1
 652 01c7 CF010000 		.4byte	0x1cf
 653 01cb DA010000 		.4byte	0x1da
 654 01cf 0A       		.uleb128 0xa
 655 01d0 39020000 		.4byte	0x239
 656 01d4 0C       		.uleb128 0xc
 657 01d5 68000000 		.4byte	0x68
 658 01d9 00       		.byte	0
 659 01da 09       		.uleb128 0x9
 660 01db 78040000 		.4byte	.LASF35
 661 01df 04       		.byte	0x4
 662 01e0 28       		.byte	0x28
 663 01e1 F2000000 		.4byte	.LASF36
 664 01e5 68000000 		.4byte	0x68
 665 01e9 01       		.byte	0x1
 666 01ea F2010000 		.4byte	0x1f2
 667 01ee F8010000 		.4byte	0x1f8
 668 01f2 0A       		.uleb128 0xa
 669 01f3 3F020000 		.4byte	0x23f
 670 01f7 00       		.byte	0
 671 01f8 0B       		.uleb128 0xb
 672 01f9 84040000 		.4byte	.LASF37
 673 01fd 04       		.byte	0x4
 674 01fe 29       		.byte	0x29
 675 01ff CB010000 		.4byte	.LASF38
 676 0203 01       		.byte	0x1
 677 0204 0C020000 		.4byte	0x20c
 678 0208 17020000 		.4byte	0x217
 679 020c 0A       		.uleb128 0xa
 680 020d 39020000 		.4byte	0x239
 681 0211 0C       		.uleb128 0xc
 682 0212 32020000 		.4byte	0x232
 683 0216 00       		.byte	0
 684 0217 0D       		.uleb128 0xd
 685 0218 5D030000 		.4byte	.LASF39
 686 021c 04       		.byte	0x4
 687 021d 2A       		.byte	0x2a
 688 021e E8020000 		.4byte	.LASF40
 689 0222 32020000 		.4byte	0x232
 690 0226 01       		.byte	0x1
 691 0227 2B020000 		.4byte	0x22b
 692 022b 0A       		.uleb128 0xa
 693 022c 3F020000 		.4byte	0x23f
 694 0230 00       		.byte	0
 695 0231 00       		.byte	0
 696 0232 02       		.uleb128 0x2
 697 0233 01       		.byte	0x1
 698 0234 02       		.byte	0x2
 699 0235 8F000000 		.4byte	.LASF41
 700 0239 0E       		.uleb128 0xe
ARM GAS  C:\Users\jespe\AppData\Local\Temp\ccHBJIwq.s 			page 16


 701 023a 04       		.byte	0x4
 702 023b AB000000 		.4byte	0xab
 703 023f 0E       		.uleb128 0xe
 704 0240 04       		.byte	0x4
 705 0241 45020000 		.4byte	0x245
 706 0245 0F       		.uleb128 0xf
 707 0246 AB000000 		.4byte	0xab
 708 024a 10       		.uleb128 0x10
 709 024b DB000000 		.4byte	0xdb
 710 024f 01       		.byte	0x1
 711 0250 11       		.byte	0x11
 712 0251 00       		.byte	0
 713 0252 5A020000 		.4byte	0x25a
 714 0256 64020000 		.4byte	0x264
 715 025a 11       		.uleb128 0x11
 716 025b 60010000 		.4byte	.LASF42
 717 025f 64020000 		.4byte	0x264
 718 0263 00       		.byte	0
 719 0264 0F       		.uleb128 0xf
 720 0265 39020000 		.4byte	0x239
 721 0269 12       		.uleb128 0x12
 722 026a 4A020000 		.4byte	0x24a
 723 026e 5B000000 		.4byte	.LASF44
 724 0272 00000000 		.4byte	.LFB64
 725 0276 16000000 		.4byte	.LFE64-.LFB64
 726 027a 01       		.uleb128 0x1
 727 027b 9C       		.byte	0x9c
 728 027c 84020000 		.4byte	0x284
 729 0280 97020000 		.4byte	0x297
 730 0284 13       		.uleb128 0x13
 731 0285 5A020000 		.4byte	0x25a
 732 0289 00000000 		.4byte	.LLST0
 733 028d 14       		.uleb128 0x14
 734 028e 12000000 		.4byte	.LVL1
 735 0292 A7060000 		.4byte	0x6a7
 736 0296 00       		.byte	0
 737 0297 10       		.uleb128 0x10
 738 0298 F9000000 		.4byte	0xf9
 739 029c 01       		.byte	0x1
 740 029d 16       		.byte	0x16
 741 029e 00       		.byte	0
 742 029f A7020000 		.4byte	0x2a7
 743 02a3 BA020000 		.4byte	0x2ba
 744 02a7 11       		.uleb128 0x11
 745 02a8 60010000 		.4byte	.LASF42
 746 02ac 64020000 		.4byte	0x264
 747 02b0 11       		.uleb128 0x11
 748 02b1 1A030000 		.4byte	.LASF43
 749 02b5 BA020000 		.4byte	0x2ba
 750 02b9 00       		.byte	0
 751 02ba 0F       		.uleb128 0xf
 752 02bb 68000000 		.4byte	0x68
 753 02bf 12       		.uleb128 0x12
 754 02c0 97020000 		.4byte	0x297
 755 02c4 23010000 		.4byte	.LASF45
 756 02c8 00000000 		.4byte	.LFB67
 757 02cc 02000000 		.4byte	.LFE67-.LFB67
ARM GAS  C:\Users\jespe\AppData\Local\Temp\ccHBJIwq.s 			page 17


 758 02d0 01       		.uleb128 0x1
 759 02d1 9C       		.byte	0x9c
 760 02d2 DA020000 		.4byte	0x2da
 761 02d6 E2020000 		.4byte	0x2e2
 762 02da 15       		.uleb128 0x15
 763 02db A7020000 		.4byte	0x2a7
 764 02df 01       		.uleb128 0x1
 765 02e0 50       		.byte	0x50
 766 02e1 00       		.byte	0
 767 02e2 16       		.uleb128 0x16
 768 02e3 7E010000 		.4byte	0x17e
 769 02e7 01       		.byte	0x1
 770 02e8 5F       		.byte	0x5f
 771 02e9 00000000 		.4byte	.LFB72
 772 02ed 0C000000 		.4byte	.LFE72-.LFB72
 773 02f1 01       		.uleb128 0x1
 774 02f2 9C       		.byte	0x9c
 775 02f3 FB020000 		.4byte	0x2fb
 776 02f7 29030000 		.4byte	0x329
 777 02fb 17       		.uleb128 0x17
 778 02fc 60010000 		.4byte	.LASF42
 779 0300 64020000 		.4byte	0x264
 780 0304 1E000000 		.4byte	.LLST1
 781 0308 18       		.uleb128 0x18
 782 0309 70776D00 		.ascii	"pwm\000"
 783 030d 01       		.byte	0x1
 784 030e 5F       		.byte	0x5f
 785 030f 68000000 		.4byte	0x68
 786 0313 3F000000 		.4byte	.LLST2
 787 0317 19       		.uleb128 0x19
 788 0318 0A000000 		.4byte	.LVL5
 789 031c B2060000 		.4byte	0x6b2
 790 0320 1A       		.uleb128 0x1a
 791 0321 01       		.uleb128 0x1
 792 0322 50       		.byte	0x50
 793 0323 03       		.uleb128 0x3
 794 0324 F3       		.byte	0xf3
 795 0325 01       		.uleb128 0x1
 796 0326 51       		.byte	0x51
 797 0327 00       		.byte	0
 798 0328 00       		.byte	0
 799 0329 16       		.uleb128 0x16
 800 032a 9D010000 		.4byte	0x19d
 801 032e 01       		.byte	0x1
 802 032f 65       		.byte	0x65
 803 0330 00000000 		.4byte	.LFB73
 804 0334 04000000 		.4byte	.LFE73-.LFB73
 805 0338 01       		.uleb128 0x1
 806 0339 9C       		.byte	0x9c
 807 033a 42030000 		.4byte	0x342
 808 033e 50030000 		.4byte	0x350
 809 0342 17       		.uleb128 0x17
 810 0343 60010000 		.4byte	.LASF42
 811 0347 50030000 		.4byte	0x350
 812 034b 60000000 		.4byte	.LLST3
 813 034f 00       		.byte	0
 814 0350 0F       		.uleb128 0xf
ARM GAS  C:\Users\jespe\AppData\Local\Temp\ccHBJIwq.s 			page 18


 815 0351 3F020000 		.4byte	0x23f
 816 0355 16       		.uleb128 0x16
 817 0356 BB010000 		.4byte	0x1bb
 818 035a 01       		.byte	0x1
 819 035b 6A       		.byte	0x6a
 820 035c 00000000 		.4byte	.LFB74
 821 0360 0C000000 		.4byte	.LFE74-.LFB74
 822 0364 01       		.uleb128 0x1
 823 0365 9C       		.byte	0x9c
 824 0366 6E030000 		.4byte	0x36e
 825 036a 9C030000 		.4byte	0x39c
 826 036e 17       		.uleb128 0x17
 827 036f 60010000 		.4byte	.LASF42
 828 0373 64020000 		.4byte	0x264
 829 0377 81000000 		.4byte	.LLST4
 830 037b 18       		.uleb128 0x18
 831 037c 70776D00 		.ascii	"pwm\000"
 832 0380 01       		.byte	0x1
 833 0381 6A       		.byte	0x6a
 834 0382 68000000 		.4byte	0x68
 835 0386 A2000000 		.4byte	.LLST5
 836 038a 19       		.uleb128 0x19
 837 038b 0A000000 		.4byte	.LVL10
 838 038f BD060000 		.4byte	0x6bd
 839 0393 1A       		.uleb128 0x1a
 840 0394 01       		.uleb128 0x1
 841 0395 50       		.byte	0x50
 842 0396 03       		.uleb128 0x3
 843 0397 F3       		.byte	0xf3
 844 0398 01       		.uleb128 0x1
 845 0399 51       		.byte	0x51
 846 039a 00       		.byte	0
 847 039b 00       		.byte	0
 848 039c 16       		.uleb128 0x16
 849 039d DA010000 		.4byte	0x1da
 850 03a1 01       		.byte	0x1
 851 03a2 70       		.byte	0x70
 852 03a3 00000000 		.4byte	.LFB75
 853 03a7 04000000 		.4byte	.LFE75-.LFB75
 854 03ab 01       		.uleb128 0x1
 855 03ac 9C       		.byte	0x9c
 856 03ad B5030000 		.4byte	0x3b5
 857 03b1 C3030000 		.4byte	0x3c3
 858 03b5 17       		.uleb128 0x17
 859 03b6 60010000 		.4byte	.LASF42
 860 03ba 50030000 		.4byte	0x350
 861 03be C3000000 		.4byte	.LLST6
 862 03c2 00       		.byte	0
 863 03c3 16       		.uleb128 0x16
 864 03c4 F8010000 		.4byte	0x1f8
 865 03c8 01       		.byte	0x1
 866 03c9 75       		.byte	0x75
 867 03ca 00000000 		.4byte	.LFB76
 868 03ce 16000000 		.4byte	.LFE76-.LFB76
 869 03d2 01       		.uleb128 0x1
 870 03d3 9C       		.byte	0x9c
 871 03d4 DC030000 		.4byte	0x3dc
ARM GAS  C:\Users\jespe\AppData\Local\Temp\ccHBJIwq.s 			page 19


 872 03d8 1F040000 		.4byte	0x41f
 873 03dc 17       		.uleb128 0x17
 874 03dd 60010000 		.4byte	.LASF42
 875 03e1 64020000 		.4byte	0x264
 876 03e5 E4000000 		.4byte	.LLST7
 877 03e9 18       		.uleb128 0x18
 878 03ea 64697200 		.ascii	"dir\000"
 879 03ee 01       		.byte	0x1
 880 03ef 75       		.byte	0x75
 881 03f0 32020000 		.4byte	0x232
 882 03f4 05010000 		.4byte	.LLST8
 883 03f8 1B       		.uleb128 0x1b
 884 03f9 0C000000 		.4byte	.LVL15
 885 03fd C8060000 		.4byte	0x6c8
 886 0401 0C040000 		.4byte	0x40c
 887 0405 1A       		.uleb128 0x1a
 888 0406 01       		.uleb128 0x1
 889 0407 50       		.byte	0x50
 890 0408 02       		.uleb128 0x2
 891 0409 74       		.byte	0x74
 892 040a 00       		.sleb128 0
 893 040b 00       		.byte	0
 894 040c 19       		.uleb128 0x19
 895 040d 14000000 		.4byte	.LVL16
 896 0411 D3060000 		.4byte	0x6d3
 897 0415 1A       		.uleb128 0x1a
 898 0416 01       		.uleb128 0x1
 899 0417 50       		.byte	0x50
 900 0418 04       		.uleb128 0x4
 901 0419 74       		.byte	0x74
 902 041a 00       		.sleb128 0
 903 041b 31       		.byte	0x31
 904 041c 27       		.byte	0x27
 905 041d 00       		.byte	0
 906 041e 00       		.byte	0
 907 041f 16       		.uleb128 0x16
 908 0420 1C010000 		.4byte	0x11c
 909 0424 01       		.byte	0x1
 910 0425 1A       		.byte	0x1a
 911 0426 00000000 		.4byte	.LFB69
 912 042a 32000000 		.4byte	.LFE69-.LFB69
 913 042e 01       		.uleb128 0x1
 914 042f 9C       		.byte	0x9c
 915 0430 38040000 		.4byte	0x438
 916 0434 CC040000 		.4byte	0x4cc
 917 0438 17       		.uleb128 0x17
 918 0439 60010000 		.4byte	.LASF42
 919 043d 64020000 		.4byte	0x264
 920 0441 26010000 		.4byte	.LLST9
 921 0445 18       		.uleb128 0x18
 922 0446 70776D00 		.ascii	"pwm\000"
 923 044a 01       		.byte	0x1
 924 044b 1A       		.byte	0x1a
 925 044c 68000000 		.4byte	0x68
 926 0450 5A010000 		.4byte	.LLST10
 927 0454 1B       		.uleb128 0x1b
 928 0455 0A000000 		.4byte	.LVL18
ARM GAS  C:\Users\jespe\AppData\Local\Temp\ccHBJIwq.s 			page 20


 929 0459 E2020000 		.4byte	0x2e2
 930 045d 6F040000 		.4byte	0x46f
 931 0461 1A       		.uleb128 0x1a
 932 0462 01       		.uleb128 0x1
 933 0463 50       		.byte	0x50
 934 0464 02       		.uleb128 0x2
 935 0465 75       		.byte	0x75
 936 0466 00       		.sleb128 0
 937 0467 1A       		.uleb128 0x1a
 938 0468 01       		.uleb128 0x1
 939 0469 51       		.byte	0x51
 940 046a 03       		.uleb128 0x3
 941 046b F3       		.byte	0xf3
 942 046c 01       		.uleb128 0x1
 943 046d 51       		.byte	0x51
 944 046e 00       		.byte	0
 945 046f 1B       		.uleb128 0x1b
 946 0470 12000000 		.4byte	.LVL19
 947 0474 55030000 		.4byte	0x355
 948 0478 88040000 		.4byte	0x488
 949 047c 1A       		.uleb128 0x1a
 950 047d 01       		.uleb128 0x1
 951 047e 50       		.byte	0x50
 952 047f 02       		.uleb128 0x2
 953 0480 75       		.byte	0x75
 954 0481 00       		.sleb128 0
 955 0482 1A       		.uleb128 0x1a
 956 0483 01       		.uleb128 0x1
 957 0484 51       		.byte	0x51
 958 0485 01       		.uleb128 0x1
 959 0486 30       		.byte	0x30
 960 0487 00       		.byte	0
 961 0488 1B       		.uleb128 0x1b
 962 0489 20000000 		.4byte	.LVL22
 963 048d E2020000 		.4byte	0x2e2
 964 0491 9C040000 		.4byte	0x49c
 965 0495 1A       		.uleb128 0x1a
 966 0496 01       		.uleb128 0x1
 967 0497 51       		.byte	0x51
 968 0498 02       		.uleb128 0x2
 969 0499 74       		.byte	0x74
 970 049a 00       		.sleb128 0
 971 049b 00       		.byte	0
 972 049c 1B       		.uleb128 0x1b
 973 049d 28000000 		.4byte	.LVL23
 974 04a1 55030000 		.4byte	0x355
 975 04a5 B6040000 		.4byte	0x4b6
 976 04a9 1A       		.uleb128 0x1a
 977 04aa 01       		.uleb128 0x1
 978 04ab 50       		.byte	0x50
 979 04ac 02       		.uleb128 0x2
 980 04ad 75       		.byte	0x75
 981 04ae 00       		.sleb128 0
 982 04af 1A       		.uleb128 0x1a
 983 04b0 01       		.uleb128 0x1
 984 04b1 51       		.byte	0x51
 985 04b2 02       		.uleb128 0x2
ARM GAS  C:\Users\jespe\AppData\Local\Temp\ccHBJIwq.s 			page 21


 986 04b3 74       		.byte	0x74
 987 04b4 00       		.sleb128 0
 988 04b5 00       		.byte	0
 989 04b6 19       		.uleb128 0x19
 990 04b7 30000000 		.4byte	.LVL24
 991 04bb C3030000 		.4byte	0x3c3
 992 04bf 1A       		.uleb128 0x1a
 993 04c0 01       		.uleb128 0x1
 994 04c1 50       		.byte	0x50
 995 04c2 02       		.uleb128 0x2
 996 04c3 75       		.byte	0x75
 997 04c4 00       		.sleb128 0
 998 04c5 1A       		.uleb128 0x1a
 999 04c6 01       		.uleb128 0x1
 1000 04c7 51       		.byte	0x51
 1001 04c8 01       		.uleb128 0x1
 1002 04c9 31       		.byte	0x31
 1003 04ca 00       		.byte	0
 1004 04cb 00       		.byte	0
 1005 04cc 16       		.uleb128 0x16
 1006 04cd 3B010000 		.4byte	0x13b
 1007 04d1 01       		.byte	0x1
 1008 04d2 29       		.byte	0x29
 1009 04d3 00000000 		.4byte	.LFB70
 1010 04d7 32000000 		.4byte	.LFE70-.LFB70
 1011 04db 01       		.uleb128 0x1
 1012 04dc 9C       		.byte	0x9c
 1013 04dd E5040000 		.4byte	0x4e5
 1014 04e1 79050000 		.4byte	0x579
 1015 04e5 17       		.uleb128 0x17
 1016 04e6 60010000 		.4byte	.LASF42
 1017 04ea 64020000 		.4byte	0x264
 1018 04ee 94010000 		.4byte	.LLST11
 1019 04f2 18       		.uleb128 0x18
 1020 04f3 70776D00 		.ascii	"pwm\000"
 1021 04f7 01       		.byte	0x1
 1022 04f8 29       		.byte	0x29
 1023 04f9 68000000 		.4byte	0x68
 1024 04fd C8010000 		.4byte	.LLST12
 1025 0501 1B       		.uleb128 0x1b
 1026 0502 0A000000 		.4byte	.LVL26
 1027 0506 E2020000 		.4byte	0x2e2
 1028 050a 1C050000 		.4byte	0x51c
 1029 050e 1A       		.uleb128 0x1a
 1030 050f 01       		.uleb128 0x1
 1031 0510 50       		.byte	0x50
 1032 0511 02       		.uleb128 0x2
 1033 0512 75       		.byte	0x75
 1034 0513 00       		.sleb128 0
 1035 0514 1A       		.uleb128 0x1a
 1036 0515 01       		.uleb128 0x1
 1037 0516 51       		.byte	0x51
 1038 0517 03       		.uleb128 0x3
 1039 0518 F3       		.byte	0xf3
 1040 0519 01       		.uleb128 0x1
 1041 051a 51       		.byte	0x51
 1042 051b 00       		.byte	0
ARM GAS  C:\Users\jespe\AppData\Local\Temp\ccHBJIwq.s 			page 22


 1043 051c 1B       		.uleb128 0x1b
 1044 051d 12000000 		.4byte	.LVL27
 1045 0521 55030000 		.4byte	0x355
 1046 0525 35050000 		.4byte	0x535
 1047 0529 1A       		.uleb128 0x1a
 1048 052a 01       		.uleb128 0x1
 1049 052b 50       		.byte	0x50
 1050 052c 02       		.uleb128 0x2
 1051 052d 75       		.byte	0x75
 1052 052e 00       		.sleb128 0
 1053 052f 1A       		.uleb128 0x1a
 1054 0530 01       		.uleb128 0x1
 1055 0531 51       		.byte	0x51
 1056 0532 01       		.uleb128 0x1
 1057 0533 30       		.byte	0x30
 1058 0534 00       		.byte	0
 1059 0535 1B       		.uleb128 0x1b
 1060 0536 20000000 		.4byte	.LVL30
 1061 053a E2020000 		.4byte	0x2e2
 1062 053e 49050000 		.4byte	0x549
 1063 0542 1A       		.uleb128 0x1a
 1064 0543 01       		.uleb128 0x1
 1065 0544 51       		.byte	0x51
 1066 0545 02       		.uleb128 0x2
 1067 0546 74       		.byte	0x74
 1068 0547 00       		.sleb128 0
 1069 0548 00       		.byte	0
 1070 0549 1B       		.uleb128 0x1b
 1071 054a 28000000 		.4byte	.LVL31
 1072 054e 55030000 		.4byte	0x355
 1073 0552 63050000 		.4byte	0x563
 1074 0556 1A       		.uleb128 0x1a
 1075 0557 01       		.uleb128 0x1
 1076 0558 50       		.byte	0x50
 1077 0559 02       		.uleb128 0x2
 1078 055a 75       		.byte	0x75
 1079 055b 00       		.sleb128 0
 1080 055c 1A       		.uleb128 0x1a
 1081 055d 01       		.uleb128 0x1
 1082 055e 51       		.byte	0x51
 1083 055f 02       		.uleb128 0x2
 1084 0560 74       		.byte	0x74
 1085 0561 00       		.sleb128 0
 1086 0562 00       		.byte	0
 1087 0563 19       		.uleb128 0x19
 1088 0564 30000000 		.4byte	.LVL32
 1089 0568 C3030000 		.4byte	0x3c3
 1090 056c 1A       		.uleb128 0x1a
 1091 056d 01       		.uleb128 0x1
 1092 056e 50       		.byte	0x50
 1093 056f 02       		.uleb128 0x2
 1094 0570 75       		.byte	0x75
 1095 0571 00       		.sleb128 0
 1096 0572 1A       		.uleb128 0x1a
 1097 0573 01       		.uleb128 0x1
 1098 0574 51       		.byte	0x51
 1099 0575 01       		.uleb128 0x1
ARM GAS  C:\Users\jespe\AppData\Local\Temp\ccHBJIwq.s 			page 23


 1100 0576 30       		.byte	0x30
 1101 0577 00       		.byte	0
 1102 0578 00       		.byte	0
 1103 0579 16       		.uleb128 0x16
 1104 057a 5A010000 		.4byte	0x15a
 1105 057e 01       		.byte	0x1
 1106 057f 38       		.byte	0x38
 1107 0580 00000000 		.4byte	.LFB71
 1108 0584 5E000000 		.4byte	.LFE71-.LFB71
 1109 0588 01       		.uleb128 0x1
 1110 0589 9C       		.byte	0x9c
 1111 058a 92050000 		.4byte	0x592
 1112 058e 6F060000 		.4byte	0x66f
 1113 0592 17       		.uleb128 0x17
 1114 0593 60010000 		.4byte	.LASF42
 1115 0597 64020000 		.4byte	0x264
 1116 059b 02020000 		.4byte	.LLST13
 1117 059f 18       		.uleb128 0x18
 1118 05a0 70776D00 		.ascii	"pwm\000"
 1119 05a4 01       		.byte	0x1
 1120 05a5 38       		.byte	0x38
 1121 05a6 68000000 		.4byte	0x68
 1122 05aa 62020000 		.4byte	.LLST14
 1123 05ae 18       		.uleb128 0x18
 1124 05af 64697200 		.ascii	"dir\000"
 1125 05b3 01       		.byte	0x1
 1126 05b4 38       		.byte	0x38
 1127 05b5 8F000000 		.4byte	0x8f
 1128 05b9 91020000 		.4byte	.LLST15
 1129 05bd 1C       		.uleb128 0x1c
 1130 05be 434D5000 		.ascii	"CMP\000"
 1131 05c2 01       		.byte	0x1
 1132 05c3 3A       		.byte	0x3a
 1133 05c4 68000000 		.4byte	0x68
 1134 05c8 01       		.uleb128 0x1
 1135 05c9 54       		.byte	0x54
 1136 05ca 1B       		.uleb128 0x1b
 1137 05cb 1A000000 		.4byte	.LVL37
 1138 05cf 55030000 		.4byte	0x355
 1139 05d3 DE050000 		.4byte	0x5de
 1140 05d7 1A       		.uleb128 0x1a
 1141 05d8 01       		.uleb128 0x1
 1142 05d9 50       		.byte	0x50
 1143 05da 02       		.uleb128 0x2
 1144 05db 75       		.byte	0x75
 1145 05dc 00       		.sleb128 0
 1146 05dd 00       		.byte	0
 1147 05de 1B       		.uleb128 0x1b
 1148 05df 22000000 		.4byte	.LVL38
 1149 05e3 E2020000 		.4byte	0x2e2
 1150 05e7 F7050000 		.4byte	0x5f7
 1151 05eb 1A       		.uleb128 0x1a
 1152 05ec 01       		.uleb128 0x1
 1153 05ed 50       		.byte	0x50
 1154 05ee 02       		.uleb128 0x2
 1155 05ef 75       		.byte	0x75
 1156 05f0 00       		.sleb128 0
ARM GAS  C:\Users\jespe\AppData\Local\Temp\ccHBJIwq.s 			page 24


 1157 05f1 1A       		.uleb128 0x1a
 1158 05f2 01       		.uleb128 0x1
 1159 05f3 51       		.byte	0x51
 1160 05f4 01       		.uleb128 0x1
 1161 05f5 30       		.byte	0x30
 1162 05f6 00       		.byte	0
 1163 05f7 14       		.uleb128 0x14
 1164 05f8 28000000 		.4byte	.LVL40
 1165 05fc 55030000 		.4byte	0x355
 1166 0600 1B       		.uleb128 0x1b
 1167 0601 30000000 		.4byte	.LVL41
 1168 0605 C3030000 		.4byte	0x3c3
 1169 0609 19060000 		.4byte	0x619
 1170 060d 1A       		.uleb128 0x1a
 1171 060e 01       		.uleb128 0x1
 1172 060f 50       		.byte	0x50
 1173 0610 02       		.uleb128 0x2
 1174 0611 75       		.byte	0x75
 1175 0612 00       		.sleb128 0
 1176 0613 1A       		.uleb128 0x1a
 1177 0614 01       		.uleb128 0x1
 1178 0615 51       		.byte	0x51
 1179 0616 01       		.uleb128 0x1
 1180 0617 31       		.byte	0x31
 1181 0618 00       		.byte	0
 1182 0619 1B       		.uleb128 0x1b
 1183 061a 44000000 		.4byte	.LVL43
 1184 061e E2020000 		.4byte	0x2e2
 1185 0622 33060000 		.4byte	0x633
 1186 0626 1A       		.uleb128 0x1a
 1187 0627 01       		.uleb128 0x1
 1188 0628 50       		.byte	0x50
 1189 0629 02       		.uleb128 0x2
 1190 062a 75       		.byte	0x75
 1191 062b 00       		.sleb128 0
 1192 062c 1A       		.uleb128 0x1a
 1193 062d 01       		.uleb128 0x1
 1194 062e 51       		.byte	0x51
 1195 062f 02       		.uleb128 0x2
 1196 0630 08       		.byte	0x8
 1197 0631 64       		.byte	0x64
 1198 0632 00       		.byte	0
 1199 0633 1B       		.uleb128 0x1b
 1200 0634 4E000000 		.4byte	.LVL44
 1201 0638 55030000 		.4byte	0x355
 1202 063c 50060000 		.4byte	0x650
 1203 0640 1A       		.uleb128 0x1a
 1204 0641 01       		.uleb128 0x1
 1205 0642 50       		.byte	0x50
 1206 0643 02       		.uleb128 0x2
 1207 0644 75       		.byte	0x75
 1208 0645 00       		.sleb128 0
 1209 0646 1A       		.uleb128 0x1a
 1210 0647 01       		.uleb128 0x1
 1211 0648 51       		.byte	0x51
 1212 0649 05       		.uleb128 0x5
 1213 064a 08       		.byte	0x8
ARM GAS  C:\Users\jespe\AppData\Local\Temp\ccHBJIwq.s 			page 25


 1214 064b 64       		.byte	0x64
 1215 064c 74       		.byte	0x74
 1216 064d 00       		.sleb128 0
 1217 064e 1C       		.byte	0x1c
 1218 064f 00       		.byte	0
 1219 0650 14       		.uleb128 0x14
 1220 0651 54000000 		.4byte	.LVL46
 1221 0655 E2020000 		.4byte	0x2e2
 1222 0659 19       		.uleb128 0x19
 1223 065a 5C000000 		.4byte	.LVL47
 1224 065e C3030000 		.4byte	0x3c3
 1225 0662 1A       		.uleb128 0x1a
 1226 0663 01       		.uleb128 0x1
 1227 0664 50       		.byte	0x50
 1228 0665 02       		.uleb128 0x2
 1229 0666 75       		.byte	0x75
 1230 0667 00       		.sleb128 0
 1231 0668 1A       		.uleb128 0x1a
 1232 0669 01       		.uleb128 0x1
 1233 066a 51       		.byte	0x51
 1234 066b 01       		.uleb128 0x1
 1235 066c 31       		.byte	0x31
 1236 066d 00       		.byte	0
 1237 066e 00       		.byte	0
 1238 066f 16       		.uleb128 0x16
 1239 0670 17020000 		.4byte	0x217
 1240 0674 01       		.byte	0x1
 1241 0675 7C       		.byte	0x7c
 1242 0676 00000000 		.4byte	.LFB77
 1243 067a 04000000 		.4byte	.LFE77-.LFB77
 1244 067e 01       		.uleb128 0x1
 1245 067f 9C       		.byte	0x9c
 1246 0680 88060000 		.4byte	0x688
 1247 0684 96060000 		.4byte	0x696
 1248 0688 17       		.uleb128 0x17
 1249 0689 60010000 		.4byte	.LASF42
 1250 068d 50030000 		.4byte	0x350
 1251 0691 FD020000 		.4byte	.LLST16
 1252 0695 00       		.byte	0
 1253 0696 1D       		.uleb128 0x1d
 1254 0697 0D020000 		.4byte	.LASF55
 1255 069b 08       		.byte	0x8
 1256 069c 1207     		.2byte	0x712
 1257 069e A2060000 		.4byte	0x6a2
 1258 06a2 1E       		.uleb128 0x1e
 1259 06a3 76000000 		.4byte	0x76
 1260 06a7 1F       		.uleb128 0x1f
 1261 06a8 89010000 		.4byte	.LASF46
 1262 06ac 89010000 		.4byte	.LASF46
 1263 06b0 05       		.byte	0x5
 1264 06b1 92       		.byte	0x92
 1265 06b2 1F       		.uleb128 0x1f
 1266 06b3 94000000 		.4byte	.LASF47
 1267 06b7 94000000 		.4byte	.LASF47
 1268 06bb 05       		.byte	0x5
 1269 06bc C7       		.byte	0xc7
 1270 06bd 1F       		.uleb128 0x1f
ARM GAS  C:\Users\jespe\AppData\Local\Temp\ccHBJIwq.s 			page 26


 1271 06be A8000000 		.4byte	.LASF48
 1272 06c2 A8000000 		.4byte	.LASF48
 1273 06c6 05       		.byte	0x5
 1274 06c7 CA       		.byte	0xca
 1275 06c8 1F       		.uleb128 0x1f
 1276 06c9 DD000000 		.4byte	.LASF49
 1277 06cd DD000000 		.4byte	.LASF49
 1278 06d1 06       		.byte	0x6
 1279 06d2 26       		.byte	0x26
 1280 06d3 1F       		.uleb128 0x1f
 1281 06d4 95010000 		.4byte	.LASF50
 1282 06d8 95010000 		.4byte	.LASF50
 1283 06dc 07       		.byte	0x7
 1284 06dd 26       		.byte	0x26
 1285 06de 00       		.byte	0
 1286              		.section	.debug_abbrev,"",%progbits
 1287              	.Ldebug_abbrev0:
 1288 0000 01       		.uleb128 0x1
 1289 0001 11       		.uleb128 0x11
 1290 0002 01       		.byte	0x1
 1291 0003 25       		.uleb128 0x25
 1292 0004 0E       		.uleb128 0xe
 1293 0005 13       		.uleb128 0x13
 1294 0006 0B       		.uleb128 0xb
 1295 0007 03       		.uleb128 0x3
 1296 0008 0E       		.uleb128 0xe
 1297 0009 1B       		.uleb128 0x1b
 1298 000a 0E       		.uleb128 0xe
 1299 000b 55       		.uleb128 0x55
 1300 000c 17       		.uleb128 0x17
 1301 000d 11       		.uleb128 0x11
 1302 000e 01       		.uleb128 0x1
 1303 000f 10       		.uleb128 0x10
 1304 0010 17       		.uleb128 0x17
 1305 0011 00       		.byte	0
 1306 0012 00       		.byte	0
 1307 0013 02       		.uleb128 0x2
 1308 0014 24       		.uleb128 0x24
 1309 0015 00       		.byte	0
 1310 0016 0B       		.uleb128 0xb
 1311 0017 0B       		.uleb128 0xb
 1312 0018 3E       		.uleb128 0x3e
 1313 0019 0B       		.uleb128 0xb
 1314 001a 03       		.uleb128 0x3
 1315 001b 0E       		.uleb128 0xe
 1316 001c 00       		.byte	0
 1317 001d 00       		.byte	0
 1318 001e 03       		.uleb128 0x3
 1319 001f 16       		.uleb128 0x16
 1320 0020 00       		.byte	0
 1321 0021 03       		.uleb128 0x3
 1322 0022 0E       		.uleb128 0xe
 1323 0023 3A       		.uleb128 0x3a
 1324 0024 0B       		.uleb128 0xb
 1325 0025 3B       		.uleb128 0x3b
 1326 0026 0B       		.uleb128 0xb
 1327 0027 49       		.uleb128 0x49
ARM GAS  C:\Users\jespe\AppData\Local\Temp\ccHBJIwq.s 			page 27


 1328 0028 13       		.uleb128 0x13
 1329 0029 00       		.byte	0
 1330 002a 00       		.byte	0
 1331 002b 04       		.uleb128 0x4
 1332 002c 24       		.uleb128 0x24
 1333 002d 00       		.byte	0
 1334 002e 0B       		.uleb128 0xb
 1335 002f 0B       		.uleb128 0xb
 1336 0030 3E       		.uleb128 0x3e
 1337 0031 0B       		.uleb128 0xb
 1338 0032 03       		.uleb128 0x3
 1339 0033 08       		.uleb128 0x8
 1340 0034 00       		.byte	0
 1341 0035 00       		.byte	0
 1342 0036 05       		.uleb128 0x5
 1343 0037 3B       		.uleb128 0x3b
 1344 0038 00       		.byte	0
 1345 0039 03       		.uleb128 0x3
 1346 003a 0E       		.uleb128 0xe
 1347 003b 00       		.byte	0
 1348 003c 00       		.byte	0
 1349 003d 06       		.uleb128 0x6
 1350 003e 0F       		.uleb128 0xf
 1351 003f 00       		.byte	0
 1352 0040 0B       		.uleb128 0xb
 1353 0041 0B       		.uleb128 0xb
 1354 0042 00       		.byte	0
 1355 0043 00       		.byte	0
 1356 0044 07       		.uleb128 0x7
 1357 0045 02       		.uleb128 0x2
 1358 0046 01       		.byte	0x1
 1359 0047 03       		.uleb128 0x3
 1360 0048 0E       		.uleb128 0xe
 1361 0049 0B       		.uleb128 0xb
 1362 004a 0B       		.uleb128 0xb
 1363 004b 3A       		.uleb128 0x3a
 1364 004c 0B       		.uleb128 0xb
 1365 004d 3B       		.uleb128 0x3b
 1366 004e 0B       		.uleb128 0xb
 1367 004f 01       		.uleb128 0x1
 1368 0050 13       		.uleb128 0x13
 1369 0051 00       		.byte	0
 1370 0052 00       		.byte	0
 1371 0053 08       		.uleb128 0x8
 1372 0054 0D       		.uleb128 0xd
 1373 0055 00       		.byte	0
 1374 0056 03       		.uleb128 0x3
 1375 0057 0E       		.uleb128 0xe
 1376 0058 3A       		.uleb128 0x3a
 1377 0059 0B       		.uleb128 0xb
 1378 005a 3B       		.uleb128 0x3b
 1379 005b 0B       		.uleb128 0xb
 1380 005c 49       		.uleb128 0x49
 1381 005d 13       		.uleb128 0x13
 1382 005e 38       		.uleb128 0x38
 1383 005f 0B       		.uleb128 0xb
 1384 0060 00       		.byte	0
ARM GAS  C:\Users\jespe\AppData\Local\Temp\ccHBJIwq.s 			page 28


 1385 0061 00       		.byte	0
 1386 0062 09       		.uleb128 0x9
 1387 0063 2E       		.uleb128 0x2e
 1388 0064 01       		.byte	0x1
 1389 0065 3F       		.uleb128 0x3f
 1390 0066 19       		.uleb128 0x19
 1391 0067 03       		.uleb128 0x3
 1392 0068 0E       		.uleb128 0xe
 1393 0069 3A       		.uleb128 0x3a
 1394 006a 0B       		.uleb128 0xb
 1395 006b 3B       		.uleb128 0x3b
 1396 006c 0B       		.uleb128 0xb
 1397 006d 6E       		.uleb128 0x6e
 1398 006e 0E       		.uleb128 0xe
 1399 006f 49       		.uleb128 0x49
 1400 0070 13       		.uleb128 0x13
 1401 0071 32       		.uleb128 0x32
 1402 0072 0B       		.uleb128 0xb
 1403 0073 3C       		.uleb128 0x3c
 1404 0074 19       		.uleb128 0x19
 1405 0075 64       		.uleb128 0x64
 1406 0076 13       		.uleb128 0x13
 1407 0077 01       		.uleb128 0x1
 1408 0078 13       		.uleb128 0x13
 1409 0079 00       		.byte	0
 1410 007a 00       		.byte	0
 1411 007b 0A       		.uleb128 0xa
 1412 007c 05       		.uleb128 0x5
 1413 007d 00       		.byte	0
 1414 007e 49       		.uleb128 0x49
 1415 007f 13       		.uleb128 0x13
 1416 0080 34       		.uleb128 0x34
 1417 0081 19       		.uleb128 0x19
 1418 0082 00       		.byte	0
 1419 0083 00       		.byte	0
 1420 0084 0B       		.uleb128 0xb
 1421 0085 2E       		.uleb128 0x2e
 1422 0086 01       		.byte	0x1
 1423 0087 3F       		.uleb128 0x3f
 1424 0088 19       		.uleb128 0x19
 1425 0089 03       		.uleb128 0x3
 1426 008a 0E       		.uleb128 0xe
 1427 008b 3A       		.uleb128 0x3a
 1428 008c 0B       		.uleb128 0xb
 1429 008d 3B       		.uleb128 0x3b
 1430 008e 0B       		.uleb128 0xb
 1431 008f 6E       		.uleb128 0x6e
 1432 0090 0E       		.uleb128 0xe
 1433 0091 32       		.uleb128 0x32
 1434 0092 0B       		.uleb128 0xb
 1435 0093 3C       		.uleb128 0x3c
 1436 0094 19       		.uleb128 0x19
 1437 0095 64       		.uleb128 0x64
 1438 0096 13       		.uleb128 0x13
 1439 0097 01       		.uleb128 0x1
 1440 0098 13       		.uleb128 0x13
 1441 0099 00       		.byte	0
ARM GAS  C:\Users\jespe\AppData\Local\Temp\ccHBJIwq.s 			page 29


 1442 009a 00       		.byte	0
 1443 009b 0C       		.uleb128 0xc
 1444 009c 05       		.uleb128 0x5
 1445 009d 00       		.byte	0
 1446 009e 49       		.uleb128 0x49
 1447 009f 13       		.uleb128 0x13
 1448 00a0 00       		.byte	0
 1449 00a1 00       		.byte	0
 1450 00a2 0D       		.uleb128 0xd
 1451 00a3 2E       		.uleb128 0x2e
 1452 00a4 01       		.byte	0x1
 1453 00a5 3F       		.uleb128 0x3f
 1454 00a6 19       		.uleb128 0x19
 1455 00a7 03       		.uleb128 0x3
 1456 00a8 0E       		.uleb128 0xe
 1457 00a9 3A       		.uleb128 0x3a
 1458 00aa 0B       		.uleb128 0xb
 1459 00ab 3B       		.uleb128 0x3b
 1460 00ac 0B       		.uleb128 0xb
 1461 00ad 6E       		.uleb128 0x6e
 1462 00ae 0E       		.uleb128 0xe
 1463 00af 49       		.uleb128 0x49
 1464 00b0 13       		.uleb128 0x13
 1465 00b1 32       		.uleb128 0x32
 1466 00b2 0B       		.uleb128 0xb
 1467 00b3 3C       		.uleb128 0x3c
 1468 00b4 19       		.uleb128 0x19
 1469 00b5 64       		.uleb128 0x64
 1470 00b6 13       		.uleb128 0x13
 1471 00b7 00       		.byte	0
 1472 00b8 00       		.byte	0
 1473 00b9 0E       		.uleb128 0xe
 1474 00ba 0F       		.uleb128 0xf
 1475 00bb 00       		.byte	0
 1476 00bc 0B       		.uleb128 0xb
 1477 00bd 0B       		.uleb128 0xb
 1478 00be 49       		.uleb128 0x49
 1479 00bf 13       		.uleb128 0x13
 1480 00c0 00       		.byte	0
 1481 00c1 00       		.byte	0
 1482 00c2 0F       		.uleb128 0xf
 1483 00c3 26       		.uleb128 0x26
 1484 00c4 00       		.byte	0
 1485 00c5 49       		.uleb128 0x49
 1486 00c6 13       		.uleb128 0x13
 1487 00c7 00       		.byte	0
 1488 00c8 00       		.byte	0
 1489 00c9 10       		.uleb128 0x10
 1490 00ca 2E       		.uleb128 0x2e
 1491 00cb 01       		.byte	0x1
 1492 00cc 47       		.uleb128 0x47
 1493 00cd 13       		.uleb128 0x13
 1494 00ce 3A       		.uleb128 0x3a
 1495 00cf 0B       		.uleb128 0xb
 1496 00d0 3B       		.uleb128 0x3b
 1497 00d1 0B       		.uleb128 0xb
 1498 00d2 20       		.uleb128 0x20
ARM GAS  C:\Users\jespe\AppData\Local\Temp\ccHBJIwq.s 			page 30


 1499 00d3 0B       		.uleb128 0xb
 1500 00d4 64       		.uleb128 0x64
 1501 00d5 13       		.uleb128 0x13
 1502 00d6 01       		.uleb128 0x1
 1503 00d7 13       		.uleb128 0x13
 1504 00d8 00       		.byte	0
 1505 00d9 00       		.byte	0
 1506 00da 11       		.uleb128 0x11
 1507 00db 05       		.uleb128 0x5
 1508 00dc 00       		.byte	0
 1509 00dd 03       		.uleb128 0x3
 1510 00de 0E       		.uleb128 0xe
 1511 00df 49       		.uleb128 0x49
 1512 00e0 13       		.uleb128 0x13
 1513 00e1 34       		.uleb128 0x34
 1514 00e2 19       		.uleb128 0x19
 1515 00e3 00       		.byte	0
 1516 00e4 00       		.byte	0
 1517 00e5 12       		.uleb128 0x12
 1518 00e6 2E       		.uleb128 0x2e
 1519 00e7 01       		.byte	0x1
 1520 00e8 31       		.uleb128 0x31
 1521 00e9 13       		.uleb128 0x13
 1522 00ea 6E       		.uleb128 0x6e
 1523 00eb 0E       		.uleb128 0xe
 1524 00ec 11       		.uleb128 0x11
 1525 00ed 01       		.uleb128 0x1
 1526 00ee 12       		.uleb128 0x12
 1527 00ef 06       		.uleb128 0x6
 1528 00f0 40       		.uleb128 0x40
 1529 00f1 18       		.uleb128 0x18
 1530 00f2 64       		.uleb128 0x64
 1531 00f3 13       		.uleb128 0x13
 1532 00f4 9742     		.uleb128 0x2117
 1533 00f6 19       		.uleb128 0x19
 1534 00f7 01       		.uleb128 0x1
 1535 00f8 13       		.uleb128 0x13
 1536 00f9 00       		.byte	0
 1537 00fa 00       		.byte	0
 1538 00fb 13       		.uleb128 0x13
 1539 00fc 05       		.uleb128 0x5
 1540 00fd 00       		.byte	0
 1541 00fe 31       		.uleb128 0x31
 1542 00ff 13       		.uleb128 0x13
 1543 0100 02       		.uleb128 0x2
 1544 0101 17       		.uleb128 0x17
 1545 0102 00       		.byte	0
 1546 0103 00       		.byte	0
 1547 0104 14       		.uleb128 0x14
 1548 0105 898201   		.uleb128 0x4109
 1549 0108 00       		.byte	0
 1550 0109 11       		.uleb128 0x11
 1551 010a 01       		.uleb128 0x1
 1552 010b 31       		.uleb128 0x31
 1553 010c 13       		.uleb128 0x13
 1554 010d 00       		.byte	0
 1555 010e 00       		.byte	0
ARM GAS  C:\Users\jespe\AppData\Local\Temp\ccHBJIwq.s 			page 31


 1556 010f 15       		.uleb128 0x15
 1557 0110 05       		.uleb128 0x5
 1558 0111 00       		.byte	0
 1559 0112 31       		.uleb128 0x31
 1560 0113 13       		.uleb128 0x13
 1561 0114 02       		.uleb128 0x2
 1562 0115 18       		.uleb128 0x18
 1563 0116 00       		.byte	0
 1564 0117 00       		.byte	0
 1565 0118 16       		.uleb128 0x16
 1566 0119 2E       		.uleb128 0x2e
 1567 011a 01       		.byte	0x1
 1568 011b 47       		.uleb128 0x47
 1569 011c 13       		.uleb128 0x13
 1570 011d 3A       		.uleb128 0x3a
 1571 011e 0B       		.uleb128 0xb
 1572 011f 3B       		.uleb128 0x3b
 1573 0120 0B       		.uleb128 0xb
 1574 0121 11       		.uleb128 0x11
 1575 0122 01       		.uleb128 0x1
 1576 0123 12       		.uleb128 0x12
 1577 0124 06       		.uleb128 0x6
 1578 0125 40       		.uleb128 0x40
 1579 0126 18       		.uleb128 0x18
 1580 0127 64       		.uleb128 0x64
 1581 0128 13       		.uleb128 0x13
 1582 0129 9742     		.uleb128 0x2117
 1583 012b 19       		.uleb128 0x19
 1584 012c 01       		.uleb128 0x1
 1585 012d 13       		.uleb128 0x13
 1586 012e 00       		.byte	0
 1587 012f 00       		.byte	0
 1588 0130 17       		.uleb128 0x17
 1589 0131 05       		.uleb128 0x5
 1590 0132 00       		.byte	0
 1591 0133 03       		.uleb128 0x3
 1592 0134 0E       		.uleb128 0xe
 1593 0135 49       		.uleb128 0x49
 1594 0136 13       		.uleb128 0x13
 1595 0137 34       		.uleb128 0x34
 1596 0138 19       		.uleb128 0x19
 1597 0139 02       		.uleb128 0x2
 1598 013a 17       		.uleb128 0x17
 1599 013b 00       		.byte	0
 1600 013c 00       		.byte	0
 1601 013d 18       		.uleb128 0x18
 1602 013e 05       		.uleb128 0x5
 1603 013f 00       		.byte	0
 1604 0140 03       		.uleb128 0x3
 1605 0141 08       		.uleb128 0x8
 1606 0142 3A       		.uleb128 0x3a
 1607 0143 0B       		.uleb128 0xb
 1608 0144 3B       		.uleb128 0x3b
 1609 0145 0B       		.uleb128 0xb
 1610 0146 49       		.uleb128 0x49
 1611 0147 13       		.uleb128 0x13
 1612 0148 02       		.uleb128 0x2
ARM GAS  C:\Users\jespe\AppData\Local\Temp\ccHBJIwq.s 			page 32


 1613 0149 17       		.uleb128 0x17
 1614 014a 00       		.byte	0
 1615 014b 00       		.byte	0
 1616 014c 19       		.uleb128 0x19
 1617 014d 898201   		.uleb128 0x4109
 1618 0150 01       		.byte	0x1
 1619 0151 11       		.uleb128 0x11
 1620 0152 01       		.uleb128 0x1
 1621 0153 31       		.uleb128 0x31
 1622 0154 13       		.uleb128 0x13
 1623 0155 00       		.byte	0
 1624 0156 00       		.byte	0
 1625 0157 1A       		.uleb128 0x1a
 1626 0158 8A8201   		.uleb128 0x410a
 1627 015b 00       		.byte	0
 1628 015c 02       		.uleb128 0x2
 1629 015d 18       		.uleb128 0x18
 1630 015e 9142     		.uleb128 0x2111
 1631 0160 18       		.uleb128 0x18
 1632 0161 00       		.byte	0
 1633 0162 00       		.byte	0
 1634 0163 1B       		.uleb128 0x1b
 1635 0164 898201   		.uleb128 0x4109
 1636 0167 01       		.byte	0x1
 1637 0168 11       		.uleb128 0x11
 1638 0169 01       		.uleb128 0x1
 1639 016a 31       		.uleb128 0x31
 1640 016b 13       		.uleb128 0x13
 1641 016c 01       		.uleb128 0x1
 1642 016d 13       		.uleb128 0x13
 1643 016e 00       		.byte	0
 1644 016f 00       		.byte	0
 1645 0170 1C       		.uleb128 0x1c
 1646 0171 34       		.uleb128 0x34
 1647 0172 00       		.byte	0
 1648 0173 03       		.uleb128 0x3
 1649 0174 08       		.uleb128 0x8
 1650 0175 3A       		.uleb128 0x3a
 1651 0176 0B       		.uleb128 0xb
 1652 0177 3B       		.uleb128 0x3b
 1653 0178 0B       		.uleb128 0xb
 1654 0179 49       		.uleb128 0x49
 1655 017a 13       		.uleb128 0x13
 1656 017b 02       		.uleb128 0x2
 1657 017c 18       		.uleb128 0x18
 1658 017d 00       		.byte	0
 1659 017e 00       		.byte	0
 1660 017f 1D       		.uleb128 0x1d
 1661 0180 34       		.uleb128 0x34
 1662 0181 00       		.byte	0
 1663 0182 03       		.uleb128 0x3
 1664 0183 0E       		.uleb128 0xe
 1665 0184 3A       		.uleb128 0x3a
 1666 0185 0B       		.uleb128 0xb
 1667 0186 3B       		.uleb128 0x3b
 1668 0187 05       		.uleb128 0x5
 1669 0188 49       		.uleb128 0x49
ARM GAS  C:\Users\jespe\AppData\Local\Temp\ccHBJIwq.s 			page 33


 1670 0189 13       		.uleb128 0x13
 1671 018a 3F       		.uleb128 0x3f
 1672 018b 19       		.uleb128 0x19
 1673 018c 3C       		.uleb128 0x3c
 1674 018d 19       		.uleb128 0x19
 1675 018e 00       		.byte	0
 1676 018f 00       		.byte	0
 1677 0190 1E       		.uleb128 0x1e
 1678 0191 35       		.uleb128 0x35
 1679 0192 00       		.byte	0
 1680 0193 49       		.uleb128 0x49
 1681 0194 13       		.uleb128 0x13
 1682 0195 00       		.byte	0
 1683 0196 00       		.byte	0
 1684 0197 1F       		.uleb128 0x1f
 1685 0198 2E       		.uleb128 0x2e
 1686 0199 00       		.byte	0
 1687 019a 3F       		.uleb128 0x3f
 1688 019b 19       		.uleb128 0x19
 1689 019c 3C       		.uleb128 0x3c
 1690 019d 19       		.uleb128 0x19
 1691 019e 6E       		.uleb128 0x6e
 1692 019f 0E       		.uleb128 0xe
 1693 01a0 03       		.uleb128 0x3
 1694 01a1 0E       		.uleb128 0xe
 1695 01a2 3A       		.uleb128 0x3a
 1696 01a3 0B       		.uleb128 0xb
 1697 01a4 3B       		.uleb128 0x3b
 1698 01a5 0B       		.uleb128 0xb
 1699 01a6 00       		.byte	0
 1700 01a7 00       		.byte	0
 1701 01a8 00       		.byte	0
 1702              		.section	.debug_loc,"",%progbits
 1703              	.Ldebug_loc0:
 1704              	.LLST0:
 1705 0000 00000000 		.4byte	.LVL0
 1706 0004 11000000 		.4byte	.LVL1-1
 1707 0008 0100     		.2byte	0x1
 1708 000a 50       		.byte	0x50
 1709 000b 11000000 		.4byte	.LVL1-1
 1710 000f 16000000 		.4byte	.LFE64
 1711 0013 0100     		.2byte	0x1
 1712 0015 54       		.byte	0x54
 1713 0016 00000000 		.4byte	0
 1714 001a 00000000 		.4byte	0
 1715              	.LLST1:
 1716 001e 00000000 		.4byte	.LVL3
 1717 0022 06000000 		.4byte	.LVL4
 1718 0026 0100     		.2byte	0x1
 1719 0028 50       		.byte	0x50
 1720 0029 06000000 		.4byte	.LVL4
 1721 002d 0C000000 		.4byte	.LFE72
 1722 0031 0400     		.2byte	0x4
 1723 0033 F3       		.byte	0xf3
 1724 0034 01       		.uleb128 0x1
 1725 0035 50       		.byte	0x50
 1726 0036 9F       		.byte	0x9f
ARM GAS  C:\Users\jespe\AppData\Local\Temp\ccHBJIwq.s 			page 34


 1727 0037 00000000 		.4byte	0
 1728 003b 00000000 		.4byte	0
 1729              	.LLST2:
 1730 003f 00000000 		.4byte	.LVL3
 1731 0043 09000000 		.4byte	.LVL5-1
 1732 0047 0100     		.2byte	0x1
 1733 0049 51       		.byte	0x51
 1734 004a 09000000 		.4byte	.LVL5-1
 1735 004e 0C000000 		.4byte	.LFE72
 1736 0052 0400     		.2byte	0x4
 1737 0054 F3       		.byte	0xf3
 1738 0055 01       		.uleb128 0x1
 1739 0056 51       		.byte	0x51
 1740 0057 9F       		.byte	0x9f
 1741 0058 00000000 		.4byte	0
 1742 005c 00000000 		.4byte	0
 1743              	.LLST3:
 1744 0060 00000000 		.4byte	.LVL6
 1745 0064 02000000 		.4byte	.LVL7
 1746 0068 0100     		.2byte	0x1
 1747 006a 50       		.byte	0x50
 1748 006b 02000000 		.4byte	.LVL7
 1749 006f 04000000 		.4byte	.LFE73
 1750 0073 0400     		.2byte	0x4
 1751 0075 F3       		.byte	0xf3
 1752 0076 01       		.uleb128 0x1
 1753 0077 50       		.byte	0x50
 1754 0078 9F       		.byte	0x9f
 1755 0079 00000000 		.4byte	0
 1756 007d 00000000 		.4byte	0
 1757              	.LLST4:
 1758 0081 00000000 		.4byte	.LVL8
 1759 0085 06000000 		.4byte	.LVL9
 1760 0089 0100     		.2byte	0x1
 1761 008b 50       		.byte	0x50
 1762 008c 06000000 		.4byte	.LVL9
 1763 0090 0C000000 		.4byte	.LFE74
 1764 0094 0400     		.2byte	0x4
 1765 0096 F3       		.byte	0xf3
 1766 0097 01       		.uleb128 0x1
 1767 0098 50       		.byte	0x50
 1768 0099 9F       		.byte	0x9f
 1769 009a 00000000 		.4byte	0
 1770 009e 00000000 		.4byte	0
 1771              	.LLST5:
 1772 00a2 00000000 		.4byte	.LVL8
 1773 00a6 09000000 		.4byte	.LVL10-1
 1774 00aa 0100     		.2byte	0x1
 1775 00ac 51       		.byte	0x51
 1776 00ad 09000000 		.4byte	.LVL10-1
 1777 00b1 0C000000 		.4byte	.LFE74
 1778 00b5 0400     		.2byte	0x4
 1779 00b7 F3       		.byte	0xf3
 1780 00b8 01       		.uleb128 0x1
 1781 00b9 51       		.byte	0x51
 1782 00ba 9F       		.byte	0x9f
 1783 00bb 00000000 		.4byte	0
ARM GAS  C:\Users\jespe\AppData\Local\Temp\ccHBJIwq.s 			page 35


 1784 00bf 00000000 		.4byte	0
 1785              	.LLST6:
 1786 00c3 00000000 		.4byte	.LVL11
 1787 00c7 02000000 		.4byte	.LVL12
 1788 00cb 0100     		.2byte	0x1
 1789 00cd 50       		.byte	0x50
 1790 00ce 02000000 		.4byte	.LVL12
 1791 00d2 04000000 		.4byte	.LFE75
 1792 00d6 0400     		.2byte	0x4
 1793 00d8 F3       		.byte	0xf3
 1794 00d9 01       		.uleb128 0x1
 1795 00da 50       		.byte	0x50
 1796 00db 9F       		.byte	0x9f
 1797 00dc 00000000 		.4byte	0
 1798 00e0 00000000 		.4byte	0
 1799              	.LLST7:
 1800 00e4 00000000 		.4byte	.LVL13
 1801 00e8 08000000 		.4byte	.LVL14
 1802 00ec 0100     		.2byte	0x1
 1803 00ee 50       		.byte	0x50
 1804 00ef 08000000 		.4byte	.LVL14
 1805 00f3 16000000 		.4byte	.LFE76
 1806 00f7 0400     		.2byte	0x4
 1807 00f9 F3       		.byte	0xf3
 1808 00fa 01       		.uleb128 0x1
 1809 00fb 50       		.byte	0x50
 1810 00fc 9F       		.byte	0x9f
 1811 00fd 00000000 		.4byte	0
 1812 0101 00000000 		.4byte	0
 1813              	.LLST8:
 1814 0105 00000000 		.4byte	.LVL13
 1815 0109 0B000000 		.4byte	.LVL15-1
 1816 010d 0100     		.2byte	0x1
 1817 010f 51       		.byte	0x51
 1818 0110 0B000000 		.4byte	.LVL15-1
 1819 0114 16000000 		.4byte	.LFE76
 1820 0118 0400     		.2byte	0x4
 1821 011a F3       		.byte	0xf3
 1822 011b 01       		.uleb128 0x1
 1823 011c 51       		.byte	0x51
 1824 011d 9F       		.byte	0x9f
 1825 011e 00000000 		.4byte	0
 1826 0122 00000000 		.4byte	0
 1827              	.LLST9:
 1828 0126 00000000 		.4byte	.LVL17
 1829 012a 09000000 		.4byte	.LVL18-1
 1830 012e 0100     		.2byte	0x1
 1831 0130 50       		.byte	0x50
 1832 0131 09000000 		.4byte	.LVL18-1
 1833 0135 14000000 		.4byte	.LVL20
 1834 0139 0100     		.2byte	0x1
 1835 013b 55       		.byte	0x55
 1836 013c 14000000 		.4byte	.LVL20
 1837 0140 1F000000 		.4byte	.LVL22-1
 1838 0144 0100     		.2byte	0x1
 1839 0146 50       		.byte	0x50
 1840 0147 1F000000 		.4byte	.LVL22-1
ARM GAS  C:\Users\jespe\AppData\Local\Temp\ccHBJIwq.s 			page 36


 1841 014b 32000000 		.4byte	.LFE69
 1842 014f 0100     		.2byte	0x1
 1843 0151 55       		.byte	0x55
 1844 0152 00000000 		.4byte	0
 1845 0156 00000000 		.4byte	0
 1846              	.LLST10:
 1847 015a 00000000 		.4byte	.LVL17
 1848 015e 09000000 		.4byte	.LVL18-1
 1849 0162 0100     		.2byte	0x1
 1850 0164 51       		.byte	0x51
 1851 0165 09000000 		.4byte	.LVL18-1
 1852 0169 14000000 		.4byte	.LVL20
 1853 016d 0400     		.2byte	0x4
 1854 016f F3       		.byte	0xf3
 1855 0170 01       		.uleb128 0x1
 1856 0171 51       		.byte	0x51
 1857 0172 9F       		.byte	0x9f
 1858 0173 14000000 		.4byte	.LVL20
 1859 0177 1C000000 		.4byte	.LVL21
 1860 017b 0100     		.2byte	0x1
 1861 017d 51       		.byte	0x51
 1862 017e 1C000000 		.4byte	.LVL21
 1863 0182 32000000 		.4byte	.LFE69
 1864 0186 0400     		.2byte	0x4
 1865 0188 F3       		.byte	0xf3
 1866 0189 01       		.uleb128 0x1
 1867 018a 51       		.byte	0x51
 1868 018b 9F       		.byte	0x9f
 1869 018c 00000000 		.4byte	0
 1870 0190 00000000 		.4byte	0
 1871              	.LLST11:
 1872 0194 00000000 		.4byte	.LVL25
 1873 0198 09000000 		.4byte	.LVL26-1
 1874 019c 0100     		.2byte	0x1
 1875 019e 50       		.byte	0x50
 1876 019f 09000000 		.4byte	.LVL26-1
 1877 01a3 14000000 		.4byte	.LVL28
 1878 01a7 0100     		.2byte	0x1
 1879 01a9 55       		.byte	0x55
 1880 01aa 14000000 		.4byte	.LVL28
 1881 01ae 1F000000 		.4byte	.LVL30-1
 1882 01b2 0100     		.2byte	0x1
 1883 01b4 50       		.byte	0x50
 1884 01b5 1F000000 		.4byte	.LVL30-1
 1885 01b9 32000000 		.4byte	.LFE70
 1886 01bd 0100     		.2byte	0x1
 1887 01bf 55       		.byte	0x55
 1888 01c0 00000000 		.4byte	0
 1889 01c4 00000000 		.4byte	0
 1890              	.LLST12:
 1891 01c8 00000000 		.4byte	.LVL25
 1892 01cc 09000000 		.4byte	.LVL26-1
 1893 01d0 0100     		.2byte	0x1
 1894 01d2 51       		.byte	0x51
 1895 01d3 09000000 		.4byte	.LVL26-1
 1896 01d7 14000000 		.4byte	.LVL28
 1897 01db 0400     		.2byte	0x4
ARM GAS  C:\Users\jespe\AppData\Local\Temp\ccHBJIwq.s 			page 37


 1898 01dd F3       		.byte	0xf3
 1899 01de 01       		.uleb128 0x1
 1900 01df 51       		.byte	0x51
 1901 01e0 9F       		.byte	0x9f
 1902 01e1 14000000 		.4byte	.LVL28
 1903 01e5 1C000000 		.4byte	.LVL29
 1904 01e9 0100     		.2byte	0x1
 1905 01eb 51       		.byte	0x51
 1906 01ec 1C000000 		.4byte	.LVL29
 1907 01f0 32000000 		.4byte	.LFE70
 1908 01f4 0400     		.2byte	0x4
 1909 01f6 F3       		.byte	0xf3
 1910 01f7 01       		.uleb128 0x1
 1911 01f8 51       		.byte	0x51
 1912 01f9 9F       		.byte	0x9f
 1913 01fa 00000000 		.4byte	0
 1914 01fe 00000000 		.4byte	0
 1915              	.LLST13:
 1916 0202 00000000 		.4byte	.LVL33
 1917 0206 19000000 		.4byte	.LVL37-1
 1918 020a 0100     		.2byte	0x1
 1919 020c 50       		.byte	0x50
 1920 020d 19000000 		.4byte	.LVL37-1
 1921 0211 24000000 		.4byte	.LVL39
 1922 0215 0100     		.2byte	0x1
 1923 0217 55       		.byte	0x55
 1924 0218 24000000 		.4byte	.LVL39
 1925 021c 27000000 		.4byte	.LVL40-1
 1926 0220 0100     		.2byte	0x1
 1927 0222 50       		.byte	0x50
 1928 0223 27000000 		.4byte	.LVL40-1
 1929 0227 32000000 		.4byte	.LVL42
 1930 022b 0100     		.2byte	0x1
 1931 022d 55       		.byte	0x55
 1932 022e 32000000 		.4byte	.LVL42
 1933 0232 43000000 		.4byte	.LVL43-1
 1934 0236 0100     		.2byte	0x1
 1935 0238 50       		.byte	0x50
 1936 0239 43000000 		.4byte	.LVL43-1
 1937 023d 50000000 		.4byte	.LVL45
 1938 0241 0100     		.2byte	0x1
 1939 0243 55       		.byte	0x55
 1940 0244 50000000 		.4byte	.LVL45
 1941 0248 53000000 		.4byte	.LVL46-1
 1942 024c 0100     		.2byte	0x1
 1943 024e 50       		.byte	0x50
 1944 024f 53000000 		.4byte	.LVL46-1
 1945 0253 5E000000 		.4byte	.LFE71
 1946 0257 0100     		.2byte	0x1
 1947 0259 55       		.byte	0x55
 1948 025a 00000000 		.4byte	0
 1949 025e 00000000 		.4byte	0
 1950              	.LLST14:
 1951 0262 00000000 		.4byte	.LVL33
 1952 0266 06000000 		.4byte	.LVL34
 1953 026a 0100     		.2byte	0x1
 1954 026c 51       		.byte	0x51
ARM GAS  C:\Users\jespe\AppData\Local\Temp\ccHBJIwq.s 			page 38


 1955 026d 06000000 		.4byte	.LVL34
 1956 0271 10000000 		.4byte	.LVL36
 1957 0275 0400     		.2byte	0x4
 1958 0277 71       		.byte	0x71
 1959 0278 837F     		.sleb128 -125
 1960 027a 9F       		.byte	0x9f
 1961 027b 10000000 		.4byte	.LVL36
 1962 027f 5E000000 		.4byte	.LFE71
 1963 0283 0400     		.2byte	0x4
 1964 0285 F3       		.byte	0xf3
 1965 0286 01       		.uleb128 0x1
 1966 0287 51       		.byte	0x51
 1967 0288 9F       		.byte	0x9f
 1968 0289 00000000 		.4byte	0
 1969 028d 00000000 		.4byte	0
 1970              	.LLST15:
 1971 0291 00000000 		.4byte	.LVL33
 1972 0295 19000000 		.4byte	.LVL37-1
 1973 0299 0100     		.2byte	0x1
 1974 029b 52       		.byte	0x52
 1975 029c 19000000 		.4byte	.LVL37-1
 1976 02a0 24000000 		.4byte	.LVL39
 1977 02a4 0400     		.2byte	0x4
 1978 02a6 F3       		.byte	0xf3
 1979 02a7 01       		.uleb128 0x1
 1980 02a8 52       		.byte	0x52
 1981 02a9 9F       		.byte	0x9f
 1982 02aa 24000000 		.4byte	.LVL39
 1983 02ae 27000000 		.4byte	.LVL40-1
 1984 02b2 0100     		.2byte	0x1
 1985 02b4 52       		.byte	0x52
 1986 02b5 27000000 		.4byte	.LVL40-1
 1987 02b9 32000000 		.4byte	.LVL42
 1988 02bd 0400     		.2byte	0x4
 1989 02bf F3       		.byte	0xf3
 1990 02c0 01       		.uleb128 0x1
 1991 02c1 52       		.byte	0x52
 1992 02c2 9F       		.byte	0x9f
 1993 02c3 32000000 		.4byte	.LVL42
 1994 02c7 43000000 		.4byte	.LVL43-1
 1995 02cb 0100     		.2byte	0x1
 1996 02cd 52       		.byte	0x52
 1997 02ce 43000000 		.4byte	.LVL43-1
 1998 02d2 50000000 		.4byte	.LVL45
 1999 02d6 0400     		.2byte	0x4
 2000 02d8 F3       		.byte	0xf3
 2001 02d9 01       		.uleb128 0x1
 2002 02da 52       		.byte	0x52
 2003 02db 9F       		.byte	0x9f
 2004 02dc 50000000 		.4byte	.LVL45
 2005 02e0 53000000 		.4byte	.LVL46-1
 2006 02e4 0100     		.2byte	0x1
 2007 02e6 52       		.byte	0x52
 2008 02e7 53000000 		.4byte	.LVL46-1
 2009 02eb 5E000000 		.4byte	.LFE71
 2010 02ef 0400     		.2byte	0x4
 2011 02f1 F3       		.byte	0xf3
ARM GAS  C:\Users\jespe\AppData\Local\Temp\ccHBJIwq.s 			page 39


 2012 02f2 01       		.uleb128 0x1
 2013 02f3 52       		.byte	0x52
 2014 02f4 9F       		.byte	0x9f
 2015 02f5 00000000 		.4byte	0
 2016 02f9 00000000 		.4byte	0
 2017              	.LLST16:
 2018 02fd 00000000 		.4byte	.LVL48
 2019 0301 02000000 		.4byte	.LVL49
 2020 0305 0100     		.2byte	0x1
 2021 0307 50       		.byte	0x50
 2022 0308 02000000 		.4byte	.LVL49
 2023 030c 04000000 		.4byte	.LFE77
 2024 0310 0400     		.2byte	0x4
 2025 0312 F3       		.byte	0xf3
 2026 0313 01       		.uleb128 0x1
 2027 0314 50       		.byte	0x50
 2028 0315 9F       		.byte	0x9f
 2029 0316 00000000 		.4byte	0
 2030 031a 00000000 		.4byte	0
 2031              		.section	.debug_aranges,"",%progbits
 2032 0000 6C000000 		.4byte	0x6c
 2033 0004 0200     		.2byte	0x2
 2034 0006 00000000 		.4byte	.Ldebug_info0
 2035 000a 04       		.byte	0x4
 2036 000b 00       		.byte	0
 2037 000c 0000     		.2byte	0
 2038 000e 0000     		.2byte	0
 2039 0010 00000000 		.4byte	.LFB64
 2040 0014 16000000 		.4byte	.LFE64-.LFB64
 2041 0018 00000000 		.4byte	.LFB67
 2042 001c 02000000 		.4byte	.LFE67-.LFB67
 2043 0020 00000000 		.4byte	.LFB72
 2044 0024 0C000000 		.4byte	.LFE72-.LFB72
 2045 0028 00000000 		.4byte	.LFB73
 2046 002c 04000000 		.4byte	.LFE73-.LFB73
 2047 0030 00000000 		.4byte	.LFB74
 2048 0034 0C000000 		.4byte	.LFE74-.LFB74
 2049 0038 00000000 		.4byte	.LFB75
 2050 003c 04000000 		.4byte	.LFE75-.LFB75
 2051 0040 00000000 		.4byte	.LFB76
 2052 0044 16000000 		.4byte	.LFE76-.LFB76
 2053 0048 00000000 		.4byte	.LFB69
 2054 004c 32000000 		.4byte	.LFE69-.LFB69
 2055 0050 00000000 		.4byte	.LFB70
 2056 0054 32000000 		.4byte	.LFE70-.LFB70
 2057 0058 00000000 		.4byte	.LFB71
 2058 005c 5E000000 		.4byte	.LFE71-.LFB71
 2059 0060 00000000 		.4byte	.LFB77
 2060 0064 04000000 		.4byte	.LFE77-.LFB77
 2061 0068 00000000 		.4byte	0
 2062 006c 00000000 		.4byte	0
 2063              		.section	.debug_ranges,"",%progbits
 2064              	.Ldebug_ranges0:
 2065 0000 00000000 		.4byte	.LFB64
 2066 0004 16000000 		.4byte	.LFE64
 2067 0008 00000000 		.4byte	.LFB67
 2068 000c 02000000 		.4byte	.LFE67
ARM GAS  C:\Users\jespe\AppData\Local\Temp\ccHBJIwq.s 			page 40


 2069 0010 00000000 		.4byte	.LFB72
 2070 0014 0C000000 		.4byte	.LFE72
 2071 0018 00000000 		.4byte	.LFB73
 2072 001c 04000000 		.4byte	.LFE73
 2073 0020 00000000 		.4byte	.LFB74
 2074 0024 0C000000 		.4byte	.LFE74
 2075 0028 00000000 		.4byte	.LFB75
 2076 002c 04000000 		.4byte	.LFE75
 2077 0030 00000000 		.4byte	.LFB76
 2078 0034 16000000 		.4byte	.LFE76
 2079 0038 00000000 		.4byte	.LFB69
 2080 003c 32000000 		.4byte	.LFE69
 2081 0040 00000000 		.4byte	.LFB70
 2082 0044 32000000 		.4byte	.LFE70
 2083 0048 00000000 		.4byte	.LFB71
 2084 004c 5E000000 		.4byte	.LFE71
 2085 0050 00000000 		.4byte	.LFB77
 2086 0054 04000000 		.4byte	.LFE77
 2087 0058 00000000 		.4byte	0
 2088 005c 00000000 		.4byte	0
 2089              		.section	.debug_line,"",%progbits
 2090              	.Ldebug_line0:
 2091 0000 68020000 		.section	.debug_str,"MS",%progbits,1
 2091      02009001 
 2091      00000201 
 2091      FB0E0D00 
 2091      01010101 
 2092              	.LASF53:
 2093 0000 433A5C55 		.ascii	"C:\\Users\\jespe\\Desktop\\GIT\\iFollow\\Software\\"
 2093      73657273 
 2093      5C6A6573 
 2093      70655C44 
 2093      65736B74 
 2094 002c 50534F43 		.ascii	"PSOC\\Projekt_PSoC_Kode\\Projekt_PSoC_Kode.cydsn\000"
 2094      5C50726F 
 2094      6A656B74 
 2094      5F50536F 
 2094      435F4B6F 
 2095              	.LASF44:
 2096 005b 5F5A4E31 		.ascii	"_ZN15MotorControllerC2Ev\000"
 2096      354D6F74 
 2096      6F72436F 
 2096      6E74726F 
 2096      6C6C6572 
 2097              	.LASF29:
 2098 0074 7365744C 		.ascii	"setLeftPWM\000"
 2098      65667450 
 2098      574D00
 2099              	.LASF11:
 2100 007f 666C6F61 		.ascii	"float\000"
 2100      7400
 2101              	.LASF9:
 2102 0085 5F5F696E 		.ascii	"__int32_t\000"
 2102      7433325F 
 2102      7400
 2103              	.LASF41:
 2104 008f 626F6F6C 		.ascii	"bool\000"
ARM GAS  C:\Users\jespe\AppData\Local\Temp\ccHBJIwq.s 			page 41


 2104      00
 2105              	.LASF47:
 2106 0094 50574D5F 		.ascii	"PWM_1_WriteCompare1\000"
 2106      315F5772 
 2106      69746543 
 2106      6F6D7061 
 2106      72653100 
 2107              	.LASF48:
 2108 00a8 50574D5F 		.ascii	"PWM_1_WriteCompare2\000"
 2108      315F5772 
 2108      69746543 
 2108      6F6D7061 
 2108      72653200 
 2109              	.LASF25:
 2110 00bc 5F5A4E31 		.ascii	"_ZN15MotorController9GoForwardEi\000"
 2110      354D6F74 
 2110      6F72436F 
 2110      6E74726F 
 2110      6C6C6572 
 2111              	.LASF49:
 2112 00dd 466F7277 		.ascii	"Forward_ORANGE_Write\000"
 2112      6172645F 
 2112      4F52414E 
 2112      47455F57 
 2112      72697465 
 2113              	.LASF36:
 2114 00f2 5F5A4E4B 		.ascii	"_ZNK15MotorController11getRightPWMEv\000"
 2114      31354D6F 
 2114      746F7243 
 2114      6F6E7472 
 2114      6F6C6C65 
 2115              	.LASF33:
 2116 0117 73657452 		.ascii	"setRightPWM\000"
 2116      69676874 
 2116      50574D00 
 2117              	.LASF45:
 2118 0123 5F5A4E31 		.ascii	"_ZN15MotorControllerD2Ev\000"
 2118      354D6F74 
 2118      6F72436F 
 2118      6E74726F 
 2118      6C6C6572 
 2119              	.LASF23:
 2120 013c 476F466F 		.ascii	"GoForward\000"
 2120      72776172 
 2120      6400
 2121              	.LASF0:
 2122 0146 7369676E 		.ascii	"signed char\000"
 2122      65642063 
 2122      68617200 
 2123              	.LASF1:
 2124 0152 756E7369 		.ascii	"unsigned char\000"
 2124      676E6564 
 2124      20636861 
 2124      7200
 2125              	.LASF42:
 2126 0160 74686973 		.ascii	"this\000"
 2126      00
ARM GAS  C:\Users\jespe\AppData\Local\Temp\ccHBJIwq.s 			page 42


 2127              	.LASF52:
 2128 0165 4D6F746F 		.ascii	"MotorController.c\000"
 2128      72436F6E 
 2128      74726F6C 
 2128      6C65722E 
 2128      6300
 2129              	.LASF5:
 2130 0177 6C6F6E67 		.ascii	"long unsigned int\000"
 2130      20756E73 
 2130      69676E65 
 2130      6420696E 
 2130      7400
 2131              	.LASF46:
 2132 0189 50574D5F 		.ascii	"PWM_1_Start\000"
 2132      315F5374 
 2132      61727400 
 2133              	.LASF50:
 2134 0195 4261636B 		.ascii	"Backward_GUL_Write\000"
 2134      77617264 
 2134      5F47554C 
 2134      5F577269 
 2134      746500
 2135              	.LASF54:
 2136 01a8 6465636C 		.ascii	"decltype(nullptr)\000"
 2136      74797065 
 2136      286E756C 
 2136      6C707472 
 2136      2900
 2137              	.LASF17:
 2138 01ba 52696768 		.ascii	"Rightpwm_\000"
 2138      7470776D 
 2138      5F00
 2139              	.LASF12:
 2140 01c4 646F7562 		.ascii	"double\000"
 2140      6C6500
 2141              	.LASF38:
 2142 01cb 5F5A4E31 		.ascii	"_ZN15MotorController6setDirEb\000"
 2142      354D6F74 
 2142      6F72436F 
 2142      6E74726F 
 2142      6C6C6572 
 2143              	.LASF32:
 2144 01e9 5F5A4E4B 		.ascii	"_ZNK15MotorController10getLeftPWMEv\000"
 2144      31354D6F 
 2144      746F7243 
 2144      6F6E7472 
 2144      6F6C6C65 
 2145              	.LASF55:
 2146 020d 49544D5F 		.ascii	"ITM_RxBuffer\000"
 2146      52784275 
 2146      66666572 
 2146      00
 2147              	.LASF21:
 2148 021a 5F5A4E31 		.ascii	"_ZN15MotorControllerC4Ev\000"
 2148      354D6F74 
 2148      6F72436F 
 2148      6E74726F 
ARM GAS  C:\Users\jespe\AppData\Local\Temp\ccHBJIwq.s 			page 43


 2148      6C6C6572 
 2149              	.LASF8:
 2150 0233 756E7369 		.ascii	"unsigned int\000"
 2150      676E6564 
 2150      20696E74 
 2150      00
 2151              	.LASF7:
 2152 0240 6C6F6E67 		.ascii	"long long unsigned int\000"
 2152      206C6F6E 
 2152      6720756E 
 2152      7369676E 
 2152      65642069 
 2153              	.LASF30:
 2154 0257 5F5A4E31 		.ascii	"_ZN15MotorController10setLeftPWMEi\000"
 2154      354D6F74 
 2154      6F72436F 
 2154      6E74726F 
 2154      6C6C6572 
 2155              	.LASF20:
 2156 027a 7E4D6F74 		.ascii	"~MotorController\000"
 2156      6F72436F 
 2156      6E74726F 
 2156      6C6C6572 
 2156      00
 2157              	.LASF10:
 2158 028b 696E7433 		.ascii	"int32_t\000"
 2158      325F7400 
 2159              	.LASF15:
 2160 0293 73697A65 		.ascii	"sizetype\000"
 2160      74797065 
 2160      00
 2161              	.LASF18:
 2162 029c 64697265 		.ascii	"direction_\000"
 2162      6374696F 
 2162      6E5F00
 2163              	.LASF6:
 2164 02a7 6C6F6E67 		.ascii	"long long int\000"
 2164      206C6F6E 
 2164      6720696E 
 2164      7400
 2165              	.LASF13:
 2166 02b5 63686172 		.ascii	"char\000"
 2166      00
 2167              	.LASF31:
 2168 02ba 6765744C 		.ascii	"getLeftPWM\000"
 2168      65667450 
 2168      574D00
 2169              	.LASF26:
 2170 02c5 5F5A4E31 		.ascii	"_ZN15MotorController10GoBackwardEi\000"
 2170      354D6F74 
 2170      6F72436F 
 2170      6E74726F 
 2170      6C6C6572 
 2171              	.LASF40:
 2172 02e8 5F5A4E4B 		.ascii	"_ZNK15MotorController6getDirEv\000"
 2172      31354D6F 
 2172      746F7243 
ARM GAS  C:\Users\jespe\AppData\Local\Temp\ccHBJIwq.s 			page 44


 2172      6F6E7472 
 2172      6F6C6C65 
 2173              	.LASF2:
 2174 0307 73686F72 		.ascii	"short int\000"
 2174      7420696E 
 2174      7400
 2175              	.LASF16:
 2176 0311 4C656674 		.ascii	"Leftpwm_\000"
 2176      70776D5F 
 2176      00
 2177              	.LASF43:
 2178 031a 5F5F696E 		.ascii	"__in_chrg\000"
 2178      5F636872 
 2178      6700
 2179              	.LASF34:
 2180 0324 5F5A4E31 		.ascii	"_ZN15MotorController11setRightPWMEi\000"
 2180      354D6F74 
 2180      6F72436F 
 2180      6E74726F 
 2180      6C6C6572 
 2181              	.LASF27:
 2182 0348 5475726E 		.ascii	"Turn\000"
 2182      00
 2183              	.LASF19:
 2184 034d 4D6F746F 		.ascii	"MotorController\000"
 2184      72436F6E 
 2184      74726F6C 
 2184      6C657200 
 2185              	.LASF39:
 2186 035d 67657444 		.ascii	"getDir\000"
 2186      697200
 2187              	.LASF4:
 2188 0364 6C6F6E67 		.ascii	"long int\000"
 2188      20696E74 
 2188      00
 2189              	.LASF24:
 2190 036d 476F4261 		.ascii	"GoBackward\000"
 2190      636B7761 
 2190      726400
 2191              	.LASF28:
 2192 0378 5F5A4E31 		.ascii	"_ZN15MotorController4TurnEic\000"
 2192      354D6F74 
 2192      6F72436F 
 2192      6E74726F 
 2192      6C6C6572 
 2193              	.LASF14:
 2194 0395 6C6F6E67 		.ascii	"long double\000"
 2194      20646F75 
 2194      626C6500 
 2195              	.LASF3:
 2196 03a1 73686F72 		.ascii	"short unsigned int\000"
 2196      7420756E 
 2196      7369676E 
 2196      65642069 
 2196      6E7400
 2197              	.LASF51:
 2198 03b4 474E5520 		.ascii	"GNU C++14 5.4.1 20160609 (release) [ARM/embedded-5-"
ARM GAS  C:\Users\jespe\AppData\Local\Temp\ccHBJIwq.s 			page 45


 2198      432B2B31 
 2198      3420352E 
 2198      342E3120 
 2198      32303136 
 2199 03e7 6272616E 		.ascii	"branch revision 237715] -mcpu=cortex-m3 -mthumb -g "
 2199      63682072 
 2199      65766973 
 2199      696F6E20 
 2199      32333737 
 2200 041a 2D4F6720 		.ascii	"-Og -std=c++1z -ffunction-sections -ffat-lto-object"
 2200      2D737464 
 2200      3D632B2B 
 2200      317A202D 
 2200      6666756E 
 2201 044d 73202D66 		.ascii	"s -fno-exceptions\000"
 2201      6E6F2D65 
 2201      78636570 
 2201      74696F6E 
 2201      7300
 2202              	.LASF22:
 2203 045f 5F5A4E31 		.ascii	"_ZN15MotorControllerD4Ev\000"
 2203      354D6F74 
 2203      6F72436F 
 2203      6E74726F 
 2203      6C6C6572 
 2204              	.LASF35:
 2205 0478 67657452 		.ascii	"getRightPWM\000"
 2205      69676874 
 2205      50574D00 
 2206              	.LASF37:
 2207 0484 73657444 		.ascii	"setDir\000"
 2207      697200
 2208              		.ident	"GCC: (GNU Tools for ARM Embedded Processors) 5.4.1 20160609 (release) [ARM/embedded-5-bran
