ARM GAS  C:\Users\jespe\AppData\Local\Temp\cc0frMhQ.s 			page 1


   1              		.syntax unified
   2              		.cpu cortex-m3
   3              		.fpu softvfp
   4              		.eabi_attribute 20, 1
   5              		.eabi_attribute 21, 1
   6              		.eabi_attribute 23, 3
   7              		.eabi_attribute 24, 1
   8              		.eabi_attribute 25, 1
   9              		.eabi_attribute 26, 1
  10              		.eabi_attribute 30, 1
  11              		.eabi_attribute 34, 1
  12              		.eabi_attribute 18, 4
  13              		.thumb
  14              		.syntax unified
  15              		.file	"MotosssrClass.h"
  16              		.text
  17              	.Ltext0:
  18              		.cfi_sections	.debug_frame
  19              	.Letext0:
  20              		.file 1 "c:\\program files (x86)\\cypress\\psoc creator\\4.2\\psoc creator\\import\\gnu\\arm\\5.4.
  21              		.file 2 "c:\\program files (x86)\\cypress\\psoc creator\\4.2\\psoc creator\\import\\gnu\\arm\\5.4.
  22              		.file 3 "Generated_Source\\PSoC5/core_cm3.h"
  23              		.section	.debug_info,"",%progbits
  24              	.Ldebug_info0:
  25 0000 B6000000 		.4byte	0xb6
  26 0004 0400     		.2byte	0x4
  27 0006 00000000 		.4byte	.Ldebug_abbrev0
  28 000a 04       		.byte	0x4
  29 000b 01       		.uleb128 0x1
  30 000c 3A010000 		.4byte	.LASF17
  31 0010 04       		.byte	0x4
  32 0011 6E000000 		.4byte	.LASF18
  33 0015 A1000000 		.4byte	.LASF19
  34 0019 00000000 		.4byte	.Ldebug_line0
  35 001d 02       		.uleb128 0x2
  36 001e 01       		.byte	0x1
  37 001f 06       		.byte	0x6
  38 0020 00010000 		.4byte	.LASF0
  39 0024 02       		.uleb128 0x2
  40 0025 01       		.byte	0x1
  41 0026 08       		.byte	0x8
  42 0027 7E000000 		.4byte	.LASF1
  43 002b 02       		.uleb128 0x2
  44 002c 02       		.byte	0x2
  45 002d 05       		.byte	0x5
  46 002e 28010000 		.4byte	.LASF2
  47 0032 02       		.uleb128 0x2
  48 0033 02       		.byte	0x2
  49 0034 07       		.byte	0x7
  50 0035 0E000000 		.4byte	.LASF3
  51 0039 03       		.uleb128 0x3
  52 003a 18010000 		.4byte	.LASF9
  53 003e 01       		.byte	0x1
  54 003f 3F       		.byte	0x3f
  55 0040 44000000 		.4byte	0x44
  56 0044 02       		.uleb128 0x2
  57 0045 04       		.byte	0x4
ARM GAS  C:\Users\jespe\AppData\Local\Temp\cc0frMhQ.s 			page 2


  58 0046 05       		.byte	0x5
  59 0047 91000000 		.4byte	.LASF4
  60 004b 02       		.uleb128 0x2
  61 004c 04       		.byte	0x4
  62 004d 07       		.byte	0x7
  63 004e 40000000 		.4byte	.LASF5
  64 0052 02       		.uleb128 0x2
  65 0053 08       		.byte	0x8
  66 0054 05       		.byte	0x5
  67 0055 00000000 		.4byte	.LASF6
  68 0059 02       		.uleb128 0x2
  69 005a 08       		.byte	0x8
  70 005b 07       		.byte	0x7
  71 005c 52000000 		.4byte	.LASF7
  72 0060 04       		.uleb128 0x4
  73 0061 04       		.byte	0x4
  74 0062 05       		.byte	0x5
  75 0063 696E7400 		.ascii	"int\000"
  76 0067 02       		.uleb128 0x2
  77 0068 04       		.byte	0x4
  78 0069 07       		.byte	0x7
  79 006a 21000000 		.4byte	.LASF8
  80 006e 03       		.uleb128 0x3
  81 006f 32010000 		.4byte	.LASF10
  82 0073 02       		.byte	0x2
  83 0074 2C       		.byte	0x2c
  84 0075 39000000 		.4byte	0x39
  85 0079 02       		.uleb128 0x2
  86 007a 04       		.byte	0x4
  87 007b 04       		.byte	0x4
  88 007c 22010000 		.4byte	.LASF11
  89 0080 02       		.uleb128 0x2
  90 0081 08       		.byte	0x8
  91 0082 04       		.byte	0x4
  92 0083 9A000000 		.4byte	.LASF12
  93 0087 02       		.uleb128 0x2
  94 0088 01       		.byte	0x1
  95 0089 08       		.byte	0x8
  96 008a 8C000000 		.4byte	.LASF13
  97 008e 02       		.uleb128 0x2
  98 008f 08       		.byte	0x8
  99 0090 04       		.byte	0x4
 100 0091 0C010000 		.4byte	.LASF14
 101 0095 05       		.uleb128 0x5
 102 0096 2E000000 		.4byte	.LASF20
 103 009a 02       		.uleb128 0x2
 104 009b 04       		.byte	0x4
 105 009c 07       		.byte	0x7
 106 009d EA000000 		.4byte	.LASF15
 107 00a1 02       		.uleb128 0x2
 108 00a2 01       		.byte	0x1
 109 00a3 02       		.byte	0x2
 110 00a4 69000000 		.4byte	.LASF16
 111 00a8 06       		.uleb128 0x6
 112 00a9 F3000000 		.4byte	.LASF21
 113 00ad 03       		.byte	0x3
 114 00ae 1207     		.2byte	0x712
ARM GAS  C:\Users\jespe\AppData\Local\Temp\cc0frMhQ.s 			page 3


 115 00b0 B4000000 		.4byte	0xb4
 116 00b4 07       		.uleb128 0x7
 117 00b5 6E000000 		.4byte	0x6e
 118 00b9 00       		.byte	0
 119              		.section	.debug_abbrev,"",%progbits
 120              	.Ldebug_abbrev0:
 121 0000 01       		.uleb128 0x1
 122 0001 11       		.uleb128 0x11
 123 0002 01       		.byte	0x1
 124 0003 25       		.uleb128 0x25
 125 0004 0E       		.uleb128 0xe
 126 0005 13       		.uleb128 0x13
 127 0006 0B       		.uleb128 0xb
 128 0007 03       		.uleb128 0x3
 129 0008 0E       		.uleb128 0xe
 130 0009 1B       		.uleb128 0x1b
 131 000a 0E       		.uleb128 0xe
 132 000b 10       		.uleb128 0x10
 133 000c 17       		.uleb128 0x17
 134 000d 00       		.byte	0
 135 000e 00       		.byte	0
 136 000f 02       		.uleb128 0x2
 137 0010 24       		.uleb128 0x24
 138 0011 00       		.byte	0
 139 0012 0B       		.uleb128 0xb
 140 0013 0B       		.uleb128 0xb
 141 0014 3E       		.uleb128 0x3e
 142 0015 0B       		.uleb128 0xb
 143 0016 03       		.uleb128 0x3
 144 0017 0E       		.uleb128 0xe
 145 0018 00       		.byte	0
 146 0019 00       		.byte	0
 147 001a 03       		.uleb128 0x3
 148 001b 16       		.uleb128 0x16
 149 001c 00       		.byte	0
 150 001d 03       		.uleb128 0x3
 151 001e 0E       		.uleb128 0xe
 152 001f 3A       		.uleb128 0x3a
 153 0020 0B       		.uleb128 0xb
 154 0021 3B       		.uleb128 0x3b
 155 0022 0B       		.uleb128 0xb
 156 0023 49       		.uleb128 0x49
 157 0024 13       		.uleb128 0x13
 158 0025 00       		.byte	0
 159 0026 00       		.byte	0
 160 0027 04       		.uleb128 0x4
 161 0028 24       		.uleb128 0x24
 162 0029 00       		.byte	0
 163 002a 0B       		.uleb128 0xb
 164 002b 0B       		.uleb128 0xb
 165 002c 3E       		.uleb128 0x3e
 166 002d 0B       		.uleb128 0xb
 167 002e 03       		.uleb128 0x3
 168 002f 08       		.uleb128 0x8
 169 0030 00       		.byte	0
 170 0031 00       		.byte	0
 171 0032 05       		.uleb128 0x5
ARM GAS  C:\Users\jespe\AppData\Local\Temp\cc0frMhQ.s 			page 4


 172 0033 3B       		.uleb128 0x3b
 173 0034 00       		.byte	0
 174 0035 03       		.uleb128 0x3
 175 0036 0E       		.uleb128 0xe
 176 0037 00       		.byte	0
 177 0038 00       		.byte	0
 178 0039 06       		.uleb128 0x6
 179 003a 34       		.uleb128 0x34
 180 003b 00       		.byte	0
 181 003c 03       		.uleb128 0x3
 182 003d 0E       		.uleb128 0xe
 183 003e 3A       		.uleb128 0x3a
 184 003f 0B       		.uleb128 0xb
 185 0040 3B       		.uleb128 0x3b
 186 0041 05       		.uleb128 0x5
 187 0042 49       		.uleb128 0x49
 188 0043 13       		.uleb128 0x13
 189 0044 3F       		.uleb128 0x3f
 190 0045 19       		.uleb128 0x19
 191 0046 3C       		.uleb128 0x3c
 192 0047 19       		.uleb128 0x19
 193 0048 00       		.byte	0
 194 0049 00       		.byte	0
 195 004a 07       		.uleb128 0x7
 196 004b 35       		.uleb128 0x35
 197 004c 00       		.byte	0
 198 004d 49       		.uleb128 0x49
 199 004e 13       		.uleb128 0x13
 200 004f 00       		.byte	0
 201 0050 00       		.byte	0
 202 0051 00       		.byte	0
 203              		.section	.debug_aranges,"",%progbits
 204 0000 14000000 		.4byte	0x14
 205 0004 0200     		.2byte	0x2
 206 0006 00000000 		.4byte	.Ldebug_info0
 207 000a 04       		.byte	0x4
 208 000b 00       		.byte	0
 209 000c 0000     		.2byte	0
 210 000e 0000     		.2byte	0
 211 0010 00000000 		.4byte	0
 212 0014 00000000 		.4byte	0
 213              		.section	.debug_line,"",%progbits
 214              	.Ldebug_line0:
 215 0000 3B010000 		.section	.debug_str,"MS",%progbits,1
 215      02003501 
 215      00000201 
 215      FB0E0D00 
 215      01010101 
 216              	.LASF6:
 217 0000 6C6F6E67 		.ascii	"long long int\000"
 217      206C6F6E 
 217      6720696E 
 217      7400
 218              	.LASF3:
 219 000e 73686F72 		.ascii	"short unsigned int\000"
 219      7420756E 
 219      7369676E 
ARM GAS  C:\Users\jespe\AppData\Local\Temp\cc0frMhQ.s 			page 5


 219      65642069 
 219      6E7400
 220              	.LASF8:
 221 0021 756E7369 		.ascii	"unsigned int\000"
 221      676E6564 
 221      20696E74 
 221      00
 222              	.LASF20:
 223 002e 6465636C 		.ascii	"decltype(nullptr)\000"
 223      74797065 
 223      286E756C 
 223      6C707472 
 223      2900
 224              	.LASF5:
 225 0040 6C6F6E67 		.ascii	"long unsigned int\000"
 225      20756E73 
 225      69676E65 
 225      6420696E 
 225      7400
 226              	.LASF7:
 227 0052 6C6F6E67 		.ascii	"long long unsigned int\000"
 227      206C6F6E 
 227      6720756E 
 227      7369676E 
 227      65642069 
 228              	.LASF16:
 229 0069 626F6F6C 		.ascii	"bool\000"
 229      00
 230              	.LASF18:
 231 006e 4D6F746F 		.ascii	"MotosssrClass.h\000"
 231      73737372 
 231      436C6173 
 231      732E6800 
 232              	.LASF1:
 233 007e 756E7369 		.ascii	"unsigned char\000"
 233      676E6564 
 233      20636861 
 233      7200
 234              	.LASF13:
 235 008c 63686172 		.ascii	"char\000"
 235      00
 236              	.LASF4:
 237 0091 6C6F6E67 		.ascii	"long int\000"
 237      20696E74 
 237      00
 238              	.LASF12:
 239 009a 646F7562 		.ascii	"double\000"
 239      6C6500
 240              	.LASF19:
 241 00a1 433A5C55 		.ascii	"C:\\Users\\jespe\\Desktop\\Projekt\\Projekt_PSoC_Ko"
 241      73657273 
 241      5C6A6573 
 241      70655C44 
 241      65736B74 
 242 00cf 64655C50 		.ascii	"de\\Projekt_PSoC_Kode.cydsn\000"
 242      726F6A65 
 242      6B745F50 
ARM GAS  C:\Users\jespe\AppData\Local\Temp\cc0frMhQ.s 			page 6


 242      536F435F 
 242      4B6F6465 
 243              	.LASF15:
 244 00ea 73697A65 		.ascii	"sizetype\000"
 244      74797065 
 244      00
 245              	.LASF21:
 246 00f3 49544D5F 		.ascii	"ITM_RxBuffer\000"
 246      52784275 
 246      66666572 
 246      00
 247              	.LASF0:
 248 0100 7369676E 		.ascii	"signed char\000"
 248      65642063 
 248      68617200 
 249              	.LASF14:
 250 010c 6C6F6E67 		.ascii	"long double\000"
 250      20646F75 
 250      626C6500 
 251              	.LASF9:
 252 0118 5F5F696E 		.ascii	"__int32_t\000"
 252      7433325F 
 252      7400
 253              	.LASF11:
 254 0122 666C6F61 		.ascii	"float\000"
 254      7400
 255              	.LASF2:
 256 0128 73686F72 		.ascii	"short int\000"
 256      7420696E 
 256      7400
 257              	.LASF10:
 258 0132 696E7433 		.ascii	"int32_t\000"
 258      325F7400 
 259              	.LASF17:
 260 013a 474E5520 		.ascii	"GNU C++14 5.4.1 20160609 (release) [ARM/embedded-5-"
 260      432B2B31 
 260      3420352E 
 260      342E3120 
 260      32303136 
 261 016d 6272616E 		.ascii	"branch revision 237715] -mcpu=cortex-m3 -mthumb -g "
 261      63682072 
 261      65766973 
 261      696F6E20 
 261      32333737 
 262 01a0 2D4F6720 		.ascii	"-Og -std=c++1z -ffunction-sections -ffat-lto-object"
 262      2D737464 
 262      3D632B2B 
 262      317A202D 
 262      6666756E 
 263 01d3 73202D66 		.ascii	"s -fno-exceptions\000"
 263      6E6F2D65 
 263      78636570 
 263      74696F6E 
 263      7300
 264              		.ident	"GCC: (GNU Tools for ARM Embedded Processors) 5.4.1 20160609 (release) [ARM/embedded-5-bran
