ARM GAS  C:\Users\jespe\AppData\Local\Temp\ccfWPxJb.s 			page 1


   1              		.syntax unified
   2              		.cpu cortex-m3
   3              		.fpu softvfp
   4              		.eabi_attribute 20, 1
   5              		.eabi_attribute 21, 1
   6              		.eabi_attribute 23, 3
   7              		.eabi_attribute 24, 1
   8              		.eabi_attribute 25, 1
   9              		.eabi_attribute 26, 1
  10              		.eabi_attribute 30, 1
  11              		.eabi_attribute 34, 1
  12              		.eabi_attribute 18, 4
  13              		.thumb
  14              		.syntax unified
  15              		.file	"SPIS_1_INT.c"
  16              		.text
  17              	.Ltext0:
  18              		.cfi_sections	.debug_frame
  19              		.section	.text.SPIS_1_TX_ISR,"ax",%progbits
  20              		.align	2
  21              		.global	SPIS_1_TX_ISR
  22              		.thumb
  23              		.thumb_func
  24              		.type	SPIS_1_TX_ISR, %function
  25              	SPIS_1_TX_ISR:
  26              	.LFB0:
  27              		.file 1 "Generated_Source\\PSoC5\\SPIS_1_INT.c"
   1:Generated_Source\PSoC5/SPIS_1_INT.c **** /*******************************************************************************
   2:Generated_Source\PSoC5/SPIS_1_INT.c **** * File Name: SPIS_1_INT.c
   3:Generated_Source\PSoC5/SPIS_1_INT.c **** * Version 2.70
   4:Generated_Source\PSoC5/SPIS_1_INT.c **** *
   5:Generated_Source\PSoC5/SPIS_1_INT.c **** * Description:
   6:Generated_Source\PSoC5/SPIS_1_INT.c **** *  This file provides all Interrupt Service Routine (ISR) for the SPI Slave
   7:Generated_Source\PSoC5/SPIS_1_INT.c **** *  component.
   8:Generated_Source\PSoC5/SPIS_1_INT.c **** *
   9:Generated_Source\PSoC5/SPIS_1_INT.c **** * Note:
  10:Generated_Source\PSoC5/SPIS_1_INT.c **** *  None.
  11:Generated_Source\PSoC5/SPIS_1_INT.c **** *
  12:Generated_Source\PSoC5/SPIS_1_INT.c **** ********************************************************************************
  13:Generated_Source\PSoC5/SPIS_1_INT.c **** * Copyright 2008-2015, Cypress Semiconductor Corporation.  All rights reserved.
  14:Generated_Source\PSoC5/SPIS_1_INT.c **** * You may use this file only in accordance with the license, terms, conditions,
  15:Generated_Source\PSoC5/SPIS_1_INT.c **** * disclaimers, and limitations in the end user license agreement accompanying
  16:Generated_Source\PSoC5/SPIS_1_INT.c **** * the software package with which this file was provided.
  17:Generated_Source\PSoC5/SPIS_1_INT.c **** *******************************************************************************/
  18:Generated_Source\PSoC5/SPIS_1_INT.c **** 
  19:Generated_Source\PSoC5/SPIS_1_INT.c **** #include "SPIS_1_PVT.h"
  20:Generated_Source\PSoC5/SPIS_1_INT.c **** #include "cyapicallbacks.h"
  21:Generated_Source\PSoC5/SPIS_1_INT.c **** 
  22:Generated_Source\PSoC5/SPIS_1_INT.c **** /* User code required at start of ISR */
  23:Generated_Source\PSoC5/SPIS_1_INT.c **** /* `#START SPIS_1_ISR_START_DEF` */
  24:Generated_Source\PSoC5/SPIS_1_INT.c **** 
  25:Generated_Source\PSoC5/SPIS_1_INT.c **** /* `#END` */
  26:Generated_Source\PSoC5/SPIS_1_INT.c **** 
  27:Generated_Source\PSoC5/SPIS_1_INT.c **** 
  28:Generated_Source\PSoC5/SPIS_1_INT.c **** /*******************************************************************************
  29:Generated_Source\PSoC5/SPIS_1_INT.c **** * Function Name: SPIS_1_TX_ISR
  30:Generated_Source\PSoC5/SPIS_1_INT.c **** *
ARM GAS  C:\Users\jespe\AppData\Local\Temp\ccfWPxJb.s 			page 2


  31:Generated_Source\PSoC5/SPIS_1_INT.c **** * Summary:
  32:Generated_Source\PSoC5/SPIS_1_INT.c **** *  Interrupt Service Routine for TX portion of the SPI Slave.
  33:Generated_Source\PSoC5/SPIS_1_INT.c **** *
  34:Generated_Source\PSoC5/SPIS_1_INT.c **** * Parameters:
  35:Generated_Source\PSoC5/SPIS_1_INT.c **** *  None.
  36:Generated_Source\PSoC5/SPIS_1_INT.c **** *
  37:Generated_Source\PSoC5/SPIS_1_INT.c **** * Return:
  38:Generated_Source\PSoC5/SPIS_1_INT.c **** *  None.
  39:Generated_Source\PSoC5/SPIS_1_INT.c **** *
  40:Generated_Source\PSoC5/SPIS_1_INT.c **** * Global variables:
  41:Generated_Source\PSoC5/SPIS_1_INT.c **** *  SPIS_1_txBufferWrite - used for the account of the bytes which
  42:Generated_Source\PSoC5/SPIS_1_INT.c **** *  have been written down in the TX software buffer.
  43:Generated_Source\PSoC5/SPIS_1_INT.c **** *  SPIS_1_txBufferRead - used for the account of the bytes which
  44:Generated_Source\PSoC5/SPIS_1_INT.c **** *  have been read from the TX software buffer, modified when exist data to
  45:Generated_Source\PSoC5/SPIS_1_INT.c **** *  sending and FIFO Not Full.
  46:Generated_Source\PSoC5/SPIS_1_INT.c **** *  SPIS_1_txBuffer[SPIS_1_TX_BUFFER_SIZE] - used to store
  47:Generated_Source\PSoC5/SPIS_1_INT.c **** *  data to sending.
  48:Generated_Source\PSoC5/SPIS_1_INT.c **** *  All described above Global variables are used when Software Buffer is used.
  49:Generated_Source\PSoC5/SPIS_1_INT.c **** *
  50:Generated_Source\PSoC5/SPIS_1_INT.c **** *******************************************************************************/
  51:Generated_Source\PSoC5/SPIS_1_INT.c **** CY_ISR(SPIS_1_TX_ISR)
  52:Generated_Source\PSoC5/SPIS_1_INT.c **** {
  28              		.loc 1 52 0
  29              		.cfi_startproc
  30              		@ args = 0, pretend = 0, frame = 0
  31              		@ frame_needed = 0, uses_anonymous_args = 0
  32              		@ link register save eliminated.
  33 0000 7047     		bx	lr
  34              		.cfi_endproc
  35              	.LFE0:
  36              		.size	SPIS_1_TX_ISR, .-SPIS_1_TX_ISR
  37 0002 00BF     		.section	.text.SPIS_1_RX_ISR,"ax",%progbits
  38              		.align	2
  39              		.global	SPIS_1_RX_ISR
  40              		.thumb
  41              		.thumb_func
  42              		.type	SPIS_1_RX_ISR, %function
  43              	SPIS_1_RX_ISR:
  44              	.LFB1:
  53:Generated_Source\PSoC5/SPIS_1_INT.c **** 
  54:Generated_Source\PSoC5/SPIS_1_INT.c ****     #if(SPIS_1_TX_SOFTWARE_BUF_ENABLED)
  55:Generated_Source\PSoC5/SPIS_1_INT.c ****         uint8 tmpStatus;
  56:Generated_Source\PSoC5/SPIS_1_INT.c ****     #endif /* (SPIS_1_TX_SOFTWARE_BUF_ENABLED) */
  57:Generated_Source\PSoC5/SPIS_1_INT.c **** 
  58:Generated_Source\PSoC5/SPIS_1_INT.c ****     #ifdef SPIS_1_TX_ISR_ENTRY_CALLBACK
  59:Generated_Source\PSoC5/SPIS_1_INT.c ****         SPIS_1_TX_ISR_EntryCallback();
  60:Generated_Source\PSoC5/SPIS_1_INT.c ****     #endif /* SPIS_1_TX_ISR_ENTRY_CALLBACK */
  61:Generated_Source\PSoC5/SPIS_1_INT.c **** 
  62:Generated_Source\PSoC5/SPIS_1_INT.c ****     /* User code required at start of ISR */
  63:Generated_Source\PSoC5/SPIS_1_INT.c ****     /* `#START SPIS_1_ISR_TX_START` */
  64:Generated_Source\PSoC5/SPIS_1_INT.c **** 
  65:Generated_Source\PSoC5/SPIS_1_INT.c ****     /* `#END` */
  66:Generated_Source\PSoC5/SPIS_1_INT.c **** 
  67:Generated_Source\PSoC5/SPIS_1_INT.c ****     #if(SPIS_1_TX_SOFTWARE_BUF_ENABLED)
  68:Generated_Source\PSoC5/SPIS_1_INT.c ****         /* Component interrupt service code */
  69:Generated_Source\PSoC5/SPIS_1_INT.c **** 
  70:Generated_Source\PSoC5/SPIS_1_INT.c ****         /* See if TX data buffer is not empty and there is space in TX FIFO */
ARM GAS  C:\Users\jespe\AppData\Local\Temp\ccfWPxJb.s 			page 3


  71:Generated_Source\PSoC5/SPIS_1_INT.c ****         while(SPIS_1_txBufferRead != SPIS_1_txBufferWrite)
  72:Generated_Source\PSoC5/SPIS_1_INT.c ****         {
  73:Generated_Source\PSoC5/SPIS_1_INT.c ****             tmpStatus = SPIS_1_GET_STATUS_TX(SPIS_1_swStatusTx);
  74:Generated_Source\PSoC5/SPIS_1_INT.c ****             SPIS_1_swStatusTx = tmpStatus;
  75:Generated_Source\PSoC5/SPIS_1_INT.c **** 
  76:Generated_Source\PSoC5/SPIS_1_INT.c ****             if ((SPIS_1_swStatusTx & SPIS_1_STS_TX_FIFO_NOT_FULL) != 0u)
  77:Generated_Source\PSoC5/SPIS_1_INT.c ****             {
  78:Generated_Source\PSoC5/SPIS_1_INT.c ****                 if(SPIS_1_txBufferFull == 0u)
  79:Generated_Source\PSoC5/SPIS_1_INT.c ****                 {
  80:Generated_Source\PSoC5/SPIS_1_INT.c ****                    SPIS_1_txBufferRead++;
  81:Generated_Source\PSoC5/SPIS_1_INT.c **** 
  82:Generated_Source\PSoC5/SPIS_1_INT.c ****                     if(SPIS_1_txBufferRead >= SPIS_1_TX_BUFFER_SIZE)
  83:Generated_Source\PSoC5/SPIS_1_INT.c ****                     {
  84:Generated_Source\PSoC5/SPIS_1_INT.c ****                         SPIS_1_txBufferRead = 0u;
  85:Generated_Source\PSoC5/SPIS_1_INT.c ****                     }
  86:Generated_Source\PSoC5/SPIS_1_INT.c ****                 }
  87:Generated_Source\PSoC5/SPIS_1_INT.c ****                 else
  88:Generated_Source\PSoC5/SPIS_1_INT.c ****                 {
  89:Generated_Source\PSoC5/SPIS_1_INT.c ****                     SPIS_1_txBufferFull = 0u;
  90:Generated_Source\PSoC5/SPIS_1_INT.c ****                 }
  91:Generated_Source\PSoC5/SPIS_1_INT.c **** 
  92:Generated_Source\PSoC5/SPIS_1_INT.c ****                 /* Put data element into the TX FIFO */
  93:Generated_Source\PSoC5/SPIS_1_INT.c ****                 CY_SET_REG16(SPIS_1_TXDATA_PTR, 
  94:Generated_Source\PSoC5/SPIS_1_INT.c ****                                              SPIS_1_txBuffer[SPIS_1_txBufferRead]);
  95:Generated_Source\PSoC5/SPIS_1_INT.c ****             }
  96:Generated_Source\PSoC5/SPIS_1_INT.c ****             else
  97:Generated_Source\PSoC5/SPIS_1_INT.c ****             {
  98:Generated_Source\PSoC5/SPIS_1_INT.c ****                 break;
  99:Generated_Source\PSoC5/SPIS_1_INT.c ****             }
 100:Generated_Source\PSoC5/SPIS_1_INT.c ****         }
 101:Generated_Source\PSoC5/SPIS_1_INT.c **** 
 102:Generated_Source\PSoC5/SPIS_1_INT.c ****         /* If Buffer is empty then disable TX FIFO status interrupt until there is data in the buff
 103:Generated_Source\PSoC5/SPIS_1_INT.c ****         if(SPIS_1_txBufferRead == SPIS_1_txBufferWrite)
 104:Generated_Source\PSoC5/SPIS_1_INT.c ****         {
 105:Generated_Source\PSoC5/SPIS_1_INT.c ****             SPIS_1_TX_STATUS_MASK_REG &= ((uint8)~SPIS_1_STS_TX_FIFO_NOT_FULL);
 106:Generated_Source\PSoC5/SPIS_1_INT.c ****         }
 107:Generated_Source\PSoC5/SPIS_1_INT.c **** 
 108:Generated_Source\PSoC5/SPIS_1_INT.c ****     #endif /* SPIS_1_TX_SOFTWARE_BUF_ENABLED */
 109:Generated_Source\PSoC5/SPIS_1_INT.c **** 
 110:Generated_Source\PSoC5/SPIS_1_INT.c ****     /* User code required at end of ISR (Optional) */
 111:Generated_Source\PSoC5/SPIS_1_INT.c ****     /* `#START SPIS_1_ISR_TX_END` */
 112:Generated_Source\PSoC5/SPIS_1_INT.c **** 
 113:Generated_Source\PSoC5/SPIS_1_INT.c ****     /* `#END` */
 114:Generated_Source\PSoC5/SPIS_1_INT.c ****     
 115:Generated_Source\PSoC5/SPIS_1_INT.c ****     #ifdef SPIS_1_TX_ISR_EXIT_CALLBACK
 116:Generated_Source\PSoC5/SPIS_1_INT.c ****         SPIS_1_TX_ISR_ExitCallback();
 117:Generated_Source\PSoC5/SPIS_1_INT.c ****     #endif /* SPIS_1_TX_ISR_EXIT_CALLBACK */
 118:Generated_Source\PSoC5/SPIS_1_INT.c ****    }
 119:Generated_Source\PSoC5/SPIS_1_INT.c **** 
 120:Generated_Source\PSoC5/SPIS_1_INT.c **** 
 121:Generated_Source\PSoC5/SPIS_1_INT.c **** /*******************************************************************************
 122:Generated_Source\PSoC5/SPIS_1_INT.c **** * Function Name: SPIS_1_RX_ISR
 123:Generated_Source\PSoC5/SPIS_1_INT.c **** *
 124:Generated_Source\PSoC5/SPIS_1_INT.c **** * Summary:
 125:Generated_Source\PSoC5/SPIS_1_INT.c **** *  Interrupt Service Routine for RX portion of the SPI Slave.
 126:Generated_Source\PSoC5/SPIS_1_INT.c **** *
 127:Generated_Source\PSoC5/SPIS_1_INT.c **** * Parameters:
ARM GAS  C:\Users\jespe\AppData\Local\Temp\ccfWPxJb.s 			page 4


 128:Generated_Source\PSoC5/SPIS_1_INT.c **** *  None.
 129:Generated_Source\PSoC5/SPIS_1_INT.c **** *
 130:Generated_Source\PSoC5/SPIS_1_INT.c **** * Return:
 131:Generated_Source\PSoC5/SPIS_1_INT.c **** *  None.
 132:Generated_Source\PSoC5/SPIS_1_INT.c **** *
 133:Generated_Source\PSoC5/SPIS_1_INT.c **** * Global variables:
 134:Generated_Source\PSoC5/SPIS_1_INT.c **** *  SPIS_1_rxBufferWrite - used for the account of the bytes which
 135:Generated_Source\PSoC5/SPIS_1_INT.c **** *  have been written down in the RX software buffer modified when FIFO contains
 136:Generated_Source\PSoC5/SPIS_1_INT.c **** *  new data.
 137:Generated_Source\PSoC5/SPIS_1_INT.c **** *  SPIS_1_rxBufferRead - used for the account of the bytes which
 138:Generated_Source\PSoC5/SPIS_1_INT.c **** *  have been read from the RX software buffer, modified when overflow occurred.
 139:Generated_Source\PSoC5/SPIS_1_INT.c **** *  SPIS_1_rxBuffer[SPIS_1_RX_BUFFER_SIZE] - used to store
 140:Generated_Source\PSoC5/SPIS_1_INT.c **** *  received data, modified when FIFO contains new data.
 141:Generated_Source\PSoC5/SPIS_1_INT.c **** *  All described above Global variables are used when Software Buffer is used.
 142:Generated_Source\PSoC5/SPIS_1_INT.c **** *
 143:Generated_Source\PSoC5/SPIS_1_INT.c **** *******************************************************************************/
 144:Generated_Source\PSoC5/SPIS_1_INT.c **** CY_ISR(SPIS_1_RX_ISR)
 145:Generated_Source\PSoC5/SPIS_1_INT.c **** {
  45              		.loc 1 145 0
  46              		.cfi_startproc
  47              		@ args = 0, pretend = 0, frame = 0
  48              		@ frame_needed = 0, uses_anonymous_args = 0
  49              		@ link register save eliminated.
 146:Generated_Source\PSoC5/SPIS_1_INT.c ****     #if(SPIS_1_RX_SOFTWARE_BUF_ENABLED)
 147:Generated_Source\PSoC5/SPIS_1_INT.c ****         uint8 tmpStatus;
 148:Generated_Source\PSoC5/SPIS_1_INT.c ****         uint16 rxData;
 149:Generated_Source\PSoC5/SPIS_1_INT.c ****     #endif /* (SPIS_1_TX_SOFTWARE_BUF_ENABLED) */
 150:Generated_Source\PSoC5/SPIS_1_INT.c **** 
 151:Generated_Source\PSoC5/SPIS_1_INT.c ****     #ifdef SPIS_1_RX_ISR_ENTRY_CALLBACK
 152:Generated_Source\PSoC5/SPIS_1_INT.c ****         SPIS_1_RX_ISR_EntryCallback();
 153:Generated_Source\PSoC5/SPIS_1_INT.c ****     #endif /* SPIS_1_RX_ISR_ENTRY_CALLBACK */
 154:Generated_Source\PSoC5/SPIS_1_INT.c **** 
 155:Generated_Source\PSoC5/SPIS_1_INT.c ****     /* User code required at start of ISR */
 156:Generated_Source\PSoC5/SPIS_1_INT.c ****     /* `#START SPIS_1_RX_ISR_START` */
 157:Generated_Source\PSoC5/SPIS_1_INT.c **** 
 158:Generated_Source\PSoC5/SPIS_1_INT.c ****     /* `#END` */
 159:Generated_Source\PSoC5/SPIS_1_INT.c ****     
 160:Generated_Source\PSoC5/SPIS_1_INT.c ****     #if(SPIS_1_RX_SOFTWARE_BUF_ENABLED)
 161:Generated_Source\PSoC5/SPIS_1_INT.c ****         tmpStatus = SPIS_1_GET_STATUS_RX(SPIS_1_swStatusRx);
  50              		.loc 1 161 0
  51 0000 214B     		ldr	r3, .L8
  52 0002 1978     		ldrb	r1, [r3]	@ zero_extendqisi2
  53 0004 214A     		ldr	r2, .L8+4
  54 0006 1378     		ldrb	r3, [r2]	@ zero_extendqisi2
  55 0008 03F06103 		and	r3, r3, #97
  56 000c 0B43     		orrs	r3, r3, r1
  57              	.LVL0:
 162:Generated_Source\PSoC5/SPIS_1_INT.c ****         SPIS_1_swStatusRx = tmpStatus;
  58              		.loc 1 162 0
  59 000e 1370     		strb	r3, [r2]
 163:Generated_Source\PSoC5/SPIS_1_INT.c ****         /* See if RX data FIFO has some data and if it can be moved to the RX Buffer */
 164:Generated_Source\PSoC5/SPIS_1_INT.c ****         while((SPIS_1_swStatusRx & SPIS_1_STS_RX_FIFO_NOT_EMPTY) != 0u)
  60              		.loc 1 164 0
  61 0010 33E0     		b	.L3
  62              	.LVL1:
  63              	.L7:
 165:Generated_Source\PSoC5/SPIS_1_INT.c ****         {
ARM GAS  C:\Users\jespe\AppData\Local\Temp\ccfWPxJb.s 			page 5


 166:Generated_Source\PSoC5/SPIS_1_INT.c ****             rxData = CY_GET_REG16(SPIS_1_RXDATA_PTR);
  64              		.loc 1 166 0
  65 0012 1F4B     		ldr	r3, .L8+8
  66 0014 1A88     		ldrh	r2, [r3]
  67              	.LVL2:
  68 0016 92B2     		uxth	r2, r2
  69              	.LVL3:
 167:Generated_Source\PSoC5/SPIS_1_INT.c **** 
 168:Generated_Source\PSoC5/SPIS_1_INT.c ****             /* Set next pointer. */
 169:Generated_Source\PSoC5/SPIS_1_INT.c ****             SPIS_1_rxBufferWrite++;
  70              		.loc 1 169 0
  71 0018 1E49     		ldr	r1, .L8+12
  72 001a 0B78     		ldrb	r3, [r1]	@ zero_extendqisi2
  73 001c 0133     		adds	r3, r3, #1
  74 001e DBB2     		uxtb	r3, r3
  75 0020 0B70     		strb	r3, [r1]
  76              	.LVL4:
 170:Generated_Source\PSoC5/SPIS_1_INT.c ****             if(SPIS_1_rxBufferWrite >= SPIS_1_RX_BUFFER_SIZE)
  77              		.loc 1 170 0
  78 0022 0B78     		ldrb	r3, [r1]	@ zero_extendqisi2
  79 0024 DBB2     		uxtb	r3, r3
  80 0026 072B     		cmp	r3, #7
  81 0028 02D9     		bls	.L4
 171:Generated_Source\PSoC5/SPIS_1_INT.c ****             {
 172:Generated_Source\PSoC5/SPIS_1_INT.c ****                 SPIS_1_rxBufferWrite = 0u;
  82              		.loc 1 172 0
  83 002a 0021     		movs	r1, #0
  84 002c 194B     		ldr	r3, .L8+12
  85 002e 1970     		strb	r1, [r3]
  86              	.L4:
 173:Generated_Source\PSoC5/SPIS_1_INT.c ****             }
 174:Generated_Source\PSoC5/SPIS_1_INT.c **** 
 175:Generated_Source\PSoC5/SPIS_1_INT.c ****             if(SPIS_1_rxBufferWrite == SPIS_1_rxBufferRead)
  87              		.loc 1 175 0
  88 0030 184B     		ldr	r3, .L8+12
  89 0032 1978     		ldrb	r1, [r3]	@ zero_extendqisi2
  90 0034 C9B2     		uxtb	r1, r1
  91 0036 184B     		ldr	r3, .L8+16
  92 0038 1B78     		ldrb	r3, [r3]	@ zero_extendqisi2
  93 003a DBB2     		uxtb	r3, r3
  94 003c 9942     		cmp	r1, r3
  95 003e 0ED1     		bne	.L5
 176:Generated_Source\PSoC5/SPIS_1_INT.c ****             {
 177:Generated_Source\PSoC5/SPIS_1_INT.c ****                 SPIS_1_rxBufferRead++;
  96              		.loc 1 177 0
  97 0040 1549     		ldr	r1, .L8+16
  98 0042 0B78     		ldrb	r3, [r1]	@ zero_extendqisi2
  99 0044 0133     		adds	r3, r3, #1
 100 0046 DBB2     		uxtb	r3, r3
 101 0048 0B70     		strb	r3, [r1]
 178:Generated_Source\PSoC5/SPIS_1_INT.c ****                 if(SPIS_1_rxBufferRead >= SPIS_1_RX_BUFFER_SIZE)
 102              		.loc 1 178 0
 103 004a 0B78     		ldrb	r3, [r1]	@ zero_extendqisi2
 104 004c DBB2     		uxtb	r3, r3
 105 004e 072B     		cmp	r3, #7
 106 0050 02D9     		bls	.L6
 179:Generated_Source\PSoC5/SPIS_1_INT.c ****                 {
ARM GAS  C:\Users\jespe\AppData\Local\Temp\ccfWPxJb.s 			page 6


 180:Generated_Source\PSoC5/SPIS_1_INT.c ****                     SPIS_1_rxBufferRead = 0u;
 107              		.loc 1 180 0
 108 0052 0021     		movs	r1, #0
 109 0054 104B     		ldr	r3, .L8+16
 110 0056 1970     		strb	r1, [r3]
 111              	.L6:
 181:Generated_Source\PSoC5/SPIS_1_INT.c ****                 }
 182:Generated_Source\PSoC5/SPIS_1_INT.c ****                 SPIS_1_rxBufferFull = 1u;
 112              		.loc 1 182 0
 113 0058 0121     		movs	r1, #1
 114 005a 104B     		ldr	r3, .L8+20
 115 005c 1970     		strb	r1, [r3]
 116              	.L5:
 183:Generated_Source\PSoC5/SPIS_1_INT.c ****             }
 184:Generated_Source\PSoC5/SPIS_1_INT.c **** 
 185:Generated_Source\PSoC5/SPIS_1_INT.c ****             /* Move data from the FIFO to the Buffer */
 186:Generated_Source\PSoC5/SPIS_1_INT.c ****             SPIS_1_rxBuffer[SPIS_1_rxBufferWrite] = rxData;
 117              		.loc 1 186 0
 118 005e 0D4B     		ldr	r3, .L8+12
 119 0060 1B78     		ldrb	r3, [r3]	@ zero_extendqisi2
 120 0062 DBB2     		uxtb	r3, r3
 121 0064 0E49     		ldr	r1, .L8+24
 122 0066 21F81320 		strh	r2, [r1, r3, lsl #1]	@ movhi
 187:Generated_Source\PSoC5/SPIS_1_INT.c **** 
 188:Generated_Source\PSoC5/SPIS_1_INT.c ****             tmpStatus = SPIS_1_GET_STATUS_RX(SPIS_1_swStatusRx);
 123              		.loc 1 188 0
 124 006a 074B     		ldr	r3, .L8
 125 006c 1978     		ldrb	r1, [r3]	@ zero_extendqisi2
 126 006e 074A     		ldr	r2, .L8+4
 127              	.LVL5:
 128 0070 1378     		ldrb	r3, [r2]	@ zero_extendqisi2
 129 0072 03F06103 		and	r3, r3, #97
 130 0076 0B43     		orrs	r3, r3, r1
 131              	.LVL6:
 189:Generated_Source\PSoC5/SPIS_1_INT.c ****             SPIS_1_swStatusRx = tmpStatus;
 132              		.loc 1 189 0
 133 0078 1370     		strb	r3, [r2]
 134              	.L3:
 164:Generated_Source\PSoC5/SPIS_1_INT.c ****         {
 135              		.loc 1 164 0
 136 007a 044B     		ldr	r3, .L8+4
 137              	.LVL7:
 138 007c 1B78     		ldrb	r3, [r3]	@ zero_extendqisi2
 139 007e 13F0080F 		tst	r3, #8
 140 0082 C6D1     		bne	.L7
 190:Generated_Source\PSoC5/SPIS_1_INT.c ****         }
 191:Generated_Source\PSoC5/SPIS_1_INT.c ****     #endif /* SPIS_1_RX_SOFTWARE_BUF_ENABLED */
 192:Generated_Source\PSoC5/SPIS_1_INT.c **** 
 193:Generated_Source\PSoC5/SPIS_1_INT.c ****     /* User code required at end of ISR (Optional) */
 194:Generated_Source\PSoC5/SPIS_1_INT.c ****     /* `#START SPIS_1_RX_ISR_END` */
 195:Generated_Source\PSoC5/SPIS_1_INT.c **** 
 196:Generated_Source\PSoC5/SPIS_1_INT.c ****     /* `#END` */
 197:Generated_Source\PSoC5/SPIS_1_INT.c **** 
 198:Generated_Source\PSoC5/SPIS_1_INT.c ****     #ifdef SPIS_1_RX_ISR_EXIT_CALLBACK
 199:Generated_Source\PSoC5/SPIS_1_INT.c ****         SPIS_1_RX_ISR_ExitCallback();
 200:Generated_Source\PSoC5/SPIS_1_INT.c ****     #endif /* SPIS_1_RX_ISR_EXIT_CALLBACK */
 201:Generated_Source\PSoC5/SPIS_1_INT.c **** }
ARM GAS  C:\Users\jespe\AppData\Local\Temp\ccfWPxJb.s 			page 7


 141              		.loc 1 201 0
 142 0084 7047     		bx	lr
 143              	.L9:
 144 0086 00BF     		.align	2
 145              	.L8:
 146 0088 68650040 		.word	1073767784
 147 008c 00000000 		.word	SPIS_1_swStatusRx
 148 0090 5A650040 		.word	1073767770
 149 0094 00000000 		.word	SPIS_1_rxBufferWrite
 150 0098 00000000 		.word	SPIS_1_rxBufferRead
 151 009c 00000000 		.word	SPIS_1_rxBufferFull
 152 00a0 00000000 		.word	SPIS_1_rxBuffer
 153              		.cfi_endproc
 154              	.LFE1:
 155              		.size	SPIS_1_RX_ISR, .-SPIS_1_RX_ISR
 156              		.text
 157              	.Letext0:
 158              		.file 2 "Generated_Source\\PSoC5\\cytypes.h"
 159              		.file 3 "Generated_Source\\PSoC5\\SPIS_1_PVT.h"
 160              		.section	.debug_info,"",%progbits
 161              	.Ldebug_info0:
 162 0000 56010000 		.4byte	0x156
 163 0004 0400     		.2byte	0x4
 164 0006 00000000 		.4byte	.Ldebug_abbrev0
 165 000a 04       		.byte	0x4
 166 000b 01       		.uleb128 0x1
 167 000c 9A000000 		.4byte	.LASF25
 168 0010 0C       		.byte	0xc
 169 0011 62000000 		.4byte	.LASF26
 170 0015 78010000 		.4byte	.LASF27
 171 0019 00000000 		.4byte	.Ldebug_ranges0+0
 172 001d 00000000 		.4byte	0
 173 0021 00000000 		.4byte	.Ldebug_line0
 174 0025 02       		.uleb128 0x2
 175 0026 01       		.byte	0x1
 176 0027 06       		.byte	0x6
 177 0028 3C020000 		.4byte	.LASF0
 178 002c 02       		.uleb128 0x2
 179 002d 01       		.byte	0x1
 180 002e 08       		.byte	0x8
 181 002f 8C000000 		.4byte	.LASF1
 182 0033 02       		.uleb128 0x2
 183 0034 02       		.byte	0x2
 184 0035 05       		.byte	0x5
 185 0036 13020000 		.4byte	.LASF2
 186 003a 02       		.uleb128 0x2
 187 003b 02       		.byte	0x2
 188 003c 07       		.byte	0x7
 189 003d 4F000000 		.4byte	.LASF3
 190 0041 02       		.uleb128 0x2
 191 0042 04       		.byte	0x4
 192 0043 05       		.byte	0x5
 193 0044 1D020000 		.4byte	.LASF4
 194 0048 02       		.uleb128 0x2
 195 0049 04       		.byte	0x4
 196 004a 07       		.byte	0x7
 197 004b 2D010000 		.4byte	.LASF5
ARM GAS  C:\Users\jespe\AppData\Local\Temp\ccfWPxJb.s 			page 8


 198 004f 02       		.uleb128 0x2
 199 0050 08       		.byte	0x8
 200 0051 05       		.byte	0x5
 201 0052 00020000 		.4byte	.LASF6
 202 0056 02       		.uleb128 0x2
 203 0057 08       		.byte	0x8
 204 0058 07       		.byte	0x7
 205 0059 E0010000 		.4byte	.LASF7
 206 005d 03       		.uleb128 0x3
 207 005e 04       		.byte	0x4
 208 005f 05       		.byte	0x5
 209 0060 696E7400 		.ascii	"int\000"
 210 0064 02       		.uleb128 0x2
 211 0065 04       		.byte	0x4
 212 0066 07       		.byte	0x7
 213 0067 D3010000 		.4byte	.LASF8
 214 006b 04       		.uleb128 0x4
 215 006c 3F010000 		.4byte	.LASF9
 216 0070 02       		.byte	0x2
 217 0071 E401     		.2byte	0x1e4
 218 0073 2C000000 		.4byte	0x2c
 219 0077 04       		.uleb128 0x4
 220 0078 71010000 		.4byte	.LASF10
 221 007c 02       		.byte	0x2
 222 007d E501     		.2byte	0x1e5
 223 007f 3A000000 		.4byte	0x3a
 224 0083 02       		.uleb128 0x2
 225 0084 04       		.byte	0x4
 226 0085 04       		.byte	0x4
 227 0086 86000000 		.4byte	.LASF11
 228 008a 02       		.uleb128 0x2
 229 008b 08       		.byte	0x8
 230 008c 04       		.byte	0x4
 231 008d 6A010000 		.4byte	.LASF12
 232 0091 02       		.uleb128 0x2
 233 0092 01       		.byte	0x1
 234 0093 08       		.byte	0x8
 235 0094 0E020000 		.4byte	.LASF13
 236 0098 04       		.uleb128 0x4
 237 0099 28010000 		.4byte	.LASF14
 238 009d 02       		.byte	0x2
 239 009e 8E02     		.2byte	0x28e
 240 00a0 A4000000 		.4byte	0xa4
 241 00a4 05       		.uleb128 0x5
 242 00a5 6B000000 		.4byte	0x6b
 243 00a9 04       		.uleb128 0x4
 244 00aa 00000000 		.4byte	.LASF15
 245 00ae 02       		.byte	0x2
 246 00af 8F02     		.2byte	0x28f
 247 00b1 B5000000 		.4byte	0xb5
 248 00b5 05       		.uleb128 0x5
 249 00b6 77000000 		.4byte	0x77
 250 00ba 02       		.uleb128 0x2
 251 00bb 08       		.byte	0x8
 252 00bc 04       		.byte	0x4
 253 00bd 30020000 		.4byte	.LASF16
 254 00c1 02       		.uleb128 0x2
ARM GAS  C:\Users\jespe\AppData\Local\Temp\ccfWPxJb.s 			page 9


 255 00c2 04       		.byte	0x4
 256 00c3 07       		.byte	0x7
 257 00c4 F7010000 		.4byte	.LASF17
 258 00c8 06       		.uleb128 0x6
 259 00c9 06000000 		.4byte	.LASF28
 260 00cd 01       		.byte	0x1
 261 00ce 33       		.byte	0x33
 262 00cf 00000000 		.4byte	.LFB0
 263 00d3 02000000 		.4byte	.LFE0-.LFB0
 264 00d7 01       		.uleb128 0x1
 265 00d8 9C       		.byte	0x9c
 266 00d9 07       		.uleb128 0x7
 267 00da 5C010000 		.4byte	.LASF29
 268 00de 01       		.byte	0x1
 269 00df 90       		.byte	0x90
 270 00e0 00000000 		.4byte	.LFB1
 271 00e4 A4000000 		.4byte	.LFE1-.LFB1
 272 00e8 01       		.uleb128 0x1
 273 00e9 9C       		.byte	0x9c
 274 00ea 0D010000 		.4byte	0x10d
 275 00ee 08       		.uleb128 0x8
 276 00ef 26020000 		.4byte	.LASF18
 277 00f3 01       		.byte	0x1
 278 00f4 93       		.byte	0x93
 279 00f5 6B000000 		.4byte	0x6b
 280 00f9 00000000 		.4byte	.LLST0
 281 00fd 08       		.uleb128 0x8
 282 00fe 55010000 		.4byte	.LASF19
 283 0102 01       		.byte	0x1
 284 0103 94       		.byte	0x94
 285 0104 77000000 		.4byte	0x77
 286 0108 36000000 		.4byte	.LLST1
 287 010c 00       		.byte	0
 288 010d 09       		.uleb128 0x9
 289 010e 14000000 		.4byte	.LASF20
 290 0112 03       		.byte	0x3
 291 0113 21       		.byte	0x21
 292 0114 A4000000 		.4byte	0xa4
 293 0118 0A       		.uleb128 0xa
 294 0119 B5000000 		.4byte	0xb5
 295 011d 28010000 		.4byte	0x128
 296 0121 0B       		.uleb128 0xb
 297 0122 C1000000 		.4byte	0xc1
 298 0126 07       		.byte	0x7
 299 0127 00       		.byte	0
 300 0128 09       		.uleb128 0x9
 301 0129 45010000 		.4byte	.LASF21
 302 012d 03       		.byte	0x3
 303 012e 25       		.byte	0x25
 304 012f 33010000 		.4byte	0x133
 305 0133 05       		.uleb128 0x5
 306 0134 18010000 		.4byte	0x118
 307 0138 09       		.uleb128 0x9
 308 0139 26000000 		.4byte	.LASF22
 309 013d 03       		.byte	0x3
 310 013e 26       		.byte	0x26
 311 013f A4000000 		.4byte	0xa4
ARM GAS  C:\Users\jespe\AppData\Local\Temp\ccfWPxJb.s 			page 10


 312 0143 09       		.uleb128 0x9
 313 0144 3A000000 		.4byte	.LASF23
 314 0148 03       		.byte	0x3
 315 0149 27       		.byte	0x27
 316 014a A4000000 		.4byte	0xa4
 317 014e 09       		.uleb128 0x9
 318 014f 48020000 		.4byte	.LASF24
 319 0153 03       		.byte	0x3
 320 0154 28       		.byte	0x28
 321 0155 A4000000 		.4byte	0xa4
 322 0159 00       		.byte	0
 323              		.section	.debug_abbrev,"",%progbits
 324              	.Ldebug_abbrev0:
 325 0000 01       		.uleb128 0x1
 326 0001 11       		.uleb128 0x11
 327 0002 01       		.byte	0x1
 328 0003 25       		.uleb128 0x25
 329 0004 0E       		.uleb128 0xe
 330 0005 13       		.uleb128 0x13
 331 0006 0B       		.uleb128 0xb
 332 0007 03       		.uleb128 0x3
 333 0008 0E       		.uleb128 0xe
 334 0009 1B       		.uleb128 0x1b
 335 000a 0E       		.uleb128 0xe
 336 000b 55       		.uleb128 0x55
 337 000c 17       		.uleb128 0x17
 338 000d 11       		.uleb128 0x11
 339 000e 01       		.uleb128 0x1
 340 000f 10       		.uleb128 0x10
 341 0010 17       		.uleb128 0x17
 342 0011 00       		.byte	0
 343 0012 00       		.byte	0
 344 0013 02       		.uleb128 0x2
 345 0014 24       		.uleb128 0x24
 346 0015 00       		.byte	0
 347 0016 0B       		.uleb128 0xb
 348 0017 0B       		.uleb128 0xb
 349 0018 3E       		.uleb128 0x3e
 350 0019 0B       		.uleb128 0xb
 351 001a 03       		.uleb128 0x3
 352 001b 0E       		.uleb128 0xe
 353 001c 00       		.byte	0
 354 001d 00       		.byte	0
 355 001e 03       		.uleb128 0x3
 356 001f 24       		.uleb128 0x24
 357 0020 00       		.byte	0
 358 0021 0B       		.uleb128 0xb
 359 0022 0B       		.uleb128 0xb
 360 0023 3E       		.uleb128 0x3e
 361 0024 0B       		.uleb128 0xb
 362 0025 03       		.uleb128 0x3
 363 0026 08       		.uleb128 0x8
 364 0027 00       		.byte	0
 365 0028 00       		.byte	0
 366 0029 04       		.uleb128 0x4
 367 002a 16       		.uleb128 0x16
 368 002b 00       		.byte	0
ARM GAS  C:\Users\jespe\AppData\Local\Temp\ccfWPxJb.s 			page 11


 369 002c 03       		.uleb128 0x3
 370 002d 0E       		.uleb128 0xe
 371 002e 3A       		.uleb128 0x3a
 372 002f 0B       		.uleb128 0xb
 373 0030 3B       		.uleb128 0x3b
 374 0031 05       		.uleb128 0x5
 375 0032 49       		.uleb128 0x49
 376 0033 13       		.uleb128 0x13
 377 0034 00       		.byte	0
 378 0035 00       		.byte	0
 379 0036 05       		.uleb128 0x5
 380 0037 35       		.uleb128 0x35
 381 0038 00       		.byte	0
 382 0039 49       		.uleb128 0x49
 383 003a 13       		.uleb128 0x13
 384 003b 00       		.byte	0
 385 003c 00       		.byte	0
 386 003d 06       		.uleb128 0x6
 387 003e 2E       		.uleb128 0x2e
 388 003f 00       		.byte	0
 389 0040 3F       		.uleb128 0x3f
 390 0041 19       		.uleb128 0x19
 391 0042 03       		.uleb128 0x3
 392 0043 0E       		.uleb128 0xe
 393 0044 3A       		.uleb128 0x3a
 394 0045 0B       		.uleb128 0xb
 395 0046 3B       		.uleb128 0x3b
 396 0047 0B       		.uleb128 0xb
 397 0048 27       		.uleb128 0x27
 398 0049 19       		.uleb128 0x19
 399 004a 11       		.uleb128 0x11
 400 004b 01       		.uleb128 0x1
 401 004c 12       		.uleb128 0x12
 402 004d 06       		.uleb128 0x6
 403 004e 40       		.uleb128 0x40
 404 004f 18       		.uleb128 0x18
 405 0050 9742     		.uleb128 0x2117
 406 0052 19       		.uleb128 0x19
 407 0053 00       		.byte	0
 408 0054 00       		.byte	0
 409 0055 07       		.uleb128 0x7
 410 0056 2E       		.uleb128 0x2e
 411 0057 01       		.byte	0x1
 412 0058 3F       		.uleb128 0x3f
 413 0059 19       		.uleb128 0x19
 414 005a 03       		.uleb128 0x3
 415 005b 0E       		.uleb128 0xe
 416 005c 3A       		.uleb128 0x3a
 417 005d 0B       		.uleb128 0xb
 418 005e 3B       		.uleb128 0x3b
 419 005f 0B       		.uleb128 0xb
 420 0060 27       		.uleb128 0x27
 421 0061 19       		.uleb128 0x19
 422 0062 11       		.uleb128 0x11
 423 0063 01       		.uleb128 0x1
 424 0064 12       		.uleb128 0x12
 425 0065 06       		.uleb128 0x6
ARM GAS  C:\Users\jespe\AppData\Local\Temp\ccfWPxJb.s 			page 12


 426 0066 40       		.uleb128 0x40
 427 0067 18       		.uleb128 0x18
 428 0068 9742     		.uleb128 0x2117
 429 006a 19       		.uleb128 0x19
 430 006b 01       		.uleb128 0x1
 431 006c 13       		.uleb128 0x13
 432 006d 00       		.byte	0
 433 006e 00       		.byte	0
 434 006f 08       		.uleb128 0x8
 435 0070 34       		.uleb128 0x34
 436 0071 00       		.byte	0
 437 0072 03       		.uleb128 0x3
 438 0073 0E       		.uleb128 0xe
 439 0074 3A       		.uleb128 0x3a
 440 0075 0B       		.uleb128 0xb
 441 0076 3B       		.uleb128 0x3b
 442 0077 0B       		.uleb128 0xb
 443 0078 49       		.uleb128 0x49
 444 0079 13       		.uleb128 0x13
 445 007a 02       		.uleb128 0x2
 446 007b 17       		.uleb128 0x17
 447 007c 00       		.byte	0
 448 007d 00       		.byte	0
 449 007e 09       		.uleb128 0x9
 450 007f 34       		.uleb128 0x34
 451 0080 00       		.byte	0
 452 0081 03       		.uleb128 0x3
 453 0082 0E       		.uleb128 0xe
 454 0083 3A       		.uleb128 0x3a
 455 0084 0B       		.uleb128 0xb
 456 0085 3B       		.uleb128 0x3b
 457 0086 0B       		.uleb128 0xb
 458 0087 49       		.uleb128 0x49
 459 0088 13       		.uleb128 0x13
 460 0089 3F       		.uleb128 0x3f
 461 008a 19       		.uleb128 0x19
 462 008b 3C       		.uleb128 0x3c
 463 008c 19       		.uleb128 0x19
 464 008d 00       		.byte	0
 465 008e 00       		.byte	0
 466 008f 0A       		.uleb128 0xa
 467 0090 01       		.uleb128 0x1
 468 0091 01       		.byte	0x1
 469 0092 49       		.uleb128 0x49
 470 0093 13       		.uleb128 0x13
 471 0094 01       		.uleb128 0x1
 472 0095 13       		.uleb128 0x13
 473 0096 00       		.byte	0
 474 0097 00       		.byte	0
 475 0098 0B       		.uleb128 0xb
 476 0099 21       		.uleb128 0x21
 477 009a 00       		.byte	0
 478 009b 49       		.uleb128 0x49
 479 009c 13       		.uleb128 0x13
 480 009d 2F       		.uleb128 0x2f
 481 009e 0B       		.uleb128 0xb
 482 009f 00       		.byte	0
ARM GAS  C:\Users\jespe\AppData\Local\Temp\ccfWPxJb.s 			page 13


 483 00a0 00       		.byte	0
 484 00a1 00       		.byte	0
 485              		.section	.debug_loc,"",%progbits
 486              	.Ldebug_loc0:
 487              	.LLST0:
 488 0000 0E000000 		.4byte	.LVL0
 489 0004 12000000 		.4byte	.LVL1
 490 0008 0100     		.2byte	0x1
 491 000a 53       		.byte	0x53
 492 000b 12000000 		.4byte	.LVL1
 493 000f 16000000 		.4byte	.LVL2
 494 0013 0200     		.2byte	0x2
 495 0015 72       		.byte	0x72
 496 0016 00       		.sleb128 0
 497 0017 78000000 		.4byte	.LVL6
 498 001b 7C000000 		.4byte	.LVL7
 499 001f 0100     		.2byte	0x1
 500 0021 53       		.byte	0x53
 501 0022 7C000000 		.4byte	.LVL7
 502 0026 A4000000 		.4byte	.LFE1
 503 002a 0200     		.2byte	0x2
 504 002c 72       		.byte	0x72
 505 002d 00       		.sleb128 0
 506 002e 00000000 		.4byte	0
 507 0032 00000000 		.4byte	0
 508              	.LLST1:
 509 0036 18000000 		.4byte	.LVL3
 510 003a 70000000 		.4byte	.LVL5
 511 003e 0100     		.2byte	0x1
 512 0040 52       		.byte	0x52
 513 0041 00000000 		.4byte	0
 514 0045 00000000 		.4byte	0
 515              		.section	.debug_aranges,"",%progbits
 516 0000 24000000 		.4byte	0x24
 517 0004 0200     		.2byte	0x2
 518 0006 00000000 		.4byte	.Ldebug_info0
 519 000a 04       		.byte	0x4
 520 000b 00       		.byte	0
 521 000c 0000     		.2byte	0
 522 000e 0000     		.2byte	0
 523 0010 00000000 		.4byte	.LFB0
 524 0014 02000000 		.4byte	.LFE0-.LFB0
 525 0018 00000000 		.4byte	.LFB1
 526 001c A4000000 		.4byte	.LFE1-.LFB1
 527 0020 00000000 		.4byte	0
 528 0024 00000000 		.4byte	0
 529              		.section	.debug_ranges,"",%progbits
 530              	.Ldebug_ranges0:
 531 0000 00000000 		.4byte	.LFB0
 532 0004 02000000 		.4byte	.LFE0
 533 0008 00000000 		.4byte	.LFB1
 534 000c A4000000 		.4byte	.LFE1
 535 0010 00000000 		.4byte	0
 536 0014 00000000 		.4byte	0
 537              		.section	.debug_line,"",%progbits
 538              	.Ldebug_line0:
 539 0000 93000000 		.section	.debug_str,"MS",%progbits,1
ARM GAS  C:\Users\jespe\AppData\Local\Temp\ccfWPxJb.s 			page 14


 539      02005700 
 539      00000201 
 539      FB0E0D00 
 539      01010101 
 540              	.LASF15:
 541 0000 72656731 		.ascii	"reg16\000"
 541      3600
 542              	.LASF28:
 543 0006 53504953 		.ascii	"SPIS_1_TX_ISR\000"
 543      5F315F54 
 543      585F4953 
 543      5200
 544              	.LASF20:
 545 0014 53504953 		.ascii	"SPIS_1_swStatusRx\000"
 545      5F315F73 
 545      77537461 
 545      74757352 
 545      7800
 546              	.LASF22:
 547 0026 53504953 		.ascii	"SPIS_1_rxBufferRead\000"
 547      5F315F72 
 547      78427566 
 547      66657252 
 547      65616400 
 548              	.LASF23:
 549 003a 53504953 		.ascii	"SPIS_1_rxBufferWrite\000"
 549      5F315F72 
 549      78427566 
 549      66657257 
 549      72697465 
 550              	.LASF3:
 551 004f 73686F72 		.ascii	"short unsigned int\000"
 551      7420756E 
 551      7369676E 
 551      65642069 
 551      6E7400
 552              	.LASF26:
 553 0062 47656E65 		.ascii	"Generated_Source\\PSoC5\\SPIS_1_INT.c\000"
 553      72617465 
 553      645F536F 
 553      75726365 
 553      5C50536F 
 554              	.LASF11:
 555 0086 666C6F61 		.ascii	"float\000"
 555      7400
 556              	.LASF1:
 557 008c 756E7369 		.ascii	"unsigned char\000"
 557      676E6564 
 557      20636861 
 557      7200
 558              	.LASF25:
 559 009a 474E5520 		.ascii	"GNU C11 5.4.1 20160609 (release) [ARM/embedded-5-br"
 559      43313120 
 559      352E342E 
 559      31203230 
 559      31363036 
 560 00cd 616E6368 		.ascii	"anch revision 237715] -mcpu=cortex-m3 -mthumb -g -O"
ARM GAS  C:\Users\jespe\AppData\Local\Temp\ccfWPxJb.s 			page 15


 560      20726576 
 560      6973696F 
 560      6E203233 
 560      37373135 
 561 0100 67202D66 		.ascii	"g -ffunction-sections -ffat-lto-objects\000"
 561      66756E63 
 561      74696F6E 
 561      2D736563 
 561      74696F6E 
 562              	.LASF14:
 563 0128 72656738 		.ascii	"reg8\000"
 563      00
 564              	.LASF5:
 565 012d 6C6F6E67 		.ascii	"long unsigned int\000"
 565      20756E73 
 565      69676E65 
 565      6420696E 
 565      7400
 566              	.LASF9:
 567 013f 75696E74 		.ascii	"uint8\000"
 567      3800
 568              	.LASF21:
 569 0145 53504953 		.ascii	"SPIS_1_rxBuffer\000"
 569      5F315F72 
 569      78427566 
 569      66657200 
 570              	.LASF19:
 571 0155 72784461 		.ascii	"rxData\000"
 571      746100
 572              	.LASF29:
 573 015c 53504953 		.ascii	"SPIS_1_RX_ISR\000"
 573      5F315F52 
 573      585F4953 
 573      5200
 574              	.LASF12:
 575 016a 646F7562 		.ascii	"double\000"
 575      6C6500
 576              	.LASF10:
 577 0171 75696E74 		.ascii	"uint16\000"
 577      313600
 578              	.LASF27:
 579 0178 433A5C55 		.ascii	"C:\\Users\\jespe\\Desktop\\GIT\\iFollow\\Software\\"
 579      73657273 
 579      5C6A6573 
 579      70655C44 
 579      65736B74 
 580 01a4 50534F43 		.ascii	"PSOC\\Projekt_PSoC_Kode\\Projekt_PSoC_Kode.cydsn\000"
 580      5C50726F 
 580      6A656B74 
 580      5F50536F 
 580      435F4B6F 
 581              	.LASF8:
 582 01d3 756E7369 		.ascii	"unsigned int\000"
 582      676E6564 
 582      20696E74 
 582      00
 583              	.LASF7:
ARM GAS  C:\Users\jespe\AppData\Local\Temp\ccfWPxJb.s 			page 16


 584 01e0 6C6F6E67 		.ascii	"long long unsigned int\000"
 584      206C6F6E 
 584      6720756E 
 584      7369676E 
 584      65642069 
 585              	.LASF17:
 586 01f7 73697A65 		.ascii	"sizetype\000"
 586      74797065 
 586      00
 587              	.LASF6:
 588 0200 6C6F6E67 		.ascii	"long long int\000"
 588      206C6F6E 
 588      6720696E 
 588      7400
 589              	.LASF13:
 590 020e 63686172 		.ascii	"char\000"
 590      00
 591              	.LASF2:
 592 0213 73686F72 		.ascii	"short int\000"
 592      7420696E 
 592      7400
 593              	.LASF4:
 594 021d 6C6F6E67 		.ascii	"long int\000"
 594      20696E74 
 594      00
 595              	.LASF18:
 596 0226 746D7053 		.ascii	"tmpStatus\000"
 596      74617475 
 596      7300
 597              	.LASF16:
 598 0230 6C6F6E67 		.ascii	"long double\000"
 598      20646F75 
 598      626C6500 
 599              	.LASF0:
 600 023c 7369676E 		.ascii	"signed char\000"
 600      65642063 
 600      68617200 
 601              	.LASF24:
 602 0248 53504953 		.ascii	"SPIS_1_rxBufferFull\000"
 602      5F315F72 
 602      78427566 
 602      66657246 
 602      756C6C00 
 603              		.ident	"GCC: (GNU Tools for ARM Embedded Processors) 5.4.1 20160609 (release) [ARM/embedded-5-bran
