ARM GAS  C:\Users\jespe\AppData\Local\Temp\ccyPbpgt.s 			page 1


   1              		.syntax unified
   2              		.cpu cortex-m3
   3              		.fpu softvfp
   4              		.eabi_attribute 20, 1
   5              		.eabi_attribute 21, 1
   6              		.eabi_attribute 23, 3
   7              		.eabi_attribute 24, 1
   8              		.eabi_attribute 25, 1
   9              		.eabi_attribute 26, 1
  10              		.eabi_attribute 30, 1
  11              		.eabi_attribute 34, 1
  12              		.eabi_attribute 18, 4
  13              		.thumb
  14              		.syntax unified
  15              		.file	"ToF.c"
  16              		.text
  17              	.Ltext0:
  18              		.cfi_sections	.debug_frame
  19              		.section	.text._ZN3ToFC2Ev,"ax",%progbits
  20              		.align	2
  21              		.global	_ZN3ToFC2Ev
  22              		.thumb
  23              		.thumb_func
  24              		.type	_ZN3ToFC2Ev, %function
  25              	_ZN3ToFC2Ev:
  26              	.LFB65:
  27              		.file 1 "ToF.c"
   1:ToF.c         **** /* ========================================
   2:ToF.c         ****  *
   3:ToF.c         ****  * Copyright YOUR COMPANY, THE YEAR
   4:ToF.c         ****  * All Rights Reserved
   5:ToF.c         ****  * UNPUBLISHED, LICENSED SOFTWARE.
   6:ToF.c         ****  *
   7:ToF.c         ****  * CONFIDENTIAL AND PROPRIETARY INFORMATION
   8:ToF.c         ****  * WHICH IS THE PROPERTY OF your company.
   9:ToF.c         ****  *
  10:ToF.c         ****  * ========================================
  11:ToF.c         **** */
  12:ToF.c         **** #include "ToF.h"
  13:ToF.c         **** 
  14:ToF.c         **** ToF::ToF(){}
  28              		.loc 1 14 0
  29              		.cfi_startproc
  30              		@ args = 0, pretend = 0, frame = 0
  31              		@ frame_needed = 0, uses_anonymous_args = 0
  32              		@ link register save eliminated.
  33              	.LVL0:
  34              		.loc 1 14 0
  35 0000 7047     		bx	lr
  36              		.cfi_endproc
  37              	.LFE65:
  38              		.size	_ZN3ToFC2Ev, .-_ZN3ToFC2Ev
  39              		.global	_ZN3ToFC1Ev
  40              		.thumb_set _ZN3ToFC1Ev,_ZN3ToFC2Ev
  41 0002 00BF     		.section	.text._ZNK3ToF14getRightSensorEv,"ax",%progbits
  42              		.align	2
  43              		.global	_ZNK3ToF14getRightSensorEv
ARM GAS  C:\Users\jespe\AppData\Local\Temp\ccyPbpgt.s 			page 2


  44              		.thumb
  45              		.thumb_func
  46              		.type	_ZNK3ToF14getRightSensorEv, %function
  47              	_ZNK3ToF14getRightSensorEv:
  48              	.LFB67:
  15:ToF.c         **** /*
  16:ToF.c         **** void ToF::start(){  
  17:ToF.c         ****     // Init
  18:ToF.c         ****     SPIS_Start();
  19:ToF.c         ****     
  20:ToF.c         ****     UART_1_Start();
  21:ToF.c         ****     UART_1_PutString("Terminal vindue er connected\n\r");
  22:ToF.c         **** }
  23:ToF.c         **** 
  24:ToF.c         **** void ToF::stop(){     
  25:ToF.c         ****     // Init
  26:ToF.c         ****     SPIS_Stop();
  27:ToF.c         ****     UART_1_PutString("Terminal vindue er disconnected\n\r");
  28:ToF.c         ****     UART_1_Stop();
  29:ToF.c         **** }
  30:ToF.c         **** */
  31:ToF.c         **** 
  32:ToF.c         **** uint16_t ToF::getRightSensor(void) const
  33:ToF.c         **** {
  49              		.loc 1 33 0
  50              		.cfi_startproc
  51              		@ args = 0, pretend = 0, frame = 0
  52              		@ frame_needed = 0, uses_anonymous_args = 0
  53              		@ link register save eliminated.
  54              	.LVL1:
  34:ToF.c         ****     return sensorRight;
  35:ToF.c         **** }
  55              		.loc 1 35 0
  56 0000 4088     		ldrh	r0, [r0, #2]
  57              	.LVL2:
  58 0002 7047     		bx	lr
  59              		.cfi_endproc
  60              	.LFE67:
  61              		.size	_ZNK3ToF14getRightSensorEv, .-_ZNK3ToF14getRightSensorEv
  62              		.section	.text._ZNK3ToF12getMidSensorEv,"ax",%progbits
  63              		.align	2
  64              		.global	_ZNK3ToF12getMidSensorEv
  65              		.thumb
  66              		.thumb_func
  67              		.type	_ZNK3ToF12getMidSensorEv, %function
  68              	_ZNK3ToF12getMidSensorEv:
  69              	.LFB68:
  36:ToF.c         **** 
  37:ToF.c         **** uint16_t ToF::getMidSensor(void) const
  38:ToF.c         **** {
  70              		.loc 1 38 0
  71              		.cfi_startproc
  72              		@ args = 0, pretend = 0, frame = 0
  73              		@ frame_needed = 0, uses_anonymous_args = 0
  74              		@ link register save eliminated.
  75              	.LVL3:
  39:ToF.c         ****     return sensorMid;
ARM GAS  C:\Users\jespe\AppData\Local\Temp\ccyPbpgt.s 			page 3


  40:ToF.c         **** }
  76              		.loc 1 40 0
  77 0000 8088     		ldrh	r0, [r0, #4]
  78              	.LVL4:
  79 0002 7047     		bx	lr
  80              		.cfi_endproc
  81              	.LFE68:
  82              		.size	_ZNK3ToF12getMidSensorEv, .-_ZNK3ToF12getMidSensorEv
  83              		.section	.text._ZNK3ToF13getLeftSensorEv,"ax",%progbits
  84              		.align	2
  85              		.global	_ZNK3ToF13getLeftSensorEv
  86              		.thumb
  87              		.thumb_func
  88              		.type	_ZNK3ToF13getLeftSensorEv, %function
  89              	_ZNK3ToF13getLeftSensorEv:
  90              	.LFB69:
  41:ToF.c         **** 
  42:ToF.c         **** uint16_t ToF::getLeftSensor(void) const
  43:ToF.c         **** {
  91              		.loc 1 43 0
  92              		.cfi_startproc
  93              		@ args = 0, pretend = 0, frame = 0
  94              		@ frame_needed = 0, uses_anonymous_args = 0
  95              		@ link register save eliminated.
  96              	.LVL5:
  44:ToF.c         ****     return sensorLeft;
  45:ToF.c         **** }
  97              		.loc 1 45 0
  98 0000 0088     		ldrh	r0, [r0]
  99              	.LVL6:
 100 0002 7047     		bx	lr
 101              		.cfi_endproc
 102              	.LFE69:
 103              		.size	_ZNK3ToF13getLeftSensorEv, .-_ZNK3ToF13getLeftSensorEv
 104              		.section	.text._ZN3ToF10handleByteEh,"ax",%progbits
 105              		.align	2
 106              		.global	_ZN3ToF10handleByteEh
 107              		.thumb
 108              		.thumb_func
 109              		.type	_ZN3ToF10handleByteEh, %function
 110              	_ZN3ToF10handleByteEh:
 111              	.LFB70:
  46:ToF.c         **** 
  47:ToF.c         **** void ToF::handleByte(uint8_t byte){
 112              		.loc 1 47 0
 113              		.cfi_startproc
 114              		@ args = 0, pretend = 0, frame = 0
 115              		@ frame_needed = 0, uses_anonymous_args = 0
 116              	.LVL7:
 117 0000 38B5     		push	{r3, r4, r5, lr}
 118              		.cfi_def_cfa_offset 16
 119              		.cfi_offset 3, -16
 120              		.cfi_offset 4, -12
 121              		.cfi_offset 5, -8
 122              		.cfi_offset 14, -4
  48:ToF.c         ****    byteR_ = byte;                                          
 123              		.loc 1 48 0
ARM GAS  C:\Users\jespe\AppData\Local\Temp\ccyPbpgt.s 			page 4


 124 0002 C171     		strb	r1, [r0, #7]
  49:ToF.c         ****     
  50:ToF.c         ****     if (byteR_ == 0)
 125              		.loc 1 50 0
 126 0004 09B9     		cbnz	r1, .L6
  51:ToF.c         ****         i = 0;
 127              		.loc 1 51 0
 128 0006 0023     		movs	r3, #0
 129 0008 8371     		strb	r3, [r0, #6]
 130              	.L6:
  52:ToF.c         ****     
  53:ToF.c         ****     switch (i)
 131              		.loc 1 53 0
 132 000a 8379     		ldrb	r3, [r0, #6]	@ zero_extendqisi2
 133 000c 062B     		cmp	r3, #6
 134 000e 55D8     		bhi	.L5
 135 0010 DFE803F0 		tbb	[pc, r3]
 136              	.L9:
 137 0014 04       		.byte	(.L8-.L9)/2
 138 0015 07       		.byte	(.L10-.L9)/2
 139 0016 0F       		.byte	(.L11-.L9)/2
 140 0017 1D       		.byte	(.L12-.L9)/2
 141 0018 25       		.byte	(.L13-.L9)/2
 142 0019 3F       		.byte	(.L14-.L9)/2
 143 001a 47       		.byte	(.L15-.L9)/2
 144 001b 00       		.p2align 1
 145              	.L8:
  54:ToF.c         ****     {
  55:ToF.c         ****         case 0:
  56:ToF.c         ****         //UART_1_PutString("Start modtaget \n\r");
  57:ToF.c         ****         i++;
 146              		.loc 1 57 0
 147 001c 0133     		adds	r3, r3, #1
 148 001e 8371     		strb	r3, [r0, #6]
  58:ToF.c         ****         break;
 149              		.loc 1 58 0
 150 0020 38BD     		pop	{r3, r4, r5, pc}
 151              	.L10:
  59:ToF.c         ****         
  60:ToF.c         ****         case 1:
  61:ToF.c         ****         byteR_ --;
 152              		.loc 1 61 0
 153 0022 0139     		subs	r1, r1, #1
 154              	.LVL8:
 155 0024 C9B2     		uxtb	r1, r1
 156 0026 C171     		strb	r1, [r0, #7]
 157              	.LVL9:
  62:ToF.c         ****         sensorRight = byteR_<<8;
 158              		.loc 1 62 0
 159 0028 0902     		lsls	r1, r1, #8
 160 002a 4180     		strh	r1, [r0, #2]	@ movhi
  63:ToF.c         ****         i++;
 161              		.loc 1 63 0
 162 002c 0133     		adds	r3, r3, #1
 163 002e 8371     		strb	r3, [r0, #6]
  64:ToF.c         ****         break;
 164              		.loc 1 64 0
ARM GAS  C:\Users\jespe\AppData\Local\Temp\ccyPbpgt.s 			page 5


 165 0030 38BD     		pop	{r3, r4, r5, pc}
 166              	.LVL10:
 167              	.L11:
  65:ToF.c         ****         
  66:ToF.c         ****         case 2:
  67:ToF.c         ****         //byteR --;
  68:ToF.c         ****         sensorRight = sensorRight|byteR_;
 168              		.loc 1 68 0
 169 0032 4288     		ldrh	r2, [r0, #2]
 170 0034 1143     		orrs	r1, r1, r2
 171              	.LVL11:
 172 0036 4180     		strh	r1, [r0, #2]	@ movhi
  69:ToF.c         ****         if (sensorRight == 1 || sensorRight > 1000)
 173              		.loc 1 69 0
 174 0038 0129     		cmp	r1, #1
 175 003a 02D0     		beq	.L16
 176              		.loc 1 69 0 is_stmt 0 discriminator 1
 177 003c B1F57A7F 		cmp	r1, #1000
 178 0040 02D9     		bls	.L17
 179              	.L16:
  70:ToF.c         ****         {
  71:ToF.c         ****             sensorRight = 1000;
 180              		.loc 1 71 0 is_stmt 1
 181 0042 4FF47A72 		mov	r2, #1000
 182 0046 4280     		strh	r2, [r0, #2]	@ movhi
 183              	.L17:
  72:ToF.c         ****         }
  73:ToF.c         ****         //sprintf(string, "Sensor Right: %d \n\r", sensorRight);
  74:ToF.c         ****         //UART_1_PutString(string);
  75:ToF.c         ****         i++;
 184              		.loc 1 75 0
 185 0048 0133     		adds	r3, r3, #1
 186 004a 8371     		strb	r3, [r0, #6]
  76:ToF.c         ****         break;
 187              		.loc 1 76 0
 188 004c 38BD     		pop	{r3, r4, r5, pc}
 189              	.LVL12:
 190              	.L12:
  77:ToF.c         ****         
  78:ToF.c         ****         case 3:
  79:ToF.c         ****         byteR_ --;
 191              		.loc 1 79 0
 192 004e 0139     		subs	r1, r1, #1
 193              	.LVL13:
 194 0050 C9B2     		uxtb	r1, r1
 195 0052 C171     		strb	r1, [r0, #7]
 196              	.LVL14:
  80:ToF.c         ****         sensorMid = byteR_<<8;
 197              		.loc 1 80 0
 198 0054 0902     		lsls	r1, r1, #8
 199 0056 8180     		strh	r1, [r0, #4]	@ movhi
  81:ToF.c         ****         i++;
 200              		.loc 1 81 0
 201 0058 0133     		adds	r3, r3, #1
 202 005a 8371     		strb	r3, [r0, #6]
  82:ToF.c         ****         break;
 203              		.loc 1 82 0
ARM GAS  C:\Users\jespe\AppData\Local\Temp\ccyPbpgt.s 			page 6


 204 005c 38BD     		pop	{r3, r4, r5, pc}
 205              	.LVL15:
 206              	.L13:
  83:ToF.c         ****         
  84:ToF.c         ****         case 4:
  85:ToF.c         ****         //byteR --;
  86:ToF.c         ****         sensorMid = sensorMid|byteR_;
 207              		.loc 1 86 0
 208 005e 8388     		ldrh	r3, [r0, #4]
 209 0060 1943     		orrs	r1, r1, r3
 210              	.LVL16:
 211 0062 8180     		strh	r1, [r0, #4]	@ movhi
  87:ToF.c         ****         if (sensorMid == 1 || sensorMid > 1000)
 212              		.loc 1 87 0
 213 0064 0129     		cmp	r1, #1
 214 0066 02D0     		beq	.L18
 215              		.loc 1 87 0 is_stmt 0 discriminator 1
 216 0068 B1F57A7F 		cmp	r1, #1000
 217 006c 02D9     		bls	.L19
 218              	.L18:
  88:ToF.c         ****         {
  89:ToF.c         ****             sensorMid = 1000;
 219              		.loc 1 89 0 is_stmt 1
 220 006e 4FF47A73 		mov	r3, #1000
 221 0072 8380     		strh	r3, [r0, #4]	@ movhi
 222              	.L19:
 223 0074 0446     		mov	r4, r0
  90:ToF.c         ****         }
  91:ToF.c         ****         sprintf(string, "Sensor Middle: %d \n\r", sensorMid);
 224              		.loc 1 91 0
 225 0076 00F10E05 		add	r5, r0, #14
 226 007a 8288     		ldrh	r2, [r0, #4]
 227 007c 1049     		ldr	r1, .L23
 228 007e 2846     		mov	r0, r5
 229              	.LVL17:
 230 0080 FFF7FEFF 		bl	sprintf
 231              	.LVL18:
  92:ToF.c         ****         UART_1_PutString(string);
 232              		.loc 1 92 0
 233 0084 2846     		mov	r0, r5
 234 0086 FFF7FEFF 		bl	UART_1_PutString
 235              	.LVL19:
  93:ToF.c         ****         i++;
 236              		.loc 1 93 0
 237 008a A379     		ldrb	r3, [r4, #6]	@ zero_extendqisi2
 238 008c 0133     		adds	r3, r3, #1
 239 008e A371     		strb	r3, [r4, #6]
  94:ToF.c         ****         break;
 240              		.loc 1 94 0
 241 0090 38BD     		pop	{r3, r4, r5, pc}
 242              	.LVL20:
 243              	.L14:
  95:ToF.c         ****         
  96:ToF.c         ****         case 5:
  97:ToF.c         ****         byteR_ --;
 244              		.loc 1 97 0
 245 0092 0139     		subs	r1, r1, #1
ARM GAS  C:\Users\jespe\AppData\Local\Temp\ccyPbpgt.s 			page 7


 246              	.LVL21:
 247 0094 C9B2     		uxtb	r1, r1
 248 0096 C171     		strb	r1, [r0, #7]
 249              	.LVL22:
  98:ToF.c         ****         sensorLeft = byteR_<<8;
 250              		.loc 1 98 0
 251 0098 0902     		lsls	r1, r1, #8
 252 009a 0180     		strh	r1, [r0]	@ movhi
  99:ToF.c         ****         i++;
 253              		.loc 1 99 0
 254 009c 0133     		adds	r3, r3, #1
 255 009e 8371     		strb	r3, [r0, #6]
 100:ToF.c         ****         break;
 256              		.loc 1 100 0
 257 00a0 38BD     		pop	{r3, r4, r5, pc}
 258              	.LVL23:
 259              	.L15:
 101:ToF.c         ****         
 102:ToF.c         ****         case 6:
 103:ToF.c         ****         //byteR --;
 104:ToF.c         ****         sensorLeft = sensorLeft|byteR_;
 260              		.loc 1 104 0
 261 00a2 0288     		ldrh	r2, [r0]
 262 00a4 1143     		orrs	r1, r1, r2
 263              	.LVL24:
 264 00a6 0180     		strh	r1, [r0]	@ movhi
 105:ToF.c         ****         if (sensorLeft == 1 || sensorLeft > 1000)
 265              		.loc 1 105 0
 266 00a8 0129     		cmp	r1, #1
 267 00aa 02D0     		beq	.L20
 268              		.loc 1 105 0 is_stmt 0 discriminator 1
 269 00ac B1F57A7F 		cmp	r1, #1000
 270 00b0 02D9     		bls	.L21
 271              	.L20:
 106:ToF.c         ****         {
 107:ToF.c         ****             sensorLeft = 1000;
 272              		.loc 1 107 0 is_stmt 1
 273 00b2 4FF47A72 		mov	r2, #1000
 274 00b6 0280     		strh	r2, [r0]	@ movhi
 275              	.L21:
 108:ToF.c         ****         }
 109:ToF.c         ****         //sprintf(string, "Sensor Left: %d \n\r", sensorLeft);
 110:ToF.c         ****         //UART_1_PutString(string);
 111:ToF.c         ****         i++;
 276              		.loc 1 111 0
 277 00b8 0133     		adds	r3, r3, #1
 278 00ba 8371     		strb	r3, [r0, #6]
 279              	.L5:
 280 00bc 38BD     		pop	{r3, r4, r5, pc}
 281              	.L24:
 282 00be 00BF     		.align	2
 283              	.L23:
 284 00c0 00000000 		.word	.LC0
 285              		.cfi_endproc
 286              	.LFE70:
 287              		.size	_ZN3ToF10handleByteEh, .-_ZN3ToF10handleByteEh
 288              		.section	.rodata.str1.4,"aMS",%progbits,1
ARM GAS  C:\Users\jespe\AppData\Local\Temp\ccyPbpgt.s 			page 8


 289              		.align	2
 290              	.LC0:
 291 0000 53656E73 		.ascii	"Sensor Middle: %d \012\015\000"
 291      6F72204D 
 291      6964646C 
 291      653A2025 
 291      64200A0D 
 292              		.text
 293              	.Letext0:
 294              		.file 2 "c:\\program files (x86)\\cypress\\psoc creator\\4.2\\psoc creator\\import\\gnu\\arm\\5.4.
 295              		.file 3 "c:\\program files (x86)\\cypress\\psoc creator\\4.2\\psoc creator\\import\\gnu\\arm\\5.4.
 296              		.file 4 "ToF.h"
 297              		.file 5 "c:\\program files (x86)\\cypress\\psoc creator\\4.2\\psoc creator\\import\\gnu\\arm\\5.4.
 298              		.file 6 "Generated_Source\\PSoC5/UART_1.h"
 299              		.file 7 "Generated_Source\\PSoC5/core_cm3.h"
 300              		.section	.debug_info,"",%progbits
 301              	.Ldebug_info0:
 302 0000 73030000 		.4byte	0x373
 303 0004 0400     		.2byte	0x4
 304 0006 00000000 		.4byte	.Ldebug_abbrev0
 305 000a 04       		.byte	0x4
 306 000b 01       		.uleb128 0x1
 307 000c 6E020000 		.4byte	.LASF42
 308 0010 04       		.byte	0x4
 309 0011 19030000 		.4byte	.LASF43
 310 0015 0A000000 		.4byte	.LASF44
 311 0019 00000000 		.4byte	.Ldebug_ranges0+0
 312 001d 00000000 		.4byte	0
 313 0021 00000000 		.4byte	.Ldebug_line0
 314 0025 02       		.uleb128 0x2
 315 0026 01       		.byte	0x1
 316 0027 06       		.byte	0x6
 317 0028 51020000 		.4byte	.LASF0
 318 002c 03       		.uleb128 0x3
 319 002d 00000000 		.4byte	.LASF3
 320 0031 02       		.byte	0x2
 321 0032 1D       		.byte	0x1d
 322 0033 37000000 		.4byte	0x37
 323 0037 02       		.uleb128 0x2
 324 0038 01       		.byte	0x1
 325 0039 08       		.byte	0x8
 326 003a C2000000 		.4byte	.LASF1
 327 003e 02       		.uleb128 0x2
 328 003f 02       		.byte	0x2
 329 0040 05       		.byte	0x5
 330 0041 29020000 		.4byte	.LASF2
 331 0045 03       		.uleb128 0x3
 332 0046 20010000 		.4byte	.LASF4
 333 004a 02       		.byte	0x2
 334 004b 2B       		.byte	0x2b
 335 004c 50000000 		.4byte	0x50
 336 0050 02       		.uleb128 0x2
 337 0051 02       		.byte	0x2
 338 0052 07       		.byte	0x7
 339 0053 F3000000 		.4byte	.LASF5
 340 0057 03       		.uleb128 0x3
 341 0058 72000000 		.4byte	.LASF6
ARM GAS  C:\Users\jespe\AppData\Local\Temp\ccyPbpgt.s 			page 9


 342 005c 02       		.byte	0x2
 343 005d 3F       		.byte	0x3f
 344 005e 62000000 		.4byte	0x62
 345 0062 02       		.uleb128 0x2
 346 0063 04       		.byte	0x4
 347 0064 05       		.byte	0x5
 348 0065 3C020000 		.4byte	.LASF7
 349 0069 02       		.uleb128 0x2
 350 006a 04       		.byte	0x4
 351 006b 07       		.byte	0x7
 352 006c E1000000 		.4byte	.LASF8
 353 0070 02       		.uleb128 0x2
 354 0071 08       		.byte	0x8
 355 0072 05       		.byte	0x5
 356 0073 0B020000 		.4byte	.LASF9
 357 0077 02       		.uleb128 0x2
 358 0078 08       		.byte	0x8
 359 0079 07       		.byte	0x7
 360 007a D6010000 		.4byte	.LASF10
 361 007e 04       		.uleb128 0x4
 362 007f 04       		.byte	0x4
 363 0080 05       		.byte	0x5
 364 0081 696E7400 		.ascii	"int\000"
 365 0085 02       		.uleb128 0x2
 366 0086 04       		.byte	0x4
 367 0087 07       		.byte	0x7
 368 0088 7F010000 		.4byte	.LASF11
 369 008c 03       		.uleb128 0x3
 370 008d ED010000 		.4byte	.LASF12
 371 0091 03       		.byte	0x3
 372 0092 18       		.byte	0x18
 373 0093 2C000000 		.4byte	0x2c
 374 0097 03       		.uleb128 0x3
 375 0098 33020000 		.4byte	.LASF13
 376 009c 03       		.byte	0x3
 377 009d 24       		.byte	0x24
 378 009e 45000000 		.4byte	0x45
 379 00a2 03       		.uleb128 0x3
 380 00a3 AD000000 		.4byte	.LASF14
 381 00a7 03       		.byte	0x3
 382 00a8 2C       		.byte	0x2c
 383 00a9 57000000 		.4byte	0x57
 384 00ad 02       		.uleb128 0x2
 385 00ae 04       		.byte	0x4
 386 00af 04       		.byte	0x4
 387 00b0 BC000000 		.4byte	.LASF15
 388 00b4 02       		.uleb128 0x2
 389 00b5 08       		.byte	0x8
 390 00b6 04       		.byte	0x4
 391 00b7 8E000000 		.4byte	.LASF16
 392 00bb 02       		.uleb128 0x2
 393 00bc 01       		.byte	0x1
 394 00bd 08       		.byte	0x8
 395 00be 19020000 		.4byte	.LASF17
 396 00c2 02       		.uleb128 0x2
 397 00c3 08       		.byte	0x8
 398 00c4 04       		.byte	0x4
ARM GAS  C:\Users\jespe\AppData\Local\Temp\ccyPbpgt.s 			page 10


 399 00c5 45020000 		.4byte	.LASF18
 400 00c9 05       		.uleb128 0x5
 401 00ca 7C000000 		.4byte	.LASF45
 402 00ce 02       		.uleb128 0x2
 403 00cf 04       		.byte	0x4
 404 00d0 07       		.byte	0x7
 405 00d1 02020000 		.4byte	.LASF19
 406 00d5 06       		.uleb128 0x6
 407 00d6 546F4600 		.ascii	"ToF\000"
 408 00da 40       		.byte	0x40
 409 00db 04       		.byte	0x4
 410 00dc 1D       		.byte	0x1d
 411 00dd 0F020000 		.4byte	0x20f
 412 00e1 07       		.uleb128 0x7
 413 00e2 1E020000 		.4byte	.LASF20
 414 00e6 04       		.byte	0x4
 415 00e7 27       		.byte	0x27
 416 00e8 97000000 		.4byte	0x97
 417 00ec 00       		.byte	0
 418 00ed 01       		.byte	0x1
 419 00ee 07       		.uleb128 0x7
 420 00ef D5000000 		.4byte	.LASF21
 421 00f3 04       		.byte	0x4
 422 00f4 28       		.byte	0x28
 423 00f5 97000000 		.4byte	0x97
 424 00f9 02       		.byte	0x2
 425 00fa 01       		.byte	0x1
 426 00fb 07       		.uleb128 0x7
 427 00fc 2B010000 		.4byte	.LASF22
 428 0100 04       		.byte	0x4
 429 0101 29       		.byte	0x29
 430 0102 97000000 		.4byte	0x97
 431 0106 04       		.byte	0x4
 432 0107 01       		.byte	0x1
 433 0108 08       		.uleb128 0x8
 434 0109 6900     		.ascii	"i\000"
 435 010b 04       		.byte	0x4
 436 010c 2A       		.byte	0x2a
 437 010d 8C000000 		.4byte	0x8c
 438 0111 06       		.byte	0x6
 439 0112 01       		.byte	0x1
 440 0113 07       		.uleb128 0x7
 441 0114 B5000000 		.4byte	.LASF23
 442 0118 04       		.byte	0x4
 443 0119 2B       		.byte	0x2b
 444 011a 8C000000 		.4byte	0x8c
 445 011e 07       		.byte	0x7
 446 011f 01       		.byte	0x1
 447 0120 07       		.uleb128 0x7
 448 0121 35010000 		.4byte	.LASF24
 449 0125 04       		.byte	0x4
 450 0126 2C       		.byte	0x2c
 451 0127 8C000000 		.4byte	0x8c
 452 012b 08       		.byte	0x8
 453 012c 01       		.byte	0x1
 454 012d 07       		.uleb128 0x7
 455 012e 3D010000 		.4byte	.LASF25
ARM GAS  C:\Users\jespe\AppData\Local\Temp\ccyPbpgt.s 			page 11


 456 0132 04       		.byte	0x4
 457 0133 2C       		.byte	0x2c
 458 0134 8C000000 		.4byte	0x8c
 459 0138 09       		.byte	0x9
 460 0139 01       		.byte	0x1
 461 013a 07       		.uleb128 0x7
 462 013b 45010000 		.4byte	.LASF26
 463 013f 04       		.byte	0x4
 464 0140 2C       		.byte	0x2c
 465 0141 8C000000 		.4byte	0x8c
 466 0145 0A       		.byte	0xa
 467 0146 01       		.byte	0x1
 468 0147 07       		.uleb128 0x7
 469 0148 4D010000 		.4byte	.LASF27
 470 014c 04       		.byte	0x4
 471 014d 2C       		.byte	0x2c
 472 014e 8C000000 		.4byte	0x8c
 473 0152 0B       		.byte	0xb
 474 0153 01       		.byte	0x1
 475 0154 07       		.uleb128 0x7
 476 0155 55010000 		.4byte	.LASF28
 477 0159 04       		.byte	0x4
 478 015a 2C       		.byte	0x2c
 479 015b 8C000000 		.4byte	0x8c
 480 015f 0C       		.byte	0xc
 481 0160 01       		.byte	0x1
 482 0161 07       		.uleb128 0x7
 483 0162 5D010000 		.4byte	.LASF29
 484 0166 04       		.byte	0x4
 485 0167 2C       		.byte	0x2c
 486 0168 8C000000 		.4byte	0x8c
 487 016c 0D       		.byte	0xd
 488 016d 01       		.byte	0x1
 489 016e 07       		.uleb128 0x7
 490 016f 9A000000 		.4byte	.LASF30
 491 0173 04       		.byte	0x4
 492 0174 2D       		.byte	0x2d
 493 0175 0F020000 		.4byte	0x20f
 494 0179 0E       		.byte	0xe
 495 017a 01       		.byte	0x1
 496 017b 09       		.uleb128 0x9
 497 017c 546F4600 		.ascii	"ToF\000"
 498 0180 04       		.byte	0x4
 499 0181 1F       		.byte	0x1f
 500 0182 A1000000 		.4byte	.LASF46
 501 0186 1F020000 		.4byte	0x21f
 502 018a 01       		.byte	0x1
 503 018b 93010000 		.4byte	0x193
 504 018f 99010000 		.4byte	0x199
 505 0193 0A       		.uleb128 0xa
 506 0194 1F020000 		.4byte	0x21f
 507 0198 00       		.byte	0
 508 0199 0B       		.uleb128 0xb
 509 019a 06010000 		.4byte	.LASF35
 510 019e 04       		.byte	0x4
 511 019f 22       		.byte	0x22
 512 01a0 A5010000 		.4byte	.LASF37
ARM GAS  C:\Users\jespe\AppData\Local\Temp\ccyPbpgt.s 			page 12


 513 01a4 01       		.byte	0x1
 514 01a5 AD010000 		.4byte	0x1ad
 515 01a9 B8010000 		.4byte	0x1b8
 516 01ad 0A       		.uleb128 0xa
 517 01ae 1F020000 		.4byte	0x21f
 518 01b2 0C       		.uleb128 0xc
 519 01b3 8C000000 		.4byte	0x8c
 520 01b7 00       		.byte	0
 521 01b8 0D       		.uleb128 0xd
 522 01b9 11010000 		.4byte	.LASF31
 523 01bd 04       		.byte	0x4
 524 01be 23       		.byte	0x23
 525 01bf BB010000 		.4byte	.LASF33
 526 01c3 97000000 		.4byte	0x97
 527 01c7 01       		.byte	0x1
 528 01c8 D0010000 		.4byte	0x1d0
 529 01cc D6010000 		.4byte	0x1d6
 530 01d0 0A       		.uleb128 0xa
 531 01d1 25020000 		.4byte	0x225
 532 01d5 00       		.byte	0
 533 01d6 0D       		.uleb128 0xd
 534 01d7 65000000 		.4byte	.LASF32
 535 01db 04       		.byte	0x4
 536 01dc 24       		.byte	0x24
 537 01dd 8C010000 		.4byte	.LASF34
 538 01e1 97000000 		.4byte	0x97
 539 01e5 01       		.byte	0x1
 540 01e6 EE010000 		.4byte	0x1ee
 541 01ea F4010000 		.4byte	0x1f4
 542 01ee 0A       		.uleb128 0xa
 543 01ef 25020000 		.4byte	0x225
 544 01f3 00       		.byte	0
 545 01f4 0E       		.uleb128 0xe
 546 01f5 65010000 		.4byte	.LASF36
 547 01f9 04       		.byte	0x4
 548 01fa 25       		.byte	0x25
 549 01fb 27030000 		.4byte	.LASF38
 550 01ff 97000000 		.4byte	0x97
 551 0203 01       		.byte	0x1
 552 0204 08020000 		.4byte	0x208
 553 0208 0A       		.uleb128 0xa
 554 0209 25020000 		.4byte	0x225
 555 020d 00       		.byte	0
 556 020e 00       		.byte	0
 557 020f 0F       		.uleb128 0xf
 558 0210 BB000000 		.4byte	0xbb
 559 0214 1F020000 		.4byte	0x21f
 560 0218 10       		.uleb128 0x10
 561 0219 CE000000 		.4byte	0xce
 562 021d 31       		.byte	0x31
 563 021e 00       		.byte	0
 564 021f 11       		.uleb128 0x11
 565 0220 04       		.byte	0x4
 566 0221 D5000000 		.4byte	0xd5
 567 0225 11       		.uleb128 0x11
 568 0226 04       		.byte	0x4
 569 0227 2B020000 		.4byte	0x22b
ARM GAS  C:\Users\jespe\AppData\Local\Temp\ccyPbpgt.s 			page 13


 570 022b 12       		.uleb128 0x12
 571 022c D5000000 		.4byte	0xd5
 572 0230 13       		.uleb128 0x13
 573 0231 7B010000 		.4byte	0x17b
 574 0235 01       		.byte	0x1
 575 0236 0E       		.byte	0xe
 576 0237 00       		.byte	0
 577 0238 40020000 		.4byte	0x240
 578 023c 4A020000 		.4byte	0x24a
 579 0240 14       		.uleb128 0x14
 580 0241 D0000000 		.4byte	.LASF39
 581 0245 4A020000 		.4byte	0x24a
 582 0249 00       		.byte	0
 583 024a 12       		.uleb128 0x12
 584 024b 1F020000 		.4byte	0x21f
 585 024f 15       		.uleb128 0x15
 586 0250 30020000 		.4byte	0x230
 587 0254 73010000 		.4byte	.LASF47
 588 0258 00000000 		.4byte	.LFB65
 589 025c 02000000 		.4byte	.LFE65-.LFB65
 590 0260 01       		.uleb128 0x1
 591 0261 9C       		.byte	0x9c
 592 0262 6A020000 		.4byte	0x26a
 593 0266 72020000 		.4byte	0x272
 594 026a 16       		.uleb128 0x16
 595 026b 40020000 		.4byte	0x240
 596 026f 01       		.uleb128 0x1
 597 0270 50       		.byte	0x50
 598 0271 00       		.byte	0
 599 0272 17       		.uleb128 0x17
 600 0273 B8010000 		.4byte	0x1b8
 601 0277 01       		.byte	0x1
 602 0278 20       		.byte	0x20
 603 0279 00000000 		.4byte	.LFB67
 604 027d 04000000 		.4byte	.LFE67-.LFB67
 605 0281 01       		.uleb128 0x1
 606 0282 9C       		.byte	0x9c
 607 0283 8B020000 		.4byte	0x28b
 608 0287 99020000 		.4byte	0x299
 609 028b 18       		.uleb128 0x18
 610 028c D0000000 		.4byte	.LASF39
 611 0290 99020000 		.4byte	0x299
 612 0294 00000000 		.4byte	.LLST0
 613 0298 00       		.byte	0
 614 0299 12       		.uleb128 0x12
 615 029a 25020000 		.4byte	0x225
 616 029e 17       		.uleb128 0x17
 617 029f D6010000 		.4byte	0x1d6
 618 02a3 01       		.byte	0x1
 619 02a4 25       		.byte	0x25
 620 02a5 00000000 		.4byte	.LFB68
 621 02a9 04000000 		.4byte	.LFE68-.LFB68
 622 02ad 01       		.uleb128 0x1
 623 02ae 9C       		.byte	0x9c
 624 02af B7020000 		.4byte	0x2b7
 625 02b3 C5020000 		.4byte	0x2c5
 626 02b7 18       		.uleb128 0x18
ARM GAS  C:\Users\jespe\AppData\Local\Temp\ccyPbpgt.s 			page 14


 627 02b8 D0000000 		.4byte	.LASF39
 628 02bc 99020000 		.4byte	0x299
 629 02c0 21000000 		.4byte	.LLST1
 630 02c4 00       		.byte	0
 631 02c5 17       		.uleb128 0x17
 632 02c6 F4010000 		.4byte	0x1f4
 633 02ca 01       		.byte	0x1
 634 02cb 2A       		.byte	0x2a
 635 02cc 00000000 		.4byte	.LFB69
 636 02d0 04000000 		.4byte	.LFE69-.LFB69
 637 02d4 01       		.uleb128 0x1
 638 02d5 9C       		.byte	0x9c
 639 02d6 DE020000 		.4byte	0x2de
 640 02da EC020000 		.4byte	0x2ec
 641 02de 18       		.uleb128 0x18
 642 02df D0000000 		.4byte	.LASF39
 643 02e3 99020000 		.4byte	0x299
 644 02e7 42000000 		.4byte	.LLST2
 645 02eb 00       		.byte	0
 646 02ec 17       		.uleb128 0x17
 647 02ed 99010000 		.4byte	0x199
 648 02f1 01       		.byte	0x1
 649 02f2 2F       		.byte	0x2f
 650 02f3 00000000 		.4byte	.LFB70
 651 02f7 C4000000 		.4byte	.LFE70-.LFB70
 652 02fb 01       		.uleb128 0x1
 653 02fc 9C       		.byte	0x9c
 654 02fd 05030000 		.4byte	0x305
 655 0301 4F030000 		.4byte	0x34f
 656 0305 18       		.uleb128 0x18
 657 0306 D0000000 		.4byte	.LASF39
 658 030a 4A020000 		.4byte	0x24a
 659 030e 63000000 		.4byte	.LLST3
 660 0312 19       		.uleb128 0x19
 661 0313 95000000 		.4byte	.LASF48
 662 0317 01       		.byte	0x1
 663 0318 2F       		.byte	0x2f
 664 0319 8C000000 		.4byte	0x8c
 665 031d 8C000000 		.4byte	.LLST4
 666 0321 1A       		.uleb128 0x1a
 667 0322 84000000 		.4byte	.LVL18
 668 0326 60030000 		.4byte	0x360
 669 032a 3E030000 		.4byte	0x33e
 670 032e 1B       		.uleb128 0x1b
 671 032f 01       		.uleb128 0x1
 672 0330 50       		.byte	0x50
 673 0331 02       		.uleb128 0x2
 674 0332 75       		.byte	0x75
 675 0333 00       		.sleb128 0
 676 0334 1B       		.uleb128 0x1b
 677 0335 01       		.uleb128 0x1
 678 0336 51       		.byte	0x51
 679 0337 05       		.uleb128 0x5
 680 0338 03       		.byte	0x3
 681 0339 00000000 		.4byte	.LC0
 682 033d 00       		.byte	0
 683 033e 1C       		.uleb128 0x1c
ARM GAS  C:\Users\jespe\AppData\Local\Temp\ccyPbpgt.s 			page 15


 684 033f 8A000000 		.4byte	.LVL19
 685 0343 6B030000 		.4byte	0x36b
 686 0347 1B       		.uleb128 0x1b
 687 0348 01       		.uleb128 0x1
 688 0349 50       		.byte	0x50
 689 034a 02       		.uleb128 0x2
 690 034b 75       		.byte	0x75
 691 034c 00       		.sleb128 0
 692 034d 00       		.byte	0
 693 034e 00       		.byte	0
 694 034f 1D       		.uleb128 0x1d
 695 0350 F5010000 		.4byte	.LASF49
 696 0354 07       		.byte	0x7
 697 0355 1207     		.2byte	0x712
 698 0357 5B030000 		.4byte	0x35b
 699 035b 1E       		.uleb128 0x1e
 700 035c A2000000 		.4byte	0xa2
 701 0360 1F       		.uleb128 0x1f
 702 0361 1F030000 		.4byte	.LASF40
 703 0365 1F030000 		.4byte	.LASF40
 704 0369 05       		.byte	0x5
 705 036a E7       		.byte	0xe7
 706 036b 1F       		.uleb128 0x1f
 707 036c 5D020000 		.4byte	.LASF41
 708 0370 5D020000 		.4byte	.LASF41
 709 0374 06       		.byte	0x6
 710 0375 8B       		.byte	0x8b
 711 0376 00       		.byte	0
 712              		.section	.debug_abbrev,"",%progbits
 713              	.Ldebug_abbrev0:
 714 0000 01       		.uleb128 0x1
 715 0001 11       		.uleb128 0x11
 716 0002 01       		.byte	0x1
 717 0003 25       		.uleb128 0x25
 718 0004 0E       		.uleb128 0xe
 719 0005 13       		.uleb128 0x13
 720 0006 0B       		.uleb128 0xb
 721 0007 03       		.uleb128 0x3
 722 0008 0E       		.uleb128 0xe
 723 0009 1B       		.uleb128 0x1b
 724 000a 0E       		.uleb128 0xe
 725 000b 55       		.uleb128 0x55
 726 000c 17       		.uleb128 0x17
 727 000d 11       		.uleb128 0x11
 728 000e 01       		.uleb128 0x1
 729 000f 10       		.uleb128 0x10
 730 0010 17       		.uleb128 0x17
 731 0011 00       		.byte	0
 732 0012 00       		.byte	0
 733 0013 02       		.uleb128 0x2
 734 0014 24       		.uleb128 0x24
 735 0015 00       		.byte	0
 736 0016 0B       		.uleb128 0xb
 737 0017 0B       		.uleb128 0xb
 738 0018 3E       		.uleb128 0x3e
 739 0019 0B       		.uleb128 0xb
 740 001a 03       		.uleb128 0x3
ARM GAS  C:\Users\jespe\AppData\Local\Temp\ccyPbpgt.s 			page 16


 741 001b 0E       		.uleb128 0xe
 742 001c 00       		.byte	0
 743 001d 00       		.byte	0
 744 001e 03       		.uleb128 0x3
 745 001f 16       		.uleb128 0x16
 746 0020 00       		.byte	0
 747 0021 03       		.uleb128 0x3
 748 0022 0E       		.uleb128 0xe
 749 0023 3A       		.uleb128 0x3a
 750 0024 0B       		.uleb128 0xb
 751 0025 3B       		.uleb128 0x3b
 752 0026 0B       		.uleb128 0xb
 753 0027 49       		.uleb128 0x49
 754 0028 13       		.uleb128 0x13
 755 0029 00       		.byte	0
 756 002a 00       		.byte	0
 757 002b 04       		.uleb128 0x4
 758 002c 24       		.uleb128 0x24
 759 002d 00       		.byte	0
 760 002e 0B       		.uleb128 0xb
 761 002f 0B       		.uleb128 0xb
 762 0030 3E       		.uleb128 0x3e
 763 0031 0B       		.uleb128 0xb
 764 0032 03       		.uleb128 0x3
 765 0033 08       		.uleb128 0x8
 766 0034 00       		.byte	0
 767 0035 00       		.byte	0
 768 0036 05       		.uleb128 0x5
 769 0037 3B       		.uleb128 0x3b
 770 0038 00       		.byte	0
 771 0039 03       		.uleb128 0x3
 772 003a 0E       		.uleb128 0xe
 773 003b 00       		.byte	0
 774 003c 00       		.byte	0
 775 003d 06       		.uleb128 0x6
 776 003e 02       		.uleb128 0x2
 777 003f 01       		.byte	0x1
 778 0040 03       		.uleb128 0x3
 779 0041 08       		.uleb128 0x8
 780 0042 0B       		.uleb128 0xb
 781 0043 0B       		.uleb128 0xb
 782 0044 3A       		.uleb128 0x3a
 783 0045 0B       		.uleb128 0xb
 784 0046 3B       		.uleb128 0x3b
 785 0047 0B       		.uleb128 0xb
 786 0048 01       		.uleb128 0x1
 787 0049 13       		.uleb128 0x13
 788 004a 00       		.byte	0
 789 004b 00       		.byte	0
 790 004c 07       		.uleb128 0x7
 791 004d 0D       		.uleb128 0xd
 792 004e 00       		.byte	0
 793 004f 03       		.uleb128 0x3
 794 0050 0E       		.uleb128 0xe
 795 0051 3A       		.uleb128 0x3a
 796 0052 0B       		.uleb128 0xb
 797 0053 3B       		.uleb128 0x3b
ARM GAS  C:\Users\jespe\AppData\Local\Temp\ccyPbpgt.s 			page 17


 798 0054 0B       		.uleb128 0xb
 799 0055 49       		.uleb128 0x49
 800 0056 13       		.uleb128 0x13
 801 0057 38       		.uleb128 0x38
 802 0058 0B       		.uleb128 0xb
 803 0059 32       		.uleb128 0x32
 804 005a 0B       		.uleb128 0xb
 805 005b 00       		.byte	0
 806 005c 00       		.byte	0
 807 005d 08       		.uleb128 0x8
 808 005e 0D       		.uleb128 0xd
 809 005f 00       		.byte	0
 810 0060 03       		.uleb128 0x3
 811 0061 08       		.uleb128 0x8
 812 0062 3A       		.uleb128 0x3a
 813 0063 0B       		.uleb128 0xb
 814 0064 3B       		.uleb128 0x3b
 815 0065 0B       		.uleb128 0xb
 816 0066 49       		.uleb128 0x49
 817 0067 13       		.uleb128 0x13
 818 0068 38       		.uleb128 0x38
 819 0069 0B       		.uleb128 0xb
 820 006a 32       		.uleb128 0x32
 821 006b 0B       		.uleb128 0xb
 822 006c 00       		.byte	0
 823 006d 00       		.byte	0
 824 006e 09       		.uleb128 0x9
 825 006f 2E       		.uleb128 0x2e
 826 0070 01       		.byte	0x1
 827 0071 3F       		.uleb128 0x3f
 828 0072 19       		.uleb128 0x19
 829 0073 03       		.uleb128 0x3
 830 0074 08       		.uleb128 0x8
 831 0075 3A       		.uleb128 0x3a
 832 0076 0B       		.uleb128 0xb
 833 0077 3B       		.uleb128 0x3b
 834 0078 0B       		.uleb128 0xb
 835 0079 6E       		.uleb128 0x6e
 836 007a 0E       		.uleb128 0xe
 837 007b 49       		.uleb128 0x49
 838 007c 13       		.uleb128 0x13
 839 007d 32       		.uleb128 0x32
 840 007e 0B       		.uleb128 0xb
 841 007f 3C       		.uleb128 0x3c
 842 0080 19       		.uleb128 0x19
 843 0081 64       		.uleb128 0x64
 844 0082 13       		.uleb128 0x13
 845 0083 01       		.uleb128 0x1
 846 0084 13       		.uleb128 0x13
 847 0085 00       		.byte	0
 848 0086 00       		.byte	0
 849 0087 0A       		.uleb128 0xa
 850 0088 05       		.uleb128 0x5
 851 0089 00       		.byte	0
 852 008a 49       		.uleb128 0x49
 853 008b 13       		.uleb128 0x13
 854 008c 34       		.uleb128 0x34
ARM GAS  C:\Users\jespe\AppData\Local\Temp\ccyPbpgt.s 			page 18


 855 008d 19       		.uleb128 0x19
 856 008e 00       		.byte	0
 857 008f 00       		.byte	0
 858 0090 0B       		.uleb128 0xb
 859 0091 2E       		.uleb128 0x2e
 860 0092 01       		.byte	0x1
 861 0093 3F       		.uleb128 0x3f
 862 0094 19       		.uleb128 0x19
 863 0095 03       		.uleb128 0x3
 864 0096 0E       		.uleb128 0xe
 865 0097 3A       		.uleb128 0x3a
 866 0098 0B       		.uleb128 0xb
 867 0099 3B       		.uleb128 0x3b
 868 009a 0B       		.uleb128 0xb
 869 009b 6E       		.uleb128 0x6e
 870 009c 0E       		.uleb128 0xe
 871 009d 32       		.uleb128 0x32
 872 009e 0B       		.uleb128 0xb
 873 009f 3C       		.uleb128 0x3c
 874 00a0 19       		.uleb128 0x19
 875 00a1 64       		.uleb128 0x64
 876 00a2 13       		.uleb128 0x13
 877 00a3 01       		.uleb128 0x1
 878 00a4 13       		.uleb128 0x13
 879 00a5 00       		.byte	0
 880 00a6 00       		.byte	0
 881 00a7 0C       		.uleb128 0xc
 882 00a8 05       		.uleb128 0x5
 883 00a9 00       		.byte	0
 884 00aa 49       		.uleb128 0x49
 885 00ab 13       		.uleb128 0x13
 886 00ac 00       		.byte	0
 887 00ad 00       		.byte	0
 888 00ae 0D       		.uleb128 0xd
 889 00af 2E       		.uleb128 0x2e
 890 00b0 01       		.byte	0x1
 891 00b1 3F       		.uleb128 0x3f
 892 00b2 19       		.uleb128 0x19
 893 00b3 03       		.uleb128 0x3
 894 00b4 0E       		.uleb128 0xe
 895 00b5 3A       		.uleb128 0x3a
 896 00b6 0B       		.uleb128 0xb
 897 00b7 3B       		.uleb128 0x3b
 898 00b8 0B       		.uleb128 0xb
 899 00b9 6E       		.uleb128 0x6e
 900 00ba 0E       		.uleb128 0xe
 901 00bb 49       		.uleb128 0x49
 902 00bc 13       		.uleb128 0x13
 903 00bd 32       		.uleb128 0x32
 904 00be 0B       		.uleb128 0xb
 905 00bf 3C       		.uleb128 0x3c
 906 00c0 19       		.uleb128 0x19
 907 00c1 64       		.uleb128 0x64
 908 00c2 13       		.uleb128 0x13
 909 00c3 01       		.uleb128 0x1
 910 00c4 13       		.uleb128 0x13
 911 00c5 00       		.byte	0
ARM GAS  C:\Users\jespe\AppData\Local\Temp\ccyPbpgt.s 			page 19


 912 00c6 00       		.byte	0
 913 00c7 0E       		.uleb128 0xe
 914 00c8 2E       		.uleb128 0x2e
 915 00c9 01       		.byte	0x1
 916 00ca 3F       		.uleb128 0x3f
 917 00cb 19       		.uleb128 0x19
 918 00cc 03       		.uleb128 0x3
 919 00cd 0E       		.uleb128 0xe
 920 00ce 3A       		.uleb128 0x3a
 921 00cf 0B       		.uleb128 0xb
 922 00d0 3B       		.uleb128 0x3b
 923 00d1 0B       		.uleb128 0xb
 924 00d2 6E       		.uleb128 0x6e
 925 00d3 0E       		.uleb128 0xe
 926 00d4 49       		.uleb128 0x49
 927 00d5 13       		.uleb128 0x13
 928 00d6 32       		.uleb128 0x32
 929 00d7 0B       		.uleb128 0xb
 930 00d8 3C       		.uleb128 0x3c
 931 00d9 19       		.uleb128 0x19
 932 00da 64       		.uleb128 0x64
 933 00db 13       		.uleb128 0x13
 934 00dc 00       		.byte	0
 935 00dd 00       		.byte	0
 936 00de 0F       		.uleb128 0xf
 937 00df 01       		.uleb128 0x1
 938 00e0 01       		.byte	0x1
 939 00e1 49       		.uleb128 0x49
 940 00e2 13       		.uleb128 0x13
 941 00e3 01       		.uleb128 0x1
 942 00e4 13       		.uleb128 0x13
 943 00e5 00       		.byte	0
 944 00e6 00       		.byte	0
 945 00e7 10       		.uleb128 0x10
 946 00e8 21       		.uleb128 0x21
 947 00e9 00       		.byte	0
 948 00ea 49       		.uleb128 0x49
 949 00eb 13       		.uleb128 0x13
 950 00ec 2F       		.uleb128 0x2f
 951 00ed 0B       		.uleb128 0xb
 952 00ee 00       		.byte	0
 953 00ef 00       		.byte	0
 954 00f0 11       		.uleb128 0x11
 955 00f1 0F       		.uleb128 0xf
 956 00f2 00       		.byte	0
 957 00f3 0B       		.uleb128 0xb
 958 00f4 0B       		.uleb128 0xb
 959 00f5 49       		.uleb128 0x49
 960 00f6 13       		.uleb128 0x13
 961 00f7 00       		.byte	0
 962 00f8 00       		.byte	0
 963 00f9 12       		.uleb128 0x12
 964 00fa 26       		.uleb128 0x26
 965 00fb 00       		.byte	0
 966 00fc 49       		.uleb128 0x49
 967 00fd 13       		.uleb128 0x13
 968 00fe 00       		.byte	0
ARM GAS  C:\Users\jespe\AppData\Local\Temp\ccyPbpgt.s 			page 20


 969 00ff 00       		.byte	0
 970 0100 13       		.uleb128 0x13
 971 0101 2E       		.uleb128 0x2e
 972 0102 01       		.byte	0x1
 973 0103 47       		.uleb128 0x47
 974 0104 13       		.uleb128 0x13
 975 0105 3A       		.uleb128 0x3a
 976 0106 0B       		.uleb128 0xb
 977 0107 3B       		.uleb128 0x3b
 978 0108 0B       		.uleb128 0xb
 979 0109 20       		.uleb128 0x20
 980 010a 0B       		.uleb128 0xb
 981 010b 64       		.uleb128 0x64
 982 010c 13       		.uleb128 0x13
 983 010d 01       		.uleb128 0x1
 984 010e 13       		.uleb128 0x13
 985 010f 00       		.byte	0
 986 0110 00       		.byte	0
 987 0111 14       		.uleb128 0x14
 988 0112 05       		.uleb128 0x5
 989 0113 00       		.byte	0
 990 0114 03       		.uleb128 0x3
 991 0115 0E       		.uleb128 0xe
 992 0116 49       		.uleb128 0x49
 993 0117 13       		.uleb128 0x13
 994 0118 34       		.uleb128 0x34
 995 0119 19       		.uleb128 0x19
 996 011a 00       		.byte	0
 997 011b 00       		.byte	0
 998 011c 15       		.uleb128 0x15
 999 011d 2E       		.uleb128 0x2e
 1000 011e 01       		.byte	0x1
 1001 011f 31       		.uleb128 0x31
 1002 0120 13       		.uleb128 0x13
 1003 0121 6E       		.uleb128 0x6e
 1004 0122 0E       		.uleb128 0xe
 1005 0123 11       		.uleb128 0x11
 1006 0124 01       		.uleb128 0x1
 1007 0125 12       		.uleb128 0x12
 1008 0126 06       		.uleb128 0x6
 1009 0127 40       		.uleb128 0x40
 1010 0128 18       		.uleb128 0x18
 1011 0129 64       		.uleb128 0x64
 1012 012a 13       		.uleb128 0x13
 1013 012b 9742     		.uleb128 0x2117
 1014 012d 19       		.uleb128 0x19
 1015 012e 01       		.uleb128 0x1
 1016 012f 13       		.uleb128 0x13
 1017 0130 00       		.byte	0
 1018 0131 00       		.byte	0
 1019 0132 16       		.uleb128 0x16
 1020 0133 05       		.uleb128 0x5
 1021 0134 00       		.byte	0
 1022 0135 31       		.uleb128 0x31
 1023 0136 13       		.uleb128 0x13
 1024 0137 02       		.uleb128 0x2
 1025 0138 18       		.uleb128 0x18
ARM GAS  C:\Users\jespe\AppData\Local\Temp\ccyPbpgt.s 			page 21


 1026 0139 00       		.byte	0
 1027 013a 00       		.byte	0
 1028 013b 17       		.uleb128 0x17
 1029 013c 2E       		.uleb128 0x2e
 1030 013d 01       		.byte	0x1
 1031 013e 47       		.uleb128 0x47
 1032 013f 13       		.uleb128 0x13
 1033 0140 3A       		.uleb128 0x3a
 1034 0141 0B       		.uleb128 0xb
 1035 0142 3B       		.uleb128 0x3b
 1036 0143 0B       		.uleb128 0xb
 1037 0144 11       		.uleb128 0x11
 1038 0145 01       		.uleb128 0x1
 1039 0146 12       		.uleb128 0x12
 1040 0147 06       		.uleb128 0x6
 1041 0148 40       		.uleb128 0x40
 1042 0149 18       		.uleb128 0x18
 1043 014a 64       		.uleb128 0x64
 1044 014b 13       		.uleb128 0x13
 1045 014c 9742     		.uleb128 0x2117
 1046 014e 19       		.uleb128 0x19
 1047 014f 01       		.uleb128 0x1
 1048 0150 13       		.uleb128 0x13
 1049 0151 00       		.byte	0
 1050 0152 00       		.byte	0
 1051 0153 18       		.uleb128 0x18
 1052 0154 05       		.uleb128 0x5
 1053 0155 00       		.byte	0
 1054 0156 03       		.uleb128 0x3
 1055 0157 0E       		.uleb128 0xe
 1056 0158 49       		.uleb128 0x49
 1057 0159 13       		.uleb128 0x13
 1058 015a 34       		.uleb128 0x34
 1059 015b 19       		.uleb128 0x19
 1060 015c 02       		.uleb128 0x2
 1061 015d 17       		.uleb128 0x17
 1062 015e 00       		.byte	0
 1063 015f 00       		.byte	0
 1064 0160 19       		.uleb128 0x19
 1065 0161 05       		.uleb128 0x5
 1066 0162 00       		.byte	0
 1067 0163 03       		.uleb128 0x3
 1068 0164 0E       		.uleb128 0xe
 1069 0165 3A       		.uleb128 0x3a
 1070 0166 0B       		.uleb128 0xb
 1071 0167 3B       		.uleb128 0x3b
 1072 0168 0B       		.uleb128 0xb
 1073 0169 49       		.uleb128 0x49
 1074 016a 13       		.uleb128 0x13
 1075 016b 02       		.uleb128 0x2
 1076 016c 17       		.uleb128 0x17
 1077 016d 00       		.byte	0
 1078 016e 00       		.byte	0
 1079 016f 1A       		.uleb128 0x1a
 1080 0170 898201   		.uleb128 0x4109
 1081 0173 01       		.byte	0x1
 1082 0174 11       		.uleb128 0x11
ARM GAS  C:\Users\jespe\AppData\Local\Temp\ccyPbpgt.s 			page 22


 1083 0175 01       		.uleb128 0x1
 1084 0176 31       		.uleb128 0x31
 1085 0177 13       		.uleb128 0x13
 1086 0178 01       		.uleb128 0x1
 1087 0179 13       		.uleb128 0x13
 1088 017a 00       		.byte	0
 1089 017b 00       		.byte	0
 1090 017c 1B       		.uleb128 0x1b
 1091 017d 8A8201   		.uleb128 0x410a
 1092 0180 00       		.byte	0
 1093 0181 02       		.uleb128 0x2
 1094 0182 18       		.uleb128 0x18
 1095 0183 9142     		.uleb128 0x2111
 1096 0185 18       		.uleb128 0x18
 1097 0186 00       		.byte	0
 1098 0187 00       		.byte	0
 1099 0188 1C       		.uleb128 0x1c
 1100 0189 898201   		.uleb128 0x4109
 1101 018c 01       		.byte	0x1
 1102 018d 11       		.uleb128 0x11
 1103 018e 01       		.uleb128 0x1
 1104 018f 31       		.uleb128 0x31
 1105 0190 13       		.uleb128 0x13
 1106 0191 00       		.byte	0
 1107 0192 00       		.byte	0
 1108 0193 1D       		.uleb128 0x1d
 1109 0194 34       		.uleb128 0x34
 1110 0195 00       		.byte	0
 1111 0196 03       		.uleb128 0x3
 1112 0197 0E       		.uleb128 0xe
 1113 0198 3A       		.uleb128 0x3a
 1114 0199 0B       		.uleb128 0xb
 1115 019a 3B       		.uleb128 0x3b
 1116 019b 05       		.uleb128 0x5
 1117 019c 49       		.uleb128 0x49
 1118 019d 13       		.uleb128 0x13
 1119 019e 3F       		.uleb128 0x3f
 1120 019f 19       		.uleb128 0x19
 1121 01a0 3C       		.uleb128 0x3c
 1122 01a1 19       		.uleb128 0x19
 1123 01a2 00       		.byte	0
 1124 01a3 00       		.byte	0
 1125 01a4 1E       		.uleb128 0x1e
 1126 01a5 35       		.uleb128 0x35
 1127 01a6 00       		.byte	0
 1128 01a7 49       		.uleb128 0x49
 1129 01a8 13       		.uleb128 0x13
 1130 01a9 00       		.byte	0
 1131 01aa 00       		.byte	0
 1132 01ab 1F       		.uleb128 0x1f
 1133 01ac 2E       		.uleb128 0x2e
 1134 01ad 00       		.byte	0
 1135 01ae 3F       		.uleb128 0x3f
 1136 01af 19       		.uleb128 0x19
 1137 01b0 3C       		.uleb128 0x3c
 1138 01b1 19       		.uleb128 0x19
 1139 01b2 6E       		.uleb128 0x6e
ARM GAS  C:\Users\jespe\AppData\Local\Temp\ccyPbpgt.s 			page 23


 1140 01b3 0E       		.uleb128 0xe
 1141 01b4 03       		.uleb128 0x3
 1142 01b5 0E       		.uleb128 0xe
 1143 01b6 3A       		.uleb128 0x3a
 1144 01b7 0B       		.uleb128 0xb
 1145 01b8 3B       		.uleb128 0x3b
 1146 01b9 0B       		.uleb128 0xb
 1147 01ba 00       		.byte	0
 1148 01bb 00       		.byte	0
 1149 01bc 00       		.byte	0
 1150              		.section	.debug_loc,"",%progbits
 1151              	.Ldebug_loc0:
 1152              	.LLST0:
 1153 0000 00000000 		.4byte	.LVL1
 1154 0004 02000000 		.4byte	.LVL2
 1155 0008 0100     		.2byte	0x1
 1156 000a 50       		.byte	0x50
 1157 000b 02000000 		.4byte	.LVL2
 1158 000f 04000000 		.4byte	.LFE67
 1159 0013 0400     		.2byte	0x4
 1160 0015 F3       		.byte	0xf3
 1161 0016 01       		.uleb128 0x1
 1162 0017 50       		.byte	0x50
 1163 0018 9F       		.byte	0x9f
 1164 0019 00000000 		.4byte	0
 1165 001d 00000000 		.4byte	0
 1166              	.LLST1:
 1167 0021 00000000 		.4byte	.LVL3
 1168 0025 02000000 		.4byte	.LVL4
 1169 0029 0100     		.2byte	0x1
 1170 002b 50       		.byte	0x50
 1171 002c 02000000 		.4byte	.LVL4
 1172 0030 04000000 		.4byte	.LFE68
 1173 0034 0400     		.2byte	0x4
 1174 0036 F3       		.byte	0xf3
 1175 0037 01       		.uleb128 0x1
 1176 0038 50       		.byte	0x50
 1177 0039 9F       		.byte	0x9f
 1178 003a 00000000 		.4byte	0
 1179 003e 00000000 		.4byte	0
 1180              	.LLST2:
 1181 0042 00000000 		.4byte	.LVL5
 1182 0046 02000000 		.4byte	.LVL6
 1183 004a 0100     		.2byte	0x1
 1184 004c 50       		.byte	0x50
 1185 004d 02000000 		.4byte	.LVL6
 1186 0051 04000000 		.4byte	.LFE69
 1187 0055 0400     		.2byte	0x4
 1188 0057 F3       		.byte	0xf3
 1189 0058 01       		.uleb128 0x1
 1190 0059 50       		.byte	0x50
 1191 005a 9F       		.byte	0x9f
 1192 005b 00000000 		.4byte	0
 1193 005f 00000000 		.4byte	0
 1194              	.LLST3:
 1195 0063 00000000 		.4byte	.LVL7
 1196 0067 80000000 		.4byte	.LVL17
ARM GAS  C:\Users\jespe\AppData\Local\Temp\ccyPbpgt.s 			page 24


 1197 006b 0100     		.2byte	0x1
 1198 006d 50       		.byte	0x50
 1199 006e 80000000 		.4byte	.LVL17
 1200 0072 92000000 		.4byte	.LVL20
 1201 0076 0100     		.2byte	0x1
 1202 0078 54       		.byte	0x54
 1203 0079 92000000 		.4byte	.LVL20
 1204 007d C4000000 		.4byte	.LFE70
 1205 0081 0100     		.2byte	0x1
 1206 0083 50       		.byte	0x50
 1207 0084 00000000 		.4byte	0
 1208 0088 00000000 		.4byte	0
 1209              	.LLST4:
 1210 008c 00000000 		.4byte	.LVL7
 1211 0090 24000000 		.4byte	.LVL8
 1212 0094 0100     		.2byte	0x1
 1213 0096 51       		.byte	0x51
 1214 0097 24000000 		.4byte	.LVL8
 1215 009b 28000000 		.4byte	.LVL9
 1216 009f 0200     		.2byte	0x2
 1217 00a1 70       		.byte	0x70
 1218 00a2 07       		.sleb128 7
 1219 00a3 28000000 		.4byte	.LVL9
 1220 00a7 32000000 		.4byte	.LVL10
 1221 00ab 0400     		.2byte	0x4
 1222 00ad F3       		.byte	0xf3
 1223 00ae 01       		.uleb128 0x1
 1224 00af 51       		.byte	0x51
 1225 00b0 9F       		.byte	0x9f
 1226 00b1 32000000 		.4byte	.LVL10
 1227 00b5 36000000 		.4byte	.LVL11
 1228 00b9 0100     		.2byte	0x1
 1229 00bb 51       		.byte	0x51
 1230 00bc 36000000 		.4byte	.LVL11
 1231 00c0 4E000000 		.4byte	.LVL12
 1232 00c4 0200     		.2byte	0x2
 1233 00c6 70       		.byte	0x70
 1234 00c7 07       		.sleb128 7
 1235 00c8 4E000000 		.4byte	.LVL12
 1236 00cc 50000000 		.4byte	.LVL13
 1237 00d0 0100     		.2byte	0x1
 1238 00d2 51       		.byte	0x51
 1239 00d3 50000000 		.4byte	.LVL13
 1240 00d7 54000000 		.4byte	.LVL14
 1241 00db 0200     		.2byte	0x2
 1242 00dd 70       		.byte	0x70
 1243 00de 07       		.sleb128 7
 1244 00df 54000000 		.4byte	.LVL14
 1245 00e3 5E000000 		.4byte	.LVL15
 1246 00e7 0400     		.2byte	0x4
 1247 00e9 F3       		.byte	0xf3
 1248 00ea 01       		.uleb128 0x1
 1249 00eb 51       		.byte	0x51
 1250 00ec 9F       		.byte	0x9f
 1251 00ed 5E000000 		.4byte	.LVL15
 1252 00f1 62000000 		.4byte	.LVL16
 1253 00f5 0100     		.2byte	0x1
ARM GAS  C:\Users\jespe\AppData\Local\Temp\ccyPbpgt.s 			page 25


 1254 00f7 51       		.byte	0x51
 1255 00f8 62000000 		.4byte	.LVL16
 1256 00fc 80000000 		.4byte	.LVL17
 1257 0100 0200     		.2byte	0x2
 1258 0102 70       		.byte	0x70
 1259 0103 07       		.sleb128 7
 1260 0104 80000000 		.4byte	.LVL17
 1261 0108 83000000 		.4byte	.LVL18-1
 1262 010c 0200     		.2byte	0x2
 1263 010e 74       		.byte	0x74
 1264 010f 07       		.sleb128 7
 1265 0110 83000000 		.4byte	.LVL18-1
 1266 0114 92000000 		.4byte	.LVL20
 1267 0118 0400     		.2byte	0x4
 1268 011a F3       		.byte	0xf3
 1269 011b 01       		.uleb128 0x1
 1270 011c 51       		.byte	0x51
 1271 011d 9F       		.byte	0x9f
 1272 011e 92000000 		.4byte	.LVL20
 1273 0122 94000000 		.4byte	.LVL21
 1274 0126 0100     		.2byte	0x1
 1275 0128 51       		.byte	0x51
 1276 0129 94000000 		.4byte	.LVL21
 1277 012d 98000000 		.4byte	.LVL22
 1278 0131 0200     		.2byte	0x2
 1279 0133 70       		.byte	0x70
 1280 0134 07       		.sleb128 7
 1281 0135 98000000 		.4byte	.LVL22
 1282 0139 A2000000 		.4byte	.LVL23
 1283 013d 0400     		.2byte	0x4
 1284 013f F3       		.byte	0xf3
 1285 0140 01       		.uleb128 0x1
 1286 0141 51       		.byte	0x51
 1287 0142 9F       		.byte	0x9f
 1288 0143 A2000000 		.4byte	.LVL23
 1289 0147 A6000000 		.4byte	.LVL24
 1290 014b 0100     		.2byte	0x1
 1291 014d 51       		.byte	0x51
 1292 014e A6000000 		.4byte	.LVL24
 1293 0152 C4000000 		.4byte	.LFE70
 1294 0156 0200     		.2byte	0x2
 1295 0158 70       		.byte	0x70
 1296 0159 07       		.sleb128 7
 1297 015a 00000000 		.4byte	0
 1298 015e 00000000 		.4byte	0
 1299              		.section	.debug_aranges,"",%progbits
 1300 0000 3C000000 		.4byte	0x3c
 1301 0004 0200     		.2byte	0x2
 1302 0006 00000000 		.4byte	.Ldebug_info0
 1303 000a 04       		.byte	0x4
 1304 000b 00       		.byte	0
 1305 000c 0000     		.2byte	0
 1306 000e 0000     		.2byte	0
 1307 0010 00000000 		.4byte	.LFB65
 1308 0014 02000000 		.4byte	.LFE65-.LFB65
 1309 0018 00000000 		.4byte	.LFB67
 1310 001c 04000000 		.4byte	.LFE67-.LFB67
ARM GAS  C:\Users\jespe\AppData\Local\Temp\ccyPbpgt.s 			page 26


 1311 0020 00000000 		.4byte	.LFB68
 1312 0024 04000000 		.4byte	.LFE68-.LFB68
 1313 0028 00000000 		.4byte	.LFB69
 1314 002c 04000000 		.4byte	.LFE69-.LFB69
 1315 0030 00000000 		.4byte	.LFB70
 1316 0034 C4000000 		.4byte	.LFE70-.LFB70
 1317 0038 00000000 		.4byte	0
 1318 003c 00000000 		.4byte	0
 1319              		.section	.debug_ranges,"",%progbits
 1320              	.Ldebug_ranges0:
 1321 0000 00000000 		.4byte	.LFB65
 1322 0004 02000000 		.4byte	.LFE65
 1323 0008 00000000 		.4byte	.LFB67
 1324 000c 04000000 		.4byte	.LFE67
 1325 0010 00000000 		.4byte	.LFB68
 1326 0014 04000000 		.4byte	.LFE68
 1327 0018 00000000 		.4byte	.LFB69
 1328 001c 04000000 		.4byte	.LFE69
 1329 0020 00000000 		.4byte	.LFB70
 1330 0024 C4000000 		.4byte	.LFE70
 1331 0028 00000000 		.4byte	0
 1332 002c 00000000 		.4byte	0
 1333              		.section	.debug_line,"",%progbits
 1334              	.Ldebug_line0:
 1335 0000 52020000 		.section	.debug_str,"MS",%progbits,1
 1335      0200C601 
 1335      00000201 
 1335      FB0E0D00 
 1335      01010101 
 1336              	.LASF3:
 1337 0000 5F5F7569 		.ascii	"__uint8_t\000"
 1337      6E74385F 
 1337      7400
 1338              	.LASF44:
 1339 000a 433A5C55 		.ascii	"C:\\Users\\jespe\\Desktop\\GIT\\iFollow\\Software\\"
 1339      73657273 
 1339      5C6A6573 
 1339      70655C44 
 1339      65736B74 
 1340 0036 50534F43 		.ascii	"PSOC\\Projekt_PSoC_Kode\\Projekt_PSoC_Kode.cydsn\000"
 1340      5C50726F 
 1340      6A656B74 
 1340      5F50536F 
 1340      435F4B6F 
 1341              	.LASF32:
 1342 0065 6765744D 		.ascii	"getMidSensor\000"
 1342      69645365 
 1342      6E736F72 
 1342      00
 1343              	.LASF6:
 1344 0072 5F5F696E 		.ascii	"__int32_t\000"
 1344      7433325F 
 1344      7400
 1345              	.LASF45:
 1346 007c 6465636C 		.ascii	"decltype(nullptr)\000"
 1346      74797065 
 1346      286E756C 
ARM GAS  C:\Users\jespe\AppData\Local\Temp\ccyPbpgt.s 			page 27


 1346      6C707472 
 1346      2900
 1347              	.LASF16:
 1348 008e 646F7562 		.ascii	"double\000"
 1348      6C6500
 1349              	.LASF48:
 1350 0095 62797465 		.ascii	"byte\000"
 1350      00
 1351              	.LASF30:
 1352 009a 73747269 		.ascii	"string\000"
 1352      6E6700
 1353              	.LASF46:
 1354 00a1 5F5A4E33 		.ascii	"_ZN3ToFC4Ev\000"
 1354      546F4643 
 1354      34457600 
 1355              	.LASF14:
 1356 00ad 696E7433 		.ascii	"int32_t\000"
 1356      325F7400 
 1357              	.LASF23:
 1358 00b5 62797465 		.ascii	"byteR_\000"
 1358      525F00
 1359              	.LASF15:
 1360 00bc 666C6F61 		.ascii	"float\000"
 1360      7400
 1361              	.LASF1:
 1362 00c2 756E7369 		.ascii	"unsigned char\000"
 1362      676E6564 
 1362      20636861 
 1362      7200
 1363              	.LASF39:
 1364 00d0 74686973 		.ascii	"this\000"
 1364      00
 1365              	.LASF21:
 1366 00d5 73656E73 		.ascii	"sensorRight\000"
 1366      6F725269 
 1366      67687400 
 1367              	.LASF8:
 1368 00e1 6C6F6E67 		.ascii	"long unsigned int\000"
 1368      20756E73 
 1368      69676E65 
 1368      6420696E 
 1368      7400
 1369              	.LASF5:
 1370 00f3 73686F72 		.ascii	"short unsigned int\000"
 1370      7420756E 
 1370      7369676E 
 1370      65642069 
 1370      6E7400
 1371              	.LASF35:
 1372 0106 68616E64 		.ascii	"handleByte\000"
 1372      6C654279 
 1372      746500
 1373              	.LASF31:
 1374 0111 67657452 		.ascii	"getRightSensor\000"
 1374      69676874 
 1374      53656E73 
 1374      6F7200
ARM GAS  C:\Users\jespe\AppData\Local\Temp\ccyPbpgt.s 			page 28


 1375              	.LASF4:
 1376 0120 5F5F7569 		.ascii	"__uint16_t\000"
 1376      6E743136 
 1376      5F7400
 1377              	.LASF22:
 1378 012b 73656E73 		.ascii	"sensorMid\000"
 1378      6F724D69 
 1378      6400
 1379              	.LASF24:
 1380 0135 73656E73 		.ascii	"sensor1\000"
 1380      6F723100 
 1381              	.LASF25:
 1382 013d 73656E73 		.ascii	"sensor2\000"
 1382      6F723200 
 1383              	.LASF26:
 1384 0145 73656E73 		.ascii	"sensor3\000"
 1384      6F723300 
 1385              	.LASF27:
 1386 014d 73656E73 		.ascii	"sensor4\000"
 1386      6F723400 
 1387              	.LASF28:
 1388 0155 73656E73 		.ascii	"sensor5\000"
 1388      6F723500 
 1389              	.LASF29:
 1390 015d 73656E73 		.ascii	"sensor6\000"
 1390      6F723600 
 1391              	.LASF36:
 1392 0165 6765744C 		.ascii	"getLeftSensor\000"
 1392      65667453 
 1392      656E736F 
 1392      7200
 1393              	.LASF47:
 1394 0173 5F5A4E33 		.ascii	"_ZN3ToFC2Ev\000"
 1394      546F4643 
 1394      32457600 
 1395              	.LASF11:
 1396 017f 756E7369 		.ascii	"unsigned int\000"
 1396      676E6564 
 1396      20696E74 
 1396      00
 1397              	.LASF34:
 1398 018c 5F5A4E4B 		.ascii	"_ZNK3ToF12getMidSensorEv\000"
 1398      33546F46 
 1398      31326765 
 1398      744D6964 
 1398      53656E73 
 1399              	.LASF37:
 1400 01a5 5F5A4E33 		.ascii	"_ZN3ToF10handleByteEh\000"
 1400      546F4631 
 1400      3068616E 
 1400      646C6542 
 1400      79746545 
 1401              	.LASF33:
 1402 01bb 5F5A4E4B 		.ascii	"_ZNK3ToF14getRightSensorEv\000"
 1402      33546F46 
 1402      31346765 
 1402      74526967 
ARM GAS  C:\Users\jespe\AppData\Local\Temp\ccyPbpgt.s 			page 29


 1402      68745365 
 1403              	.LASF10:
 1404 01d6 6C6F6E67 		.ascii	"long long unsigned int\000"
 1404      206C6F6E 
 1404      6720756E 
 1404      7369676E 
 1404      65642069 
 1405              	.LASF12:
 1406 01ed 75696E74 		.ascii	"uint8_t\000"
 1406      385F7400 
 1407              	.LASF49:
 1408 01f5 49544D5F 		.ascii	"ITM_RxBuffer\000"
 1408      52784275 
 1408      66666572 
 1408      00
 1409              	.LASF19:
 1410 0202 73697A65 		.ascii	"sizetype\000"
 1410      74797065 
 1410      00
 1411              	.LASF9:
 1412 020b 6C6F6E67 		.ascii	"long long int\000"
 1412      206C6F6E 
 1412      6720696E 
 1412      7400
 1413              	.LASF17:
 1414 0219 63686172 		.ascii	"char\000"
 1414      00
 1415              	.LASF20:
 1416 021e 73656E73 		.ascii	"sensorLeft\000"
 1416      6F724C65 
 1416      667400
 1417              	.LASF2:
 1418 0229 73686F72 		.ascii	"short int\000"
 1418      7420696E 
 1418      7400
 1419              	.LASF13:
 1420 0233 75696E74 		.ascii	"uint16_t\000"
 1420      31365F74 
 1420      00
 1421              	.LASF7:
 1422 023c 6C6F6E67 		.ascii	"long int\000"
 1422      20696E74 
 1422      00
 1423              	.LASF18:
 1424 0245 6C6F6E67 		.ascii	"long double\000"
 1424      20646F75 
 1424      626C6500 
 1425              	.LASF0:
 1426 0251 7369676E 		.ascii	"signed char\000"
 1426      65642063 
 1426      68617200 
 1427              	.LASF41:
 1428 025d 55415254 		.ascii	"UART_1_PutString\000"
 1428      5F315F50 
 1428      75745374 
 1428      72696E67 
 1428      00
ARM GAS  C:\Users\jespe\AppData\Local\Temp\ccyPbpgt.s 			page 30


 1429              	.LASF42:
 1430 026e 474E5520 		.ascii	"GNU C++14 5.4.1 20160609 (release) [ARM/embedded-5-"
 1430      432B2B31 
 1430      3420352E 
 1430      342E3120 
 1430      32303136 
 1431 02a1 6272616E 		.ascii	"branch revision 237715] -mcpu=cortex-m3 -mthumb -g "
 1431      63682072 
 1431      65766973 
 1431      696F6E20 
 1431      32333737 
 1432 02d4 2D4F6720 		.ascii	"-Og -std=c++1z -ffunction-sections -ffat-lto-object"
 1432      2D737464 
 1432      3D632B2B 
 1432      317A202D 
 1432      6666756E 
 1433 0307 73202D66 		.ascii	"s -fno-exceptions\000"
 1433      6E6F2D65 
 1433      78636570 
 1433      74696F6E 
 1433      7300
 1434              	.LASF43:
 1435 0319 546F462E 		.ascii	"ToF.c\000"
 1435      6300
 1436              	.LASF40:
 1437 031f 73707269 		.ascii	"sprintf\000"
 1437      6E746600 
 1438              	.LASF38:
 1439 0327 5F5A4E4B 		.ascii	"_ZNK3ToF13getLeftSensorEv\000"
 1439      33546F46 
 1439      31336765 
 1439      744C6566 
 1439      7453656E 
 1440              		.ident	"GCC: (GNU Tools for ARM Embedded Processors) 5.4.1 20160609 (release) [ARM/embedded-5-bran
